-- The C compiler identification is GNU 11.4.0
-- The CXX compiler identification is GNU 11.4.0
-- Detecting C compiler ABI info
-- Detecting C compiler ABI info - done
-- Check for working C compiler: /usr/bin/cc - skipped
-- Detecting C compile features
-- Detecting C compile features - done
-- Detecting CXX compiler ABI info
-- Detecting CXX compiler ABI info - done
-- Check for working CXX compiler: /usr/bin/c++ - skipped
-- Detecting CXX compile features
-- Detecting CXX compile features - done
-- Found ament_cmake: 1.3.12 (/opt/ros/humble/share/ament_cmake/cmake)
-- Found Python3: /usr/bin/python3 (found version "3.10.12") found components: Interpreter 
-- Override CMake install command with custom implementation using symlinks instead of copying resources
-- Found rclpy: 3.3.17 (/opt/ros/humble/share/rclpy/cmake)
-- Found std_msgs: 4.9.0 (/opt/ros/humble/share/std_msgs/cmake)
-- Found rosidl_generator_c: 3.1.7 (/opt/ros/humble/share/rosidl_generator_c/cmake)
-- Found rosidl_adapter: 3.1.7 (/opt/ros/humble/share/rosidl_adapter/cmake)
-- Found rosidl_generator_cpp: 3.1.7 (/opt/ros/humble/share/rosidl_generator_cpp/cmake)
-- Using all available rosidl_typesupport_c: rosidl_typesupport_fastrtps_c;rosidl_typesupport_introspection_c
-- Using all available rosidl_typesupport_cpp: rosidl_typesupport_fastrtps_cpp;rosidl_typesupport_introspection_cpp
-- Found geometry_msgs: 4.9.0 (/opt/ros/humble/share/geometry_msgs/cmake)
-- Found ros_tcp_endpoint: 0.4.0 (/home/jeni/Cook_subgoal_test/unity_cooking/ROS2/install/ros_tcp_endpoint/share/ros_tcp_endpoint/cmake)
-- Found moveit_msgs: 2.2.1 (/opt/ros/humble/share/moveit_msgs/cmake)
-- Found controller_manager: 2.51.0 (/opt/ros/humble/share/controller_manager/cmake)
-- Found rmw_implementation_cmake: 6.1.2 (/opt/ros/humble/share/rmw_implementation_cmake/cmake)
-- Found rmw_cyclonedds_cpp: 1.3.4 (/opt/ros/humble/share/rmw_cyclonedds_cpp/cmake)
-- Using RMW implementation 'rmw_cyclonedds_cpp' as default
-- Looking for pthread.h
-- Looking for pthread.h - found
-- Performing Test CMAKE_HAVE_LIBC_PTHREAD
-- Performing Test CMAKE_HAVE_LIBC_PTHREAD - Success
-- Found Threads: TRUE  
-- Found moveit_core: 2.5.9 (/opt/ros/humble/share/moveit_core/cmake)
-- Found Boost: /usr/lib/x86_64-linux-gnu/cmake/Boost-1.74.0/BoostConfig.cmake (found version "1.74.0") found components: chrono date_time filesystem iostreams program_options regex serialization system thread 
-- Found parameter_traits: 0.5.0 (/opt/ros/humble/share/parameter_traits/cmake)
-- Found Boost: /usr/lib/x86_64-linux-gnu/cmake/Boost-1.74.0/BoostConfig.cmake (found version "1.74.0") found components: filesystem 
-- library: /usr/lib/x86_64-linux-gnu/libcurl.so
-- Found Eigen3: TRUE (found version "3.4.0") 
-- Ensuring Eigen3 include directory is part of orocos-kdl CMake target
-- Found moveit_ros_planning: 2.5.9 (/opt/ros/humble/share/moveit_ros_planning/cmake)
-- Found Boost: /usr/lib/x86_64-linux-gnu/cmake/Boost-1.74.0/BoostConfig.cmake (found version "1.74.0") found components: system filesystem date_time program_options thread chrono 
-- Found moveit_ros_planning_interface: 2.5.9 (/opt/ros/humble/share/moveit_ros_planning_interface/cmake)
-- Found Boost: /usr/lib/x86_64-linux-gnu/cmake/Boost-1.74.0/BoostConfig.cmake (found version "1.74.0") found components: date_time filesystem program_options system thread 
-- Found Boost: /usr/lib/x86_64-linux-gnu/cmake/Boost-1.74.0/BoostConfig.cmake (found version "1.74.0") found components: thread system filesystem regex date_time program_options 
-- Found Boost: /usr/lib/x86_64-linux-gnu/cmake/Boost-1.74.0/BoostConfig.cmake (found version "1.74.0") found components: system filesystem date_time program_options thread 
-- Found moveit_ros_perception: 2.5.9 (/opt/ros/humble/share/moveit_ros_perception/cmake)
-- Found Boost: /usr/lib/x86_64-linux-gnu/cmake/Boost-1.74.0/BoostConfig.cmake (found version "1.74.0") found components: thread 
-- Found ament_cmake_ros: 0.10.0 (/opt/ros/humble/share/ament_cmake_ros/cmake)
-- Using all available rosidl_typesupport_c: rosidl_typesupport_fastrtps_c;rosidl_typesupport_introspection_c
-- Using all available rosidl_typesupport_cpp: rosidl_typesupport_fastrtps_cpp;rosidl_typesupport_introspection_cpp
-- Configuring done
-- Generating done
-- Build files have been written to: /home/jeni/Cook_subgoal_test/unity_cooking/ROS2/build/panda_move
[  1%] [34m[1mGenerating C code for ROS interfaces[0m
[  2%] [34m[1mGenerating C++ code for ROS interfaces[0m
[  2%] Built target panda_move__cpp
[  3%] [34m[1mGenerating C++ type support dispatch for ROS interfaces[0m
[  5%] [34m[1mGenerating C++ introspection for ROS interfaces[0m
[  5%] [34m[1mGenerating C++ type support for eProsima Fast-RTPS[0m
[  7%] [32mBuilding C object CMakeFiles/panda_move__rosidl_generator_c.dir/rosidl_generator_c/panda_move/srv/detail/sync__functions.c.o[0m
[ 10%] [32mBuilding C object CMakeFiles/panda_move__rosidl_generator_c.dir/rosidl_generator_c/panda_move/msg/detail/execution_check__functions.c.o[0m
[ 10%] [32mBuilding C object CMakeFiles/panda_move__rosidl_generator_c.dir/rosidl_generator_c/panda_move/msg/detail/action__functions.c.o[0m
[ 10%] [32mBuilding C object CMakeFiles/panda_move__rosidl_generator_c.dir/rosidl_generator_c/panda_move/msg/detail/predicate__functions.c.o[0m
[ 11%] [32mBuilding C object CMakeFiles/panda_move__rosidl_generator_c.dir/rosidl_generator_c/panda_move/srv/detail/motion_check__functions.c.o[0m
[ 12%] [32mBuilding C object CMakeFiles/panda_move__rosidl_generator_c.dir/rosidl_generator_c/panda_move/srv/detail/init__functions.c.o[0m
[ 14%] [32mBuilding C object CMakeFiles/panda_move__rosidl_generator_c.dir/rosidl_generator_c/panda_move/srv/detail/plan__functions.c.o[0m
[ 15%] [32mBuilding C object CMakeFiles/panda_move__rosidl_generator_c.dir/rosidl_generator_c/panda_move/srv/detail/hand__functions.c.o[0m
[ 16%] [32mBuilding C object CMakeFiles/panda_move__rosidl_generator_c.dir/rosidl_generator_c/panda_move/srv/detail/new_state__functions.c.o[0m
[ 17%] [32mBuilding C object CMakeFiles/panda_move__rosidl_generator_c.dir/rosidl_generator_c/panda_move/srv/detail/action_sequences__functions.c.o[0m
[ 18%] [32m[1mLinking C shared library libpanda_move__rosidl_generator_c.so[0m
[ 18%] Built target panda_move__rosidl_generator_c
[ 22%] [34m[1mGenerating C introspection for ROS interfaces[0m
[ 22%] [34m[1mGenerating C type support dispatch for ROS interfaces[0m
[ 22%] [34m[1mGenerating C type support for eProsima Fast-RTPS[0m
[ 24%] [32mBuilding CXX object CMakeFiles/panda_move__rosidl_typesupport_cpp.dir/rosidl_typesupport_cpp/panda_move/msg/execution_check__type_support.cpp.o[0m
[ 24%] [32mBuilding CXX object CMakeFiles/panda_move__rosidl_typesupport_cpp.dir/rosidl_typesupport_cpp/panda_move/srv/init__type_support.cpp.o[0m
[ 25%] [32mBuilding CXX object CMakeFiles/panda_move__rosidl_typesupport_cpp.dir/rosidl_typesupport_cpp/panda_move/msg/action__type_support.cpp.o[0m
[ 28%] [32mBuilding CXX object CMakeFiles/panda_move__rosidl_typesupport_cpp.dir/rosidl_typesupport_cpp/panda_move/srv/sync__type_support.cpp.o[0m
[ 28%] [32mBuilding CXX object CMakeFiles/panda_move__rosidl_typesupport_cpp.dir/rosidl_typesupport_cpp/panda_move/msg/predicate__type_support.cpp.o[0m
[ 29%] [32mBuilding CXX object CMakeFiles/panda_move__rosidl_typesupport_cpp.dir/rosidl_typesupport_cpp/panda_move/srv/plan__type_support.cpp.o[0m
[ 30%] [32mBuilding CXX object CMakeFiles/panda_move__rosidl_typesupport_cpp.dir/rosidl_typesupport_cpp/panda_move/srv/hand__type_support.cpp.o[0m
[ 32%] [32mBuilding CXX object CMakeFiles/panda_move__rosidl_typesupport_cpp.dir/rosidl_typesupport_cpp/panda_move/srv/action_sequences__type_support.cpp.o[0m
[ 32%] [32mBuilding CXX object CMakeFiles/panda_move__rosidl_typesupport_cpp.dir/rosidl_typesupport_cpp/panda_move/srv/motion_check__type_support.cpp.o[0m
[ 34%] [32mBuilding CXX object CMakeFiles/panda_move__rosidl_typesupport_cpp.dir/rosidl_typesupport_cpp/panda_move/srv/new_state__type_support.cpp.o[0m
[ 35%] [32mBuilding CXX object CMakeFiles/panda_move__rosidl_typesupport_c.dir/rosidl_typesupport_c/panda_move/msg/action__type_support.cpp.o[0m
[ 36%] [32mBuilding CXX object CMakeFiles/panda_move__rosidl_typesupport_c.dir/rosidl_typesupport_c/panda_move/msg/predicate__type_support.cpp.o[0m
[ 37%] [32mBuilding CXX object CMakeFiles/panda_move__rosidl_typesupport_c.dir/rosidl_typesupport_c/panda_move/msg/execution_check__type_support.cpp.o[0m
[ 38%] [32mBuilding CXX object CMakeFiles/panda_move__rosidl_typesupport_c.dir/rosidl_typesupport_c/panda_move/srv/init__type_support.cpp.o[0m
[ 40%] [32mBuilding CXX object CMakeFiles/panda_move__rosidl_typesupport_c.dir/rosidl_typesupport_c/panda_move/srv/sync__type_support.cpp.o[0m
[ 41%] [32mBuilding CXX object CMakeFiles/panda_move__rosidl_typesupport_c.dir/rosidl_typesupport_c/panda_move/srv/plan__type_support.cpp.o[0m
[ 42%] [32mBuilding CXX object CMakeFiles/panda_move__rosidl_typesupport_introspection_cpp.dir/rosidl_typesupport_introspection_cpp/panda_move/msg/detail/action__type_support.cpp.o[0m
[ 43%] [32mBuilding CXX object CMakeFiles/panda_move__rosidl_typesupport_c.dir/rosidl_typesupport_c/panda_move/srv/hand__type_support.cpp.o[0m
[ 44%] [32mBuilding CXX object CMakeFiles/panda_move__rosidl_typesupport_c.dir/rosidl_typesupport_c/panda_move/srv/motion_check__type_support.cpp.o[0m
[ 45%] [32mBuilding CXX object CMakeFiles/panda_move__rosidl_typesupport_introspection_cpp.dir/rosidl_typesupport_introspection_cpp/panda_move/msg/detail/predicate__type_support.cpp.o[0m
[ 47%] [32mBuilding CXX object CMakeFiles/panda_move__rosidl_typesupport_c.dir/rosidl_typesupport_c/panda_move/srv/action_sequences__type_support.cpp.o[0m
[ 48%] [32m[1mLinking CXX shared library libpanda_move__rosidl_typesupport_cpp.so[0m
[ 49%] [32mBuilding CXX object CMakeFiles/panda_move__rosidl_typesupport_c.dir/rosidl_typesupport_c/panda_move/srv/new_state__type_support.cpp.o[0m
[ 50%] [32mBuilding CXX object CMakeFiles/panda_move__rosidl_typesupport_introspection_cpp.dir/rosidl_typesupport_introspection_cpp/panda_move/msg/detail/execution_check__type_support.cpp.o[0m
[ 51%] [32mBuilding CXX object CMakeFiles/panda_move__rosidl_typesupport_introspection_cpp.dir/rosidl_typesupport_introspection_cpp/panda_move/srv/detail/init__type_support.cpp.o[0m
[ 52%] [32mBuilding CXX object CMakeFiles/panda_move__rosidl_typesupport_introspection_cpp.dir/rosidl_typesupport_introspection_cpp/panda_move/srv/detail/sync__type_support.cpp.o[0m
[ 54%] [32mBuilding CXX object CMakeFiles/panda_move__rosidl_typesupport_introspection_cpp.dir/rosidl_typesupport_introspection_cpp/panda_move/srv/detail/plan__type_support.cpp.o[0m
[ 55%] [32mBuilding CXX object CMakeFiles/panda_move__rosidl_typesupport_introspection_cpp.dir/rosidl_typesupport_introspection_cpp/panda_move/srv/detail/hand__type_support.cpp.o[0m
[ 56%] [32mBuilding CXX object CMakeFiles/panda_move__rosidl_typesupport_introspection_cpp.dir/rosidl_typesupport_introspection_cpp/panda_move/srv/detail/motion_check__type_support.cpp.o[0m
[ 57%] [32mBuilding CXX object CMakeFiles/panda_move__rosidl_typesupport_introspection_cpp.dir/rosidl_typesupport_introspection_cpp/panda_move/srv/detail/action_sequences__type_support.cpp.o[0m
[ 58%] [32m[1mLinking CXX shared library libpanda_move__rosidl_typesupport_c.so[0m
[ 60%] [32mBuilding CXX object CMakeFiles/panda_move__rosidl_typesupport_introspection_cpp.dir/rosidl_typesupport_introspection_cpp/panda_move/srv/detail/new_state__type_support.cpp.o[0m
[ 60%] Built target panda_move__rosidl_typesupport_cpp
[ 62%] [32mBuilding CXX object CMakeFiles/panda_move__rosidl_typesupport_fastrtps_cpp.dir/rosidl_typesupport_fastrtps_cpp/panda_move/msg/detail/dds_fastrtps/action__type_support.cpp.o[0m
[ 62%] [32mBuilding CXX object CMakeFiles/panda_move__rosidl_typesupport_fastrtps_cpp.dir/rosidl_typesupport_fastrtps_cpp/panda_move/msg/detail/dds_fastrtps/predicate__type_support.cpp.o[0m
[ 63%] [32mBuilding CXX object CMakeFiles/panda_move__rosidl_typesupport_fastrtps_cpp.dir/rosidl_typesupport_fastrtps_cpp/panda_move/msg/detail/dds_fastrtps/execution_check__type_support.cpp.o[0m
[ 63%] Built target panda_move__rosidl_typesupport_c
[ 64%] [32mBuilding CXX object CMakeFiles/panda_move__rosidl_typesupport_fastrtps_cpp.dir/rosidl_typesupport_fastrtps_cpp/panda_move/srv/detail/dds_fastrtps/init__type_support.cpp.o[0m
[ 65%] [32mBuilding C object CMakeFiles/panda_move__rosidl_typesupport_introspection_c.dir/rosidl_typesupport_introspection_c/panda_move/msg/detail/action__type_support.c.o[0m
[ 67%] [32mBuilding C object CMakeFiles/panda_move__rosidl_typesupport_introspection_c.dir/rosidl_typesupport_introspection_c/panda_move/msg/detail/predicate__type_support.c.o[0m
[ 68%] [32mBuilding CXX object CMakeFiles/panda_move__rosidl_typesupport_fastrtps_c.dir/rosidl_typesupport_fastrtps_c/panda_move/msg/detail/action__type_support_c.cpp.o[0m
[ 69%] [32mBuilding C object CMakeFiles/panda_move__rosidl_typesupport_introspection_c.dir/rosidl_typesupport_introspection_c/panda_move/msg/detail/execution_check__type_support.c.o[0m
[ 70%] [32mBuilding C object CMakeFiles/panda_move__rosidl_typesupport_introspection_c.dir/rosidl_typesupport_introspection_c/panda_move/srv/detail/init__type_support.c.o[0m
[ 71%] [32mBuilding CXX object CMakeFiles/panda_move__rosidl_typesupport_fastrtps_cpp.dir/rosidl_typesupport_fastrtps_cpp/panda_move/srv/detail/dds_fastrtps/sync__type_support.cpp.o[0m
[ 72%] [32mBuilding CXX object CMakeFiles/panda_move__rosidl_typesupport_fastrtps_cpp.dir/rosidl_typesupport_fastrtps_cpp/panda_move/srv/detail/dds_fastrtps/plan__type_support.cpp.o[0m
[ 74%] [32mBuilding CXX object CMakeFiles/panda_move__rosidl_typesupport_fastrtps_cpp.dir/rosidl_typesupport_fastrtps_cpp/panda_move/srv/detail/dds_fastrtps/hand__type_support.cpp.o[0m
[ 75%] [32mBuilding C object CMakeFiles/panda_move__rosidl_typesupport_introspection_c.dir/rosidl_typesupport_introspection_c/panda_move/srv/detail/sync__type_support.c.o[0m
[ 76%] [32mBuilding C object CMakeFiles/panda_move__rosidl_typesupport_introspection_c.dir/rosidl_typesupport_introspection_c/panda_move/srv/detail/plan__type_support.c.o[0m
[ 78%] [32mBuilding C object CMakeFiles/panda_move__rosidl_typesupport_introspection_c.dir/rosidl_typesupport_introspection_c/panda_move/srv/detail/hand__type_support.c.o[0m
[ 78%] [32mBuilding C object CMakeFiles/panda_move__rosidl_typesupport_introspection_c.dir/rosidl_typesupport_introspection_c/panda_move/srv/detail/motion_check__type_support.c.o[0m
[ 81%] [32mBuilding C object CMakeFiles/panda_move__rosidl_typesupport_introspection_c.dir/rosidl_typesupport_introspection_c/panda_move/srv/detail/action_sequences__type_support.c.o[0m
[ 81%] [32mBuilding CXX object CMakeFiles/panda_move__rosidl_typesupport_fastrtps_c.dir/rosidl_typesupport_fastrtps_c/panda_move/msg/detail/predicate__type_support_c.cpp.o[0m
[ 82%] [32mBuilding CXX object CMakeFiles/panda_move__rosidl_typesupport_fastrtps_cpp.dir/rosidl_typesupport_fastrtps_cpp/panda_move/srv/detail/dds_fastrtps/motion_check__type_support.cpp.o[0m
[ 83%] [32mBuilding CXX object CMakeFiles/panda_move__rosidl_typesupport_fastrtps_c.dir/rosidl_typesupport_fastrtps_c/panda_move/msg/detail/execution_check__type_support_c.cpp.o[0m
[ 84%] [32mBuilding CXX object CMakeFiles/panda_move__rosidl_typesupport_fastrtps_c.dir/rosidl_typesupport_fastrtps_c/panda_move/srv/detail/init__type_support_c.cpp.o[0m
[ 85%] [32mBuilding CXX object CMakeFiles/panda_move__rosidl_typesupport_fastrtps_c.dir/rosidl_typesupport_fastrtps_c/panda_move/srv/detail/sync__type_support_c.cpp.o[0m
[ 87%] [32mBuilding C object CMakeFiles/panda_move__rosidl_typesupport_introspection_c.dir/rosidl_typesupport_introspection_c/panda_move/srv/detail/new_state__type_support.c.o[0m
[ 88%] [32mBuilding CXX object CMakeFiles/panda_move__rosidl_typesupport_fastrtps_cpp.dir/rosidl_typesupport_fastrtps_cpp/panda_move/srv/detail/dds_fastrtps/action_sequences__type_support.cpp.o[0m
[ 89%] [32mBuilding CXX object CMakeFiles/panda_move__rosidl_typesupport_fastrtps_cpp.dir/rosidl_typesupport_fastrtps_cpp/panda_move/srv/detail/dds_fastrtps/new_state__type_support.cpp.o[0m
[ 90%] [32mBuilding CXX object CMakeFiles/panda_move__rosidl_typesupport_fastrtps_c.dir/rosidl_typesupport_fastrtps_c/panda_move/srv/detail/plan__type_support_c.cpp.o[0m
[ 91%] [32mBuilding CXX object CMakeFiles/panda_move__rosidl_typesupport_fastrtps_c.dir/rosidl_typesupport_fastrtps_c/panda_move/srv/detail/hand__type_support_c.cpp.o[0m
[ 92%] [32m[1mLinking C shared library libpanda_move__rosidl_typesupport_introspection_c.so[0m
[ 92%] Built target panda_move__rosidl_typesupport_introspection_c
[ 94%] [32mBuilding CXX object CMakeFiles/panda_move__rosidl_typesupport_fastrtps_c.dir/rosidl_typesupport_fastrtps_c/panda_move/srv/detail/motion_check__type_support_c.cpp.o[0m
[ 95%] [32mBuilding CXX object CMakeFiles/panda_move__rosidl_typesupport_fastrtps_c.dir/rosidl_typesupport_fastrtps_c/panda_move/srv/detail/action_sequences__type_support_c.cpp.o[0m
[ 96%] [32mBuilding CXX object CMakeFiles/panda_move__rosidl_typesupport_fastrtps_c.dir/rosidl_typesupport_fastrtps_c/panda_move/srv/detail/new_state__type_support_c.cpp.o[0m
[ 97%] [32m[1mLinking CXX shared library libpanda_move__rosidl_typesupport_introspection_cpp.so[0m
[ 97%] Built target panda_move__rosidl_typesupport_introspection_cpp
[ 98%] [32m[1mLinking CXX shared library libpanda_move__rosidl_typesupport_fastrtps_cpp.so[0m
[100%] [32m[1mLinking CXX shared library libpanda_move__rosidl_typesupport_fastrtps_c.so[0m
[100%] Built target panda_move__rosidl_typesupport_fastrtps_cpp
[100%] Built target panda_move__rosidl_typesupport_fastrtps_c
[100%] Built target panda_move
-- Install configuration: ""
-- Execute custom install script
-- Symlinking: /home/jeni/Cook_subgoal_test/unity_cooking/ROS2/install/panda_move/share/ament_index/resource_index/rosidl_interfaces/panda_move
-- Symlinking: /home/jeni/Cook_subgoal_test/unity_cooking/ROS2/install/panda_move/include/panda_move/panda_move/msg/action.h
-- Symlinking: /home/jeni/Cook_subgoal_test/unity_cooking/ROS2/install/panda_move/include/panda_move/panda_move/msg/detail/action__functions.h
-- Symlinking: /home/jeni/Cook_subgoal_test/unity_cooking/ROS2/install/panda_move/include/panda_move/panda_move/msg/detail/action__struct.h
-- Symlinking: /home/jeni/Cook_subgoal_test/unity_cooking/ROS2/install/panda_move/include/panda_move/panda_move/msg/detail/action__type_support.h
-- Symlinking: /home/jeni/Cook_subgoal_test/unity_cooking/ROS2/install/panda_move/include/panda_move/panda_move/msg/detail/execution_check__functions.h
-- Symlinking: /home/jeni/Cook_subgoal_test/unity_cooking/ROS2/install/panda_move/include/panda_move/panda_move/msg/detail/execution_check__struct.h
-- Symlinking: /home/jeni/Cook_subgoal_test/unity_cooking/ROS2/install/panda_move/include/panda_move/panda_move/msg/detail/execution_check__type_support.h
-- Symlinking: /home/jeni/Cook_subgoal_test/unity_cooking/ROS2/install/panda_move/include/panda_move/panda_move/msg/detail/predicate__functions.h
-- Symlinking: /home/jeni/Cook_subgoal_test/unity_cooking/ROS2/install/panda_move/include/panda_move/panda_move/msg/detail/predicate__struct.h
-- Symlinking: /home/jeni/Cook_subgoal_test/unity_cooking/ROS2/install/panda_move/include/panda_move/panda_move/msg/detail/predicate__type_support.h
-- Symlinking: /home/jeni/Cook_subgoal_test/unity_cooking/ROS2/install/panda_move/include/panda_move/panda_move/msg/execution_check.h
-- Symlinking: /home/jeni/Cook_subgoal_test/unity_cooking/ROS2/install/panda_move/include/panda_move/panda_move/msg/predicate.h
-- Symlinking: /home/jeni/Cook_subgoal_test/unity_cooking/ROS2/install/panda_move/include/panda_move/panda_move/msg/rosidl_generator_c__visibility_control.h
-- Symlinking: /home/jeni/Cook_subgoal_test/unity_cooking/ROS2/install/panda_move/include/panda_move/panda_move/srv/action_sequences.h
-- Symlinking: /home/jeni/Cook_subgoal_test/unity_cooking/ROS2/install/panda_move/include/panda_move/panda_move/srv/detail/action_sequences__functions.h
-- Symlinking: /home/jeni/Cook_subgoal_test/unity_cooking/ROS2/install/panda_move/include/panda_move/panda_move/srv/detail/action_sequences__struct.h
-- Symlinking: /home/jeni/Cook_subgoal_test/unity_cooking/ROS2/install/panda_move/include/panda_move/panda_move/srv/detail/action_sequences__type_support.h
-- Symlinking: /home/jeni/Cook_subgoal_test/unity_cooking/ROS2/install/panda_move/include/panda_move/panda_move/srv/detail/hand__functions.h
-- Symlinking: /home/jeni/Cook_subgoal_test/unity_cooking/ROS2/install/panda_move/include/panda_move/panda_move/srv/detail/hand__struct.h
-- Symlinking: /home/jeni/Cook_subgoal_test/unity_cooking/ROS2/install/panda_move/include/panda_move/panda_move/srv/detail/hand__type_support.h
-- Symlinking: /home/jeni/Cook_subgoal_test/unity_cooking/ROS2/install/panda_move/include/panda_move/panda_move/srv/detail/init__functions.h
-- Symlinking: /home/jeni/Cook_subgoal_test/unity_cooking/ROS2/install/panda_move/include/panda_move/panda_move/srv/detail/init__struct.h
-- Symlinking: /home/jeni/Cook_subgoal_test/unity_cooking/ROS2/install/panda_move/include/panda_move/panda_move/srv/detail/init__type_support.h
-- Symlinking: /home/jeni/Cook_subgoal_test/unity_cooking/ROS2/install/panda_move/include/panda_move/panda_move/srv/detail/motion_check__functions.h
-- Symlinking: /home/jeni/Cook_subgoal_test/unity_cooking/ROS2/install/panda_move/include/panda_move/panda_move/srv/detail/motion_check__struct.h
-- Symlinking: /home/jeni/Cook_subgoal_test/unity_cooking/ROS2/install/panda_move/include/panda_move/panda_move/srv/detail/motion_check__type_support.h
-- Symlinking: /home/jeni/Cook_subgoal_test/unity_cooking/ROS2/install/panda_move/include/panda_move/panda_move/srv/detail/new_state__functions.h
-- Symlinking: /home/jeni/Cook_subgoal_test/unity_cooking/ROS2/install/panda_move/include/panda_move/panda_move/srv/detail/new_state__struct.h
-- Symlinking: /home/jeni/Cook_subgoal_test/unity_cooking/ROS2/install/panda_move/include/panda_move/panda_move/srv/detail/new_state__type_support.h
-- Symlinking: /home/jeni/Cook_subgoal_test/unity_cooking/ROS2/install/panda_move/include/panda_move/panda_move/srv/detail/plan__functions.h
-- Symlinking: /home/jeni/Cook_subgoal_test/unity_cooking/ROS2/install/panda_move/include/panda_move/panda_move/srv/detail/plan__struct.h
-- Symlinking: /home/jeni/Cook_subgoal_test/unity_cooking/ROS2/install/panda_move/include/panda_move/panda_move/srv/detail/plan__type_support.h
-- Symlinking: /home/jeni/Cook_subgoal_test/unity_cooking/ROS2/install/panda_move/include/panda_move/panda_move/srv/detail/sync__functions.h
-- Symlinking: /home/jeni/Cook_subgoal_test/unity_cooking/ROS2/install/panda_move/include/panda_move/panda_move/srv/detail/sync__struct.h
-- Symlinking: /home/jeni/Cook_subgoal_test/unity_cooking/ROS2/install/panda_move/include/panda_move/panda_move/srv/detail/sync__type_support.h
-- Symlinking: /home/jeni/Cook_subgoal_test/unity_cooking/ROS2/install/panda_move/include/panda_move/panda_move/srv/hand.h
-- Symlinking: /home/jeni/Cook_subgoal_test/unity_cooking/ROS2/install/panda_move/include/panda_move/panda_move/srv/init.h
-- Symlinking: /home/jeni/Cook_subgoal_test/unity_cooking/ROS2/install/panda_move/include/panda_move/panda_move/srv/motion_check.h
-- Symlinking: /home/jeni/Cook_subgoal_test/unity_cooking/ROS2/install/panda_move/include/panda_move/panda_move/srv/new_state.h
-- Symlinking: /home/jeni/Cook_subgoal_test/unity_cooking/ROS2/install/panda_move/include/panda_move/panda_move/srv/plan.h
-- Symlinking: /home/jeni/Cook_subgoal_test/unity_cooking/ROS2/install/panda_move/include/panda_move/panda_move/srv/sync.h
-- Symlinking: /home/jeni/Cook_subgoal_test/unity_cooking/ROS2/install/panda_move/share/panda_move/environment/library_path.sh
-- Symlinking: /home/jeni/Cook_subgoal_test/unity_cooking/ROS2/install/panda_move/share/panda_move/environment/library_path.dsv
-- Symlinking: /home/jeni/Cook_subgoal_test/unity_cooking/ROS2/install/panda_move/include/panda_move/panda_move/msg/detail/action__rosidl_typesupport_fastrtps_c.h
-- Symlinking: /home/jeni/Cook_subgoal_test/unity_cooking/ROS2/install/panda_move/include/panda_move/panda_move/msg/detail/execution_check__rosidl_typesupport_fastrtps_c.h
-- Symlinking: /home/jeni/Cook_subgoal_test/unity_cooking/ROS2/install/panda_move/include/panda_move/panda_move/msg/detail/predicate__rosidl_typesupport_fastrtps_c.h
-- Symlinking: /home/jeni/Cook_subgoal_test/unity_cooking/ROS2/install/panda_move/include/panda_move/panda_move/msg/rosidl_typesupport_fastrtps_c__visibility_control.h
-- Symlinking: /home/jeni/Cook_subgoal_test/unity_cooking/ROS2/install/panda_move/include/panda_move/panda_move/srv/detail/action_sequences__rosidl_typesupport_fastrtps_c.h
-- Symlinking: /home/jeni/Cook_subgoal_test/unity_cooking/ROS2/install/panda_move/include/panda_move/panda_move/srv/detail/hand__rosidl_typesupport_fastrtps_c.h
-- Symlinking: /home/jeni/Cook_subgoal_test/unity_cooking/ROS2/install/panda_move/include/panda_move/panda_move/srv/detail/init__rosidl_typesupport_fastrtps_c.h
-- Symlinking: /home/jeni/Cook_subgoal_test/unity_cooking/ROS2/install/panda_move/include/panda_move/panda_move/srv/detail/motion_check__rosidl_typesupport_fastrtps_c.h
-- Symlinking: /home/jeni/Cook_subgoal_test/unity_cooking/ROS2/install/panda_move/include/panda_move/panda_move/srv/detail/new_state__rosidl_typesupport_fastrtps_c.h
-- Symlinking: /home/jeni/Cook_subgoal_test/unity_cooking/ROS2/install/panda_move/include/panda_move/panda_move/srv/detail/plan__rosidl_typesupport_fastrtps_c.h
-- Symlinking: /home/jeni/Cook_subgoal_test/unity_cooking/ROS2/install/panda_move/include/panda_move/panda_move/srv/detail/sync__rosidl_typesupport_fastrtps_c.h
-- Symlinking: /home/jeni/Cook_subgoal_test/unity_cooking/ROS2/install/panda_move/include/panda_move/panda_move/msg/action.hpp
-- Symlinking: /home/jeni/Cook_subgoal_test/unity_cooking/ROS2/install/panda_move/include/panda_move/panda_move/msg/detail/action__builder.hpp
-- Symlinking: /home/jeni/Cook_subgoal_test/unity_cooking/ROS2/install/panda_move/include/panda_move/panda_move/msg/detail/action__struct.hpp
-- Symlinking: /home/jeni/Cook_subgoal_test/unity_cooking/ROS2/install/panda_move/include/panda_move/panda_move/msg/detail/action__traits.hpp
-- Symlinking: /home/jeni/Cook_subgoal_test/unity_cooking/ROS2/install/panda_move/include/panda_move/panda_move/msg/detail/action__type_support.hpp
-- Symlinking: /home/jeni/Cook_subgoal_test/unity_cooking/ROS2/install/panda_move/include/panda_move/panda_move/msg/detail/execution_check__builder.hpp
-- Symlinking: /home/jeni/Cook_subgoal_test/unity_cooking/ROS2/install/panda_move/include/panda_move/panda_move/msg/detail/execution_check__struct.hpp
-- Symlinking: /home/jeni/Cook_subgoal_test/unity_cooking/ROS2/install/panda_move/include/panda_move/panda_move/msg/detail/execution_check__traits.hpp
-- Symlinking: /home/jeni/Cook_subgoal_test/unity_cooking/ROS2/install/panda_move/include/panda_move/panda_move/msg/detail/execution_check__type_support.hpp
-- Symlinking: /home/jeni/Cook_subgoal_test/unity_cooking/ROS2/install/panda_move/include/panda_move/panda_move/msg/detail/predicate__builder.hpp
-- Symlinking: /home/jeni/Cook_subgoal_test/unity_cooking/ROS2/install/panda_move/include/panda_move/panda_move/msg/detail/predicate__struct.hpp
-- Symlinking: /home/jeni/Cook_subgoal_test/unity_cooking/ROS2/install/panda_move/include/panda_move/panda_move/msg/detail/predicate__traits.hpp
-- Symlinking: /home/jeni/Cook_subgoal_test/unity_cooking/ROS2/install/panda_move/include/panda_move/panda_move/msg/detail/predicate__type_support.hpp
-- Symlinking: /home/jeni/Cook_subgoal_test/unity_cooking/ROS2/install/panda_move/include/panda_move/panda_move/msg/execution_check.hpp
-- Symlinking: /home/jeni/Cook_subgoal_test/unity_cooking/ROS2/install/panda_move/include/panda_move/panda_move/msg/predicate.hpp
-- Symlinking: /home/jeni/Cook_subgoal_test/unity_cooking/ROS2/install/panda_move/include/panda_move/panda_move/msg/rosidl_generator_cpp__visibility_control.hpp
-- Symlinking: /home/jeni/Cook_subgoal_test/unity_cooking/ROS2/install/panda_move/include/panda_move/panda_move/srv/action_sequences.hpp
-- Symlinking: /home/jeni/Cook_subgoal_test/unity_cooking/ROS2/install/panda_move/include/panda_move/panda_move/srv/detail/action_sequences__builder.hpp
-- Symlinking: /home/jeni/Cook_subgoal_test/unity_cooking/ROS2/install/panda_move/include/panda_move/panda_move/srv/detail/action_sequences__struct.hpp
-- Symlinking: /home/jeni/Cook_subgoal_test/unity_cooking/ROS2/install/panda_move/include/panda_move/panda_move/srv/detail/action_sequences__traits.hpp
-- Symlinking: /home/jeni/Cook_subgoal_test/unity_cooking/ROS2/install/panda_move/include/panda_move/panda_move/srv/detail/action_sequences__type_support.hpp
-- Symlinking: /home/jeni/Cook_subgoal_test/unity_cooking/ROS2/install/panda_move/include/panda_move/panda_move/srv/detail/hand__builder.hpp
-- Symlinking: /home/jeni/Cook_subgoal_test/unity_cooking/ROS2/install/panda_move/include/panda_move/panda_move/srv/detail/hand__struct.hpp
-- Symlinking: /home/jeni/Cook_subgoal_test/unity_cooking/ROS2/install/panda_move/include/panda_move/panda_move/srv/detail/hand__traits.hpp
-- Symlinking: /home/jeni/Cook_subgoal_test/unity_cooking/ROS2/install/panda_move/include/panda_move/panda_move/srv/detail/hand__type_support.hpp
-- Symlinking: /home/jeni/Cook_subgoal_test/unity_cooking/ROS2/install/panda_move/include/panda_move/panda_move/srv/detail/init__builder.hpp
-- Symlinking: /home/jeni/Cook_subgoal_test/unity_cooking/ROS2/install/panda_move/include/panda_move/panda_move/srv/detail/init__struct.hpp
-- Symlinking: /home/jeni/Cook_subgoal_test/unity_cooking/ROS2/install/panda_move/include/panda_move/panda_move/srv/detail/init__traits.hpp
-- Symlinking: /home/jeni/Cook_subgoal_test/unity_cooking/ROS2/install/panda_move/include/panda_move/panda_move/srv/detail/init__type_support.hpp
-- Symlinking: /home/jeni/Cook_subgoal_test/unity_cooking/ROS2/install/panda_move/include/panda_move/panda_move/srv/detail/motion_check__builder.hpp
-- Symlinking: /home/jeni/Cook_subgoal_test/unity_cooking/ROS2/install/panda_move/include/panda_move/panda_move/srv/detail/motion_check__struct.hpp
-- Symlinking: /home/jeni/Cook_subgoal_test/unity_cooking/ROS2/install/panda_move/include/panda_move/panda_move/srv/detail/motion_check__traits.hpp
-- Symlinking: /home/jeni/Cook_subgoal_test/unity_cooking/ROS2/install/panda_move/include/panda_move/panda_move/srv/detail/motion_check__type_support.hpp
-- Symlinking: /home/jeni/Cook_subgoal_test/unity_cooking/ROS2/install/panda_move/include/panda_move/panda_move/srv/detail/new_state__builder.hpp
-- Symlinking: /home/jeni/Cook_subgoal_test/unity_cooking/ROS2/install/panda_move/include/panda_move/panda_move/srv/detail/new_state__struct.hpp
-- Symlinking: /home/jeni/Cook_subgoal_test/unity_cooking/ROS2/install/panda_move/include/panda_move/panda_move/srv/detail/new_state__traits.hpp
-- Symlinking: /home/jeni/Cook_subgoal_test/unity_cooking/ROS2/install/panda_move/include/panda_move/panda_move/srv/detail/new_state__type_support.hpp
-- Symlinking: /home/jeni/Cook_subgoal_test/unity_cooking/ROS2/install/panda_move/include/panda_move/panda_move/srv/detail/plan__builder.hpp
-- Symlinking: /home/jeni/Cook_subgoal_test/unity_cooking/ROS2/install/panda_move/include/panda_move/panda_move/srv/detail/plan__struct.hpp
-- Symlinking: /home/jeni/Cook_subgoal_test/unity_cooking/ROS2/install/panda_move/include/panda_move/panda_move/srv/detail/plan__traits.hpp
-- Symlinking: /home/jeni/Cook_subgoal_test/unity_cooking/ROS2/install/panda_move/include/panda_move/panda_move/srv/detail/plan__type_support.hpp
-- Symlinking: /home/jeni/Cook_subgoal_test/unity_cooking/ROS2/install/panda_move/include/panda_move/panda_move/srv/detail/sync__builder.hpp
-- Symlinking: /home/jeni/Cook_subgoal_test/unity_cooking/ROS2/install/panda_move/include/panda_move/panda_move/srv/detail/sync__struct.hpp
-- Symlinking: /home/jeni/Cook_subgoal_test/unity_cooking/ROS2/install/panda_move/include/panda_move/panda_move/srv/detail/sync__traits.hpp
-- Symlinking: /home/jeni/Cook_subgoal_test/unity_cooking/ROS2/install/panda_move/include/panda_move/panda_move/srv/detail/sync__type_support.hpp
-- Symlinking: /home/jeni/Cook_subgoal_test/unity_cooking/ROS2/install/panda_move/include/panda_move/panda_move/srv/hand.hpp
-- Symlinking: /home/jeni/Cook_subgoal_test/unity_cooking/ROS2/install/panda_move/include/panda_move/panda_move/srv/init.hpp
-- Symlinking: /home/jeni/Cook_subgoal_test/unity_cooking/ROS2/install/panda_move/include/panda_move/panda_move/srv/motion_check.hpp
-- Symlinking: /home/jeni/Cook_subgoal_test/unity_cooking/ROS2/install/panda_move/include/panda_move/panda_move/srv/new_state.hpp
-- Symlinking: /home/jeni/Cook_subgoal_test/unity_cooking/ROS2/install/panda_move/include/panda_move/panda_move/srv/plan.hpp
-- Symlinking: /home/jeni/Cook_subgoal_test/unity_cooking/ROS2/install/panda_move/include/panda_move/panda_move/srv/sync.hpp
-- Symlinking: /home/jeni/Cook_subgoal_test/unity_cooking/ROS2/install/panda_move/include/panda_move/panda_move/msg/detail/action__rosidl_typesupport_fastrtps_cpp.hpp
-- Symlinking: /home/jeni/Cook_subgoal_test/unity_cooking/ROS2/install/panda_move/include/panda_move/panda_move/msg/detail/execution_check__rosidl_typesupport_fastrtps_cpp.hpp
-- Symlinking: /home/jeni/Cook_subgoal_test/unity_cooking/ROS2/install/panda_move/include/panda_move/panda_move/msg/detail/predicate__rosidl_typesupport_fastrtps_cpp.hpp
-- Symlinking: /home/jeni/Cook_subgoal_test/unity_cooking/ROS2/install/panda_move/include/panda_move/panda_move/msg/rosidl_typesupport_fastrtps_cpp__visibility_control.h
-- Symlinking: /home/jeni/Cook_subgoal_test/unity_cooking/ROS2/install/panda_move/include/panda_move/panda_move/srv/detail/action_sequences__rosidl_typesupport_fastrtps_cpp.hpp
-- Symlinking: /home/jeni/Cook_subgoal_test/unity_cooking/ROS2/install/panda_move/include/panda_move/panda_move/srv/detail/hand__rosidl_typesupport_fastrtps_cpp.hpp
-- Symlinking: /home/jeni/Cook_subgoal_test/unity_cooking/ROS2/install/panda_move/include/panda_move/panda_move/srv/detail/init__rosidl_typesupport_fastrtps_cpp.hpp
-- Symlinking: /home/jeni/Cook_subgoal_test/unity_cooking/ROS2/install/panda_move/include/panda_move/panda_move/srv/detail/motion_check__rosidl_typesupport_fastrtps_cpp.hpp
-- Symlinking: /home/jeni/Cook_subgoal_test/unity_cooking/ROS2/install/panda_move/include/panda_move/panda_move/srv/detail/new_state__rosidl_typesupport_fastrtps_cpp.hpp
-- Symlinking: /home/jeni/Cook_subgoal_test/unity_cooking/ROS2/install/panda_move/include/panda_move/panda_move/srv/detail/plan__rosidl_typesupport_fastrtps_cpp.hpp
-- Symlinking: /home/jeni/Cook_subgoal_test/unity_cooking/ROS2/install/panda_move/include/panda_move/panda_move/srv/detail/sync__rosidl_typesupport_fastrtps_cpp.hpp
-- Symlinking: /home/jeni/Cook_subgoal_test/unity_cooking/ROS2/install/panda_move/include/panda_move/panda_move/msg/detail/action__rosidl_typesupport_introspection_c.h
-- Symlinking: /home/jeni/Cook_subgoal_test/unity_cooking/ROS2/install/panda_move/include/panda_move/panda_move/msg/detail/execution_check__rosidl_typesupport_introspection_c.h
-- Symlinking: /home/jeni/Cook_subgoal_test/unity_cooking/ROS2/install/panda_move/include/panda_move/panda_move/msg/detail/predicate__rosidl_typesupport_introspection_c.h
-- Symlinking: /home/jeni/Cook_subgoal_test/unity_cooking/ROS2/install/panda_move/include/panda_move/panda_move/msg/rosidl_typesupport_introspection_c__visibility_control.h
-- Symlinking: /home/jeni/Cook_subgoal_test/unity_cooking/ROS2/install/panda_move/include/panda_move/panda_move/srv/detail/action_sequences__rosidl_typesupport_introspection_c.h
-- Symlinking: /home/jeni/Cook_subgoal_test/unity_cooking/ROS2/install/panda_move/include/panda_move/panda_move/srv/detail/hand__rosidl_typesupport_introspection_c.h
-- Symlinking: /home/jeni/Cook_subgoal_test/unity_cooking/ROS2/install/panda_move/include/panda_move/panda_move/srv/detail/init__rosidl_typesupport_introspection_c.h
-- Symlinking: /home/jeni/Cook_subgoal_test/unity_cooking/ROS2/install/panda_move/include/panda_move/panda_move/srv/detail/motion_check__rosidl_typesupport_introspection_c.h
-- Symlinking: /home/jeni/Cook_subgoal_test/unity_cooking/ROS2/install/panda_move/include/panda_move/panda_move/srv/detail/new_state__rosidl_typesupport_introspection_c.h
-- Symlinking: /home/jeni/Cook_subgoal_test/unity_cooking/ROS2/install/panda_move/include/panda_move/panda_move/srv/detail/plan__rosidl_typesupport_introspection_c.h
-- Symlinking: /home/jeni/Cook_subgoal_test/unity_cooking/ROS2/install/panda_move/include/panda_move/panda_move/srv/detail/sync__rosidl_typesupport_introspection_c.h
-- Symlinking: /home/jeni/Cook_subgoal_test/unity_cooking/ROS2/install/panda_move/include/panda_move/panda_move/msg/detail/action__rosidl_typesupport_introspection_cpp.hpp
-- Symlinking: /home/jeni/Cook_subgoal_test/unity_cooking/ROS2/install/panda_move/include/panda_move/panda_move/msg/detail/execution_check__rosidl_typesupport_introspection_cpp.hpp
-- Symlinking: /home/jeni/Cook_subgoal_test/unity_cooking/ROS2/install/panda_move/include/panda_move/panda_move/msg/detail/predicate__rosidl_typesupport_introspection_cpp.hpp
-- Symlinking: /home/jeni/Cook_subgoal_test/unity_cooking/ROS2/install/panda_move/include/panda_move/panda_move/srv/detail/action_sequences__rosidl_typesupport_introspection_cpp.hpp
-- Symlinking: /home/jeni/Cook_subgoal_test/unity_cooking/ROS2/install/panda_move/include/panda_move/panda_move/srv/detail/hand__rosidl_typesupport_introspection_cpp.hpp
-- Symlinking: /home/jeni/Cook_subgoal_test/unity_cooking/ROS2/install/panda_move/include/panda_move/panda_move/srv/detail/init__rosidl_typesupport_introspection_cpp.hpp
-- Symlinking: /home/jeni/Cook_subgoal_test/unity_cooking/ROS2/install/panda_move/include/panda_move/panda_move/srv/detail/motion_check__rosidl_typesupport_introspection_cpp.hpp
-- Symlinking: /home/jeni/Cook_subgoal_test/unity_cooking/ROS2/install/panda_move/include/panda_move/panda_move/srv/detail/new_state__rosidl_typesupport_introspection_cpp.hpp
-- Symlinking: /home/jeni/Cook_subgoal_test/unity_cooking/ROS2/install/panda_move/include/panda_move/panda_move/srv/detail/plan__rosidl_typesupport_introspection_cpp.hpp
-- Symlinking: /home/jeni/Cook_subgoal_test/unity_cooking/ROS2/install/panda_move/include/panda_move/panda_move/srv/detail/sync__rosidl_typesupport_introspection_cpp.hpp
-- Symlinking: /home/jeni/Cook_subgoal_test/unity_cooking/ROS2/install/panda_move/share/panda_move/msg/Action.idl
-- Symlinking: /home/jeni/Cook_subgoal_test/unity_cooking/ROS2/install/panda_move/share/panda_move/msg/Predicate.idl
-- Symlinking: /home/jeni/Cook_subgoal_test/unity_cooking/ROS2/install/panda_move/share/panda_move/msg/ExecutionCheck.idl
-- Symlinking: /home/jeni/Cook_subgoal_test/unity_cooking/ROS2/install/panda_move/share/panda_move/srv/Init.idl
-- Symlinking: /home/jeni/Cook_subgoal_test/unity_cooking/ROS2/install/panda_move/share/panda_move/srv/Sync.idl
-- Symlinking: /home/jeni/Cook_subgoal_test/unity_cooking/ROS2/install/panda_move/share/panda_move/srv/Plan.idl
-- Symlinking: /home/jeni/Cook_subgoal_test/unity_cooking/ROS2/install/panda_move/share/panda_move/srv/Hand.idl
-- Symlinking: /home/jeni/Cook_subgoal_test/unity_cooking/ROS2/install/panda_move/share/panda_move/srv/MotionCheck.idl
-- Symlinking: /home/jeni/Cook_subgoal_test/unity_cooking/ROS2/install/panda_move/share/panda_move/srv/ActionSequences.idl
-- Symlinking: /home/jeni/Cook_subgoal_test/unity_cooking/ROS2/install/panda_move/share/panda_move/srv/NewState.idl
-- Symlinking: /home/jeni/Cook_subgoal_test/unity_cooking/ROS2/install/panda_move/share/panda_move/msg/Action.msg
-- Symlinking: /home/jeni/Cook_subgoal_test/unity_cooking/ROS2/install/panda_move/share/panda_move/msg/Predicate.msg
-- Symlinking: /home/jeni/Cook_subgoal_test/unity_cooking/ROS2/install/panda_move/share/panda_move/msg/ExecutionCheck.msg
-- Symlinking: /home/jeni/Cook_subgoal_test/unity_cooking/ROS2/install/panda_move/share/panda_move/srv/Init.srv
-- Symlinking: /home/jeni/Cook_subgoal_test/unity_cooking/ROS2/install/panda_move/share/panda_move/srv/Init_Request.msg
-- Symlinking: /home/jeni/Cook_subgoal_test/unity_cooking/ROS2/install/panda_move/share/panda_move/srv/Init_Response.msg
-- Symlinking: /home/jeni/Cook_subgoal_test/unity_cooking/ROS2/install/panda_move/share/panda_move/srv/Sync.srv
-- Symlinking: /home/jeni/Cook_subgoal_test/unity_cooking/ROS2/install/panda_move/share/panda_move/srv/Sync_Request.msg
-- Symlinking: /home/jeni/Cook_subgoal_test/unity_cooking/ROS2/install/panda_move/share/panda_move/srv/Sync_Response.msg
-- Symlinking: /home/jeni/Cook_subgoal_test/unity_cooking/ROS2/install/panda_move/share/panda_move/srv/Plan.srv
-- Symlinking: /home/jeni/Cook_subgoal_test/unity_cooking/ROS2/install/panda_move/share/panda_move/srv/Plan_Request.msg
-- Symlinking: /home/jeni/Cook_subgoal_test/unity_cooking/ROS2/install/panda_move/share/panda_move/srv/Plan_Response.msg
-- Symlinking: /home/jeni/Cook_subgoal_test/unity_cooking/ROS2/install/panda_move/share/panda_move/srv/Hand.srv
-- Symlinking: /home/jeni/Cook_subgoal_test/unity_cooking/ROS2/install/panda_move/share/panda_move/srv/Hand_Request.msg
-- Symlinking: /home/jeni/Cook_subgoal_test/unity_cooking/ROS2/install/panda_move/share/panda_move/srv/Hand_Response.msg
-- Symlinking: /home/jeni/Cook_subgoal_test/unity_cooking/ROS2/install/panda_move/share/panda_move/srv/MotionCheck.srv
-- Symlinking: /home/jeni/Cook_subgoal_test/unity_cooking/ROS2/install/panda_move/share/panda_move/srv/MotionCheck_Request.msg
-- Symlinking: /home/jeni/Cook_subgoal_test/unity_cooking/ROS2/install/panda_move/share/panda_move/srv/MotionCheck_Response.msg
-- Symlinking: /home/jeni/Cook_subgoal_test/unity_cooking/ROS2/install/panda_move/share/panda_move/srv/ActionSequences.srv
-- Symlinking: /home/jeni/Cook_subgoal_test/unity_cooking/ROS2/install/panda_move/share/panda_move/srv/ActionSequences_Request.msg
-- Symlinking: /home/jeni/Cook_subgoal_test/unity_cooking/ROS2/install/panda_move/share/panda_move/srv/ActionSequences_Response.msg
-- Symlinking: /home/jeni/Cook_subgoal_test/unity_cooking/ROS2/install/panda_move/share/panda_move/srv/NewState.srv
-- Symlinking: /home/jeni/Cook_subgoal_test/unity_cooking/ROS2/install/panda_move/share/panda_move/srv/NewState_Request.msg
-- Symlinking: /home/jeni/Cook_subgoal_test/unity_cooking/ROS2/install/panda_move/share/panda_move/srv/NewState_Response.msg
-- Symlinking: /home/jeni/Cook_subgoal_test/unity_cooking/ROS2/install/panda_move/lib/panda_move/panda_move/__init__.py
-- Symlinking: /home/jeni/Cook_subgoal_test/unity_cooking/ROS2/install/panda_move/lib/panda_move/panda_move/__init__.pyc
-- Symlinking: /home/jeni/Cook_subgoal_test/unity_cooking/ROS2/install/panda_move/lib/panda_move/panda_move/__pycache__/club_sandwich.cpython-310.pyc
-- Symlinking: /home/jeni/Cook_subgoal_test/unity_cooking/ROS2/install/panda_move/lib/panda_move/panda_move/__pycache__/greek_salad.cpython-310.pyc
-- Symlinking: /home/jeni/Cook_subgoal_test/unity_cooking/ROS2/install/panda_move/lib/panda_move/panda_move/__pycache__/shrimp_salad.cpython-310.pyc
-- Symlinking: /home/jeni/Cook_subgoal_test/unity_cooking/ROS2/install/panda_move/lib/panda_move/panda_move/__pycache__/tuna_sandwich.cpython-310.pyc
-- Symlinking: /home/jeni/Cook_subgoal_test/unity_cooking/ROS2/install/panda_move/lib/panda_move/panda_move/club_sandwich.py
-- Symlinking: /home/jeni/Cook_subgoal_test/unity_cooking/ROS2/install/panda_move/lib/panda_move/panda_move/club_sandwich.pyc
-- Symlinking: /home/jeni/Cook_subgoal_test/unity_cooking/ROS2/install/panda_move/lib/panda_move/panda_move/domain.py
-- Symlinking: /home/jeni/Cook_subgoal_test/unity_cooking/ROS2/install/panda_move/lib/panda_move/panda_move/domain.pyc
-- Symlinking: /home/jeni/Cook_subgoal_test/unity_cooking/ROS2/install/panda_move/lib/panda_move/panda_move/greek_salad.py
-- Symlinking: /home/jeni/Cook_subgoal_test/unity_cooking/ROS2/install/panda_move/lib/panda_move/panda_move/greek_salad.pyc
-- Symlinking: /home/jeni/Cook_subgoal_test/unity_cooking/ROS2/install/panda_move/lib/panda_move/panda_move/knowledge_base.pyc
-- Symlinking: /home/jeni/Cook_subgoal_test/unity_cooking/ROS2/install/panda_move/lib/panda_move/panda_move/knowledge_base.yaml
-- Symlinking: /home/jeni/Cook_subgoal_test/unity_cooking/ROS2/install/panda_move/lib/panda_move/panda_move/main_ros2.py
-- Symlinking: /home/jeni/Cook_subgoal_test/unity_cooking/ROS2/install/panda_move/lib/panda_move/panda_move/object_level_motion.py
-- Symlinking: /home/jeni/Cook_subgoal_test/unity_cooking/ROS2/install/panda_move/lib/panda_move/panda_move/planner.py
-- Symlinking: /home/jeni/Cook_subgoal_test/unity_cooking/ROS2/install/panda_move/lib/panda_move/panda_move/planner.pyc
-- Symlinking: /home/jeni/Cook_subgoal_test/unity_cooking/ROS2/install/panda_move/lib/panda_move/panda_move/problem.py
-- Symlinking: /home/jeni/Cook_subgoal_test/unity_cooking/ROS2/install/panda_move/lib/panda_move/panda_move/problem.pyc
-- Symlinking: /home/jeni/Cook_subgoal_test/unity_cooking/ROS2/install/panda_move/lib/panda_move/panda_move/searcher.py
-- Symlinking: /home/jeni/Cook_subgoal_test/unity_cooking/ROS2/install/panda_move/lib/panda_move/panda_move/searcher.pyc
-- Symlinking: /home/jeni/Cook_subgoal_test/unity_cooking/ROS2/install/panda_move/lib/panda_move/panda_move/shrimp_salad.py
-- Symlinking: /home/jeni/Cook_subgoal_test/unity_cooking/ROS2/install/panda_move/lib/panda_move/panda_move/shrimp_salad.pyc
-- Symlinking: /home/jeni/Cook_subgoal_test/unity_cooking/ROS2/install/panda_move/lib/panda_move/panda_move/test_15_predict3_v2.py
-- Symlinking: /home/jeni/Cook_subgoal_test/unity_cooking/ROS2/install/panda_move/lib/panda_move/panda_move/test_15_predict3_v2.pyc
-- Symlinking: /home/jeni/Cook_subgoal_test/unity_cooking/ROS2/install/panda_move/lib/panda_move/panda_move/test_33_predict2_v2.py
-- Symlinking: /home/jeni/Cook_subgoal_test/unity_cooking/ROS2/install/panda_move/lib/panda_move/panda_move/test_33_predict2_v2.pyc
-- Symlinking: /home/jeni/Cook_subgoal_test/unity_cooking/ROS2/install/panda_move/lib/panda_move/panda_move/test_35_predict_v2.py
-- Symlinking: /home/jeni/Cook_subgoal_test/unity_cooking/ROS2/install/panda_move/lib/panda_move/panda_move/test_35_predict_v2.pyc
-- Symlinking: /home/jeni/Cook_subgoal_test/unity_cooking/ROS2/install/panda_move/lib/panda_move/panda_move/test_49_predict2_v2.py
-- Symlinking: /home/jeni/Cook_subgoal_test/unity_cooking/ROS2/install/panda_move/lib/panda_move/panda_move/test_49_predict2_v2.pyc
-- Symlinking: /home/jeni/Cook_subgoal_test/unity_cooking/ROS2/install/panda_move/lib/panda_move/panda_move/test_62_predict_v2.py
-- Symlinking: /home/jeni/Cook_subgoal_test/unity_cooking/ROS2/install/panda_move/lib/panda_move/panda_move/test_62_predict_v2.pyc
-- Symlinking: /home/jeni/Cook_subgoal_test/unity_cooking/ROS2/install/panda_move/lib/panda_move/panda_move/test_75_predict_v2.py
-- Symlinking: /home/jeni/Cook_subgoal_test/unity_cooking/ROS2/install/panda_move/lib/panda_move/panda_move/test_75_predict_v2.pyc
-- Symlinking: /home/jeni/Cook_subgoal_test/unity_cooking/ROS2/install/panda_move/lib/panda_move/panda_move/test_80_predict2_v2.py
-- Symlinking: /home/jeni/Cook_subgoal_test/unity_cooking/ROS2/install/panda_move/lib/panda_move/panda_move/test_80_predict2_v2.pyc
-- Symlinking: /home/jeni/Cook_subgoal_test/unity_cooking/ROS2/install/panda_move/lib/panda_move/panda_move/tuna_sandwich.py
-- Symlinking: /home/jeni/Cook_subgoal_test/unity_cooking/ROS2/install/panda_move/lib/panda_move/panda_move/tuna_sandwich.pyc
-- Symlinking: /home/jeni/Cook_subgoal_test/unity_cooking/ROS2/install/panda_move/lib/panda_move/srv/ActionSequences.srv
-- Symlinking: /home/jeni/Cook_subgoal_test/unity_cooking/ROS2/install/panda_move/lib/panda_move/srv/Hand.srv
-- Symlinking: /home/jeni/Cook_subgoal_test/unity_cooking/ROS2/install/panda_move/lib/panda_move/srv/Init.srv
-- Symlinking: /home/jeni/Cook_subgoal_test/unity_cooking/ROS2/install/panda_move/lib/panda_move/srv/MotionCheck.srv
-- Symlinking: /home/jeni/Cook_subgoal_test/unity_cooking/ROS2/install/panda_move/lib/panda_move/srv/NewState.srv
-- Symlinking: /home/jeni/Cook_subgoal_test/unity_cooking/ROS2/install/panda_move/lib/panda_move/srv/Plan.srv
-- Symlinking: /home/jeni/Cook_subgoal_test/unity_cooking/ROS2/install/panda_move/lib/panda_move/srv/Sync.srv
-- Symlinking: /home/jeni/Cook_subgoal_test/unity_cooking/ROS2/install/panda_move/share/ament_index/resource_index/package_run_dependencies/panda_move
-- Symlinking: /home/jeni/Cook_subgoal_test/unity_cooking/ROS2/install/panda_move/share/ament_index/resource_index/parent_prefix_path/panda_move
-- Symlinking: /home/jeni/Cook_subgoal_test/unity_cooking/ROS2/install/panda_move/share/panda_move/environment/ament_prefix_path.sh
-- Symlinking: /home/jeni/Cook_subgoal_test/unity_cooking/ROS2/install/panda_move/share/panda_move/environment/ament_prefix_path.dsv
-- Symlinking: /home/jeni/Cook_subgoal_test/unity_cooking/ROS2/install/panda_move/share/panda_move/environment/path.sh
-- Symlinking: /home/jeni/Cook_subgoal_test/unity_cooking/ROS2/install/panda_move/share/panda_move/environment/path.dsv
-- Symlinking: /home/jeni/Cook_subgoal_test/unity_cooking/ROS2/install/panda_move/share/panda_move/local_setup.bash
-- Symlinking: /home/jeni/Cook_subgoal_test/unity_cooking/ROS2/install/panda_move/share/panda_move/local_setup.sh
-- Symlinking: /home/jeni/Cook_subgoal_test/unity_cooking/ROS2/install/panda_move/share/panda_move/local_setup.zsh
-- Symlinking: /home/jeni/Cook_subgoal_test/unity_cooking/ROS2/install/panda_move/share/panda_move/local_setup.dsv
-- Symlinking: /home/jeni/Cook_subgoal_test/unity_cooking/ROS2/install/panda_move/share/panda_move/package.dsv
-- Symlinking: /home/jeni/Cook_subgoal_test/unity_cooking/ROS2/install/panda_move/share/ament_index/resource_index/packages/panda_move
-- Symlinking: /home/jeni/Cook_subgoal_test/unity_cooking/ROS2/install/panda_move/share/panda_move/cmake/rosidl_cmake-extras.cmake
-- Symlinking: /home/jeni/Cook_subgoal_test/unity_cooking/ROS2/install/panda_move/share/panda_move/cmake/ament_cmake_export_dependencies-extras.cmake
-- Symlinking: /home/jeni/Cook_subgoal_test/unity_cooking/ROS2/install/panda_move/share/panda_move/cmake/ament_cmake_export_include_directories-extras.cmake
-- Symlinking: /home/jeni/Cook_subgoal_test/unity_cooking/ROS2/install/panda_move/share/panda_move/cmake/ament_cmake_export_libraries-extras.cmake
-- Symlinking: /home/jeni/Cook_subgoal_test/unity_cooking/ROS2/install/panda_move/share/panda_move/cmake/ament_cmake_export_targets-extras.cmake
-- Symlinking: /home/jeni/Cook_subgoal_test/unity_cooking/ROS2/install/panda_move/share/panda_move/cmake/rosidl_cmake_export_typesupport_targets-extras.cmake
-- Symlinking: /home/jeni/Cook_subgoal_test/unity_cooking/ROS2/install/panda_move/share/panda_move/cmake/rosidl_cmake_export_typesupport_libraries-extras.cmake
-- Symlinking: /home/jeni/Cook_subgoal_test/unity_cooking/ROS2/install/panda_move/share/panda_move/cmake/panda_moveConfig.cmake
-- Symlinking: /home/jeni/Cook_subgoal_test/unity_cooking/ROS2/install/panda_move/share/panda_move/cmake/panda_moveConfig-version.cmake
-- Symlinking: /home/jeni/Cook_subgoal_test/unity_cooking/ROS2/install/panda_move/share/panda_move/package.xml
-- Installing: /home/jeni/Cook_subgoal_test/unity_cooking/ROS2/install/panda_move/lib/libpanda_move__rosidl_generator_c.so
-- Set runtime path of "/home/jeni/Cook_subgoal_test/unity_cooking/ROS2/install/panda_move/lib/libpanda_move__rosidl_generator_c.so" to ""
-- Installing: /home/jeni/Cook_subgoal_test/unity_cooking/ROS2/install/panda_move/lib/libpanda_move__rosidl_typesupport_fastrtps_c.so
-- Set runtime path of "/home/jeni/Cook_subgoal_test/unity_cooking/ROS2/install/panda_move/lib/libpanda_move__rosidl_typesupport_fastrtps_c.so" to ""
-- Installing: /home/jeni/Cook_subgoal_test/unity_cooking/ROS2/install/panda_move/lib/libpanda_move__rosidl_typesupport_fastrtps_cpp.so
-- Set runtime path of "/home/jeni/Cook_subgoal_test/unity_cooking/ROS2/install/panda_move/lib/libpanda_move__rosidl_typesupport_fastrtps_cpp.so" to ""
-- Installing: /home/jeni/Cook_subgoal_test/unity_cooking/ROS2/install/panda_move/lib/libpanda_move__rosidl_typesupport_introspection_c.so
-- Set runtime path of "/home/jeni/Cook_subgoal_test/unity_cooking/ROS2/install/panda_move/lib/libpanda_move__rosidl_typesupport_introspection_c.so" to ""
-- Installing: /home/jeni/Cook_subgoal_test/unity_cooking/ROS2/install/panda_move/lib/libpanda_move__rosidl_typesupport_c.so
-- Set runtime path of "/home/jeni/Cook_subgoal_test/unity_cooking/ROS2/install/panda_move/lib/libpanda_move__rosidl_typesupport_c.so" to ""
-- Installing: /home/jeni/Cook_subgoal_test/unity_cooking/ROS2/install/panda_move/lib/libpanda_move__rosidl_typesupport_introspection_cpp.so
-- Set runtime path of "/home/jeni/Cook_subgoal_test/unity_cooking/ROS2/install/panda_move/lib/libpanda_move__rosidl_typesupport_introspection_cpp.so" to ""
-- Installing: /home/jeni/Cook_subgoal_test/unity_cooking/ROS2/install/panda_move/lib/libpanda_move__rosidl_typesupport_cpp.so
-- Set runtime path of "/home/jeni/Cook_subgoal_test/unity_cooking/ROS2/install/panda_move/lib/libpanda_move__rosidl_typesupport_cpp.so" to ""
-- Installing: /home/jeni/Cook_subgoal_test/unity_cooking/ROS2/install/panda_move/share/panda_move/cmake/export_panda_move__rosidl_generator_cExport.cmake
-- Installing: /home/jeni/Cook_subgoal_test/unity_cooking/ROS2/install/panda_move/share/panda_move/cmake/export_panda_move__rosidl_generator_cExport-noconfig.cmake
-- Installing: /home/jeni/Cook_subgoal_test/unity_cooking/ROS2/install/panda_move/share/panda_move/cmake/export_panda_move__rosidl_typesupport_fastrtps_cExport.cmake
-- Installing: /home/jeni/Cook_subgoal_test/unity_cooking/ROS2/install/panda_move/share/panda_move/cmake/export_panda_move__rosidl_typesupport_fastrtps_cExport-noconfig.cmake
-- Installing: /home/jeni/Cook_subgoal_test/unity_cooking/ROS2/install/panda_move/share/panda_move/cmake/export_panda_move__rosidl_generator_cppExport.cmake
-- Installing: /home/jeni/Cook_subgoal_test/unity_cooking/ROS2/install/panda_move/share/panda_move/cmake/export_panda_move__rosidl_typesupport_fastrtps_cppExport.cmake
-- Installing: /home/jeni/Cook_subgoal_test/unity_cooking/ROS2/install/panda_move/share/panda_move/cmake/export_panda_move__rosidl_typesupport_fastrtps_cppExport-noconfig.cmake
-- Installing: /home/jeni/Cook_subgoal_test/unity_cooking/ROS2/install/panda_move/share/panda_move/cmake/panda_move__rosidl_typesupport_introspection_cExport.cmake
-- Installing: /home/jeni/Cook_subgoal_test/unity_cooking/ROS2/install/panda_move/share/panda_move/cmake/panda_move__rosidl_typesupport_introspection_cExport-noconfig.cmake
-- Installing: /home/jeni/Cook_subgoal_test/unity_cooking/ROS2/install/panda_move/share/panda_move/cmake/panda_move__rosidl_typesupport_cExport.cmake
-- Installing: /home/jeni/Cook_subgoal_test/unity_cooking/ROS2/install/panda_move/share/panda_move/cmake/panda_move__rosidl_typesupport_cExport-noconfig.cmake
-- Installing: /home/jeni/Cook_subgoal_test/unity_cooking/ROS2/install/panda_move/share/panda_move/cmake/panda_move__rosidl_typesupport_introspection_cppExport.cmake
-- Installing: /home/jeni/Cook_subgoal_test/unity_cooking/ROS2/install/panda_move/share/panda_move/cmake/panda_move__rosidl_typesupport_introspection_cppExport-noconfig.cmake
-- Installing: /home/jeni/Cook_subgoal_test/unity_cooking/ROS2/install/panda_move/share/panda_move/cmake/panda_move__rosidl_typesupport_cppExport.cmake
-- Installing: /home/jeni/Cook_subgoal_test/unity_cooking/ROS2/install/panda_move/share/panda_move/cmake/panda_move__rosidl_typesupport_cppExport-noconfig.cmake
