[0.004s] Invoking command in '/home/jeni/Cook_subgoal_test/unity_cooking/ROS2/build/panda_move': CMAKE_PREFIX_PATH=/home/jeni/Cook_subgoal_test/unity_cooking/ROS2/install/ros_tcp_endpoint:/home/jeni/Cook_subgoal_test/unity_cooking/ROS2/install/panda_move:/home/jeni/Cook_subgoal_test/unity_cooking/ROS2/install/panda_moveit_config:/home/jeni/Cook_subgoal_test/unity_cooking/ROS2/install/franka_description:/opt/ros/humble LD_LIBRARY_PATH=/home/jeni/Cook_subgoal_test/unity_cooking/ROS2/install/ros_tcp_endpoint/lib:/home/jeni/Cook_subgoal_test/unity_cooking/ROS2/install/panda_move/lib:/usr/local/cuda-12.4/lib64:/opt/ros/humble/opt/rviz_ogre_vendor/lib:/opt/ros/humble/lib/x86_64-linux-gnu:/opt/ros/humble/lib:/usr/local/cuda-12.4/lib64 /usr/bin/cmake /home/jeni/Cook_subgoal_test/unity_cooking/ROS2/src/panda_move -DAMENT_CMAKE_SYMLINK_INSTALL=1 -DCMAKE_INSTALL_PREFIX=/home/jeni/Cook_subgoal_test/unity_cooking/ROS2/install/panda_move
[0.027s] -- The C compiler identification is GNU 11.4.0
[0.049s] -- The CXX compiler identification is GNU 11.4.0
[0.052s] -- Detecting C compiler ABI info
[0.080s] -- Detecting C compiler ABI info - done
[0.082s] -- Check for working C compiler: /usr/bin/cc - skipped
[0.083s] -- Detecting C compile features
[0.083s] -- Detecting C compile features - done
[0.084s] -- Detecting CXX compiler ABI info
[0.116s] -- Detecting CXX compiler ABI info - done
[0.119s] -- Check for working CXX compiler: /usr/bin/c++ - skipped
[0.119s] -- Detecting CXX compile features
[0.119s] -- Detecting CXX compile features - done
[0.121s] -- Found ament_cmake: 1.3.12 (/opt/ros/humble/share/ament_cmake/cmake)
[0.184s] -- Found Python3: /usr/bin/python3 (found version "3.10.12") found components: Interpreter 
[0.211s] -- Override CMake install command with custom implementation using symlinks instead of copying resources
[0.223s] -- Found rclpy: 3.3.17 (/opt/ros/humble/share/rclpy/cmake)
[0.223s] -- Found std_msgs: 4.9.0 (/opt/ros/humble/share/std_msgs/cmake)
[0.238s] -- Found rosidl_generator_c: 3.1.7 (/opt/ros/humble/share/rosidl_generator_c/cmake)
[0.240s] -- Found rosidl_adapter: 3.1.7 (/opt/ros/humble/share/rosidl_adapter/cmake)
[0.244s] -- Found rosidl_generator_cpp: 3.1.7 (/opt/ros/humble/share/rosidl_generator_cpp/cmake)
[0.249s] -- Using all available rosidl_typesupport_c: rosidl_typesupport_fastrtps_c;rosidl_typesupport_introspection_c
[0.255s] -- Using all available rosidl_typesupport_cpp: rosidl_typesupport_fastrtps_cpp;rosidl_typesupport_introspection_cpp
[0.265s] -- Found geometry_msgs: 4.9.0 (/opt/ros/humble/share/geometry_msgs/cmake)
[0.270s] -- Found ros_tcp_endpoint: 0.4.0 (/home/jeni/Cook_subgoal_test/unity_cooking/ROS2/install/ros_tcp_endpoint/share/ros_tcp_endpoint/cmake)
[0.275s] -- Found moveit_msgs: 2.2.1 (/opt/ros/humble/share/moveit_msgs/cmake)
[0.335s] -- Found controller_manager: 2.51.0 (/opt/ros/humble/share/controller_manager/cmake)
[0.381s] -- Found rmw_implementation_cmake: 6.1.2 (/opt/ros/humble/share/rmw_implementation_cmake/cmake)
[0.382s] -- Found rmw_cyclonedds_cpp: 1.3.4 (/opt/ros/humble/share/rmw_cyclonedds_cpp/cmake)
[0.391s] -- Using RMW implementation 'rmw_cyclonedds_cpp' as default
[0.394s] -- Looking for pthread.h
[0.426s] -- Looking for pthread.h - found
[0.426s] -- Performing Test CMAKE_HAVE_LIBC_PTHREAD
[0.454s] -- Performing Test CMAKE_HAVE_LIBC_PTHREAD - Success
[0.454s] -- Found Threads: TRUE  
[0.488s] -- Found moveit_core: 2.5.9 (/opt/ros/humble/share/moveit_core/cmake)
[0.502s] -- Found Boost: /usr/lib/x86_64-linux-gnu/cmake/Boost-1.74.0/BoostConfig.cmake (found version "1.74.0") found components: chrono date_time filesystem iostreams program_options regex serialization system thread 
[0.522s] -- Found parameter_traits: 0.5.0 (/opt/ros/humble/share/parameter_traits/cmake)
[0.529s] -- Found Boost: /usr/lib/x86_64-linux-gnu/cmake/Boost-1.74.0/BoostConfig.cmake (found version "1.74.0") found components: filesystem 
[0.562s] -- library: /usr/lib/x86_64-linux-gnu/libcurl.so
[0.575s] -- Found Eigen3: TRUE (found version "3.4.0") 
[0.575s] -- Ensuring Eigen3 include directory is part of orocos-kdl CMake target
[0.615s] -- Found moveit_ros_planning: 2.5.9 (/opt/ros/humble/share/moveit_ros_planning/cmake)
[0.617s] -- Found Boost: /usr/lib/x86_64-linux-gnu/cmake/Boost-1.74.0/BoostConfig.cmake (found version "1.74.0") found components: system filesystem date_time program_options thread chrono 
[0.627s] -- Found moveit_ros_planning_interface: 2.5.9 (/opt/ros/humble/share/moveit_ros_planning_interface/cmake)
[0.629s] -- Found Boost: /usr/lib/x86_64-linux-gnu/cmake/Boost-1.74.0/BoostConfig.cmake (found version "1.74.0") found components: date_time filesystem program_options system thread 
[0.635s] -- Found Boost: /usr/lib/x86_64-linux-gnu/cmake/Boost-1.74.0/BoostConfig.cmake (found version "1.74.0") found components: thread system filesystem regex date_time program_options 
[0.665s] -- Found Boost: /usr/lib/x86_64-linux-gnu/cmake/Boost-1.74.0/BoostConfig.cmake (found version "1.74.0") found components: system filesystem date_time program_options thread 
[0.677s] -- Found moveit_ros_perception: 2.5.9 (/opt/ros/humble/share/moveit_ros_perception/cmake)
[0.678s] -- Found Boost: /usr/lib/x86_64-linux-gnu/cmake/Boost-1.74.0/BoostConfig.cmake (found version "1.74.0") found components: thread 
[0.860s] -- Found ament_cmake_ros: 0.10.0 (/opt/ros/humble/share/ament_cmake_ros/cmake)
[1.126s] -- Using all available rosidl_typesupport_c: rosidl_typesupport_fastrtps_c;rosidl_typesupport_introspection_c
[1.230s] -- Using all available rosidl_typesupport_cpp: rosidl_typesupport_fastrtps_cpp;rosidl_typesupport_introspection_cpp
[1.234s] -- Configuring done
[1.251s] -- Generating done
[1.255s] -- Build files have been written to: /home/jeni/Cook_subgoal_test/unity_cooking/ROS2/build/panda_move
[1.263s] Invoked command in '/home/jeni/Cook_subgoal_test/unity_cooking/ROS2/build/panda_move' returned '0': CMAKE_PREFIX_PATH=/home/jeni/Cook_subgoal_test/unity_cooking/ROS2/install/ros_tcp_endpoint:/home/jeni/Cook_subgoal_test/unity_cooking/ROS2/install/panda_move:/home/jeni/Cook_subgoal_test/unity_cooking/ROS2/install/panda_moveit_config:/home/jeni/Cook_subgoal_test/unity_cooking/ROS2/install/franka_description:/opt/ros/humble LD_LIBRARY_PATH=/home/jeni/Cook_subgoal_test/unity_cooking/ROS2/install/ros_tcp_endpoint/lib:/home/jeni/Cook_subgoal_test/unity_cooking/ROS2/install/panda_move/lib:/usr/local/cuda-12.4/lib64:/opt/ros/humble/opt/rviz_ogre_vendor/lib:/opt/ros/humble/lib/x86_64-linux-gnu:/opt/ros/humble/lib:/usr/local/cuda-12.4/lib64 /usr/bin/cmake /home/jeni/Cook_subgoal_test/unity_cooking/ROS2/src/panda_move -DAMENT_CMAKE_SYMLINK_INSTALL=1 -DCMAKE_INSTALL_PREFIX=/home/jeni/Cook_subgoal_test/unity_cooking/ROS2/install/panda_move
[1.264s] Invoking command in '/home/jeni/Cook_subgoal_test/unity_cooking/ROS2/build/panda_move': CMAKE_PREFIX_PATH=/home/jeni/Cook_subgoal_test/unity_cooking/ROS2/install/ros_tcp_endpoint:/home/jeni/Cook_subgoal_test/unity_cooking/ROS2/install/panda_move:/home/jeni/Cook_subgoal_test/unity_cooking/ROS2/install/panda_moveit_config:/home/jeni/Cook_subgoal_test/unity_cooking/ROS2/install/franka_description:/opt/ros/humble LD_LIBRARY_PATH=/home/jeni/Cook_subgoal_test/unity_cooking/ROS2/install/ros_tcp_endpoint/lib:/home/jeni/Cook_subgoal_test/unity_cooking/ROS2/install/panda_move/lib:/usr/local/cuda-12.4/lib64:/opt/ros/humble/opt/rviz_ogre_vendor/lib:/opt/ros/humble/lib/x86_64-linux-gnu:/opt/ros/humble/lib:/usr/local/cuda-12.4/lib64 /usr/bin/cmake --build /home/jeni/Cook_subgoal_test/unity_cooking/ROS2/build/panda_move -- -j16 -l16
[1.284s] [  1%] [34m[1mGenerating C code for ROS interfaces[0m
[1.287s] [  2%] [34m[1mGenerating C++ code for ROS interfaces[0m
[1.615s] [  2%] Built target panda_move__cpp
[1.619s] [  3%] [34m[1mGenerating C++ type support dispatch for ROS interfaces[0m
[1.619s] [  5%] [34m[1mGenerating C++ introspection for ROS interfaces[0m
[1.619s] [  5%] [34m[1mGenerating C++ type support for eProsima Fast-RTPS[0m
[1.622s] [  7%] [32mBuilding C object CMakeFiles/panda_move__rosidl_generator_c.dir/rosidl_generator_c/panda_move/srv/detail/sync__functions.c.o[0m
[1.622s] [ 10%] [32mBuilding C object CMakeFiles/panda_move__rosidl_generator_c.dir/rosidl_generator_c/panda_move/msg/detail/execution_check__functions.c.o[0m
[1.622s] [ 10%] [32mBuilding C object CMakeFiles/panda_move__rosidl_generator_c.dir/rosidl_generator_c/panda_move/msg/detail/action__functions.c.o[0m
[1.622s] [ 10%] [32mBuilding C object CMakeFiles/panda_move__rosidl_generator_c.dir/rosidl_generator_c/panda_move/msg/detail/predicate__functions.c.o[0m
[1.622s] [ 11%] [32mBuilding C object CMakeFiles/panda_move__rosidl_generator_c.dir/rosidl_generator_c/panda_move/srv/detail/motion_check__functions.c.o[0m
[1.623s] [ 12%] [32mBuilding C object CMakeFiles/panda_move__rosidl_generator_c.dir/rosidl_generator_c/panda_move/srv/detail/init__functions.c.o[0m
[1.623s] [ 14%] [32mBuilding C object CMakeFiles/panda_move__rosidl_generator_c.dir/rosidl_generator_c/panda_move/srv/detail/plan__functions.c.o[0m
[1.623s] [ 15%] [32mBuilding C object CMakeFiles/panda_move__rosidl_generator_c.dir/rosidl_generator_c/panda_move/srv/detail/hand__functions.c.o[0m
[1.623s] [ 16%] [32mBuilding C object CMakeFiles/panda_move__rosidl_generator_c.dir/rosidl_generator_c/panda_move/srv/detail/new_state__functions.c.o[0m
[1.623s] [ 17%] [32mBuilding C object CMakeFiles/panda_move__rosidl_generator_c.dir/rosidl_generator_c/panda_move/srv/detail/action_sequences__functions.c.o[0m
[1.659s] [ 18%] [32m[1mLinking C shared library libpanda_move__rosidl_generator_c.so[0m
[1.679s] [ 18%] Built target panda_move__rosidl_generator_c
[1.683s] [ 22%] [34m[1mGenerating C introspection for ROS interfaces[0m
[1.684s] [ 22%] [34m[1mGenerating C type support dispatch for ROS interfaces[0m
[1.684s] [ 22%] [34m[1mGenerating C type support for eProsima Fast-RTPS[0m
[1.826s] [ 24%] [32mBuilding CXX object CMakeFiles/panda_move__rosidl_typesupport_cpp.dir/rosidl_typesupport_cpp/panda_move/msg/execution_check__type_support.cpp.o[0m
[1.826s] [ 24%] [32mBuilding CXX object CMakeFiles/panda_move__rosidl_typesupport_cpp.dir/rosidl_typesupport_cpp/panda_move/srv/init__type_support.cpp.o[0m
[1.826s] [ 25%] [32mBuilding CXX object CMakeFiles/panda_move__rosidl_typesupport_cpp.dir/rosidl_typesupport_cpp/panda_move/msg/action__type_support.cpp.o[0m
[1.826s] [ 28%] [32mBuilding CXX object CMakeFiles/panda_move__rosidl_typesupport_cpp.dir/rosidl_typesupport_cpp/panda_move/srv/sync__type_support.cpp.o[0m
[1.827s] [ 28%] [32mBuilding CXX object CMakeFiles/panda_move__rosidl_typesupport_cpp.dir/rosidl_typesupport_cpp/panda_move/msg/predicate__type_support.cpp.o[0m
[1.827s] [ 29%] [32mBuilding CXX object CMakeFiles/panda_move__rosidl_typesupport_cpp.dir/rosidl_typesupport_cpp/panda_move/srv/plan__type_support.cpp.o[0m
[1.827s] [ 30%] [32mBuilding CXX object CMakeFiles/panda_move__rosidl_typesupport_cpp.dir/rosidl_typesupport_cpp/panda_move/srv/hand__type_support.cpp.o[0m
[1.827s] [ 32%] [32mBuilding CXX object CMakeFiles/panda_move__rosidl_typesupport_cpp.dir/rosidl_typesupport_cpp/panda_move/srv/action_sequences__type_support.cpp.o[0m
[1.827s] [ 32%] [32mBuilding CXX object CMakeFiles/panda_move__rosidl_typesupport_cpp.dir/rosidl_typesupport_cpp/panda_move/srv/motion_check__type_support.cpp.o[0m
[1.828s] [ 34%] [32mBuilding CXX object CMakeFiles/panda_move__rosidl_typesupport_cpp.dir/rosidl_typesupport_cpp/panda_move/srv/new_state__type_support.cpp.o[0m
[1.967s] [ 35%] [32mBuilding CXX object CMakeFiles/panda_move__rosidl_typesupport_c.dir/rosidl_typesupport_c/panda_move/msg/action__type_support.cpp.o[0m
[1.967s] [ 36%] [32mBuilding CXX object CMakeFiles/panda_move__rosidl_typesupport_c.dir/rosidl_typesupport_c/panda_move/msg/predicate__type_support.cpp.o[0m
[1.982s] [ 37%] [32mBuilding CXX object CMakeFiles/panda_move__rosidl_typesupport_c.dir/rosidl_typesupport_c/panda_move/msg/execution_check__type_support.cpp.o[0m
[1.985s] [ 38%] [32mBuilding CXX object CMakeFiles/panda_move__rosidl_typesupport_c.dir/rosidl_typesupport_c/panda_move/srv/init__type_support.cpp.o[0m
[1.987s] [ 40%] [32mBuilding CXX object CMakeFiles/panda_move__rosidl_typesupport_c.dir/rosidl_typesupport_c/panda_move/srv/sync__type_support.cpp.o[0m
[1.987s] [ 41%] [32mBuilding CXX object CMakeFiles/panda_move__rosidl_typesupport_c.dir/rosidl_typesupport_c/panda_move/srv/plan__type_support.cpp.o[0m
[1.989s] [ 42%] [32mBuilding CXX object CMakeFiles/panda_move__rosidl_typesupport_introspection_cpp.dir/rosidl_typesupport_introspection_cpp/panda_move/msg/detail/action__type_support.cpp.o[0m
[1.989s] [ 43%] [32mBuilding CXX object CMakeFiles/panda_move__rosidl_typesupport_c.dir/rosidl_typesupport_c/panda_move/srv/hand__type_support.cpp.o[0m
[1.994s] [ 44%] [32mBuilding CXX object CMakeFiles/panda_move__rosidl_typesupport_c.dir/rosidl_typesupport_c/panda_move/srv/motion_check__type_support.cpp.o[0m
[1.994s] [ 45%] [32mBuilding CXX object CMakeFiles/panda_move__rosidl_typesupport_introspection_cpp.dir/rosidl_typesupport_introspection_cpp/panda_move/msg/detail/predicate__type_support.cpp.o[0m
[1.994s] [ 47%] [32mBuilding CXX object CMakeFiles/panda_move__rosidl_typesupport_c.dir/rosidl_typesupport_c/panda_move/srv/action_sequences__type_support.cpp.o[0m
[1.994s] [ 48%] [32m[1mLinking CXX shared library libpanda_move__rosidl_typesupport_cpp.so[0m
[1.994s] [ 49%] [32mBuilding CXX object CMakeFiles/panda_move__rosidl_typesupport_c.dir/rosidl_typesupport_c/panda_move/srv/new_state__type_support.cpp.o[0m
[1.997s] [ 50%] [32mBuilding CXX object CMakeFiles/panda_move__rosidl_typesupport_introspection_cpp.dir/rosidl_typesupport_introspection_cpp/panda_move/msg/detail/execution_check__type_support.cpp.o[0m
[1.998s] [ 51%] [32mBuilding CXX object CMakeFiles/panda_move__rosidl_typesupport_introspection_cpp.dir/rosidl_typesupport_introspection_cpp/panda_move/srv/detail/init__type_support.cpp.o[0m
[2.008s] [ 52%] [32mBuilding CXX object CMakeFiles/panda_move__rosidl_typesupport_introspection_cpp.dir/rosidl_typesupport_introspection_cpp/panda_move/srv/detail/sync__type_support.cpp.o[0m
[2.008s] [ 54%] [32mBuilding CXX object CMakeFiles/panda_move__rosidl_typesupport_introspection_cpp.dir/rosidl_typesupport_introspection_cpp/panda_move/srv/detail/plan__type_support.cpp.o[0m
[2.010s] [ 55%] [32mBuilding CXX object CMakeFiles/panda_move__rosidl_typesupport_introspection_cpp.dir/rosidl_typesupport_introspection_cpp/panda_move/srv/detail/hand__type_support.cpp.o[0m
[2.010s] [ 56%] [32mBuilding CXX object CMakeFiles/panda_move__rosidl_typesupport_introspection_cpp.dir/rosidl_typesupport_introspection_cpp/panda_move/srv/detail/motion_check__type_support.cpp.o[0m
[2.017s] [ 57%] [32mBuilding CXX object CMakeFiles/panda_move__rosidl_typesupport_introspection_cpp.dir/rosidl_typesupport_introspection_cpp/panda_move/srv/detail/action_sequences__type_support.cpp.o[0m
[2.017s] [ 58%] [32m[1mLinking CXX shared library libpanda_move__rosidl_typesupport_c.so[0m
[2.023s] [ 60%] [32mBuilding CXX object CMakeFiles/panda_move__rosidl_typesupport_introspection_cpp.dir/rosidl_typesupport_introspection_cpp/panda_move/srv/detail/new_state__type_support.cpp.o[0m
[2.023s] [ 60%] Built target panda_move__rosidl_typesupport_cpp
[2.030s] [ 62%] [32mBuilding CXX object CMakeFiles/panda_move__rosidl_typesupport_fastrtps_cpp.dir/rosidl_typesupport_fastrtps_cpp/panda_move/msg/detail/dds_fastrtps/action__type_support.cpp.o[0m
[2.030s] [ 62%] [32mBuilding CXX object CMakeFiles/panda_move__rosidl_typesupport_fastrtps_cpp.dir/rosidl_typesupport_fastrtps_cpp/panda_move/msg/detail/dds_fastrtps/predicate__type_support.cpp.o[0m
[2.030s] [ 63%] [32mBuilding CXX object CMakeFiles/panda_move__rosidl_typesupport_fastrtps_cpp.dir/rosidl_typesupport_fastrtps_cpp/panda_move/msg/detail/dds_fastrtps/execution_check__type_support.cpp.o[0m
[2.052s] [ 63%] Built target panda_move__rosidl_typesupport_c
[2.062s] [ 64%] [32mBuilding CXX object CMakeFiles/panda_move__rosidl_typesupport_fastrtps_cpp.dir/rosidl_typesupport_fastrtps_cpp/panda_move/srv/detail/dds_fastrtps/init__type_support.cpp.o[0m
[2.165s] [ 65%] [32mBuilding C object CMakeFiles/panda_move__rosidl_typesupport_introspection_c.dir/rosidl_typesupport_introspection_c/panda_move/msg/detail/action__type_support.c.o[0m
[2.197s] [ 67%] [32mBuilding C object CMakeFiles/panda_move__rosidl_typesupport_introspection_c.dir/rosidl_typesupport_introspection_c/panda_move/msg/detail/predicate__type_support.c.o[0m
[2.204s] [ 68%] [32mBuilding CXX object CMakeFiles/panda_move__rosidl_typesupport_fastrtps_c.dir/rosidl_typesupport_fastrtps_c/panda_move/msg/detail/action__type_support_c.cpp.o[0m
[2.227s] [ 69%] [32mBuilding C object CMakeFiles/panda_move__rosidl_typesupport_introspection_c.dir/rosidl_typesupport_introspection_c/panda_move/msg/detail/execution_check__type_support.c.o[0m
[2.243s] [ 70%] [32mBuilding C object CMakeFiles/panda_move__rosidl_typesupport_introspection_c.dir/rosidl_typesupport_introspection_c/panda_move/srv/detail/init__type_support.c.o[0m
[2.252s] [ 71%] [32mBuilding CXX object CMakeFiles/panda_move__rosidl_typesupport_fastrtps_cpp.dir/rosidl_typesupport_fastrtps_cpp/panda_move/srv/detail/dds_fastrtps/sync__type_support.cpp.o[0m
[2.261s] [ 72%] [32mBuilding CXX object CMakeFiles/panda_move__rosidl_typesupport_fastrtps_cpp.dir/rosidl_typesupport_fastrtps_cpp/panda_move/srv/detail/dds_fastrtps/plan__type_support.cpp.o[0m
[2.261s] [ 74%] [32mBuilding CXX object CMakeFiles/panda_move__rosidl_typesupport_fastrtps_cpp.dir/rosidl_typesupport_fastrtps_cpp/panda_move/srv/detail/dds_fastrtps/hand__type_support.cpp.o[0m
[2.275s] [ 75%] [32mBuilding C object CMakeFiles/panda_move__rosidl_typesupport_introspection_c.dir/rosidl_typesupport_introspection_c/panda_move/srv/detail/sync__type_support.c.o[0m
[2.280s] [ 76%] [32mBuilding C object CMakeFiles/panda_move__rosidl_typesupport_introspection_c.dir/rosidl_typesupport_introspection_c/panda_move/srv/detail/plan__type_support.c.o[0m
[2.284s] [ 78%] [32mBuilding C object CMakeFiles/panda_move__rosidl_typesupport_introspection_c.dir/rosidl_typesupport_introspection_c/panda_move/srv/detail/hand__type_support.c.o[0m
[2.284s] [ 78%] [32mBuilding C object CMakeFiles/panda_move__rosidl_typesupport_introspection_c.dir/rosidl_typesupport_introspection_c/panda_move/srv/detail/motion_check__type_support.c.o[0m
[2.308s] [ 81%] [32mBuilding C object CMakeFiles/panda_move__rosidl_typesupport_introspection_c.dir/rosidl_typesupport_introspection_c/panda_move/srv/detail/action_sequences__type_support.c.o[0m
[2.309s] [ 81%] [32mBuilding CXX object CMakeFiles/panda_move__rosidl_typesupport_fastrtps_c.dir/rosidl_typesupport_fastrtps_c/panda_move/msg/detail/predicate__type_support_c.cpp.o[0m
[2.313s] [ 82%] [32mBuilding CXX object CMakeFiles/panda_move__rosidl_typesupport_fastrtps_cpp.dir/rosidl_typesupport_fastrtps_cpp/panda_move/srv/detail/dds_fastrtps/motion_check__type_support.cpp.o[0m
[2.317s] [ 83%] [32mBuilding CXX object CMakeFiles/panda_move__rosidl_typesupport_fastrtps_c.dir/rosidl_typesupport_fastrtps_c/panda_move/msg/detail/execution_check__type_support_c.cpp.o[0m
[2.322s] [ 84%] [32mBuilding CXX object CMakeFiles/panda_move__rosidl_typesupport_fastrtps_c.dir/rosidl_typesupport_fastrtps_c/panda_move/srv/detail/init__type_support_c.cpp.o[0m
[2.334s] [ 85%] [32mBuilding CXX object CMakeFiles/panda_move__rosidl_typesupport_fastrtps_c.dir/rosidl_typesupport_fastrtps_c/panda_move/srv/detail/sync__type_support_c.cpp.o[0m
[2.336s] [ 87%] [32mBuilding C object CMakeFiles/panda_move__rosidl_typesupport_introspection_c.dir/rosidl_typesupport_introspection_c/panda_move/srv/detail/new_state__type_support.c.o[0m
[2.341s] [ 88%] [32mBuilding CXX object CMakeFiles/panda_move__rosidl_typesupport_fastrtps_cpp.dir/rosidl_typesupport_fastrtps_cpp/panda_move/srv/detail/dds_fastrtps/action_sequences__type_support.cpp.o[0m
[2.342s] [ 89%] [32mBuilding CXX object CMakeFiles/panda_move__rosidl_typesupport_fastrtps_cpp.dir/rosidl_typesupport_fastrtps_cpp/panda_move/srv/detail/dds_fastrtps/new_state__type_support.cpp.o[0m
[2.358s] [ 90%] [32mBuilding CXX object CMakeFiles/panda_move__rosidl_typesupport_fastrtps_c.dir/rosidl_typesupport_fastrtps_c/panda_move/srv/detail/plan__type_support_c.cpp.o[0m
[2.360s] [ 91%] [32mBuilding CXX object CMakeFiles/panda_move__rosidl_typesupport_fastrtps_c.dir/rosidl_typesupport_fastrtps_c/panda_move/srv/detail/hand__type_support_c.cpp.o[0m
[2.365s] [ 92%] [32m[1mLinking C shared library libpanda_move__rosidl_typesupport_introspection_c.so[0m
[2.400s] [ 92%] Built target panda_move__rosidl_typesupport_introspection_c
[2.408s] [ 94%] [32mBuilding CXX object CMakeFiles/panda_move__rosidl_typesupport_fastrtps_c.dir/rosidl_typesupport_fastrtps_c/panda_move/srv/detail/motion_check__type_support_c.cpp.o[0m
[2.428s] [ 95%] [32mBuilding CXX object CMakeFiles/panda_move__rosidl_typesupport_fastrtps_c.dir/rosidl_typesupport_fastrtps_c/panda_move/srv/detail/action_sequences__type_support_c.cpp.o[0m
[2.486s] [ 96%] [32mBuilding CXX object CMakeFiles/panda_move__rosidl_typesupport_fastrtps_c.dir/rosidl_typesupport_fastrtps_c/panda_move/srv/detail/new_state__type_support_c.cpp.o[0m
[2.511s] [ 97%] [32m[1mLinking CXX shared library libpanda_move__rosidl_typesupport_introspection_cpp.so[0m
[2.586s] [ 97%] Built target panda_move__rosidl_typesupport_introspection_cpp
[2.626s] [ 98%] [32m[1mLinking CXX shared library libpanda_move__rosidl_typesupport_fastrtps_cpp.so[0m
[2.648s] [100%] [32m[1mLinking CXX shared library libpanda_move__rosidl_typesupport_fastrtps_c.so[0m
[2.665s] [100%] Built target panda_move__rosidl_typesupport_fastrtps_cpp
[2.684s] [100%] Built target panda_move__rosidl_typesupport_fastrtps_c
[2.692s] [100%] Built target panda_move
[2.697s] Invoked command in '/home/jeni/Cook_subgoal_test/unity_cooking/ROS2/build/panda_move' returned '0': CMAKE_PREFIX_PATH=/home/jeni/Cook_subgoal_test/unity_cooking/ROS2/install/ros_tcp_endpoint:/home/jeni/Cook_subgoal_test/unity_cooking/ROS2/install/panda_move:/home/jeni/Cook_subgoal_test/unity_cooking/ROS2/install/panda_moveit_config:/home/jeni/Cook_subgoal_test/unity_cooking/ROS2/install/franka_description:/opt/ros/humble LD_LIBRARY_PATH=/home/jeni/Cook_subgoal_test/unity_cooking/ROS2/install/ros_tcp_endpoint/lib:/home/jeni/Cook_subgoal_test/unity_cooking/ROS2/install/panda_move/lib:/usr/local/cuda-12.4/lib64:/opt/ros/humble/opt/rviz_ogre_vendor/lib:/opt/ros/humble/lib/x86_64-linux-gnu:/opt/ros/humble/lib:/usr/local/cuda-12.4/lib64 /usr/bin/cmake --build /home/jeni/Cook_subgoal_test/unity_cooking/ROS2/build/panda_move -- -j16 -l16
[2.698s] Invoking command in '/home/jeni/Cook_subgoal_test/unity_cooking/ROS2/build/panda_move': CMAKE_PREFIX_PATH=/home/jeni/Cook_subgoal_test/unity_cooking/ROS2/install/ros_tcp_endpoint:/home/jeni/Cook_subgoal_test/unity_cooking/ROS2/install/panda_move:/home/jeni/Cook_subgoal_test/unity_cooking/ROS2/install/panda_moveit_config:/home/jeni/Cook_subgoal_test/unity_cooking/ROS2/install/franka_description:/opt/ros/humble LD_LIBRARY_PATH=/home/jeni/Cook_subgoal_test/unity_cooking/ROS2/install/ros_tcp_endpoint/lib:/home/jeni/Cook_subgoal_test/unity_cooking/ROS2/install/panda_move/lib:/usr/local/cuda-12.4/lib64:/opt/ros/humble/opt/rviz_ogre_vendor/lib:/opt/ros/humble/lib/x86_64-linux-gnu:/opt/ros/humble/lib:/usr/local/cuda-12.4/lib64 /usr/bin/cmake --install /home/jeni/Cook_subgoal_test/unity_cooking/ROS2/build/panda_move
[2.701s] -- Install configuration: ""
[2.701s] -- Execute custom install script
[2.701s] -- Symlinking: /home/jeni/Cook_subgoal_test/unity_cooking/ROS2/install/panda_move/share/ament_index/resource_index/rosidl_interfaces/panda_move
[2.705s] -- Symlinking: /home/jeni/Cook_subgoal_test/unity_cooking/ROS2/install/panda_move/include/panda_move/panda_move/msg/action.h
[2.708s] -- Symlinking: /home/jeni/Cook_subgoal_test/unity_cooking/ROS2/install/panda_move/include/panda_move/panda_move/msg/detail/action__functions.h
[2.710s] -- Symlinking: /home/jeni/Cook_subgoal_test/unity_cooking/ROS2/install/panda_move/include/panda_move/panda_move/msg/detail/action__struct.h
[2.713s] -- Symlinking: /home/jeni/Cook_subgoal_test/unity_cooking/ROS2/install/panda_move/include/panda_move/panda_move/msg/detail/action__type_support.h
[2.716s] -- Symlinking: /home/jeni/Cook_subgoal_test/unity_cooking/ROS2/install/panda_move/include/panda_move/panda_move/msg/detail/execution_check__functions.h
[2.718s] -- Symlinking: /home/jeni/Cook_subgoal_test/unity_cooking/ROS2/install/panda_move/include/panda_move/panda_move/msg/detail/execution_check__struct.h
[2.721s] -- Symlinking: /home/jeni/Cook_subgoal_test/unity_cooking/ROS2/install/panda_move/include/panda_move/panda_move/msg/detail/execution_check__type_support.h
[2.723s] -- Symlinking: /home/jeni/Cook_subgoal_test/unity_cooking/ROS2/install/panda_move/include/panda_move/panda_move/msg/detail/predicate__functions.h
[2.726s] -- Symlinking: /home/jeni/Cook_subgoal_test/unity_cooking/ROS2/install/panda_move/include/panda_move/panda_move/msg/detail/predicate__struct.h
[2.728s] -- Symlinking: /home/jeni/Cook_subgoal_test/unity_cooking/ROS2/install/panda_move/include/panda_move/panda_move/msg/detail/predicate__type_support.h
[2.731s] -- Symlinking: /home/jeni/Cook_subgoal_test/unity_cooking/ROS2/install/panda_move/include/panda_move/panda_move/msg/execution_check.h
[2.733s] -- Symlinking: /home/jeni/Cook_subgoal_test/unity_cooking/ROS2/install/panda_move/include/panda_move/panda_move/msg/predicate.h
[2.736s] -- Symlinking: /home/jeni/Cook_subgoal_test/unity_cooking/ROS2/install/panda_move/include/panda_move/panda_move/msg/rosidl_generator_c__visibility_control.h
[2.739s] -- Symlinking: /home/jeni/Cook_subgoal_test/unity_cooking/ROS2/install/panda_move/include/panda_move/panda_move/srv/action_sequences.h
[2.742s] -- Symlinking: /home/jeni/Cook_subgoal_test/unity_cooking/ROS2/install/panda_move/include/panda_move/panda_move/srv/detail/action_sequences__functions.h
[2.744s] -- Symlinking: /home/jeni/Cook_subgoal_test/unity_cooking/ROS2/install/panda_move/include/panda_move/panda_move/srv/detail/action_sequences__struct.h
[2.747s] -- Symlinking: /home/jeni/Cook_subgoal_test/unity_cooking/ROS2/install/panda_move/include/panda_move/panda_move/srv/detail/action_sequences__type_support.h
[2.749s] -- Symlinking: /home/jeni/Cook_subgoal_test/unity_cooking/ROS2/install/panda_move/include/panda_move/panda_move/srv/detail/hand__functions.h
[2.752s] -- Symlinking: /home/jeni/Cook_subgoal_test/unity_cooking/ROS2/install/panda_move/include/panda_move/panda_move/srv/detail/hand__struct.h
[2.755s] -- Symlinking: /home/jeni/Cook_subgoal_test/unity_cooking/ROS2/install/panda_move/include/panda_move/panda_move/srv/detail/hand__type_support.h
[2.757s] -- Symlinking: /home/jeni/Cook_subgoal_test/unity_cooking/ROS2/install/panda_move/include/panda_move/panda_move/srv/detail/init__functions.h
[2.760s] -- Symlinking: /home/jeni/Cook_subgoal_test/unity_cooking/ROS2/install/panda_move/include/panda_move/panda_move/srv/detail/init__struct.h
[2.763s] -- Symlinking: /home/jeni/Cook_subgoal_test/unity_cooking/ROS2/install/panda_move/include/panda_move/panda_move/srv/detail/init__type_support.h
[2.765s] -- Symlinking: /home/jeni/Cook_subgoal_test/unity_cooking/ROS2/install/panda_move/include/panda_move/panda_move/srv/detail/motion_check__functions.h
[2.768s] -- Symlinking: /home/jeni/Cook_subgoal_test/unity_cooking/ROS2/install/panda_move/include/panda_move/panda_move/srv/detail/motion_check__struct.h
[2.770s] -- Symlinking: /home/jeni/Cook_subgoal_test/unity_cooking/ROS2/install/panda_move/include/panda_move/panda_move/srv/detail/motion_check__type_support.h
[2.773s] -- Symlinking: /home/jeni/Cook_subgoal_test/unity_cooking/ROS2/install/panda_move/include/panda_move/panda_move/srv/detail/new_state__functions.h
[2.776s] -- Symlinking: /home/jeni/Cook_subgoal_test/unity_cooking/ROS2/install/panda_move/include/panda_move/panda_move/srv/detail/new_state__struct.h
[2.778s] -- Symlinking: /home/jeni/Cook_subgoal_test/unity_cooking/ROS2/install/panda_move/include/panda_move/panda_move/srv/detail/new_state__type_support.h
[2.781s] -- Symlinking: /home/jeni/Cook_subgoal_test/unity_cooking/ROS2/install/panda_move/include/panda_move/panda_move/srv/detail/plan__functions.h
[2.784s] -- Symlinking: /home/jeni/Cook_subgoal_test/unity_cooking/ROS2/install/panda_move/include/panda_move/panda_move/srv/detail/plan__struct.h
[2.787s] -- Symlinking: /home/jeni/Cook_subgoal_test/unity_cooking/ROS2/install/panda_move/include/panda_move/panda_move/srv/detail/plan__type_support.h
[2.789s] -- Symlinking: /home/jeni/Cook_subgoal_test/unity_cooking/ROS2/install/panda_move/include/panda_move/panda_move/srv/detail/sync__functions.h
[2.792s] -- Symlinking: /home/jeni/Cook_subgoal_test/unity_cooking/ROS2/install/panda_move/include/panda_move/panda_move/srv/detail/sync__struct.h
[2.794s] -- Symlinking: /home/jeni/Cook_subgoal_test/unity_cooking/ROS2/install/panda_move/include/panda_move/panda_move/srv/detail/sync__type_support.h
[2.797s] -- Symlinking: /home/jeni/Cook_subgoal_test/unity_cooking/ROS2/install/panda_move/include/panda_move/panda_move/srv/hand.h
[2.799s] -- Symlinking: /home/jeni/Cook_subgoal_test/unity_cooking/ROS2/install/panda_move/include/panda_move/panda_move/srv/init.h
[2.802s] -- Symlinking: /home/jeni/Cook_subgoal_test/unity_cooking/ROS2/install/panda_move/include/panda_move/panda_move/srv/motion_check.h
[2.805s] -- Symlinking: /home/jeni/Cook_subgoal_test/unity_cooking/ROS2/install/panda_move/include/panda_move/panda_move/srv/new_state.h
[2.807s] -- Symlinking: /home/jeni/Cook_subgoal_test/unity_cooking/ROS2/install/panda_move/include/panda_move/panda_move/srv/plan.h
[2.810s] -- Symlinking: /home/jeni/Cook_subgoal_test/unity_cooking/ROS2/install/panda_move/include/panda_move/panda_move/srv/sync.h
[2.813s] -- Symlinking: /home/jeni/Cook_subgoal_test/unity_cooking/ROS2/install/panda_move/share/panda_move/environment/library_path.sh
[2.815s] -- Symlinking: /home/jeni/Cook_subgoal_test/unity_cooking/ROS2/install/panda_move/share/panda_move/environment/library_path.dsv
[2.818s] -- Symlinking: /home/jeni/Cook_subgoal_test/unity_cooking/ROS2/install/panda_move/include/panda_move/panda_move/msg/detail/action__rosidl_typesupport_fastrtps_c.h
[2.821s] -- Symlinking: /home/jeni/Cook_subgoal_test/unity_cooking/ROS2/install/panda_move/include/panda_move/panda_move/msg/detail/execution_check__rosidl_typesupport_fastrtps_c.h
[2.823s] -- Symlinking: /home/jeni/Cook_subgoal_test/unity_cooking/ROS2/install/panda_move/include/panda_move/panda_move/msg/detail/predicate__rosidl_typesupport_fastrtps_c.h
[2.826s] -- Symlinking: /home/jeni/Cook_subgoal_test/unity_cooking/ROS2/install/panda_move/include/panda_move/panda_move/msg/rosidl_typesupport_fastrtps_c__visibility_control.h
[2.828s] -- Symlinking: /home/jeni/Cook_subgoal_test/unity_cooking/ROS2/install/panda_move/include/panda_move/panda_move/srv/detail/action_sequences__rosidl_typesupport_fastrtps_c.h
[2.831s] -- Symlinking: /home/jeni/Cook_subgoal_test/unity_cooking/ROS2/install/panda_move/include/panda_move/panda_move/srv/detail/hand__rosidl_typesupport_fastrtps_c.h
[2.834s] -- Symlinking: /home/jeni/Cook_subgoal_test/unity_cooking/ROS2/install/panda_move/include/panda_move/panda_move/srv/detail/init__rosidl_typesupport_fastrtps_c.h
[2.837s] -- Symlinking: /home/jeni/Cook_subgoal_test/unity_cooking/ROS2/install/panda_move/include/panda_move/panda_move/srv/detail/motion_check__rosidl_typesupport_fastrtps_c.h
[2.839s] -- Symlinking: /home/jeni/Cook_subgoal_test/unity_cooking/ROS2/install/panda_move/include/panda_move/panda_move/srv/detail/new_state__rosidl_typesupport_fastrtps_c.h
[2.842s] -- Symlinking: /home/jeni/Cook_subgoal_test/unity_cooking/ROS2/install/panda_move/include/panda_move/panda_move/srv/detail/plan__rosidl_typesupport_fastrtps_c.h
[2.844s] -- Symlinking: /home/jeni/Cook_subgoal_test/unity_cooking/ROS2/install/panda_move/include/panda_move/panda_move/srv/detail/sync__rosidl_typesupport_fastrtps_c.h
[2.847s] -- Symlinking: /home/jeni/Cook_subgoal_test/unity_cooking/ROS2/install/panda_move/include/panda_move/panda_move/msg/action.hpp
[2.849s] -- Symlinking: /home/jeni/Cook_subgoal_test/unity_cooking/ROS2/install/panda_move/include/panda_move/panda_move/msg/detail/action__builder.hpp
[2.853s] -- Symlinking: /home/jeni/Cook_subgoal_test/unity_cooking/ROS2/install/panda_move/include/panda_move/panda_move/msg/detail/action__struct.hpp
[2.856s] -- Symlinking: /home/jeni/Cook_subgoal_test/unity_cooking/ROS2/install/panda_move/include/panda_move/panda_move/msg/detail/action__traits.hpp
[2.858s] -- Symlinking: /home/jeni/Cook_subgoal_test/unity_cooking/ROS2/install/panda_move/include/panda_move/panda_move/msg/detail/action__type_support.hpp
[2.861s] -- Symlinking: /home/jeni/Cook_subgoal_test/unity_cooking/ROS2/install/panda_move/include/panda_move/panda_move/msg/detail/execution_check__builder.hpp
[2.864s] -- Symlinking: /home/jeni/Cook_subgoal_test/unity_cooking/ROS2/install/panda_move/include/panda_move/panda_move/msg/detail/execution_check__struct.hpp
[2.866s] -- Symlinking: /home/jeni/Cook_subgoal_test/unity_cooking/ROS2/install/panda_move/include/panda_move/panda_move/msg/detail/execution_check__traits.hpp
[2.869s] -- Symlinking: /home/jeni/Cook_subgoal_test/unity_cooking/ROS2/install/panda_move/include/panda_move/panda_move/msg/detail/execution_check__type_support.hpp
[2.871s] -- Symlinking: /home/jeni/Cook_subgoal_test/unity_cooking/ROS2/install/panda_move/include/panda_move/panda_move/msg/detail/predicate__builder.hpp
[2.874s] -- Symlinking: /home/jeni/Cook_subgoal_test/unity_cooking/ROS2/install/panda_move/include/panda_move/panda_move/msg/detail/predicate__struct.hpp
[2.877s] -- Symlinking: /home/jeni/Cook_subgoal_test/unity_cooking/ROS2/install/panda_move/include/panda_move/panda_move/msg/detail/predicate__traits.hpp
[2.879s] -- Symlinking: /home/jeni/Cook_subgoal_test/unity_cooking/ROS2/install/panda_move/include/panda_move/panda_move/msg/detail/predicate__type_support.hpp
[2.882s] -- Symlinking: /home/jeni/Cook_subgoal_test/unity_cooking/ROS2/install/panda_move/include/panda_move/panda_move/msg/execution_check.hpp
[2.885s] -- Symlinking: /home/jeni/Cook_subgoal_test/unity_cooking/ROS2/install/panda_move/include/panda_move/panda_move/msg/predicate.hpp
[2.887s] -- Symlinking: /home/jeni/Cook_subgoal_test/unity_cooking/ROS2/install/panda_move/include/panda_move/panda_move/msg/rosidl_generator_cpp__visibility_control.hpp
[2.890s] -- Symlinking: /home/jeni/Cook_subgoal_test/unity_cooking/ROS2/install/panda_move/include/panda_move/panda_move/srv/action_sequences.hpp
[2.893s] -- Symlinking: /home/jeni/Cook_subgoal_test/unity_cooking/ROS2/install/panda_move/include/panda_move/panda_move/srv/detail/action_sequences__builder.hpp
[2.896s] -- Symlinking: /home/jeni/Cook_subgoal_test/unity_cooking/ROS2/install/panda_move/include/panda_move/panda_move/srv/detail/action_sequences__struct.hpp
[2.899s] -- Symlinking: /home/jeni/Cook_subgoal_test/unity_cooking/ROS2/install/panda_move/include/panda_move/panda_move/srv/detail/action_sequences__traits.hpp
[2.901s] -- Symlinking: /home/jeni/Cook_subgoal_test/unity_cooking/ROS2/install/panda_move/include/panda_move/panda_move/srv/detail/action_sequences__type_support.hpp
[2.904s] -- Symlinking: /home/jeni/Cook_subgoal_test/unity_cooking/ROS2/install/panda_move/include/panda_move/panda_move/srv/detail/hand__builder.hpp
[2.906s] -- Symlinking: /home/jeni/Cook_subgoal_test/unity_cooking/ROS2/install/panda_move/include/panda_move/panda_move/srv/detail/hand__struct.hpp
[2.909s] -- Symlinking: /home/jeni/Cook_subgoal_test/unity_cooking/ROS2/install/panda_move/include/panda_move/panda_move/srv/detail/hand__traits.hpp
[2.912s] -- Symlinking: /home/jeni/Cook_subgoal_test/unity_cooking/ROS2/install/panda_move/include/panda_move/panda_move/srv/detail/hand__type_support.hpp
[2.914s] -- Symlinking: /home/jeni/Cook_subgoal_test/unity_cooking/ROS2/install/panda_move/include/panda_move/panda_move/srv/detail/init__builder.hpp
[2.917s] -- Symlinking: /home/jeni/Cook_subgoal_test/unity_cooking/ROS2/install/panda_move/include/panda_move/panda_move/srv/detail/init__struct.hpp
[2.920s] -- Symlinking: /home/jeni/Cook_subgoal_test/unity_cooking/ROS2/install/panda_move/include/panda_move/panda_move/srv/detail/init__traits.hpp
[2.922s] -- Symlinking: /home/jeni/Cook_subgoal_test/unity_cooking/ROS2/install/panda_move/include/panda_move/panda_move/srv/detail/init__type_support.hpp
[2.925s] -- Symlinking: /home/jeni/Cook_subgoal_test/unity_cooking/ROS2/install/panda_move/include/panda_move/panda_move/srv/detail/motion_check__builder.hpp
[2.927s] -- Symlinking: /home/jeni/Cook_subgoal_test/unity_cooking/ROS2/install/panda_move/include/panda_move/panda_move/srv/detail/motion_check__struct.hpp
[2.930s] -- Symlinking: /home/jeni/Cook_subgoal_test/unity_cooking/ROS2/install/panda_move/include/panda_move/panda_move/srv/detail/motion_check__traits.hpp
[2.933s] -- Symlinking: /home/jeni/Cook_subgoal_test/unity_cooking/ROS2/install/panda_move/include/panda_move/panda_move/srv/detail/motion_check__type_support.hpp
[2.935s] -- Symlinking: /home/jeni/Cook_subgoal_test/unity_cooking/ROS2/install/panda_move/include/panda_move/panda_move/srv/detail/new_state__builder.hpp
[2.938s] -- Symlinking: /home/jeni/Cook_subgoal_test/unity_cooking/ROS2/install/panda_move/include/panda_move/panda_move/srv/detail/new_state__struct.hpp
[2.940s] -- Symlinking: /home/jeni/Cook_subgoal_test/unity_cooking/ROS2/install/panda_move/include/panda_move/panda_move/srv/detail/new_state__traits.hpp
[2.943s] -- Symlinking: /home/jeni/Cook_subgoal_test/unity_cooking/ROS2/install/panda_move/include/panda_move/panda_move/srv/detail/new_state__type_support.hpp
[2.946s] -- Symlinking: /home/jeni/Cook_subgoal_test/unity_cooking/ROS2/install/panda_move/include/panda_move/panda_move/srv/detail/plan__builder.hpp
[2.948s] -- Symlinking: /home/jeni/Cook_subgoal_test/unity_cooking/ROS2/install/panda_move/include/panda_move/panda_move/srv/detail/plan__struct.hpp
[2.951s] -- Symlinking: /home/jeni/Cook_subgoal_test/unity_cooking/ROS2/install/panda_move/include/panda_move/panda_move/srv/detail/plan__traits.hpp
[2.954s] -- Symlinking: /home/jeni/Cook_subgoal_test/unity_cooking/ROS2/install/panda_move/include/panda_move/panda_move/srv/detail/plan__type_support.hpp
[2.956s] -- Symlinking: /home/jeni/Cook_subgoal_test/unity_cooking/ROS2/install/panda_move/include/panda_move/panda_move/srv/detail/sync__builder.hpp
[2.959s] -- Symlinking: /home/jeni/Cook_subgoal_test/unity_cooking/ROS2/install/panda_move/include/panda_move/panda_move/srv/detail/sync__struct.hpp
[2.961s] -- Symlinking: /home/jeni/Cook_subgoal_test/unity_cooking/ROS2/install/panda_move/include/panda_move/panda_move/srv/detail/sync__traits.hpp
[2.964s] -- Symlinking: /home/jeni/Cook_subgoal_test/unity_cooking/ROS2/install/panda_move/include/panda_move/panda_move/srv/detail/sync__type_support.hpp
[2.967s] -- Symlinking: /home/jeni/Cook_subgoal_test/unity_cooking/ROS2/install/panda_move/include/panda_move/panda_move/srv/hand.hpp
[2.969s] -- Symlinking: /home/jeni/Cook_subgoal_test/unity_cooking/ROS2/install/panda_move/include/panda_move/panda_move/srv/init.hpp
[2.972s] -- Symlinking: /home/jeni/Cook_subgoal_test/unity_cooking/ROS2/install/panda_move/include/panda_move/panda_move/srv/motion_check.hpp
[2.975s] -- Symlinking: /home/jeni/Cook_subgoal_test/unity_cooking/ROS2/install/panda_move/include/panda_move/panda_move/srv/new_state.hpp
[2.978s] -- Symlinking: /home/jeni/Cook_subgoal_test/unity_cooking/ROS2/install/panda_move/include/panda_move/panda_move/srv/plan.hpp
[2.980s] -- Symlinking: /home/jeni/Cook_subgoal_test/unity_cooking/ROS2/install/panda_move/include/panda_move/panda_move/srv/sync.hpp
[2.983s] -- Symlinking: /home/jeni/Cook_subgoal_test/unity_cooking/ROS2/install/panda_move/include/panda_move/panda_move/msg/detail/action__rosidl_typesupport_fastrtps_cpp.hpp
[2.986s] -- Symlinking: /home/jeni/Cook_subgoal_test/unity_cooking/ROS2/install/panda_move/include/panda_move/panda_move/msg/detail/execution_check__rosidl_typesupport_fastrtps_cpp.hpp
[2.989s] -- Symlinking: /home/jeni/Cook_subgoal_test/unity_cooking/ROS2/install/panda_move/include/panda_move/panda_move/msg/detail/predicate__rosidl_typesupport_fastrtps_cpp.hpp
[2.991s] -- Symlinking: /home/jeni/Cook_subgoal_test/unity_cooking/ROS2/install/panda_move/include/panda_move/panda_move/msg/rosidl_typesupport_fastrtps_cpp__visibility_control.h
[2.994s] -- Symlinking: /home/jeni/Cook_subgoal_test/unity_cooking/ROS2/install/panda_move/include/panda_move/panda_move/srv/detail/action_sequences__rosidl_typesupport_fastrtps_cpp.hpp
[2.997s] -- Symlinking: /home/jeni/Cook_subgoal_test/unity_cooking/ROS2/install/panda_move/include/panda_move/panda_move/srv/detail/hand__rosidl_typesupport_fastrtps_cpp.hpp
[3.000s] -- Symlinking: /home/jeni/Cook_subgoal_test/unity_cooking/ROS2/install/panda_move/include/panda_move/panda_move/srv/detail/init__rosidl_typesupport_fastrtps_cpp.hpp
[3.003s] -- Symlinking: /home/jeni/Cook_subgoal_test/unity_cooking/ROS2/install/panda_move/include/panda_move/panda_move/srv/detail/motion_check__rosidl_typesupport_fastrtps_cpp.hpp
[3.005s] -- Symlinking: /home/jeni/Cook_subgoal_test/unity_cooking/ROS2/install/panda_move/include/panda_move/panda_move/srv/detail/new_state__rosidl_typesupport_fastrtps_cpp.hpp
[3.008s] -- Symlinking: /home/jeni/Cook_subgoal_test/unity_cooking/ROS2/install/panda_move/include/panda_move/panda_move/srv/detail/plan__rosidl_typesupport_fastrtps_cpp.hpp
[3.010s] -- Symlinking: /home/jeni/Cook_subgoal_test/unity_cooking/ROS2/install/panda_move/include/panda_move/panda_move/srv/detail/sync__rosidl_typesupport_fastrtps_cpp.hpp
[3.013s] -- Symlinking: /home/jeni/Cook_subgoal_test/unity_cooking/ROS2/install/panda_move/include/panda_move/panda_move/msg/detail/action__rosidl_typesupport_introspection_c.h
[3.016s] -- Symlinking: /home/jeni/Cook_subgoal_test/unity_cooking/ROS2/install/panda_move/include/panda_move/panda_move/msg/detail/execution_check__rosidl_typesupport_introspection_c.h
[3.019s] -- Symlinking: /home/jeni/Cook_subgoal_test/unity_cooking/ROS2/install/panda_move/include/panda_move/panda_move/msg/detail/predicate__rosidl_typesupport_introspection_c.h
[3.022s] -- Symlinking: /home/jeni/Cook_subgoal_test/unity_cooking/ROS2/install/panda_move/include/panda_move/panda_move/msg/rosidl_typesupport_introspection_c__visibility_control.h
[3.024s] -- Symlinking: /home/jeni/Cook_subgoal_test/unity_cooking/ROS2/install/panda_move/include/panda_move/panda_move/srv/detail/action_sequences__rosidl_typesupport_introspection_c.h
[3.027s] -- Symlinking: /home/jeni/Cook_subgoal_test/unity_cooking/ROS2/install/panda_move/include/panda_move/panda_move/srv/detail/hand__rosidl_typesupport_introspection_c.h
[3.029s] -- Symlinking: /home/jeni/Cook_subgoal_test/unity_cooking/ROS2/install/panda_move/include/panda_move/panda_move/srv/detail/init__rosidl_typesupport_introspection_c.h
[3.032s] -- Symlinking: /home/jeni/Cook_subgoal_test/unity_cooking/ROS2/install/panda_move/include/panda_move/panda_move/srv/detail/motion_check__rosidl_typesupport_introspection_c.h
[3.034s] -- Symlinking: /home/jeni/Cook_subgoal_test/unity_cooking/ROS2/install/panda_move/include/panda_move/panda_move/srv/detail/new_state__rosidl_typesupport_introspection_c.h
[3.037s] -- Symlinking: /home/jeni/Cook_subgoal_test/unity_cooking/ROS2/install/panda_move/include/panda_move/panda_move/srv/detail/plan__rosidl_typesupport_introspection_c.h
[3.040s] -- Symlinking: /home/jeni/Cook_subgoal_test/unity_cooking/ROS2/install/panda_move/include/panda_move/panda_move/srv/detail/sync__rosidl_typesupport_introspection_c.h
[3.042s] -- Symlinking: /home/jeni/Cook_subgoal_test/unity_cooking/ROS2/install/panda_move/include/panda_move/panda_move/msg/detail/action__rosidl_typesupport_introspection_cpp.hpp
[3.045s] -- Symlinking: /home/jeni/Cook_subgoal_test/unity_cooking/ROS2/install/panda_move/include/panda_move/panda_move/msg/detail/execution_check__rosidl_typesupport_introspection_cpp.hpp
[3.048s] -- Symlinking: /home/jeni/Cook_subgoal_test/unity_cooking/ROS2/install/panda_move/include/panda_move/panda_move/msg/detail/predicate__rosidl_typesupport_introspection_cpp.hpp
[3.050s] -- Symlinking: /home/jeni/Cook_subgoal_test/unity_cooking/ROS2/install/panda_move/include/panda_move/panda_move/srv/detail/action_sequences__rosidl_typesupport_introspection_cpp.hpp
[3.053s] -- Symlinking: /home/jeni/Cook_subgoal_test/unity_cooking/ROS2/install/panda_move/include/panda_move/panda_move/srv/detail/hand__rosidl_typesupport_introspection_cpp.hpp
[3.055s] -- Symlinking: /home/jeni/Cook_subgoal_test/unity_cooking/ROS2/install/panda_move/include/panda_move/panda_move/srv/detail/init__rosidl_typesupport_introspection_cpp.hpp
[3.058s] -- Symlinking: /home/jeni/Cook_subgoal_test/unity_cooking/ROS2/install/panda_move/include/panda_move/panda_move/srv/detail/motion_check__rosidl_typesupport_introspection_cpp.hpp
[3.060s] -- Symlinking: /home/jeni/Cook_subgoal_test/unity_cooking/ROS2/install/panda_move/include/panda_move/panda_move/srv/detail/new_state__rosidl_typesupport_introspection_cpp.hpp
[3.063s] -- Symlinking: /home/jeni/Cook_subgoal_test/unity_cooking/ROS2/install/panda_move/include/panda_move/panda_move/srv/detail/plan__rosidl_typesupport_introspection_cpp.hpp
[3.065s] -- Symlinking: /home/jeni/Cook_subgoal_test/unity_cooking/ROS2/install/panda_move/include/panda_move/panda_move/srv/detail/sync__rosidl_typesupport_introspection_cpp.hpp
[3.068s] -- Symlinking: /home/jeni/Cook_subgoal_test/unity_cooking/ROS2/install/panda_move/share/panda_move/msg/Action.idl
[3.071s] -- Symlinking: /home/jeni/Cook_subgoal_test/unity_cooking/ROS2/install/panda_move/share/panda_move/msg/Predicate.idl
[3.074s] -- Symlinking: /home/jeni/Cook_subgoal_test/unity_cooking/ROS2/install/panda_move/share/panda_move/msg/ExecutionCheck.idl
[3.077s] -- Symlinking: /home/jeni/Cook_subgoal_test/unity_cooking/ROS2/install/panda_move/share/panda_move/srv/Init.idl
[3.079s] -- Symlinking: /home/jeni/Cook_subgoal_test/unity_cooking/ROS2/install/panda_move/share/panda_move/srv/Sync.idl
[3.082s] -- Symlinking: /home/jeni/Cook_subgoal_test/unity_cooking/ROS2/install/panda_move/share/panda_move/srv/Plan.idl
[3.085s] -- Symlinking: /home/jeni/Cook_subgoal_test/unity_cooking/ROS2/install/panda_move/share/panda_move/srv/Hand.idl
[3.087s] -- Symlinking: /home/jeni/Cook_subgoal_test/unity_cooking/ROS2/install/panda_move/share/panda_move/srv/MotionCheck.idl
[3.090s] -- Symlinking: /home/jeni/Cook_subgoal_test/unity_cooking/ROS2/install/panda_move/share/panda_move/srv/ActionSequences.idl
[3.093s] -- Symlinking: /home/jeni/Cook_subgoal_test/unity_cooking/ROS2/install/panda_move/share/panda_move/srv/NewState.idl
[3.095s] -- Symlinking: /home/jeni/Cook_subgoal_test/unity_cooking/ROS2/install/panda_move/share/panda_move/msg/Action.msg
[3.098s] -- Symlinking: /home/jeni/Cook_subgoal_test/unity_cooking/ROS2/install/panda_move/share/panda_move/msg/Predicate.msg
[3.100s] -- Symlinking: /home/jeni/Cook_subgoal_test/unity_cooking/ROS2/install/panda_move/share/panda_move/msg/ExecutionCheck.msg
[3.103s] -- Symlinking: /home/jeni/Cook_subgoal_test/unity_cooking/ROS2/install/panda_move/share/panda_move/srv/Init.srv
[3.106s] -- Symlinking: /home/jeni/Cook_subgoal_test/unity_cooking/ROS2/install/panda_move/share/panda_move/srv/Init_Request.msg
[3.108s] -- Symlinking: /home/jeni/Cook_subgoal_test/unity_cooking/ROS2/install/panda_move/share/panda_move/srv/Init_Response.msg
[3.111s] -- Symlinking: /home/jeni/Cook_subgoal_test/unity_cooking/ROS2/install/panda_move/share/panda_move/srv/Sync.srv
[3.114s] -- Symlinking: /home/jeni/Cook_subgoal_test/unity_cooking/ROS2/install/panda_move/share/panda_move/srv/Sync_Request.msg
[3.116s] -- Symlinking: /home/jeni/Cook_subgoal_test/unity_cooking/ROS2/install/panda_move/share/panda_move/srv/Sync_Response.msg
[3.119s] -- Symlinking: /home/jeni/Cook_subgoal_test/unity_cooking/ROS2/install/panda_move/share/panda_move/srv/Plan.srv
[3.121s] -- Symlinking: /home/jeni/Cook_subgoal_test/unity_cooking/ROS2/install/panda_move/share/panda_move/srv/Plan_Request.msg
[3.124s] -- Symlinking: /home/jeni/Cook_subgoal_test/unity_cooking/ROS2/install/panda_move/share/panda_move/srv/Plan_Response.msg
[3.127s] -- Symlinking: /home/jeni/Cook_subgoal_test/unity_cooking/ROS2/install/panda_move/share/panda_move/srv/Hand.srv
[3.130s] -- Symlinking: /home/jeni/Cook_subgoal_test/unity_cooking/ROS2/install/panda_move/share/panda_move/srv/Hand_Request.msg
[3.132s] -- Symlinking: /home/jeni/Cook_subgoal_test/unity_cooking/ROS2/install/panda_move/share/panda_move/srv/Hand_Response.msg
[3.135s] -- Symlinking: /home/jeni/Cook_subgoal_test/unity_cooking/ROS2/install/panda_move/share/panda_move/srv/MotionCheck.srv
[3.138s] -- Symlinking: /home/jeni/Cook_subgoal_test/unity_cooking/ROS2/install/panda_move/share/panda_move/srv/MotionCheck_Request.msg
[3.140s] -- Symlinking: /home/jeni/Cook_subgoal_test/unity_cooking/ROS2/install/panda_move/share/panda_move/srv/MotionCheck_Response.msg
[3.143s] -- Symlinking: /home/jeni/Cook_subgoal_test/unity_cooking/ROS2/install/panda_move/share/panda_move/srv/ActionSequences.srv
[3.145s] -- Symlinking: /home/jeni/Cook_subgoal_test/unity_cooking/ROS2/install/panda_move/share/panda_move/srv/ActionSequences_Request.msg
[3.148s] -- Symlinking: /home/jeni/Cook_subgoal_test/unity_cooking/ROS2/install/panda_move/share/panda_move/srv/ActionSequences_Response.msg
[3.150s] -- Symlinking: /home/jeni/Cook_subgoal_test/unity_cooking/ROS2/install/panda_move/share/panda_move/srv/NewState.srv
[3.153s] -- Symlinking: /home/jeni/Cook_subgoal_test/unity_cooking/ROS2/install/panda_move/share/panda_move/srv/NewState_Request.msg
[3.156s] -- Symlinking: /home/jeni/Cook_subgoal_test/unity_cooking/ROS2/install/panda_move/share/panda_move/srv/NewState_Response.msg
[3.159s] -- Symlinking: /home/jeni/Cook_subgoal_test/unity_cooking/ROS2/install/panda_move/lib/panda_move/panda_move/__init__.py
[3.161s] -- Symlinking: /home/jeni/Cook_subgoal_test/unity_cooking/ROS2/install/panda_move/lib/panda_move/panda_move/__init__.pyc
[3.164s] -- Symlinking: /home/jeni/Cook_subgoal_test/unity_cooking/ROS2/install/panda_move/lib/panda_move/panda_move/__pycache__/club_sandwich.cpython-310.pyc
[3.167s] -- Symlinking: /home/jeni/Cook_subgoal_test/unity_cooking/ROS2/install/panda_move/lib/panda_move/panda_move/__pycache__/greek_salad.cpython-310.pyc
[3.170s] -- Symlinking: /home/jeni/Cook_subgoal_test/unity_cooking/ROS2/install/panda_move/lib/panda_move/panda_move/__pycache__/shrimp_salad.cpython-310.pyc
[3.172s] -- Symlinking: /home/jeni/Cook_subgoal_test/unity_cooking/ROS2/install/panda_move/lib/panda_move/panda_move/__pycache__/tuna_sandwich.cpython-310.pyc
[3.175s] -- Symlinking: /home/jeni/Cook_subgoal_test/unity_cooking/ROS2/install/panda_move/lib/panda_move/panda_move/club_sandwich.py
[3.178s] -- Symlinking: /home/jeni/Cook_subgoal_test/unity_cooking/ROS2/install/panda_move/lib/panda_move/panda_move/club_sandwich.pyc
[3.180s] -- Symlinking: /home/jeni/Cook_subgoal_test/unity_cooking/ROS2/install/panda_move/lib/panda_move/panda_move/domain.py
[3.183s] -- Symlinking: /home/jeni/Cook_subgoal_test/unity_cooking/ROS2/install/panda_move/lib/panda_move/panda_move/domain.pyc
[3.186s] -- Symlinking: /home/jeni/Cook_subgoal_test/unity_cooking/ROS2/install/panda_move/lib/panda_move/panda_move/greek_salad.py
[3.189s] -- Symlinking: /home/jeni/Cook_subgoal_test/unity_cooking/ROS2/install/panda_move/lib/panda_move/panda_move/greek_salad.pyc
[3.191s] -- Symlinking: /home/jeni/Cook_subgoal_test/unity_cooking/ROS2/install/panda_move/lib/panda_move/panda_move/knowledge_base.pyc
[3.194s] -- Symlinking: /home/jeni/Cook_subgoal_test/unity_cooking/ROS2/install/panda_move/lib/panda_move/panda_move/knowledge_base.yaml
[3.196s] -- Symlinking: /home/jeni/Cook_subgoal_test/unity_cooking/ROS2/install/panda_move/lib/panda_move/panda_move/main_ros2.py
[3.199s] -- Symlinking: /home/jeni/Cook_subgoal_test/unity_cooking/ROS2/install/panda_move/lib/panda_move/panda_move/object_level_motion.py
[3.202s] -- Symlinking: /home/jeni/Cook_subgoal_test/unity_cooking/ROS2/install/panda_move/lib/panda_move/panda_move/planner.py
[3.204s] -- Symlinking: /home/jeni/Cook_subgoal_test/unity_cooking/ROS2/install/panda_move/lib/panda_move/panda_move/planner.pyc
[3.207s] -- Symlinking: /home/jeni/Cook_subgoal_test/unity_cooking/ROS2/install/panda_move/lib/panda_move/panda_move/problem.py
[3.210s] -- Symlinking: /home/jeni/Cook_subgoal_test/unity_cooking/ROS2/install/panda_move/lib/panda_move/panda_move/problem.pyc
[3.212s] -- Symlinking: /home/jeni/Cook_subgoal_test/unity_cooking/ROS2/install/panda_move/lib/panda_move/panda_move/searcher.py
[3.215s] -- Symlinking: /home/jeni/Cook_subgoal_test/unity_cooking/ROS2/install/panda_move/lib/panda_move/panda_move/searcher.pyc
[3.217s] -- Symlinking: /home/jeni/Cook_subgoal_test/unity_cooking/ROS2/install/panda_move/lib/panda_move/panda_move/shrimp_salad.py
[3.220s] -- Symlinking: /home/jeni/Cook_subgoal_test/unity_cooking/ROS2/install/panda_move/lib/panda_move/panda_move/shrimp_salad.pyc
[3.223s] -- Symlinking: /home/jeni/Cook_subgoal_test/unity_cooking/ROS2/install/panda_move/lib/panda_move/panda_move/test_15_predict3_v2.py
[3.225s] -- Symlinking: /home/jeni/Cook_subgoal_test/unity_cooking/ROS2/install/panda_move/lib/panda_move/panda_move/test_15_predict3_v2.pyc
[3.228s] -- Symlinking: /home/jeni/Cook_subgoal_test/unity_cooking/ROS2/install/panda_move/lib/panda_move/panda_move/test_33_predict2_v2.py
[3.230s] -- Symlinking: /home/jeni/Cook_subgoal_test/unity_cooking/ROS2/install/panda_move/lib/panda_move/panda_move/test_33_predict2_v2.pyc
[3.233s] -- Symlinking: /home/jeni/Cook_subgoal_test/unity_cooking/ROS2/install/panda_move/lib/panda_move/panda_move/test_35_predict_v2.py
[3.236s] -- Symlinking: /home/jeni/Cook_subgoal_test/unity_cooking/ROS2/install/panda_move/lib/panda_move/panda_move/test_35_predict_v2.pyc
[3.238s] -- Symlinking: /home/jeni/Cook_subgoal_test/unity_cooking/ROS2/install/panda_move/lib/panda_move/panda_move/test_49_predict2_v2.py
[3.241s] -- Symlinking: /home/jeni/Cook_subgoal_test/unity_cooking/ROS2/install/panda_move/lib/panda_move/panda_move/test_49_predict2_v2.pyc
[3.243s] -- Symlinking: /home/jeni/Cook_subgoal_test/unity_cooking/ROS2/install/panda_move/lib/panda_move/panda_move/test_62_predict_v2.py
[3.246s] -- Symlinking: /home/jeni/Cook_subgoal_test/unity_cooking/ROS2/install/panda_move/lib/panda_move/panda_move/test_62_predict_v2.pyc
[3.249s] -- Symlinking: /home/jeni/Cook_subgoal_test/unity_cooking/ROS2/install/panda_move/lib/panda_move/panda_move/test_75_predict_v2.py
[3.252s] -- Symlinking: /home/jeni/Cook_subgoal_test/unity_cooking/ROS2/install/panda_move/lib/panda_move/panda_move/test_75_predict_v2.pyc
[3.255s] -- Symlinking: /home/jeni/Cook_subgoal_test/unity_cooking/ROS2/install/panda_move/lib/panda_move/panda_move/test_80_predict2_v2.py
[3.257s] -- Symlinking: /home/jeni/Cook_subgoal_test/unity_cooking/ROS2/install/panda_move/lib/panda_move/panda_move/test_80_predict2_v2.pyc
[3.260s] -- Symlinking: /home/jeni/Cook_subgoal_test/unity_cooking/ROS2/install/panda_move/lib/panda_move/panda_move/tuna_sandwich.py
[3.262s] -- Symlinking: /home/jeni/Cook_subgoal_test/unity_cooking/ROS2/install/panda_move/lib/panda_move/panda_move/tuna_sandwich.pyc
[3.265s] -- Symlinking: /home/jeni/Cook_subgoal_test/unity_cooking/ROS2/install/panda_move/lib/panda_move/srv/ActionSequences.srv
[3.268s] -- Symlinking: /home/jeni/Cook_subgoal_test/unity_cooking/ROS2/install/panda_move/lib/panda_move/srv/Hand.srv
[3.270s] -- Symlinking: /home/jeni/Cook_subgoal_test/unity_cooking/ROS2/install/panda_move/lib/panda_move/srv/Init.srv
[3.273s] -- Symlinking: /home/jeni/Cook_subgoal_test/unity_cooking/ROS2/install/panda_move/lib/panda_move/srv/MotionCheck.srv
[3.276s] -- Symlinking: /home/jeni/Cook_subgoal_test/unity_cooking/ROS2/install/panda_move/lib/panda_move/srv/NewState.srv
[3.279s] -- Symlinking: /home/jeni/Cook_subgoal_test/unity_cooking/ROS2/install/panda_move/lib/panda_move/srv/Plan.srv
[3.281s] -- Symlinking: /home/jeni/Cook_subgoal_test/unity_cooking/ROS2/install/panda_move/lib/panda_move/srv/Sync.srv
[3.284s] -- Symlinking: /home/jeni/Cook_subgoal_test/unity_cooking/ROS2/install/panda_move/share/ament_index/resource_index/package_run_dependencies/panda_move
[3.287s] -- Symlinking: /home/jeni/Cook_subgoal_test/unity_cooking/ROS2/install/panda_move/share/ament_index/resource_index/parent_prefix_path/panda_move
[3.290s] -- Symlinking: /home/jeni/Cook_subgoal_test/unity_cooking/ROS2/install/panda_move/share/panda_move/environment/ament_prefix_path.sh
[3.292s] -- Symlinking: /home/jeni/Cook_subgoal_test/unity_cooking/ROS2/install/panda_move/share/panda_move/environment/ament_prefix_path.dsv
[3.295s] -- Symlinking: /home/jeni/Cook_subgoal_test/unity_cooking/ROS2/install/panda_move/share/panda_move/environment/path.sh
[3.298s] -- Symlinking: /home/jeni/Cook_subgoal_test/unity_cooking/ROS2/install/panda_move/share/panda_move/environment/path.dsv
[3.300s] -- Symlinking: /home/jeni/Cook_subgoal_test/unity_cooking/ROS2/install/panda_move/share/panda_move/local_setup.bash
[3.303s] -- Symlinking: /home/jeni/Cook_subgoal_test/unity_cooking/ROS2/install/panda_move/share/panda_move/local_setup.sh
[3.306s] -- Symlinking: /home/jeni/Cook_subgoal_test/unity_cooking/ROS2/install/panda_move/share/panda_move/local_setup.zsh
[3.308s] -- Symlinking: /home/jeni/Cook_subgoal_test/unity_cooking/ROS2/install/panda_move/share/panda_move/local_setup.dsv
[3.311s] -- Symlinking: /home/jeni/Cook_subgoal_test/unity_cooking/ROS2/install/panda_move/share/panda_move/package.dsv
[3.313s] -- Symlinking: /home/jeni/Cook_subgoal_test/unity_cooking/ROS2/install/panda_move/share/ament_index/resource_index/packages/panda_move
[3.316s] -- Symlinking: /home/jeni/Cook_subgoal_test/unity_cooking/ROS2/install/panda_move/share/panda_move/cmake/rosidl_cmake-extras.cmake
[3.319s] -- Symlinking: /home/jeni/Cook_subgoal_test/unity_cooking/ROS2/install/panda_move/share/panda_move/cmake/ament_cmake_export_dependencies-extras.cmake
[3.321s] -- Symlinking: /home/jeni/Cook_subgoal_test/unity_cooking/ROS2/install/panda_move/share/panda_move/cmake/ament_cmake_export_include_directories-extras.cmake
[3.324s] -- Symlinking: /home/jeni/Cook_subgoal_test/unity_cooking/ROS2/install/panda_move/share/panda_move/cmake/ament_cmake_export_libraries-extras.cmake
[3.327s] -- Symlinking: /home/jeni/Cook_subgoal_test/unity_cooking/ROS2/install/panda_move/share/panda_move/cmake/ament_cmake_export_targets-extras.cmake
[3.330s] -- Symlinking: /home/jeni/Cook_subgoal_test/unity_cooking/ROS2/install/panda_move/share/panda_move/cmake/rosidl_cmake_export_typesupport_targets-extras.cmake
[3.332s] -- Symlinking: /home/jeni/Cook_subgoal_test/unity_cooking/ROS2/install/panda_move/share/panda_move/cmake/rosidl_cmake_export_typesupport_libraries-extras.cmake
[3.335s] -- Symlinking: /home/jeni/Cook_subgoal_test/unity_cooking/ROS2/install/panda_move/share/panda_move/cmake/panda_moveConfig.cmake
[3.338s] -- Symlinking: /home/jeni/Cook_subgoal_test/unity_cooking/ROS2/install/panda_move/share/panda_move/cmake/panda_moveConfig-version.cmake
[3.340s] -- Symlinking: /home/jeni/Cook_subgoal_test/unity_cooking/ROS2/install/panda_move/share/panda_move/package.xml
[3.343s] -- Installing: /home/jeni/Cook_subgoal_test/unity_cooking/ROS2/install/panda_move/lib/libpanda_move__rosidl_generator_c.so
[3.343s] -- Set runtime path of "/home/jeni/Cook_subgoal_test/unity_cooking/ROS2/install/panda_move/lib/libpanda_move__rosidl_generator_c.so" to ""
[3.344s] -- Installing: /home/jeni/Cook_subgoal_test/unity_cooking/ROS2/install/panda_move/lib/libpanda_move__rosidl_typesupport_fastrtps_c.so
[3.344s] -- Set runtime path of "/home/jeni/Cook_subgoal_test/unity_cooking/ROS2/install/panda_move/lib/libpanda_move__rosidl_typesupport_fastrtps_c.so" to ""
[3.344s] -- Installing: /home/jeni/Cook_subgoal_test/unity_cooking/ROS2/install/panda_move/lib/libpanda_move__rosidl_typesupport_fastrtps_cpp.so
[3.344s] -- Set runtime path of "/home/jeni/Cook_subgoal_test/unity_cooking/ROS2/install/panda_move/lib/libpanda_move__rosidl_typesupport_fastrtps_cpp.so" to ""
[3.344s] -- Installing: /home/jeni/Cook_subgoal_test/unity_cooking/ROS2/install/panda_move/lib/libpanda_move__rosidl_typesupport_introspection_c.so
[3.344s] -- Set runtime path of "/home/jeni/Cook_subgoal_test/unity_cooking/ROS2/install/panda_move/lib/libpanda_move__rosidl_typesupport_introspection_c.so" to ""
[3.344s] -- Installing: /home/jeni/Cook_subgoal_test/unity_cooking/ROS2/install/panda_move/lib/libpanda_move__rosidl_typesupport_c.so
[3.344s] -- Set runtime path of "/home/jeni/Cook_subgoal_test/unity_cooking/ROS2/install/panda_move/lib/libpanda_move__rosidl_typesupport_c.so" to ""
[3.344s] -- Installing: /home/jeni/Cook_subgoal_test/unity_cooking/ROS2/install/panda_move/lib/libpanda_move__rosidl_typesupport_introspection_cpp.so
[3.345s] -- Set runtime path of "/home/jeni/Cook_subgoal_test/unity_cooking/ROS2/install/panda_move/lib/libpanda_move__rosidl_typesupport_introspection_cpp.so" to ""
[3.345s] -- Installing: /home/jeni/Cook_subgoal_test/unity_cooking/ROS2/install/panda_move/lib/libpanda_move__rosidl_typesupport_cpp.so
[3.345s] -- Set runtime path of "/home/jeni/Cook_subgoal_test/unity_cooking/ROS2/install/panda_move/lib/libpanda_move__rosidl_typesupport_cpp.so" to ""
[3.345s] -- Installing: /home/jeni/Cook_subgoal_test/unity_cooking/ROS2/install/panda_move/share/panda_move/cmake/export_panda_move__rosidl_generator_cExport.cmake
[3.345s] -- Installing: /home/jeni/Cook_subgoal_test/unity_cooking/ROS2/install/panda_move/share/panda_move/cmake/export_panda_move__rosidl_generator_cExport-noconfig.cmake
[3.345s] -- Installing: /home/jeni/Cook_subgoal_test/unity_cooking/ROS2/install/panda_move/share/panda_move/cmake/export_panda_move__rosidl_typesupport_fastrtps_cExport.cmake
[3.345s] -- Installing: /home/jeni/Cook_subgoal_test/unity_cooking/ROS2/install/panda_move/share/panda_move/cmake/export_panda_move__rosidl_typesupport_fastrtps_cExport-noconfig.cmake
[3.345s] -- Installing: /home/jeni/Cook_subgoal_test/unity_cooking/ROS2/install/panda_move/share/panda_move/cmake/export_panda_move__rosidl_generator_cppExport.cmake
[3.345s] -- Installing: /home/jeni/Cook_subgoal_test/unity_cooking/ROS2/install/panda_move/share/panda_move/cmake/export_panda_move__rosidl_typesupport_fastrtps_cppExport.cmake
[3.345s] -- Installing: /home/jeni/Cook_subgoal_test/unity_cooking/ROS2/install/panda_move/share/panda_move/cmake/export_panda_move__rosidl_typesupport_fastrtps_cppExport-noconfig.cmake
[3.345s] -- Installing: /home/jeni/Cook_subgoal_test/unity_cooking/ROS2/install/panda_move/share/panda_move/cmake/panda_move__rosidl_typesupport_introspection_cExport.cmake
[3.345s] -- Installing: /home/jeni/Cook_subgoal_test/unity_cooking/ROS2/install/panda_move/share/panda_move/cmake/panda_move__rosidl_typesupport_introspection_cExport-noconfig.cmake
[3.345s] -- Installing: /home/jeni/Cook_subgoal_test/unity_cooking/ROS2/install/panda_move/share/panda_move/cmake/panda_move__rosidl_typesupport_cExport.cmake
[3.345s] -- Installing: /home/jeni/Cook_subgoal_test/unity_cooking/ROS2/install/panda_move/share/panda_move/cmake/panda_move__rosidl_typesupport_cExport-noconfig.cmake
[3.345s] -- Installing: /home/jeni/Cook_subgoal_test/unity_cooking/ROS2/install/panda_move/share/panda_move/cmake/panda_move__rosidl_typesupport_introspection_cppExport.cmake
[3.345s] -- Installing: /home/jeni/Cook_subgoal_test/unity_cooking/ROS2/install/panda_move/share/panda_move/cmake/panda_move__rosidl_typesupport_introspection_cppExport-noconfig.cmake
[3.346s] -- Installing: /home/jeni/Cook_subgoal_test/unity_cooking/ROS2/install/panda_move/share/panda_move/cmake/panda_move__rosidl_typesupport_cppExport.cmake
[3.346s] -- Installing: /home/jeni/Cook_subgoal_test/unity_cooking/ROS2/install/panda_move/share/panda_move/cmake/panda_move__rosidl_typesupport_cppExport-noconfig.cmake
[3.347s] Invoked command in '/home/jeni/Cook_subgoal_test/unity_cooking/ROS2/build/panda_move' returned '0': CMAKE_PREFIX_PATH=/home/jeni/Cook_subgoal_test/unity_cooking/ROS2/install/ros_tcp_endpoint:/home/jeni/Cook_subgoal_test/unity_cooking/ROS2/install/panda_move:/home/jeni/Cook_subgoal_test/unity_cooking/ROS2/install/panda_moveit_config:/home/jeni/Cook_subgoal_test/unity_cooking/ROS2/install/franka_description:/opt/ros/humble LD_LIBRARY_PATH=/home/jeni/Cook_subgoal_test/unity_cooking/ROS2/install/ros_tcp_endpoint/lib:/home/jeni/Cook_subgoal_test/unity_cooking/ROS2/install/panda_move/lib:/usr/local/cuda-12.4/lib64:/opt/ros/humble/opt/rviz_ogre_vendor/lib:/opt/ros/humble/lib/x86_64-linux-gnu:/opt/ros/humble/lib:/usr/local/cuda-12.4/lib64 /usr/bin/cmake --install /home/jeni/Cook_subgoal_test/unity_cooking/ROS2/build/panda_move
