[0.047s] DEBUG:colcon:Command line arguments: ['/usr/bin/colcon', 'build']
[0.047s] DEBUG:colcon:Parsed command line arguments: Namespace(log_base=None, log_level=None, verb_name='build', build_base='build', install_base='install', merge_install=False, symlink_install=False, test_result_base=None, continue_on_error=False, executor='parallel', parallel_workers=16, event_handlers=None, ignore_user_meta=False, metas=['./colcon.meta'], base_paths=['.'], packages_ignore=None, packages_ignore_regex=None, paths=None, packages_up_to=None, packages_up_to_regex=None, packages_above=None, packages_above_and_dependencies=None, packages_above_depth=None, packages_select_by_dep=None, packages_skip_by_dep=None, packages_skip_up_to=None, packages_select_build_failed=False, packages_skip_build_finished=False, packages_select_test_failures=False, packages_skip_test_passed=False, packages_select=None, packages_skip=None, packages_select_regex=None, packages_skip_regex=None, packages_start=None, packages_end=None, allow_overriding=[], cmake_args=None, cmake_target=None, cmake_target_skip_unavailable=False, cmake_clean_cache=False, cmake_clean_first=False, cmake_force_configure=False, ament_cmake_args=None, catkin_cmake_args=None, catkin_skip_building_tests=False, mixin_files=None, mixin=None, verb_parser=<colcon_mixin.mixin.mixin_argument.MixinArgumentDecorator object at 0x73235ffa13c0>, verb_extension=<colcon_core.verb.build.BuildVerb object at 0x73236009e3b0>, main=<bound method BuildVerb.main of <colcon_core.verb.build.BuildVerb object at 0x73236009e3b0>>, mixin_verb=('build',))
[0.114s] Level 1:colcon.colcon_core.package_discovery:discover_packages(colcon_meta) check parameters
[0.114s] Level 1:colcon.colcon_core.package_discovery:discover_packages(recursive) check parameters
[0.114s] Level 1:colcon.colcon_core.package_discovery:discover_packages(ignore) check parameters
[0.114s] Level 1:colcon.colcon_core.package_discovery:discover_packages(path) check parameters
[0.114s] Level 1:colcon.colcon_core.package_discovery:discover_packages(colcon_meta) discover
[0.114s] Level 1:colcon.colcon_core.package_discovery:discover_packages(recursive) discover
[0.114s] INFO:colcon.colcon_core.package_discovery:Crawling recursively for packages in '/home/jeni/Cook_subgoal_test/unity_cooking/ROS2'
[0.114s] Level 1:colcon.colcon_core.package_identification:_identify(.) by extensions ['ignore', 'ignore_ament_install']
[0.114s] Level 1:colcon.colcon_core.package_identification:_identify(.) by extension 'ignore'
[0.114s] Level 1:colcon.colcon_core.package_identification:_identify(.) by extension 'ignore_ament_install'
[0.114s] Level 1:colcon.colcon_core.package_identification:_identify(.) by extensions ['colcon_pkg']
[0.114s] Level 1:colcon.colcon_core.package_identification:_identify(.) by extension 'colcon_pkg'
[0.114s] Level 1:colcon.colcon_core.package_identification:_identify(.) by extensions ['colcon_meta']
[0.114s] Level 1:colcon.colcon_core.package_identification:_identify(.) by extension 'colcon_meta'
[0.114s] Level 1:colcon.colcon_core.package_identification:_identify(.) by extensions ['ros']
[0.114s] Level 1:colcon.colcon_core.package_identification:_identify(.) by extension 'ros'
[0.123s] Level 1:colcon.colcon_core.package_identification:_identify(.) by extensions ['cmake', 'python']
[0.123s] Level 1:colcon.colcon_core.package_identification:_identify(.) by extension 'cmake'
[0.123s] Level 1:colcon.colcon_core.package_identification:_identify(.) by extension 'python'
[0.124s] Level 1:colcon.colcon_core.package_identification:_identify(.) by extensions ['python_setup_py']
[0.124s] Level 1:colcon.colcon_core.package_identification:_identify(.) by extension 'python_setup_py'
[0.124s] Level 1:colcon.colcon_core.package_identification:_identify(build) by extensions ['ignore', 'ignore_ament_install']
[0.124s] Level 1:colcon.colcon_core.package_identification:_identify(build) by extension 'ignore'
[0.124s] Level 1:colcon.colcon_core.package_identification:_identify(build) ignored
[0.124s] Level 1:colcon.colcon_core.package_identification:_identify(install) by extensions ['ignore', 'ignore_ament_install']
[0.124s] Level 1:colcon.colcon_core.package_identification:_identify(install) by extension 'ignore'
[0.124s] Level 1:colcon.colcon_core.package_identification:_identify(install) ignored
[0.124s] Level 1:colcon.colcon_core.package_identification:_identify(log) by extensions ['ignore', 'ignore_ament_install']
[0.124s] Level 1:colcon.colcon_core.package_identification:_identify(log) by extension 'ignore'
[0.124s] Level 1:colcon.colcon_core.package_identification:_identify(log) ignored
[0.124s] Level 1:colcon.colcon_core.package_identification:_identify(src) by extensions ['ignore', 'ignore_ament_install']
[0.124s] Level 1:colcon.colcon_core.package_identification:_identify(src) by extension 'ignore'
[0.124s] Level 1:colcon.colcon_core.package_identification:_identify(src) by extension 'ignore_ament_install'
[0.124s] Level 1:colcon.colcon_core.package_identification:_identify(src) by extensions ['colcon_pkg']
[0.124s] Level 1:colcon.colcon_core.package_identification:_identify(src) by extension 'colcon_pkg'
[0.124s] Level 1:colcon.colcon_core.package_identification:_identify(src) by extensions ['colcon_meta']
[0.124s] Level 1:colcon.colcon_core.package_identification:_identify(src) by extension 'colcon_meta'
[0.124s] Level 1:colcon.colcon_core.package_identification:_identify(src) by extensions ['ros']
[0.124s] Level 1:colcon.colcon_core.package_identification:_identify(src) by extension 'ros'
[0.124s] Level 1:colcon.colcon_core.package_identification:_identify(src) by extensions ['cmake', 'python']
[0.124s] Level 1:colcon.colcon_core.package_identification:_identify(src) by extension 'cmake'
[0.124s] Level 1:colcon.colcon_core.package_identification:_identify(src) by extension 'python'
[0.124s] Level 1:colcon.colcon_core.package_identification:_identify(src) by extensions ['python_setup_py']
[0.124s] Level 1:colcon.colcon_core.package_identification:_identify(src) by extension 'python_setup_py'
[0.124s] Level 1:colcon.colcon_core.package_identification:_identify(src/franka_description) by extensions ['ignore', 'ignore_ament_install']
[0.124s] Level 1:colcon.colcon_core.package_identification:_identify(src/franka_description) by extension 'ignore'
[0.124s] Level 1:colcon.colcon_core.package_identification:_identify(src/franka_description) by extension 'ignore_ament_install'
[0.124s] Level 1:colcon.colcon_core.package_identification:_identify(src/franka_description) by extensions ['colcon_pkg']
[0.124s] Level 1:colcon.colcon_core.package_identification:_identify(src/franka_description) by extension 'colcon_pkg'
[0.124s] Level 1:colcon.colcon_core.package_identification:_identify(src/franka_description) by extensions ['colcon_meta']
[0.124s] Level 1:colcon.colcon_core.package_identification:_identify(src/franka_description) by extension 'colcon_meta'
[0.124s] Level 1:colcon.colcon_core.package_identification:_identify(src/franka_description) by extensions ['ros']
[0.124s] Level 1:colcon.colcon_core.package_identification:_identify(src/franka_description) by extension 'ros'
[0.125s] DEBUG:colcon.colcon_core.package_identification:Package 'src/franka_description' with type 'ros.ament_cmake' and name 'franka_description'
[0.125s] Level 1:colcon.colcon_core.package_identification:_identify(src/object_sample) by extensions ['ignore', 'ignore_ament_install']
[0.125s] Level 1:colcon.colcon_core.package_identification:_identify(src/object_sample) by extension 'ignore'
[0.125s] Level 1:colcon.colcon_core.package_identification:_identify(src/object_sample) by extension 'ignore_ament_install'
[0.125s] Level 1:colcon.colcon_core.package_identification:_identify(src/object_sample) by extensions ['colcon_pkg']
[0.125s] Level 1:colcon.colcon_core.package_identification:_identify(src/object_sample) by extension 'colcon_pkg'
[0.125s] Level 1:colcon.colcon_core.package_identification:_identify(src/object_sample) by extensions ['colcon_meta']
[0.125s] Level 1:colcon.colcon_core.package_identification:_identify(src/object_sample) by extension 'colcon_meta'
[0.125s] Level 1:colcon.colcon_core.package_identification:_identify(src/object_sample) by extensions ['ros']
[0.125s] Level 1:colcon.colcon_core.package_identification:_identify(src/object_sample) by extension 'ros'
[0.125s] Level 1:colcon.colcon_core.package_identification:_identify(src/object_sample) by extensions ['cmake', 'python']
[0.125s] Level 1:colcon.colcon_core.package_identification:_identify(src/object_sample) by extension 'cmake'
[0.125s] Level 1:colcon.colcon_core.package_identification:_identify(src/object_sample) by extension 'python'
[0.125s] Level 1:colcon.colcon_core.package_identification:_identify(src/object_sample) by extensions ['python_setup_py']
[0.125s] Level 1:colcon.colcon_core.package_identification:_identify(src/object_sample) by extension 'python_setup_py'
[0.126s] Level 1:colcon.colcon_core.package_identification:_identify(src/object_sample_backup) by extensions ['ignore', 'ignore_ament_install']
[0.126s] Level 1:colcon.colcon_core.package_identification:_identify(src/object_sample_backup) by extension 'ignore'
[0.126s] Level 1:colcon.colcon_core.package_identification:_identify(src/object_sample_backup) by extension 'ignore_ament_install'
[0.126s] Level 1:colcon.colcon_core.package_identification:_identify(src/object_sample_backup) by extensions ['colcon_pkg']
[0.126s] Level 1:colcon.colcon_core.package_identification:_identify(src/object_sample_backup) by extension 'colcon_pkg'
[0.126s] Level 1:colcon.colcon_core.package_identification:_identify(src/object_sample_backup) by extensions ['colcon_meta']
[0.126s] Level 1:colcon.colcon_core.package_identification:_identify(src/object_sample_backup) by extension 'colcon_meta'
[0.126s] Level 1:colcon.colcon_core.package_identification:_identify(src/object_sample_backup) by extensions ['ros']
[0.126s] Level 1:colcon.colcon_core.package_identification:_identify(src/object_sample_backup) by extension 'ros'
[0.126s] Level 1:colcon.colcon_core.package_identification:_identify(src/object_sample_backup) by extensions ['cmake', 'python']
[0.126s] Level 1:colcon.colcon_core.package_identification:_identify(src/object_sample_backup) by extension 'cmake'
[0.126s] Level 1:colcon.colcon_core.package_identification:_identify(src/object_sample_backup) by extension 'python'
[0.126s] Level 1:colcon.colcon_core.package_identification:_identify(src/object_sample_backup) by extensions ['python_setup_py']
[0.126s] Level 1:colcon.colcon_core.package_identification:_identify(src/object_sample_backup) by extension 'python_setup_py'
[0.126s] Level 1:colcon.colcon_core.package_identification:_identify(src/panda_move) by extensions ['ignore', 'ignore_ament_install']
[0.126s] Level 1:colcon.colcon_core.package_identification:_identify(src/panda_move) by extension 'ignore'
[0.126s] Level 1:colcon.colcon_core.package_identification:_identify(src/panda_move) by extension 'ignore_ament_install'
[0.126s] Level 1:colcon.colcon_core.package_identification:_identify(src/panda_move) by extensions ['colcon_pkg']
[0.126s] Level 1:colcon.colcon_core.package_identification:_identify(src/panda_move) by extension 'colcon_pkg'
[0.126s] Level 1:colcon.colcon_core.package_identification:_identify(src/panda_move) by extensions ['colcon_meta']
[0.126s] Level 1:colcon.colcon_core.package_identification:_identify(src/panda_move) by extension 'colcon_meta'
[0.126s] Level 1:colcon.colcon_core.package_identification:_identify(src/panda_move) by extensions ['ros']
[0.126s] Level 1:colcon.colcon_core.package_identification:_identify(src/panda_move) by extension 'ros'
[0.126s] DEBUG:colcon.colcon_core.package_identification:Package 'src/panda_move' with type 'ros.ament_cmake' and name 'panda_move'
[0.126s] Level 1:colcon.colcon_core.package_identification:_identify(src/panda_moveit_config) by extensions ['ignore', 'ignore_ament_install']
[0.126s] Level 1:colcon.colcon_core.package_identification:_identify(src/panda_moveit_config) by extension 'ignore'
[0.126s] Level 1:colcon.colcon_core.package_identification:_identify(src/panda_moveit_config) by extension 'ignore_ament_install'
[0.126s] Level 1:colcon.colcon_core.package_identification:_identify(src/panda_moveit_config) by extensions ['colcon_pkg']
[0.126s] Level 1:colcon.colcon_core.package_identification:_identify(src/panda_moveit_config) by extension 'colcon_pkg'
[0.126s] Level 1:colcon.colcon_core.package_identification:_identify(src/panda_moveit_config) by extensions ['colcon_meta']
[0.126s] Level 1:colcon.colcon_core.package_identification:_identify(src/panda_moveit_config) by extension 'colcon_meta'
[0.126s] Level 1:colcon.colcon_core.package_identification:_identify(src/panda_moveit_config) by extensions ['ros']
[0.126s] Level 1:colcon.colcon_core.package_identification:_identify(src/panda_moveit_config) by extension 'ros'
[0.127s] DEBUG:colcon.colcon_core.package_identification:Package 'src/panda_moveit_config' with type 'ros.ament_cmake' and name 'panda_moveit_config'
[0.127s] Level 1:colcon.colcon_core.package_identification:_identify(src/ros_tcp_endpoint) by extensions ['ignore', 'ignore_ament_install']
[0.127s] Level 1:colcon.colcon_core.package_identification:_identify(src/ros_tcp_endpoint) by extension 'ignore'
[0.127s] Level 1:colcon.colcon_core.package_identification:_identify(src/ros_tcp_endpoint) by extension 'ignore_ament_install'
[0.127s] Level 1:colcon.colcon_core.package_identification:_identify(src/ros_tcp_endpoint) by extensions ['colcon_pkg']
[0.127s] Level 1:colcon.colcon_core.package_identification:_identify(src/ros_tcp_endpoint) by extension 'colcon_pkg'
[0.127s] Level 1:colcon.colcon_core.package_identification:_identify(src/ros_tcp_endpoint) by extensions ['colcon_meta']
[0.127s] Level 1:colcon.colcon_core.package_identification:_identify(src/ros_tcp_endpoint) by extension 'colcon_meta'
[0.127s] Level 1:colcon.colcon_core.package_identification:_identify(src/ros_tcp_endpoint) by extensions ['ros']
[0.127s] Level 1:colcon.colcon_core.package_identification:_identify(src/ros_tcp_endpoint) by extension 'ros'
[0.127s] DEBUG:colcon.colcon_core.package_identification:Package 'src/ros_tcp_endpoint' with type 'ros.ament_cmake' and name 'ros_tcp_endpoint'
[0.127s] Level 1:colcon.colcon_core.package_discovery:discover_packages(recursive) using defaults
[0.127s] Level 1:colcon.colcon_core.package_discovery:discover_packages(ignore) discover
[0.127s] Level 1:colcon.colcon_core.package_discovery:discover_packages(ignore) using defaults
[0.127s] Level 1:colcon.colcon_core.package_discovery:discover_packages(path) discover
[0.127s] Level 1:colcon.colcon_core.package_discovery:discover_packages(path) using defaults
[0.135s] Level 1:colcon.colcon_core.package_discovery:discover_packages(prefix_path) check parameters
[0.135s] Level 1:colcon.colcon_core.package_discovery:discover_packages(prefix_path) discover
[0.136s] WARNING:colcon.colcon_ros.prefix_path.ament:The path '/home/jeni/Cook_subgoal_test/unity_cooking/ROS2/install/ros_tcp_endpoint' in the environment variable AMENT_PREFIX_PATH doesn't exist
[0.136s] WARNING:colcon.colcon_ros.prefix_path.ament:The path '/home/jeni/Cook_subgoal_test/unity_cooking/ROS2/install/panda_moveit_config' in the environment variable AMENT_PREFIX_PATH doesn't exist
[0.136s] WARNING:colcon.colcon_ros.prefix_path.ament:The path '/home/jeni/Cook_subgoal_test/unity_cooking/ROS2/install/franka_description' in the environment variable AMENT_PREFIX_PATH doesn't exist
[0.136s] WARNING:colcon.colcon_ros.prefix_path.catkin:The path '/home/jeni/Cook_subgoal_test/unity_cooking/ROS2/install/ros_tcp_endpoint' in the environment variable CMAKE_PREFIX_PATH doesn't exist
[0.136s] WARNING:colcon.colcon_ros.prefix_path.catkin:The path '/home/jeni/Cook_subgoal_test/unity_cooking/ROS2/install/panda_moveit_config' in the environment variable CMAKE_PREFIX_PATH doesn't exist
[0.136s] WARNING:colcon.colcon_ros.prefix_path.catkin:The path '/home/jeni/Cook_subgoal_test/unity_cooking/ROS2/install/franka_description' in the environment variable CMAKE_PREFIX_PATH doesn't exist
[0.136s] DEBUG:colcon.colcon_installed_package_information.package_discovery:Found 0 installed packages in /home/jeni/Cook_subgoal_test/unity_cooking/ROS2/install
[0.136s] DEBUG:colcon.colcon_installed_package_information.package_discovery:Found 390 installed packages in /opt/ros/humble
[0.137s] Level 1:colcon.colcon_core.package_discovery:discover_packages(prefix_path) using defaults
[0.155s] Level 5:colcon.colcon_core.verb:set package 'franka_description' build argument 'cmake_args' from command line to 'None'
[0.155s] Level 5:colcon.colcon_core.verb:set package 'franka_description' build argument 'cmake_target' from command line to 'None'
[0.155s] Level 5:colcon.colcon_core.verb:set package 'franka_description' build argument 'cmake_target_skip_unavailable' from command line to 'False'
[0.155s] Level 5:colcon.colcon_core.verb:set package 'franka_description' build argument 'cmake_clean_cache' from command line to 'False'
[0.155s] Level 5:colcon.colcon_core.verb:set package 'franka_description' build argument 'cmake_clean_first' from command line to 'False'
[0.155s] Level 5:colcon.colcon_core.verb:set package 'franka_description' build argument 'cmake_force_configure' from command line to 'False'
[0.155s] Level 5:colcon.colcon_core.verb:set package 'franka_description' build argument 'ament_cmake_args' from command line to 'None'
[0.155s] Level 5:colcon.colcon_core.verb:set package 'franka_description' build argument 'catkin_cmake_args' from command line to 'None'
[0.155s] Level 5:colcon.colcon_core.verb:set package 'franka_description' build argument 'catkin_skip_building_tests' from command line to 'False'
[0.155s] DEBUG:colcon.colcon_core.verb:Building package 'franka_description' with the following arguments: {'ament_cmake_args': None, 'build_base': '/home/jeni/Cook_subgoal_test/unity_cooking/ROS2/build/franka_description', 'catkin_cmake_args': None, 'catkin_skip_building_tests': False, 'cmake_args': None, 'cmake_clean_cache': False, 'cmake_clean_first': False, 'cmake_force_configure': False, 'cmake_target': None, 'cmake_target_skip_unavailable': False, 'install_base': '/home/jeni/Cook_subgoal_test/unity_cooking/ROS2/install/franka_description', 'merge_install': False, 'path': '/home/jeni/Cook_subgoal_test/unity_cooking/ROS2/src/franka_description', 'symlink_install': False, 'test_result_base': None}
[0.155s] Level 5:colcon.colcon_core.verb:set package 'ros_tcp_endpoint' build argument 'cmake_args' from command line to 'None'
[0.155s] Level 5:colcon.colcon_core.verb:set package 'ros_tcp_endpoint' build argument 'cmake_target' from command line to 'None'
[0.155s] Level 5:colcon.colcon_core.verb:set package 'ros_tcp_endpoint' build argument 'cmake_target_skip_unavailable' from command line to 'False'
[0.155s] Level 5:colcon.colcon_core.verb:set package 'ros_tcp_endpoint' build argument 'cmake_clean_cache' from command line to 'False'
[0.155s] Level 5:colcon.colcon_core.verb:set package 'ros_tcp_endpoint' build argument 'cmake_clean_first' from command line to 'False'
[0.155s] Level 5:colcon.colcon_core.verb:set package 'ros_tcp_endpoint' build argument 'cmake_force_configure' from command line to 'False'
[0.155s] Level 5:colcon.colcon_core.verb:set package 'ros_tcp_endpoint' build argument 'ament_cmake_args' from command line to 'None'
[0.155s] Level 5:colcon.colcon_core.verb:set package 'ros_tcp_endpoint' build argument 'catkin_cmake_args' from command line to 'None'
[0.155s] Level 5:colcon.colcon_core.verb:set package 'ros_tcp_endpoint' build argument 'catkin_skip_building_tests' from command line to 'False'
[0.155s] DEBUG:colcon.colcon_core.verb:Building package 'ros_tcp_endpoint' with the following arguments: {'ament_cmake_args': None, 'build_base': '/home/jeni/Cook_subgoal_test/unity_cooking/ROS2/build/ros_tcp_endpoint', 'catkin_cmake_args': None, 'catkin_skip_building_tests': False, 'cmake_args': None, 'cmake_clean_cache': False, 'cmake_clean_first': False, 'cmake_force_configure': False, 'cmake_target': None, 'cmake_target_skip_unavailable': False, 'install_base': '/home/jeni/Cook_subgoal_test/unity_cooking/ROS2/install/ros_tcp_endpoint', 'merge_install': False, 'path': '/home/jeni/Cook_subgoal_test/unity_cooking/ROS2/src/ros_tcp_endpoint', 'symlink_install': False, 'test_result_base': None}
[0.155s] Level 5:colcon.colcon_core.verb:set package 'panda_move' build argument 'cmake_args' from command line to 'None'
[0.155s] Level 5:colcon.colcon_core.verb:set package 'panda_move' build argument 'cmake_target' from command line to 'None'
[0.155s] Level 5:colcon.colcon_core.verb:set package 'panda_move' build argument 'cmake_target_skip_unavailable' from command line to 'False'
[0.155s] Level 5:colcon.colcon_core.verb:set package 'panda_move' build argument 'cmake_clean_cache' from command line to 'False'
[0.155s] Level 5:colcon.colcon_core.verb:set package 'panda_move' build argument 'cmake_clean_first' from command line to 'False'
[0.155s] Level 5:colcon.colcon_core.verb:set package 'panda_move' build argument 'cmake_force_configure' from command line to 'False'
[0.155s] Level 5:colcon.colcon_core.verb:set package 'panda_move' build argument 'ament_cmake_args' from command line to 'None'
[0.155s] Level 5:colcon.colcon_core.verb:set package 'panda_move' build argument 'catkin_cmake_args' from command line to 'None'
[0.155s] Level 5:colcon.colcon_core.verb:set package 'panda_move' build argument 'catkin_skip_building_tests' from command line to 'False'
[0.155s] DEBUG:colcon.colcon_core.verb:Building package 'panda_move' with the following arguments: {'ament_cmake_args': None, 'build_base': '/home/jeni/Cook_subgoal_test/unity_cooking/ROS2/build/panda_move', 'catkin_cmake_args': None, 'catkin_skip_building_tests': False, 'cmake_args': None, 'cmake_clean_cache': False, 'cmake_clean_first': False, 'cmake_force_configure': False, 'cmake_target': None, 'cmake_target_skip_unavailable': False, 'install_base': '/home/jeni/Cook_subgoal_test/unity_cooking/ROS2/install/panda_move', 'merge_install': False, 'path': '/home/jeni/Cook_subgoal_test/unity_cooking/ROS2/src/panda_move', 'symlink_install': False, 'test_result_base': None}
[0.155s] Level 5:colcon.colcon_core.verb:set package 'panda_moveit_config' build argument 'cmake_args' from command line to 'None'
[0.155s] Level 5:colcon.colcon_core.verb:set package 'panda_moveit_config' build argument 'cmake_target' from command line to 'None'
[0.155s] Level 5:colcon.colcon_core.verb:set package 'panda_moveit_config' build argument 'cmake_target_skip_unavailable' from command line to 'False'
[0.155s] Level 5:colcon.colcon_core.verb:set package 'panda_moveit_config' build argument 'cmake_clean_cache' from command line to 'False'
[0.155s] Level 5:colcon.colcon_core.verb:set package 'panda_moveit_config' build argument 'cmake_clean_first' from command line to 'False'
[0.155s] Level 5:colcon.colcon_core.verb:set package 'panda_moveit_config' build argument 'cmake_force_configure' from command line to 'False'
[0.155s] Level 5:colcon.colcon_core.verb:set package 'panda_moveit_config' build argument 'ament_cmake_args' from command line to 'None'
[0.155s] Level 5:colcon.colcon_core.verb:set package 'panda_moveit_config' build argument 'catkin_cmake_args' from command line to 'None'
[0.155s] Level 5:colcon.colcon_core.verb:set package 'panda_moveit_config' build argument 'catkin_skip_building_tests' from command line to 'False'
[0.155s] DEBUG:colcon.colcon_core.verb:Building package 'panda_moveit_config' with the following arguments: {'ament_cmake_args': None, 'build_base': '/home/jeni/Cook_subgoal_test/unity_cooking/ROS2/build/panda_moveit_config', 'catkin_cmake_args': None, 'catkin_skip_building_tests': False, 'cmake_args': None, 'cmake_clean_cache': False, 'cmake_clean_first': False, 'cmake_force_configure': False, 'cmake_target': None, 'cmake_target_skip_unavailable': False, 'install_base': '/home/jeni/Cook_subgoal_test/unity_cooking/ROS2/install/panda_moveit_config', 'merge_install': False, 'path': '/home/jeni/Cook_subgoal_test/unity_cooking/ROS2/src/panda_moveit_config', 'symlink_install': False, 'test_result_base': None}
[0.155s] INFO:colcon.colcon_core.executor:Executing jobs using 'parallel' executor
[0.156s] DEBUG:colcon.colcon_parallel_executor.executor.parallel:run_until_complete
[0.156s] INFO:colcon.colcon_ros.task.ament_cmake.build:Building ROS package in '/home/jeni/Cook_subgoal_test/unity_cooking/ROS2/src/franka_description' with build type 'ament_cmake'
[0.156s] INFO:colcon.colcon_cmake.task.cmake.build:Building CMake package in '/home/jeni/Cook_subgoal_test/unity_cooking/ROS2/src/franka_description'
[0.157s] INFO:colcon.colcon_core.plugin_system:Skipping extension 'colcon_core.shell.bat': Not used on non-Windows systems
[0.157s] INFO:colcon.colcon_core.shell:Skip shell extension 'powershell' for command environment: Not usable outside of PowerShell
[0.157s] DEBUG:colcon.colcon_core.shell:Skip shell extension 'dsv' for command environment
[0.159s] INFO:colcon.colcon_ros.task.ament_cmake.build:Building ROS package in '/home/jeni/Cook_subgoal_test/unity_cooking/ROS2/src/ros_tcp_endpoint' with build type 'ament_cmake'
[0.159s] INFO:colcon.colcon_cmake.task.cmake.build:Building CMake package in '/home/jeni/Cook_subgoal_test/unity_cooking/ROS2/src/ros_tcp_endpoint'
[0.159s] INFO:colcon.colcon_core.shell:Skip shell extension 'powershell' for command environment: Not usable outside of PowerShell
[0.159s] DEBUG:colcon.colcon_core.shell:Skip shell extension 'dsv' for command environment
[0.162s] DEBUG:colcon.colcon_core.event_handler.log_command:Invoking command in '/home/jeni/Cook_subgoal_test/unity_cooking/ROS2/build/franka_description': CMAKE_PREFIX_PATH=${CMAKE_PREFIX_PATH}:/opt/ros/humble /usr/bin/cmake /home/jeni/Cook_subgoal_test/unity_cooking/ROS2/src/franka_description -DCMAKE_INSTALL_PREFIX=/home/jeni/Cook_subgoal_test/unity_cooking/ROS2/install/franka_description
[0.163s] DEBUG:colcon.colcon_core.event_handler.log_command:Invoking command in '/home/jeni/Cook_subgoal_test/unity_cooking/ROS2/build/ros_tcp_endpoint': CMAKE_PREFIX_PATH=${CMAKE_PREFIX_PATH}:/opt/ros/humble /usr/bin/cmake /home/jeni/Cook_subgoal_test/unity_cooking/ROS2/src/ros_tcp_endpoint -DCMAKE_INSTALL_PREFIX=/home/jeni/Cook_subgoal_test/unity_cooking/ROS2/install/ros_tcp_endpoint
[0.403s] DEBUG:colcon.colcon_core.event_handler.log_command:Invoked command in '/home/jeni/Cook_subgoal_test/unity_cooking/ROS2/build/franka_description' returned '0': CMAKE_PREFIX_PATH=${CMAKE_PREFIX_PATH}:/opt/ros/humble /usr/bin/cmake /home/jeni/Cook_subgoal_test/unity_cooking/ROS2/src/franka_description -DCMAKE_INSTALL_PREFIX=/home/jeni/Cook_subgoal_test/unity_cooking/ROS2/install/franka_description
[0.404s] DEBUG:colcon.colcon_core.event_handler.log_command:Invoking command in '/home/jeni/Cook_subgoal_test/unity_cooking/ROS2/build/franka_description': CMAKE_PREFIX_PATH=${CMAKE_PREFIX_PATH}:/opt/ros/humble /usr/bin/cmake --build /home/jeni/Cook_subgoal_test/unity_cooking/ROS2/build/franka_description -- -j16 -l16
[0.419s] DEBUG:colcon.colcon_core.event_handler.log_command:Invoked command in '/home/jeni/Cook_subgoal_test/unity_cooking/ROS2/build/franka_description' returned '0': CMAKE_PREFIX_PATH=${CMAKE_PREFIX_PATH}:/opt/ros/humble /usr/bin/cmake --build /home/jeni/Cook_subgoal_test/unity_cooking/ROS2/build/franka_description -- -j16 -l16
[0.423s] DEBUG:colcon.colcon_core.event_handler.log_command:Invoking command in '/home/jeni/Cook_subgoal_test/unity_cooking/ROS2/build/franka_description': CMAKE_PREFIX_PATH=${CMAKE_PREFIX_PATH}:/opt/ros/humble /usr/bin/cmake --install /home/jeni/Cook_subgoal_test/unity_cooking/ROS2/build/franka_description
[0.431s] Level 1:colcon.colcon_core.environment:create_environment_scripts_only(franka_description)
[0.431s] DEBUG:colcon.colcon_core.event_handler.log_command:Invoked command in '/home/jeni/Cook_subgoal_test/unity_cooking/ROS2/build/franka_description' returned '0': CMAKE_PREFIX_PATH=${CMAKE_PREFIX_PATH}:/opt/ros/humble /usr/bin/cmake --install /home/jeni/Cook_subgoal_test/unity_cooking/ROS2/build/franka_description
[0.432s] Level 1:colcon.colcon_core.environment:checking '/home/jeni/Cook_subgoal_test/unity_cooking/ROS2/install/franka_description' for CMake module files
[0.432s] Level 1:colcon.colcon_core.environment:checking '/home/jeni/Cook_subgoal_test/unity_cooking/ROS2/install/franka_description' for CMake config files
[0.432s] Level 1:colcon.colcon_core.shell:create_environment_hook('franka_description', 'cmake_prefix_path')
[0.432s] INFO:colcon.colcon_core.shell:Creating environment hook '/home/jeni/Cook_subgoal_test/unity_cooking/ROS2/install/franka_description/share/franka_description/hook/cmake_prefix_path.ps1'
[0.432s] INFO:colcon.colcon_core.shell:Creating environment descriptor '/home/jeni/Cook_subgoal_test/unity_cooking/ROS2/install/franka_description/share/franka_description/hook/cmake_prefix_path.dsv'
[0.433s] INFO:colcon.colcon_core.shell:Creating environment hook '/home/jeni/Cook_subgoal_test/unity_cooking/ROS2/install/franka_description/share/franka_description/hook/cmake_prefix_path.sh'
[0.433s] Level 1:colcon.colcon_core.environment:checking '/home/jeni/Cook_subgoal_test/unity_cooking/ROS2/install/franka_description/bin'
[0.433s] Level 1:colcon.colcon_core.environment:checking '/home/jeni/Cook_subgoal_test/unity_cooking/ROS2/install/franka_description/lib/pkgconfig/franka_description.pc'
[0.433s] Level 1:colcon.colcon_core.environment:checking '/home/jeni/Cook_subgoal_test/unity_cooking/ROS2/install/franka_description/lib/python3.10/site-packages'
[0.433s] Level 1:colcon.colcon_core.environment:checking '/home/jeni/Cook_subgoal_test/unity_cooking/ROS2/install/franka_description/bin'
[0.433s] INFO:colcon.colcon_core.shell:Creating package script '/home/jeni/Cook_subgoal_test/unity_cooking/ROS2/install/franka_description/share/franka_description/package.ps1'
[0.434s] INFO:colcon.colcon_core.shell:Creating package descriptor '/home/jeni/Cook_subgoal_test/unity_cooking/ROS2/install/franka_description/share/franka_description/package.dsv'
[0.434s] INFO:colcon.colcon_core.shell:Creating package script '/home/jeni/Cook_subgoal_test/unity_cooking/ROS2/install/franka_description/share/franka_description/package.sh'
[0.434s] INFO:colcon.colcon_core.shell:Creating package script '/home/jeni/Cook_subgoal_test/unity_cooking/ROS2/install/franka_description/share/franka_description/package.bash'
[0.434s] INFO:colcon.colcon_core.shell:Creating package script '/home/jeni/Cook_subgoal_test/unity_cooking/ROS2/install/franka_description/share/franka_description/package.zsh'
[0.435s] Level 1:colcon.colcon_core.environment:create_file_with_runtime_dependencies(/home/jeni/Cook_subgoal_test/unity_cooking/ROS2/install/franka_description/share/colcon-core/packages/franka_description)
[0.435s] Level 1:colcon.colcon_core.environment:create_environment_scripts_only(franka_description)
[0.435s] Level 1:colcon.colcon_core.environment:checking '/home/jeni/Cook_subgoal_test/unity_cooking/ROS2/install/franka_description' for CMake module files
[0.435s] Level 1:colcon.colcon_core.environment:checking '/home/jeni/Cook_subgoal_test/unity_cooking/ROS2/install/franka_description' for CMake config files
[0.435s] Level 1:colcon.colcon_core.shell:create_environment_hook('franka_description', 'cmake_prefix_path')
[0.435s] INFO:colcon.colcon_core.shell:Creating environment hook '/home/jeni/Cook_subgoal_test/unity_cooking/ROS2/install/franka_description/share/franka_description/hook/cmake_prefix_path.ps1'
[0.435s] INFO:colcon.colcon_core.shell:Creating environment descriptor '/home/jeni/Cook_subgoal_test/unity_cooking/ROS2/install/franka_description/share/franka_description/hook/cmake_prefix_path.dsv'
[0.435s] INFO:colcon.colcon_core.shell:Creating environment hook '/home/jeni/Cook_subgoal_test/unity_cooking/ROS2/install/franka_description/share/franka_description/hook/cmake_prefix_path.sh'
[0.436s] Level 1:colcon.colcon_core.environment:checking '/home/jeni/Cook_subgoal_test/unity_cooking/ROS2/install/franka_description/bin'
[0.436s] Level 1:colcon.colcon_core.environment:checking '/home/jeni/Cook_subgoal_test/unity_cooking/ROS2/install/franka_description/lib/pkgconfig/franka_description.pc'
[0.436s] Level 1:colcon.colcon_core.environment:checking '/home/jeni/Cook_subgoal_test/unity_cooking/ROS2/install/franka_description/lib/python3.10/site-packages'
[0.436s] Level 1:colcon.colcon_core.environment:checking '/home/jeni/Cook_subgoal_test/unity_cooking/ROS2/install/franka_description/bin'
[0.436s] INFO:colcon.colcon_core.shell:Creating package script '/home/jeni/Cook_subgoal_test/unity_cooking/ROS2/install/franka_description/share/franka_description/package.ps1'
[0.436s] INFO:colcon.colcon_core.shell:Creating package descriptor '/home/jeni/Cook_subgoal_test/unity_cooking/ROS2/install/franka_description/share/franka_description/package.dsv'
[0.436s] INFO:colcon.colcon_core.shell:Creating package script '/home/jeni/Cook_subgoal_test/unity_cooking/ROS2/install/franka_description/share/franka_description/package.sh'
[0.436s] INFO:colcon.colcon_core.shell:Creating package script '/home/jeni/Cook_subgoal_test/unity_cooking/ROS2/install/franka_description/share/franka_description/package.bash'
[0.437s] INFO:colcon.colcon_core.shell:Creating package script '/home/jeni/Cook_subgoal_test/unity_cooking/ROS2/install/franka_description/share/franka_description/package.zsh'
[0.437s] Level 1:colcon.colcon_core.environment:create_file_with_runtime_dependencies(/home/jeni/Cook_subgoal_test/unity_cooking/ROS2/install/franka_description/share/colcon-core/packages/franka_description)
[0.437s] INFO:colcon.colcon_ros.task.ament_cmake.build:Building ROS package in '/home/jeni/Cook_subgoal_test/unity_cooking/ROS2/src/panda_moveit_config' with build type 'ament_cmake'
[0.437s] INFO:colcon.colcon_cmake.task.cmake.build:Building CMake package in '/home/jeni/Cook_subgoal_test/unity_cooking/ROS2/src/panda_moveit_config'
[0.437s] INFO:colcon.colcon_core.shell:Skip shell extension 'powershell' for command environment: Not usable outside of PowerShell
[0.437s] DEBUG:colcon.colcon_core.shell:Skip shell extension 'dsv' for command environment
[0.440s] DEBUG:colcon.colcon_core.event_handler.log_command:Invoking command in '/home/jeni/Cook_subgoal_test/unity_cooking/ROS2/build/panda_moveit_config': CMAKE_PREFIX_PATH=/home/jeni/Cook_subgoal_test/unity_cooking/ROS2/install/franka_description:/home/jeni/Cook_subgoal_test/unity_cooking/ROS2/install/ros_tcp_endpoint:/home/jeni/Cook_subgoal_test/unity_cooking/ROS2/install/panda_moveit_config:/opt/ros/humble /usr/bin/cmake /home/jeni/Cook_subgoal_test/unity_cooking/ROS2/src/panda_moveit_config -DCMAKE_INSTALL_PREFIX=/home/jeni/Cook_subgoal_test/unity_cooking/ROS2/install/panda_moveit_config
[0.687s] DEBUG:colcon.colcon_core.event_handler.log_command:Invoked command in '/home/jeni/Cook_subgoal_test/unity_cooking/ROS2/build/panda_moveit_config' returned '0': CMAKE_PREFIX_PATH=/home/jeni/Cook_subgoal_test/unity_cooking/ROS2/install/franka_description:/home/jeni/Cook_subgoal_test/unity_cooking/ROS2/install/ros_tcp_endpoint:/home/jeni/Cook_subgoal_test/unity_cooking/ROS2/install/panda_moveit_config:/opt/ros/humble /usr/bin/cmake /home/jeni/Cook_subgoal_test/unity_cooking/ROS2/src/panda_moveit_config -DCMAKE_INSTALL_PREFIX=/home/jeni/Cook_subgoal_test/unity_cooking/ROS2/install/panda_moveit_config
[0.687s] DEBUG:colcon.colcon_core.event_handler.log_command:Invoking command in '/home/jeni/Cook_subgoal_test/unity_cooking/ROS2/build/panda_moveit_config': CMAKE_PREFIX_PATH=/home/jeni/Cook_subgoal_test/unity_cooking/ROS2/install/franka_description:/home/jeni/Cook_subgoal_test/unity_cooking/ROS2/install/ros_tcp_endpoint:/home/jeni/Cook_subgoal_test/unity_cooking/ROS2/install/panda_moveit_config:/opt/ros/humble /usr/bin/cmake --build /home/jeni/Cook_subgoal_test/unity_cooking/ROS2/build/panda_moveit_config -- -j16 -l16
[0.701s] DEBUG:colcon.colcon_core.event_handler.log_command:Invoked command in '/home/jeni/Cook_subgoal_test/unity_cooking/ROS2/build/panda_moveit_config' returned '0': CMAKE_PREFIX_PATH=/home/jeni/Cook_subgoal_test/unity_cooking/ROS2/install/franka_description:/home/jeni/Cook_subgoal_test/unity_cooking/ROS2/install/ros_tcp_endpoint:/home/jeni/Cook_subgoal_test/unity_cooking/ROS2/install/panda_moveit_config:/opt/ros/humble /usr/bin/cmake --build /home/jeni/Cook_subgoal_test/unity_cooking/ROS2/build/panda_moveit_config -- -j16 -l16
[0.702s] DEBUG:colcon.colcon_core.event_handler.log_command:Invoking command in '/home/jeni/Cook_subgoal_test/unity_cooking/ROS2/build/panda_moveit_config': CMAKE_PREFIX_PATH=/home/jeni/Cook_subgoal_test/unity_cooking/ROS2/install/franka_description:/home/jeni/Cook_subgoal_test/unity_cooking/ROS2/install/ros_tcp_endpoint:/home/jeni/Cook_subgoal_test/unity_cooking/ROS2/install/panda_moveit_config:/opt/ros/humble /usr/bin/cmake --install /home/jeni/Cook_subgoal_test/unity_cooking/ROS2/build/panda_moveit_config
[0.707s] Level 1:colcon.colcon_core.environment:create_environment_scripts_only(panda_moveit_config)
[0.707s] Level 1:colcon.colcon_core.environment:checking '/home/jeni/Cook_subgoal_test/unity_cooking/ROS2/install/panda_moveit_config' for CMake module files
[0.708s] DEBUG:colcon.colcon_core.event_handler.log_command:Invoked command in '/home/jeni/Cook_subgoal_test/unity_cooking/ROS2/build/panda_moveit_config' returned '0': CMAKE_PREFIX_PATH=/home/jeni/Cook_subgoal_test/unity_cooking/ROS2/install/franka_description:/home/jeni/Cook_subgoal_test/unity_cooking/ROS2/install/ros_tcp_endpoint:/home/jeni/Cook_subgoal_test/unity_cooking/ROS2/install/panda_moveit_config:/opt/ros/humble /usr/bin/cmake --install /home/jeni/Cook_subgoal_test/unity_cooking/ROS2/build/panda_moveit_config
[0.708s] Level 1:colcon.colcon_core.environment:checking '/home/jeni/Cook_subgoal_test/unity_cooking/ROS2/install/panda_moveit_config' for CMake config files
[0.708s] Level 1:colcon.colcon_core.shell:create_environment_hook('panda_moveit_config', 'cmake_prefix_path')
[0.708s] INFO:colcon.colcon_core.shell:Creating environment hook '/home/jeni/Cook_subgoal_test/unity_cooking/ROS2/install/panda_moveit_config/share/panda_moveit_config/hook/cmake_prefix_path.ps1'
[0.708s] INFO:colcon.colcon_core.shell:Creating environment descriptor '/home/jeni/Cook_subgoal_test/unity_cooking/ROS2/install/panda_moveit_config/share/panda_moveit_config/hook/cmake_prefix_path.dsv'
[0.708s] INFO:colcon.colcon_core.shell:Creating environment hook '/home/jeni/Cook_subgoal_test/unity_cooking/ROS2/install/panda_moveit_config/share/panda_moveit_config/hook/cmake_prefix_path.sh'
[0.709s] Level 1:colcon.colcon_core.environment:checking '/home/jeni/Cook_subgoal_test/unity_cooking/ROS2/install/panda_moveit_config/bin'
[0.709s] Level 1:colcon.colcon_core.environment:checking '/home/jeni/Cook_subgoal_test/unity_cooking/ROS2/install/panda_moveit_config/lib/pkgconfig/panda_moveit_config.pc'
[0.709s] Level 1:colcon.colcon_core.environment:checking '/home/jeni/Cook_subgoal_test/unity_cooking/ROS2/install/panda_moveit_config/lib/python3.10/site-packages'
[0.709s] Level 1:colcon.colcon_core.environment:checking '/home/jeni/Cook_subgoal_test/unity_cooking/ROS2/install/panda_moveit_config/bin'
[0.709s] INFO:colcon.colcon_core.shell:Creating package script '/home/jeni/Cook_subgoal_test/unity_cooking/ROS2/install/panda_moveit_config/share/panda_moveit_config/package.ps1'
[0.709s] INFO:colcon.colcon_core.shell:Creating package descriptor '/home/jeni/Cook_subgoal_test/unity_cooking/ROS2/install/panda_moveit_config/share/panda_moveit_config/package.dsv'
[0.709s] INFO:colcon.colcon_core.shell:Creating package script '/home/jeni/Cook_subgoal_test/unity_cooking/ROS2/install/panda_moveit_config/share/panda_moveit_config/package.sh'
[0.709s] INFO:colcon.colcon_core.shell:Creating package script '/home/jeni/Cook_subgoal_test/unity_cooking/ROS2/install/panda_moveit_config/share/panda_moveit_config/package.bash'
[0.709s] INFO:colcon.colcon_core.shell:Creating package script '/home/jeni/Cook_subgoal_test/unity_cooking/ROS2/install/panda_moveit_config/share/panda_moveit_config/package.zsh'
[0.709s] Level 1:colcon.colcon_core.environment:create_file_with_runtime_dependencies(/home/jeni/Cook_subgoal_test/unity_cooking/ROS2/install/panda_moveit_config/share/colcon-core/packages/panda_moveit_config)
[0.710s] Level 1:colcon.colcon_core.environment:create_environment_scripts_only(panda_moveit_config)
[0.710s] Level 1:colcon.colcon_core.environment:checking '/home/jeni/Cook_subgoal_test/unity_cooking/ROS2/install/panda_moveit_config' for CMake module files
[0.710s] Level 1:colcon.colcon_core.environment:checking '/home/jeni/Cook_subgoal_test/unity_cooking/ROS2/install/panda_moveit_config' for CMake config files
[0.710s] Level 1:colcon.colcon_core.shell:create_environment_hook('panda_moveit_config', 'cmake_prefix_path')
[0.710s] INFO:colcon.colcon_core.shell:Creating environment hook '/home/jeni/Cook_subgoal_test/unity_cooking/ROS2/install/panda_moveit_config/share/panda_moveit_config/hook/cmake_prefix_path.ps1'
[0.710s] INFO:colcon.colcon_core.shell:Creating environment descriptor '/home/jeni/Cook_subgoal_test/unity_cooking/ROS2/install/panda_moveit_config/share/panda_moveit_config/hook/cmake_prefix_path.dsv'
[0.710s] INFO:colcon.colcon_core.shell:Creating environment hook '/home/jeni/Cook_subgoal_test/unity_cooking/ROS2/install/panda_moveit_config/share/panda_moveit_config/hook/cmake_prefix_path.sh'
[0.711s] Level 1:colcon.colcon_core.environment:checking '/home/jeni/Cook_subgoal_test/unity_cooking/ROS2/install/panda_moveit_config/bin'
[0.711s] Level 1:colcon.colcon_core.environment:checking '/home/jeni/Cook_subgoal_test/unity_cooking/ROS2/install/panda_moveit_config/lib/pkgconfig/panda_moveit_config.pc'
[0.711s] Level 1:colcon.colcon_core.environment:checking '/home/jeni/Cook_subgoal_test/unity_cooking/ROS2/install/panda_moveit_config/lib/python3.10/site-packages'
[0.711s] Level 1:colcon.colcon_core.environment:checking '/home/jeni/Cook_subgoal_test/unity_cooking/ROS2/install/panda_moveit_config/bin'
[0.711s] INFO:colcon.colcon_core.shell:Creating package script '/home/jeni/Cook_subgoal_test/unity_cooking/ROS2/install/panda_moveit_config/share/panda_moveit_config/package.ps1'
[0.711s] INFO:colcon.colcon_core.shell:Creating package descriptor '/home/jeni/Cook_subgoal_test/unity_cooking/ROS2/install/panda_moveit_config/share/panda_moveit_config/package.dsv'
[0.711s] INFO:colcon.colcon_core.shell:Creating package script '/home/jeni/Cook_subgoal_test/unity_cooking/ROS2/install/panda_moveit_config/share/panda_moveit_config/package.sh'
[0.711s] INFO:colcon.colcon_core.shell:Creating package script '/home/jeni/Cook_subgoal_test/unity_cooking/ROS2/install/panda_moveit_config/share/panda_moveit_config/package.bash'
[0.711s] INFO:colcon.colcon_core.shell:Creating package script '/home/jeni/Cook_subgoal_test/unity_cooking/ROS2/install/panda_moveit_config/share/panda_moveit_config/package.zsh'
[0.712s] Level 1:colcon.colcon_core.environment:create_file_with_runtime_dependencies(/home/jeni/Cook_subgoal_test/unity_cooking/ROS2/install/panda_moveit_config/share/colcon-core/packages/panda_moveit_config)
[0.819s] DEBUG:colcon.colcon_core.event_handler.log_command:Invoked command in '/home/jeni/Cook_subgoal_test/unity_cooking/ROS2/build/ros_tcp_endpoint' returned '0': CMAKE_PREFIX_PATH=${CMAKE_PREFIX_PATH}:/opt/ros/humble /usr/bin/cmake /home/jeni/Cook_subgoal_test/unity_cooking/ROS2/src/ros_tcp_endpoint -DCMAKE_INSTALL_PREFIX=/home/jeni/Cook_subgoal_test/unity_cooking/ROS2/install/ros_tcp_endpoint
[0.819s] DEBUG:colcon.colcon_core.event_handler.log_command:Invoking command in '/home/jeni/Cook_subgoal_test/unity_cooking/ROS2/build/ros_tcp_endpoint': CMAKE_PREFIX_PATH=${CMAKE_PREFIX_PATH}:/opt/ros/humble /usr/bin/cmake --build /home/jeni/Cook_subgoal_test/unity_cooking/ROS2/build/ros_tcp_endpoint -- -j16 -l16
[1.836s] DEBUG:colcon.colcon_core.event_handler.log_command:Invoked command in '/home/jeni/Cook_subgoal_test/unity_cooking/ROS2/build/ros_tcp_endpoint' returned '0': CMAKE_PREFIX_PATH=${CMAKE_PREFIX_PATH}:/opt/ros/humble /usr/bin/cmake --build /home/jeni/Cook_subgoal_test/unity_cooking/ROS2/build/ros_tcp_endpoint -- -j16 -l16
[1.837s] DEBUG:colcon.colcon_core.event_handler.log_command:Invoking command in '/home/jeni/Cook_subgoal_test/unity_cooking/ROS2/build/ros_tcp_endpoint': CMAKE_PREFIX_PATH=${CMAKE_PREFIX_PATH}:/opt/ros/humble /usr/bin/cmake --install /home/jeni/Cook_subgoal_test/unity_cooking/ROS2/build/ros_tcp_endpoint
[1.868s] Level 1:colcon.colcon_core.environment:create_environment_scripts_only(ros_tcp_endpoint)
[1.868s] Level 1:colcon.colcon_core.environment:checking '/home/jeni/Cook_subgoal_test/unity_cooking/ROS2/install/ros_tcp_endpoint' for CMake module files
[1.868s] DEBUG:colcon.colcon_core.event_handler.log_command:Invoked command in '/home/jeni/Cook_subgoal_test/unity_cooking/ROS2/build/ros_tcp_endpoint' returned '0': CMAKE_PREFIX_PATH=${CMAKE_PREFIX_PATH}:/opt/ros/humble /usr/bin/cmake --install /home/jeni/Cook_subgoal_test/unity_cooking/ROS2/build/ros_tcp_endpoint
[1.869s] Level 1:colcon.colcon_core.environment:checking '/home/jeni/Cook_subgoal_test/unity_cooking/ROS2/install/ros_tcp_endpoint' for CMake config files
[1.869s] Level 1:colcon.colcon_core.shell:create_environment_hook('ros_tcp_endpoint', 'cmake_prefix_path')
[1.869s] INFO:colcon.colcon_core.shell:Creating environment hook '/home/jeni/Cook_subgoal_test/unity_cooking/ROS2/install/ros_tcp_endpoint/share/ros_tcp_endpoint/hook/cmake_prefix_path.ps1'
[1.869s] INFO:colcon.colcon_core.shell:Creating environment descriptor '/home/jeni/Cook_subgoal_test/unity_cooking/ROS2/install/ros_tcp_endpoint/share/ros_tcp_endpoint/hook/cmake_prefix_path.dsv'
[1.869s] INFO:colcon.colcon_core.shell:Creating environment hook '/home/jeni/Cook_subgoal_test/unity_cooking/ROS2/install/ros_tcp_endpoint/share/ros_tcp_endpoint/hook/cmake_prefix_path.sh'
[1.869s] Level 1:colcon.colcon_core.environment:checking '/home/jeni/Cook_subgoal_test/unity_cooking/ROS2/install/ros_tcp_endpoint/lib'
[1.870s] Level 1:colcon.colcon_core.shell:create_environment_hook('ros_tcp_endpoint', 'ld_library_path_lib')
[1.870s] INFO:colcon.colcon_core.shell:Creating environment hook '/home/jeni/Cook_subgoal_test/unity_cooking/ROS2/install/ros_tcp_endpoint/share/ros_tcp_endpoint/hook/ld_library_path_lib.ps1'
[1.870s] INFO:colcon.colcon_core.shell:Creating environment descriptor '/home/jeni/Cook_subgoal_test/unity_cooking/ROS2/install/ros_tcp_endpoint/share/ros_tcp_endpoint/hook/ld_library_path_lib.dsv'
[1.870s] INFO:colcon.colcon_core.shell:Creating environment hook '/home/jeni/Cook_subgoal_test/unity_cooking/ROS2/install/ros_tcp_endpoint/share/ros_tcp_endpoint/hook/ld_library_path_lib.sh'
[1.870s] Level 1:colcon.colcon_core.environment:checking '/home/jeni/Cook_subgoal_test/unity_cooking/ROS2/install/ros_tcp_endpoint/bin'
[1.870s] Level 1:colcon.colcon_core.environment:checking '/home/jeni/Cook_subgoal_test/unity_cooking/ROS2/install/ros_tcp_endpoint/lib/pkgconfig/ros_tcp_endpoint.pc'
[1.870s] Level 1:colcon.colcon_core.environment:checking '/home/jeni/Cook_subgoal_test/unity_cooking/ROS2/install/ros_tcp_endpoint/lib/python3.10/site-packages'
[1.870s] Level 1:colcon.colcon_core.environment:checking '/home/jeni/Cook_subgoal_test/unity_cooking/ROS2/install/ros_tcp_endpoint/bin'
[1.870s] INFO:colcon.colcon_core.shell:Creating package script '/home/jeni/Cook_subgoal_test/unity_cooking/ROS2/install/ros_tcp_endpoint/share/ros_tcp_endpoint/package.ps1'
[1.870s] INFO:colcon.colcon_core.shell:Creating package descriptor '/home/jeni/Cook_subgoal_test/unity_cooking/ROS2/install/ros_tcp_endpoint/share/ros_tcp_endpoint/package.dsv'
[1.871s] INFO:colcon.colcon_core.shell:Creating package script '/home/jeni/Cook_subgoal_test/unity_cooking/ROS2/install/ros_tcp_endpoint/share/ros_tcp_endpoint/package.sh'
[1.871s] INFO:colcon.colcon_core.shell:Creating package script '/home/jeni/Cook_subgoal_test/unity_cooking/ROS2/install/ros_tcp_endpoint/share/ros_tcp_endpoint/package.bash'
[1.871s] INFO:colcon.colcon_core.shell:Creating package script '/home/jeni/Cook_subgoal_test/unity_cooking/ROS2/install/ros_tcp_endpoint/share/ros_tcp_endpoint/package.zsh'
[1.871s] Level 1:colcon.colcon_core.environment:create_file_with_runtime_dependencies(/home/jeni/Cook_subgoal_test/unity_cooking/ROS2/install/ros_tcp_endpoint/share/colcon-core/packages/ros_tcp_endpoint)
[1.871s] Level 1:colcon.colcon_core.environment:create_environment_scripts_only(ros_tcp_endpoint)
[1.871s] Level 1:colcon.colcon_core.environment:checking '/home/jeni/Cook_subgoal_test/unity_cooking/ROS2/install/ros_tcp_endpoint' for CMake module files
[1.872s] Level 1:colcon.colcon_core.environment:checking '/home/jeni/Cook_subgoal_test/unity_cooking/ROS2/install/ros_tcp_endpoint' for CMake config files
[1.872s] Level 1:colcon.colcon_core.shell:create_environment_hook('ros_tcp_endpoint', 'cmake_prefix_path')
[1.872s] INFO:colcon.colcon_core.shell:Creating environment hook '/home/jeni/Cook_subgoal_test/unity_cooking/ROS2/install/ros_tcp_endpoint/share/ros_tcp_endpoint/hook/cmake_prefix_path.ps1'
[1.872s] INFO:colcon.colcon_core.shell:Creating environment descriptor '/home/jeni/Cook_subgoal_test/unity_cooking/ROS2/install/ros_tcp_endpoint/share/ros_tcp_endpoint/hook/cmake_prefix_path.dsv'
[1.872s] INFO:colcon.colcon_core.shell:Creating environment hook '/home/jeni/Cook_subgoal_test/unity_cooking/ROS2/install/ros_tcp_endpoint/share/ros_tcp_endpoint/hook/cmake_prefix_path.sh'
[1.872s] Level 1:colcon.colcon_core.environment:checking '/home/jeni/Cook_subgoal_test/unity_cooking/ROS2/install/ros_tcp_endpoint/lib'
[1.872s] Level 1:colcon.colcon_core.shell:create_environment_hook('ros_tcp_endpoint', 'ld_library_path_lib')
[1.872s] INFO:colcon.colcon_core.shell:Creating environment hook '/home/jeni/Cook_subgoal_test/unity_cooking/ROS2/install/ros_tcp_endpoint/share/ros_tcp_endpoint/hook/ld_library_path_lib.ps1'
[1.872s] INFO:colcon.colcon_core.shell:Creating environment descriptor '/home/jeni/Cook_subgoal_test/unity_cooking/ROS2/install/ros_tcp_endpoint/share/ros_tcp_endpoint/hook/ld_library_path_lib.dsv'
[1.872s] INFO:colcon.colcon_core.shell:Creating environment hook '/home/jeni/Cook_subgoal_test/unity_cooking/ROS2/install/ros_tcp_endpoint/share/ros_tcp_endpoint/hook/ld_library_path_lib.sh'
[1.873s] Level 1:colcon.colcon_core.environment:checking '/home/jeni/Cook_subgoal_test/unity_cooking/ROS2/install/ros_tcp_endpoint/bin'
[1.873s] Level 1:colcon.colcon_core.environment:checking '/home/jeni/Cook_subgoal_test/unity_cooking/ROS2/install/ros_tcp_endpoint/lib/pkgconfig/ros_tcp_endpoint.pc'
[1.873s] Level 1:colcon.colcon_core.environment:checking '/home/jeni/Cook_subgoal_test/unity_cooking/ROS2/install/ros_tcp_endpoint/lib/python3.10/site-packages'
[1.873s] Level 1:colcon.colcon_core.environment:checking '/home/jeni/Cook_subgoal_test/unity_cooking/ROS2/install/ros_tcp_endpoint/bin'
[1.873s] INFO:colcon.colcon_core.shell:Creating package script '/home/jeni/Cook_subgoal_test/unity_cooking/ROS2/install/ros_tcp_endpoint/share/ros_tcp_endpoint/package.ps1'
[1.873s] INFO:colcon.colcon_core.shell:Creating package descriptor '/home/jeni/Cook_subgoal_test/unity_cooking/ROS2/install/ros_tcp_endpoint/share/ros_tcp_endpoint/package.dsv'
[1.873s] INFO:colcon.colcon_core.shell:Creating package script '/home/jeni/Cook_subgoal_test/unity_cooking/ROS2/install/ros_tcp_endpoint/share/ros_tcp_endpoint/package.sh'
[1.874s] INFO:colcon.colcon_core.shell:Creating package script '/home/jeni/Cook_subgoal_test/unity_cooking/ROS2/install/ros_tcp_endpoint/share/ros_tcp_endpoint/package.bash'
[1.874s] INFO:colcon.colcon_core.shell:Creating package script '/home/jeni/Cook_subgoal_test/unity_cooking/ROS2/install/ros_tcp_endpoint/share/ros_tcp_endpoint/package.zsh'
[1.874s] Level 1:colcon.colcon_core.environment:create_file_with_runtime_dependencies(/home/jeni/Cook_subgoal_test/unity_cooking/ROS2/install/ros_tcp_endpoint/share/colcon-core/packages/ros_tcp_endpoint)
[1.874s] INFO:colcon.colcon_ros.task.ament_cmake.build:Building ROS package in '/home/jeni/Cook_subgoal_test/unity_cooking/ROS2/src/panda_move' with build type 'ament_cmake'
[1.874s] INFO:colcon.colcon_cmake.task.cmake.build:Building CMake package in '/home/jeni/Cook_subgoal_test/unity_cooking/ROS2/src/panda_move'
[1.874s] INFO:colcon.colcon_core.shell:Skip shell extension 'powershell' for command environment: Not usable outside of PowerShell
[1.874s] DEBUG:colcon.colcon_core.shell:Skip shell extension 'dsv' for command environment
[1.878s] DEBUG:colcon.colcon_core.event_handler.log_command:Invoking command in '/home/jeni/Cook_subgoal_test/unity_cooking/ROS2/build/panda_move': CMAKE_PREFIX_PATH=${CMAKE_PREFIX_PATH}:/opt/ros/humble LD_LIBRARY_PATH=/home/jeni/Cook_subgoal_test/unity_cooking/ROS2/install/ros_tcp_endpoint/lib:/home/jeni/Cook_subgoal_test/unity_cooking/ROS2/src/install/my_ros_tcp_endpoint/lib:/usr/local/cuda-12.4/lib64:/opt/ros/humble/opt/rviz_ogre_vendor/lib:/opt/ros/humble/lib/x86_64-linux-gnu:/opt/ros/humble/lib:/usr/local/cuda-12.4/lib64 /usr/bin/cmake /home/jeni/Cook_subgoal_test/unity_cooking/ROS2/src/panda_move -DCMAKE_INSTALL_PREFIX=/home/jeni/Cook_subgoal_test/unity_cooking/ROS2/install/panda_move
[2.692s] DEBUG:colcon.colcon_core.event_handler.log_command:Invoked command in '/home/jeni/Cook_subgoal_test/unity_cooking/ROS2/build/panda_move' returned '1': CMAKE_PREFIX_PATH=${CMAKE_PREFIX_PATH}:/opt/ros/humble LD_LIBRARY_PATH=/home/jeni/Cook_subgoal_test/unity_cooking/ROS2/install/ros_tcp_endpoint/lib:/home/jeni/Cook_subgoal_test/unity_cooking/ROS2/src/install/my_ros_tcp_endpoint/lib:/usr/local/cuda-12.4/lib64:/opt/ros/humble/opt/rviz_ogre_vendor/lib:/opt/ros/humble/lib/x86_64-linux-gnu:/opt/ros/humble/lib:/usr/local/cuda-12.4/lib64 /usr/bin/cmake /home/jeni/Cook_subgoal_test/unity_cooking/ROS2/src/panda_move -DCMAKE_INSTALL_PREFIX=/home/jeni/Cook_subgoal_test/unity_cooking/ROS2/install/panda_move
[2.699s] Level 1:colcon.colcon_core.environment:create_environment_scripts_only(panda_move)
[2.699s] Level 1:colcon.colcon_core.environment:checking '/home/jeni/Cook_subgoal_test/unity_cooking/ROS2/install/panda_move' for CMake module files
[2.699s] Level 1:colcon.colcon_core.environment:checking '/home/jeni/Cook_subgoal_test/unity_cooking/ROS2/install/panda_move' for CMake config files
[2.699s] Level 1:colcon.colcon_core.environment:checking '/home/jeni/Cook_subgoal_test/unity_cooking/ROS2/install/panda_move/bin'
[2.699s] Level 1:colcon.colcon_core.environment:checking '/home/jeni/Cook_subgoal_test/unity_cooking/ROS2/install/panda_move/lib/pkgconfig/panda_move.pc'
[2.699s] Level 1:colcon.colcon_core.environment:checking '/home/jeni/Cook_subgoal_test/unity_cooking/ROS2/install/panda_move/lib/python3.10/site-packages'
[2.699s] Level 1:colcon.colcon_core.environment:checking '/home/jeni/Cook_subgoal_test/unity_cooking/ROS2/install/panda_move/bin'
[2.699s] INFO:colcon.colcon_core.shell:Creating package script '/home/jeni/Cook_subgoal_test/unity_cooking/ROS2/install/panda_move/share/panda_move/package.ps1'
[2.700s] INFO:colcon.colcon_core.shell:Creating package descriptor '/home/jeni/Cook_subgoal_test/unity_cooking/ROS2/install/panda_move/share/panda_move/package.dsv'
[2.700s] INFO:colcon.colcon_core.shell:Creating package script '/home/jeni/Cook_subgoal_test/unity_cooking/ROS2/install/panda_move/share/panda_move/package.sh'
[2.700s] INFO:colcon.colcon_core.shell:Creating package script '/home/jeni/Cook_subgoal_test/unity_cooking/ROS2/install/panda_move/share/panda_move/package.bash'
[2.700s] INFO:colcon.colcon_core.shell:Creating package script '/home/jeni/Cook_subgoal_test/unity_cooking/ROS2/install/panda_move/share/panda_move/package.zsh'
[2.700s] Level 1:colcon.colcon_core.environment:create_file_with_runtime_dependencies(/home/jeni/Cook_subgoal_test/unity_cooking/ROS2/install/panda_move/share/colcon-core/packages/panda_move)
[2.710s] DEBUG:colcon.colcon_parallel_executor.executor.parallel:closing loop
[2.710s] DEBUG:colcon.colcon_parallel_executor.executor.parallel:loop closed
[2.710s] DEBUG:colcon.colcon_parallel_executor.executor.parallel:run_until_complete finished with '1'
[2.710s] DEBUG:colcon.colcon_core.event_reactor:joining thread
[2.713s] INFO:colcon.colcon_core.plugin_system:Skipping extension 'colcon_notification.desktop_notification.terminal_notifier': Not used on non-Darwin systems
[2.713s] INFO:colcon.colcon_core.plugin_system:Skipping extension 'colcon_notification.desktop_notification.win32': Not used on non-Windows systems
[2.713s] INFO:colcon.colcon_notification.desktop_notification:Sending desktop notification using 'notify2'
[2.718s] DEBUG:colcon.colcon_core.event_reactor:joined thread
[2.719s] INFO:colcon.colcon_core.shell:Creating prefix script '/home/jeni/Cook_subgoal_test/unity_cooking/ROS2/install/local_setup.ps1'
[2.719s] INFO:colcon.colcon_core.shell:Creating prefix util module '/home/jeni/Cook_subgoal_test/unity_cooking/ROS2/install/_local_setup_util_ps1.py'
[2.720s] INFO:colcon.colcon_core.shell:Creating prefix chain script '/home/jeni/Cook_subgoal_test/unity_cooking/ROS2/install/setup.ps1'
[2.721s] INFO:colcon.colcon_core.shell:Creating prefix script '/home/jeni/Cook_subgoal_test/unity_cooking/ROS2/install/local_setup.sh'
[2.721s] INFO:colcon.colcon_core.shell:Creating prefix util module '/home/jeni/Cook_subgoal_test/unity_cooking/ROS2/install/_local_setup_util_sh.py'
[2.721s] INFO:colcon.colcon_core.shell:Creating prefix chain script '/home/jeni/Cook_subgoal_test/unity_cooking/ROS2/install/setup.sh'
[2.721s] INFO:colcon.colcon_core.shell:Creating prefix script '/home/jeni/Cook_subgoal_test/unity_cooking/ROS2/install/local_setup.bash'
[2.722s] INFO:colcon.colcon_core.shell:Creating prefix chain script '/home/jeni/Cook_subgoal_test/unity_cooking/ROS2/install/setup.bash'
[2.722s] INFO:colcon.colcon_core.shell:Creating prefix script '/home/jeni/Cook_subgoal_test/unity_cooking/ROS2/install/local_setup.zsh'
[2.722s] INFO:colcon.colcon_core.shell:Creating prefix chain script '/home/jeni/Cook_subgoal_test/unity_cooking/ROS2/install/setup.zsh'
