[0.004s] Invoking command in '/home/jeni/Cook_subgoal_test/unity_cooking/ROS2/build/ros_tcp_endpoint': CMAKE_PREFIX_PATH=${CMAKE_PREFIX_PATH}:/opt/ros/humble /usr/bin/cmake /home/jeni/Cook_subgoal_test/unity_cooking/ROS2/src/ros_tcp_endpoint -DCMAKE_INSTALL_PREFIX=/home/jeni/Cook_subgoal_test/unity_cooking/ROS2/install/ros_tcp_endpoint
[0.028s] -- The C compiler identification is GNU 11.4.0
[0.053s] -- The CXX compiler identification is GNU 11.4.0
[0.056s] -- Detecting C compiler ABI info
[0.081s] -- Detecting C compiler ABI info - done
[0.084s] -- Check for working C compiler: /usr/bin/cc - skipped
[0.084s] -- Detecting C compile features
[0.084s] -- Detecting C compile features - done
[0.085s] -- Detecting CXX compiler ABI info
[0.118s] -- Detecting CXX compiler ABI info - done
[0.121s] -- Check for working CXX compiler: /usr/bin/c++ - skipped
[0.121s] -- Detecting CXX compile features
[0.121s] -- Detecting CXX compile features - done
[0.122s] -- Found ament_cmake: 1.3.12 (/opt/ros/humble/share/ament_cmake/cmake)
[0.184s] -- Found Python3: /usr/bin/python3 (found version "3.10.12") found components: Interpreter 
[0.224s] -- Found rclpy: 3.3.17 (/opt/ros/humble/share/rclpy/cmake)
[0.224s] -- Found std_msgs: 4.9.0 (/opt/ros/humble/share/std_msgs/cmake)
[0.238s] -- Found rosidl_generator_c: 3.1.7 (/opt/ros/humble/share/rosidl_generator_c/cmake)
[0.240s] -- Found rosidl_adapter: 3.1.7 (/opt/ros/humble/share/rosidl_adapter/cmake)
[0.244s] -- Found rosidl_generator_cpp: 3.1.7 (/opt/ros/humble/share/rosidl_generator_cpp/cmake)
[0.249s] -- Using all available rosidl_typesupport_c: rosidl_typesupport_fastrtps_c;rosidl_typesupport_introspection_c
[0.255s] -- Using all available rosidl_typesupport_cpp: rosidl_typesupport_fastrtps_cpp;rosidl_typesupport_introspection_cpp
[0.265s] -- Found rosidl_default_generators: 1.2.0 (/opt/ros/humble/share/rosidl_default_generators/cmake)
[0.397s] -- Found ament_cmake_ros: 0.10.0 (/opt/ros/humble/share/ament_cmake_ros/cmake)
[0.562s] -- Using all available rosidl_typesupport_c: rosidl_typesupport_fastrtps_c;rosidl_typesupport_introspection_c
[0.626s] -- Using all available rosidl_typesupport_cpp: rosidl_typesupport_fastrtps_cpp;rosidl_typesupport_introspection_cpp
[0.636s] -- Found PythonInterp: /usr/bin/python3 (found suitable version "3.10.12", minimum required is "3.6") 
[0.636s] -- Found python_cmake_module: 0.10.0 (/opt/ros/humble/share/python_cmake_module/cmake)
[0.649s] -- Found PythonLibs: /usr/lib/x86_64-linux-gnu/libpython3.10.so (found suitable version "3.10.12", minimum required is "3.5") 
[0.649s] -- Using PYTHON_EXECUTABLE: /usr/bin/python3
[0.649s] -- Using PYTHON_INCLUDE_DIRS: /usr/include/python3.10
[0.649s] -- Using PYTHON_LIBRARIES: /usr/lib/x86_64-linux-gnu/libpython3.10.so
[0.659s] -- Found PythonExtra: .so  
[0.682s] -- Configuring done
[0.695s] -- Generating done
[0.700s] -- Build files have been written to: /home/jeni/Cook_subgoal_test/unity_cooking/ROS2/build/ros_tcp_endpoint
[0.704s] Invoked command in '/home/jeni/Cook_subgoal_test/unity_cooking/ROS2/build/ros_tcp_endpoint' returned '0': CMAKE_PREFIX_PATH=${CMAKE_PREFIX_PATH}:/opt/ros/humble /usr/bin/cmake /home/jeni/Cook_subgoal_test/unity_cooking/ROS2/src/ros_tcp_endpoint -DCMAKE_INSTALL_PREFIX=/home/jeni/Cook_subgoal_test/unity_cooking/ROS2/install/ros_tcp_endpoint
[0.705s] Invoking command in '/home/jeni/Cook_subgoal_test/unity_cooking/ROS2/build/ros_tcp_endpoint': CMAKE_PREFIX_PATH=${CMAKE_PREFIX_PATH}:/opt/ros/humble /usr/bin/cmake --build /home/jeni/Cook_subgoal_test/unity_cooking/ROS2/build/ros_tcp_endpoint -- -j16 -l16
[0.726s] [  1%] [34m[1mGenerating C code for ROS interfaces[0m
[0.730s] [  3%] [34m[1mGenerating C++ code for ROS interfaces[0m
[0.732s] [  3%] Built target ament_cmake_python_copy_ros_tcp_endpoint
[0.840s] running egg_info
[0.840s] creating ros_tcp_endpoint.egg-info
[0.840s] writing ros_tcp_endpoint.egg-info/PKG-INFO
[0.840s] writing dependency_links to ros_tcp_endpoint.egg-info/dependency_links.txt
[0.840s] writing top-level names to ros_tcp_endpoint.egg-info/top_level.txt
[0.840s] writing manifest file 'ros_tcp_endpoint.egg-info/SOURCES.txt'
[0.841s] reading manifest file 'ros_tcp_endpoint.egg-info/SOURCES.txt'
[0.841s] writing manifest file 'ros_tcp_endpoint.egg-info/SOURCES.txt'
[0.854s] [  3%] Built target ament_cmake_python_build_ros_tcp_endpoint_egg
[0.896s] [  3%] Built target ros_tcp_endpoint__cpp
[0.899s] [  7%] [34m[1mGenerating C++ type support for eProsima Fast-RTPS[0m
[0.899s] [  7%] [34m[1mGenerating C++ type support dispatch for ROS interfaces[0m
[0.900s] [  9%] [34m[1mGenerating C++ introspection for ROS interfaces[0m
[0.903s] [ 10%] [32mBuilding C object CMakeFiles/ros_tcp_endpoint__rosidl_generator_c.dir/rosidl_generator_c/ros_tcp_endpoint/msg/detail/ros_unity_srv_message__functions.c.o[0m
[0.903s] [ 12%] [32mBuilding C object CMakeFiles/ros_tcp_endpoint__rosidl_generator_c.dir/rosidl_generator_c/ros_tcp_endpoint/msg/detail/ros_unity_error__functions.c.o[0m
[0.903s] [ 14%] [32mBuilding C object CMakeFiles/ros_tcp_endpoint__rosidl_generator_c.dir/rosidl_generator_c/ros_tcp_endpoint/msg/detail/ros_unity_sys_command__functions.c.o[0m
[0.903s] [ 16%] [32mBuilding C object CMakeFiles/ros_tcp_endpoint__rosidl_generator_c.dir/rosidl_generator_c/ros_tcp_endpoint/srv/detail/ros_unity_topic_list__functions.c.o[0m
[0.932s] [ 18%] [32m[1mLinking C shared library libros_tcp_endpoint__rosidl_generator_c.so[0m
[0.950s] [ 18%] Built target ros_tcp_endpoint__rosidl_generator_c
[0.955s] [ 23%] [34m[1mGenerating C type support dispatch for ROS interfaces[0m
[0.955s] [ 23%] [34m[1mGenerating C introspection for ROS interfaces[0m
[0.955s] [ 23%] [34m[1mGenerating C type support for eProsima Fast-RTPS[0m
[1.036s] [ 25%] [32mBuilding CXX object CMakeFiles/ros_tcp_endpoint__rosidl_typesupport_cpp.dir/rosidl_typesupport_cpp/ros_tcp_endpoint/msg/ros_unity_srv_message__type_support.cpp.o[0m
[1.036s] [ 29%] [32mBuilding CXX object CMakeFiles/ros_tcp_endpoint__rosidl_typesupport_cpp.dir/rosidl_typesupport_cpp/ros_tcp_endpoint/srv/ros_unity_topic_list__type_support.cpp.o[0m
[1.036s] [ 29%] [32mBuilding CXX object CMakeFiles/ros_tcp_endpoint__rosidl_typesupport_cpp.dir/rosidl_typesupport_cpp/ros_tcp_endpoint/msg/ros_unity_error__type_support.cpp.o[0m
[1.036s] [ 30%] [32mBuilding CXX object CMakeFiles/ros_tcp_endpoint__rosidl_typesupport_cpp.dir/rosidl_typesupport_cpp/ros_tcp_endpoint/msg/ros_unity_sys_command__type_support.cpp.o[0m
[1.057s] [ 36%] [32mBuilding CXX object CMakeFiles/ros_tcp_endpoint__rosidl_typesupport_introspection_cpp.dir/rosidl_typesupport_introspection_cpp/ros_tcp_endpoint/msg/detail/ros_unity_error__type_support.cpp.o[0m
[1.057s] [ 36%] [32mBuilding CXX object CMakeFiles/ros_tcp_endpoint__rosidl_typesupport_introspection_cpp.dir/rosidl_typesupport_introspection_cpp/ros_tcp_endpoint/msg/detail/ros_unity_srv_message__type_support.cpp.o[0m
[1.057s] [ 38%] [32mBuilding CXX object CMakeFiles/ros_tcp_endpoint__rosidl_typesupport_introspection_cpp.dir/rosidl_typesupport_introspection_cpp/ros_tcp_endpoint/srv/detail/ros_unity_topic_list__type_support.cpp.o[0m
[1.057s] [ 38%] [32mBuilding CXX object CMakeFiles/ros_tcp_endpoint__rosidl_typesupport_introspection_cpp.dir/rosidl_typesupport_introspection_cpp/ros_tcp_endpoint/msg/detail/ros_unity_sys_command__type_support.cpp.o[0m
[1.087s] [ 41%] [32mBuilding CXX object CMakeFiles/ros_tcp_endpoint__rosidl_typesupport_fastrtps_cpp.dir/rosidl_typesupport_fastrtps_cpp/ros_tcp_endpoint/msg/detail/dds_fastrtps/ros_unity_srv_message__type_support.cpp.o[0m
[1.087s] [ 41%] [32mBuilding CXX object CMakeFiles/ros_tcp_endpoint__rosidl_typesupport_fastrtps_cpp.dir/rosidl_typesupport_fastrtps_cpp/ros_tcp_endpoint/msg/detail/dds_fastrtps/ros_unity_sys_command__type_support.cpp.o[0m
[1.090s] [ 43%] [32mBuilding CXX object CMakeFiles/ros_tcp_endpoint__rosidl_typesupport_fastrtps_cpp.dir/rosidl_typesupport_fastrtps_cpp/ros_tcp_endpoint/srv/detail/dds_fastrtps/ros_unity_topic_list__type_support.cpp.o[0m
[1.091s] [ 45%] [32mBuilding CXX object CMakeFiles/ros_tcp_endpoint__rosidl_typesupport_fastrtps_cpp.dir/rosidl_typesupport_fastrtps_cpp/ros_tcp_endpoint/msg/detail/dds_fastrtps/ros_unity_error__type_support.cpp.o[0m
[1.112s] [ 47%] [32mBuilding CXX object CMakeFiles/ros_tcp_endpoint__rosidl_typesupport_c.dir/rosidl_typesupport_c/ros_tcp_endpoint/msg/ros_unity_srv_message__type_support.cpp.o[0m
[1.114s] [ 49%] [32mBuilding CXX object CMakeFiles/ros_tcp_endpoint__rosidl_typesupport_c.dir/rosidl_typesupport_c/ros_tcp_endpoint/msg/ros_unity_error__type_support.cpp.o[0m
[1.162s] [ 50%] [32mBuilding CXX object CMakeFiles/ros_tcp_endpoint__rosidl_typesupport_c.dir/rosidl_typesupport_c/ros_tcp_endpoint/msg/ros_unity_sys_command__type_support.cpp.o[0m
[1.184s] [ 52%] [32mBuilding CXX object CMakeFiles/ros_tcp_endpoint__rosidl_typesupport_c.dir/rosidl_typesupport_c/ros_tcp_endpoint/srv/ros_unity_topic_list__type_support.cpp.o[0m
[1.203s] [ 56%] [32mBuilding C object CMakeFiles/ros_tcp_endpoint__rosidl_typesupport_introspection_c.dir/rosidl_typesupport_introspection_c/ros_tcp_endpoint/msg/detail/ros_unity_error__type_support.c.o[0m
[1.203s] [ 56%] [32mBuilding C object CMakeFiles/ros_tcp_endpoint__rosidl_typesupport_introspection_c.dir/rosidl_typesupport_introspection_c/ros_tcp_endpoint/msg/detail/ros_unity_sys_command__type_support.c.o[0m
[1.203s] [ 58%] [32mBuilding C object CMakeFiles/ros_tcp_endpoint__rosidl_typesupport_introspection_c.dir/rosidl_typesupport_introspection_c/ros_tcp_endpoint/srv/detail/ros_unity_topic_list__type_support.c.o[0m
[1.207s] [ 60%] [32m[1mLinking CXX shared library libros_tcp_endpoint__rosidl_typesupport_c.so[0m
[1.207s] [ 61%] [32mBuilding C object CMakeFiles/ros_tcp_endpoint__rosidl_typesupport_introspection_c.dir/rosidl_typesupport_introspection_c/ros_tcp_endpoint/msg/detail/ros_unity_srv_message__type_support.c.o[0m
[1.220s] [ 63%] [32mBuilding CXX object CMakeFiles/ros_tcp_endpoint__rosidl_typesupport_fastrtps_c.dir/rosidl_typesupport_fastrtps_c/ros_tcp_endpoint/msg/detail/ros_unity_error__type_support_c.cpp.o[0m
[1.220s] [ 65%] [32m[1mLinking CXX shared library libros_tcp_endpoint__rosidl_typesupport_cpp.so[0m
[1.222s] [ 67%] [32mBuilding CXX object CMakeFiles/ros_tcp_endpoint__rosidl_typesupport_fastrtps_c.dir/rosidl_typesupport_fastrtps_c/ros_tcp_endpoint/msg/detail/ros_unity_srv_message__type_support_c.cpp.o[0m
[1.239s] [ 69%] [32m[1mLinking C shared library libros_tcp_endpoint__rosidl_typesupport_introspection_c.so[0m
[1.241s] [ 70%] [32mBuilding CXX object CMakeFiles/ros_tcp_endpoint__rosidl_typesupport_fastrtps_c.dir/rosidl_typesupport_fastrtps_c/ros_tcp_endpoint/msg/detail/ros_unity_sys_command__type_support_c.cpp.o[0m
[1.249s] [ 72%] [32mBuilding CXX object CMakeFiles/ros_tcp_endpoint__rosidl_typesupport_fastrtps_c.dir/rosidl_typesupport_fastrtps_c/ros_tcp_endpoint/srv/detail/ros_unity_topic_list__type_support_c.cpp.o[0m
[1.257s] [ 72%] Built target ros_tcp_endpoint__rosidl_typesupport_c
[1.266s] [ 72%] Built target ros_tcp_endpoint__rosidl_typesupport_introspection_c
[1.269s] [ 72%] Built target ros_tcp_endpoint__rosidl_typesupport_cpp
[1.335s] [ 74%] [32m[1mLinking CXX shared library libros_tcp_endpoint__rosidl_typesupport_introspection_cpp.so[0m
[1.373s] [ 74%] Built target ros_tcp_endpoint__rosidl_typesupport_introspection_cpp
[1.383s] [ 76%] [32m[1mLinking CXX shared library libros_tcp_endpoint__rosidl_typesupport_fastrtps_cpp.so[0m
[1.418s] [ 76%] Built target ros_tcp_endpoint__rosidl_typesupport_fastrtps_cpp
[1.426s] [ 78%] [32m[1mLinking CXX shared library libros_tcp_endpoint__rosidl_typesupport_fastrtps_c.so[0m
[1.455s] [ 78%] Built target ros_tcp_endpoint__rosidl_typesupport_fastrtps_c
[1.463s] [ 78%] Built target ros_tcp_endpoint
[1.470s] [ 80%] [34m[1mGenerating Python code for ROS interfaces[0m
[1.696s] [ 80%] Built target ros_tcp_endpoint__py
[1.703s] [ 85%] [32mBuilding C object CMakeFiles/ros_tcp_endpoint__rosidl_generator_py.dir/rosidl_generator_py/ros_tcp_endpoint/msg/_ros_unity_srv_message_s.c.o[0m
[1.703s] [ 85%] [32mBuilding C object CMakeFiles/ros_tcp_endpoint__rosidl_generator_py.dir/rosidl_generator_py/ros_tcp_endpoint/msg/_ros_unity_error_s.c.o[0m
[1.703s] [ 85%] [32mBuilding C object CMakeFiles/ros_tcp_endpoint__rosidl_generator_py.dir/rosidl_generator_py/ros_tcp_endpoint/msg/_ros_unity_sys_command_s.c.o[0m
[1.703s] [ 87%] [32mBuilding C object CMakeFiles/ros_tcp_endpoint__rosidl_generator_py.dir/rosidl_generator_py/ros_tcp_endpoint/srv/_ros_unity_topic_list_s.c.o[0m
[1.750s] [ 89%] [32m[1mLinking C shared library rosidl_generator_py/ros_tcp_endpoint/libros_tcp_endpoint__rosidl_generator_py.so[0m
[1.766s] [ 89%] Built target ros_tcp_endpoint__rosidl_generator_py
[1.774s] [ 90%] [32mBuilding C object CMakeFiles/ros_tcp_endpoint__rosidl_typesupport_introspection_c__pyext.dir/rosidl_generator_py/ros_tcp_endpoint/_ros_tcp_endpoint_s.ep.rosidl_typesupport_introspection_c.c.o[0m
[1.774s] [ 94%] [32mBuilding C object CMakeFiles/ros_tcp_endpoint__rosidl_typesupport_fastrtps_c__pyext.dir/rosidl_generator_py/ros_tcp_endpoint/_ros_tcp_endpoint_s.ep.rosidl_typesupport_fastrtps_c.c.o[0m
[1.774s] [ 94%] [32mBuilding C object CMakeFiles/ros_tcp_endpoint__rosidl_typesupport_c__pyext.dir/rosidl_generator_py/ros_tcp_endpoint/_ros_tcp_endpoint_s.ep.rosidl_typesupport_c.c.o[0m
[1.818s] [100%] [32m[1mLinking C shared library rosidl_generator_py/ros_tcp_endpoint/ros_tcp_endpoint_s__rosidl_typesupport_introspection_c.cpython-310-x86_64-linux-gnu.so[0m
[1.818s] [100%] [32m[1mLinking C shared library rosidl_generator_py/ros_tcp_endpoint/ros_tcp_endpoint_s__rosidl_typesupport_c.cpython-310-x86_64-linux-gnu.so[0m
[1.818s] [100%] [32m[1mLinking C shared library rosidl_generator_py/ros_tcp_endpoint/ros_tcp_endpoint_s__rosidl_typesupport_fastrtps_c.cpython-310-x86_64-linux-gnu.so[0m
[1.833s] [100%] Built target ros_tcp_endpoint__rosidl_typesupport_c__pyext
[1.833s] [100%] Built target ros_tcp_endpoint__rosidl_typesupport_introspection_c__pyext
[1.833s] [100%] Built target ros_tcp_endpoint__rosidl_typesupport_fastrtps_c__pyext
[1.837s] Invoked command in '/home/jeni/Cook_subgoal_test/unity_cooking/ROS2/build/ros_tcp_endpoint' returned '0': CMAKE_PREFIX_PATH=${CMAKE_PREFIX_PATH}:/opt/ros/humble /usr/bin/cmake --build /home/jeni/Cook_subgoal_test/unity_cooking/ROS2/build/ros_tcp_endpoint -- -j16 -l16
[1.838s] Invoking command in '/home/jeni/Cook_subgoal_test/unity_cooking/ROS2/build/ros_tcp_endpoint': CMAKE_PREFIX_PATH=${CMAKE_PREFIX_PATH}:/opt/ros/humble /usr/bin/cmake --install /home/jeni/Cook_subgoal_test/unity_cooking/ROS2/build/ros_tcp_endpoint
[1.841s] -- Install configuration: ""
[1.841s] -- Installing: /home/jeni/Cook_subgoal_test/unity_cooking/ROS2/install/ros_tcp_endpoint/share/ament_index/resource_index/rosidl_interfaces/ros_tcp_endpoint
[1.841s] -- Installing: /home/jeni/Cook_subgoal_test/unity_cooking/ROS2/install/ros_tcp_endpoint/include/ros_tcp_endpoint/ros_tcp_endpoint
[1.841s] -- Installing: /home/jeni/Cook_subgoal_test/unity_cooking/ROS2/install/ros_tcp_endpoint/include/ros_tcp_endpoint/ros_tcp_endpoint/srv
[1.841s] -- Installing: /home/jeni/Cook_subgoal_test/unity_cooking/ROS2/install/ros_tcp_endpoint/include/ros_tcp_endpoint/ros_tcp_endpoint/srv/ros_unity_topic_list.h
[1.841s] -- Installing: /home/jeni/Cook_subgoal_test/unity_cooking/ROS2/install/ros_tcp_endpoint/include/ros_tcp_endpoint/ros_tcp_endpoint/srv/detail
[1.841s] -- Installing: /home/jeni/Cook_subgoal_test/unity_cooking/ROS2/install/ros_tcp_endpoint/include/ros_tcp_endpoint/ros_tcp_endpoint/srv/detail/ros_unity_topic_list__struct.h
[1.841s] -- Installing: /home/jeni/Cook_subgoal_test/unity_cooking/ROS2/install/ros_tcp_endpoint/include/ros_tcp_endpoint/ros_tcp_endpoint/srv/detail/ros_unity_topic_list__type_support.h
[1.841s] -- Installing: /home/jeni/Cook_subgoal_test/unity_cooking/ROS2/install/ros_tcp_endpoint/include/ros_tcp_endpoint/ros_tcp_endpoint/srv/detail/ros_unity_topic_list__functions.c
[1.841s] -- Installing: /home/jeni/Cook_subgoal_test/unity_cooking/ROS2/install/ros_tcp_endpoint/include/ros_tcp_endpoint/ros_tcp_endpoint/srv/detail/ros_unity_topic_list__functions.h
[1.841s] -- Installing: /home/jeni/Cook_subgoal_test/unity_cooking/ROS2/install/ros_tcp_endpoint/include/ros_tcp_endpoint/ros_tcp_endpoint/msg
[1.841s] -- Installing: /home/jeni/Cook_subgoal_test/unity_cooking/ROS2/install/ros_tcp_endpoint/include/ros_tcp_endpoint/ros_tcp_endpoint/msg/ros_unity_error.h
[1.841s] -- Installing: /home/jeni/Cook_subgoal_test/unity_cooking/ROS2/install/ros_tcp_endpoint/include/ros_tcp_endpoint/ros_tcp_endpoint/msg/ros_unity_srv_message.h
[1.841s] -- Installing: /home/jeni/Cook_subgoal_test/unity_cooking/ROS2/install/ros_tcp_endpoint/include/ros_tcp_endpoint/ros_tcp_endpoint/msg/rosidl_generator_c__visibility_control.h
[1.841s] -- Installing: /home/jeni/Cook_subgoal_test/unity_cooking/ROS2/install/ros_tcp_endpoint/include/ros_tcp_endpoint/ros_tcp_endpoint/msg/detail
[1.841s] -- Installing: /home/jeni/Cook_subgoal_test/unity_cooking/ROS2/install/ros_tcp_endpoint/include/ros_tcp_endpoint/ros_tcp_endpoint/msg/detail/ros_unity_error__type_support.h
[1.841s] -- Installing: /home/jeni/Cook_subgoal_test/unity_cooking/ROS2/install/ros_tcp_endpoint/include/ros_tcp_endpoint/ros_tcp_endpoint/msg/detail/ros_unity_srv_message__struct.h
[1.841s] -- Installing: /home/jeni/Cook_subgoal_test/unity_cooking/ROS2/install/ros_tcp_endpoint/include/ros_tcp_endpoint/ros_tcp_endpoint/msg/detail/ros_unity_sys_command__struct.h
[1.842s] -- Installing: /home/jeni/Cook_subgoal_test/unity_cooking/ROS2/install/ros_tcp_endpoint/include/ros_tcp_endpoint/ros_tcp_endpoint/msg/detail/ros_unity_error__functions.c
[1.842s] -- Installing: /home/jeni/Cook_subgoal_test/unity_cooking/ROS2/install/ros_tcp_endpoint/include/ros_tcp_endpoint/ros_tcp_endpoint/msg/detail/ros_unity_srv_message__type_support.h
[1.842s] -- Installing: /home/jeni/Cook_subgoal_test/unity_cooking/ROS2/install/ros_tcp_endpoint/include/ros_tcp_endpoint/ros_tcp_endpoint/msg/detail/ros_unity_error__functions.h
[1.842s] -- Installing: /home/jeni/Cook_subgoal_test/unity_cooking/ROS2/install/ros_tcp_endpoint/include/ros_tcp_endpoint/ros_tcp_endpoint/msg/detail/ros_unity_error__struct.h
[1.842s] -- Installing: /home/jeni/Cook_subgoal_test/unity_cooking/ROS2/install/ros_tcp_endpoint/include/ros_tcp_endpoint/ros_tcp_endpoint/msg/detail/ros_unity_sys_command__type_support.h
[1.842s] -- Installing: /home/jeni/Cook_subgoal_test/unity_cooking/ROS2/install/ros_tcp_endpoint/include/ros_tcp_endpoint/ros_tcp_endpoint/msg/detail/ros_unity_sys_command__functions.c
[1.842s] -- Installing: /home/jeni/Cook_subgoal_test/unity_cooking/ROS2/install/ros_tcp_endpoint/include/ros_tcp_endpoint/ros_tcp_endpoint/msg/detail/ros_unity_srv_message__functions.h
[1.842s] -- Installing: /home/jeni/Cook_subgoal_test/unity_cooking/ROS2/install/ros_tcp_endpoint/include/ros_tcp_endpoint/ros_tcp_endpoint/msg/detail/ros_unity_srv_message__functions.c
[1.842s] -- Installing: /home/jeni/Cook_subgoal_test/unity_cooking/ROS2/install/ros_tcp_endpoint/include/ros_tcp_endpoint/ros_tcp_endpoint/msg/detail/ros_unity_sys_command__functions.h
[1.842s] -- Installing: /home/jeni/Cook_subgoal_test/unity_cooking/ROS2/install/ros_tcp_endpoint/include/ros_tcp_endpoint/ros_tcp_endpoint/msg/ros_unity_sys_command.h
[1.842s] -- Installing: /home/jeni/Cook_subgoal_test/unity_cooking/ROS2/install/ros_tcp_endpoint/share/ros_tcp_endpoint/environment/library_path.sh
[1.842s] -- Installing: /home/jeni/Cook_subgoal_test/unity_cooking/ROS2/install/ros_tcp_endpoint/share/ros_tcp_endpoint/environment/library_path.dsv
[1.842s] -- Installing: /home/jeni/Cook_subgoal_test/unity_cooking/ROS2/install/ros_tcp_endpoint/lib/libros_tcp_endpoint__rosidl_generator_c.so
[1.842s] -- Set runtime path of "/home/jeni/Cook_subgoal_test/unity_cooking/ROS2/install/ros_tcp_endpoint/lib/libros_tcp_endpoint__rosidl_generator_c.so" to ""
[1.842s] -- Up-to-date: /home/jeni/Cook_subgoal_test/unity_cooking/ROS2/install/ros_tcp_endpoint/include/ros_tcp_endpoint/ros_tcp_endpoint
[1.842s] -- Up-to-date: /home/jeni/Cook_subgoal_test/unity_cooking/ROS2/install/ros_tcp_endpoint/include/ros_tcp_endpoint/ros_tcp_endpoint/srv
[1.842s] -- Up-to-date: /home/jeni/Cook_subgoal_test/unity_cooking/ROS2/install/ros_tcp_endpoint/include/ros_tcp_endpoint/ros_tcp_endpoint/srv/detail
[1.842s] -- Installing: /home/jeni/Cook_subgoal_test/unity_cooking/ROS2/install/ros_tcp_endpoint/include/ros_tcp_endpoint/ros_tcp_endpoint/srv/detail/ros_unity_topic_list__rosidl_typesupport_fastrtps_c.h
[1.842s] -- Up-to-date: /home/jeni/Cook_subgoal_test/unity_cooking/ROS2/install/ros_tcp_endpoint/include/ros_tcp_endpoint/ros_tcp_endpoint/msg
[1.842s] -- Installing: /home/jeni/Cook_subgoal_test/unity_cooking/ROS2/install/ros_tcp_endpoint/include/ros_tcp_endpoint/ros_tcp_endpoint/msg/rosidl_typesupport_fastrtps_c__visibility_control.h
[1.842s] -- Up-to-date: /home/jeni/Cook_subgoal_test/unity_cooking/ROS2/install/ros_tcp_endpoint/include/ros_tcp_endpoint/ros_tcp_endpoint/msg/detail
[1.842s] -- Installing: /home/jeni/Cook_subgoal_test/unity_cooking/ROS2/install/ros_tcp_endpoint/include/ros_tcp_endpoint/ros_tcp_endpoint/msg/detail/ros_unity_sys_command__rosidl_typesupport_fastrtps_c.h
[1.842s] -- Installing: /home/jeni/Cook_subgoal_test/unity_cooking/ROS2/install/ros_tcp_endpoint/include/ros_tcp_endpoint/ros_tcp_endpoint/msg/detail/ros_unity_error__rosidl_typesupport_fastrtps_c.h
[1.842s] -- Installing: /home/jeni/Cook_subgoal_test/unity_cooking/ROS2/install/ros_tcp_endpoint/include/ros_tcp_endpoint/ros_tcp_endpoint/msg/detail/ros_unity_srv_message__rosidl_typesupport_fastrtps_c.h
[1.842s] -- Installing: /home/jeni/Cook_subgoal_test/unity_cooking/ROS2/install/ros_tcp_endpoint/lib/libros_tcp_endpoint__rosidl_typesupport_fastrtps_c.so
[1.842s] -- Set runtime path of "/home/jeni/Cook_subgoal_test/unity_cooking/ROS2/install/ros_tcp_endpoint/lib/libros_tcp_endpoint__rosidl_typesupport_fastrtps_c.so" to ""
[1.843s] -- Up-to-date: /home/jeni/Cook_subgoal_test/unity_cooking/ROS2/install/ros_tcp_endpoint/include/ros_tcp_endpoint/ros_tcp_endpoint
[1.843s] -- Up-to-date: /home/jeni/Cook_subgoal_test/unity_cooking/ROS2/install/ros_tcp_endpoint/include/ros_tcp_endpoint/ros_tcp_endpoint/srv
[1.843s] -- Installing: /home/jeni/Cook_subgoal_test/unity_cooking/ROS2/install/ros_tcp_endpoint/include/ros_tcp_endpoint/ros_tcp_endpoint/srv/ros_unity_topic_list.hpp
[1.843s] -- Up-to-date: /home/jeni/Cook_subgoal_test/unity_cooking/ROS2/install/ros_tcp_endpoint/include/ros_tcp_endpoint/ros_tcp_endpoint/srv/detail
[1.843s] -- Installing: /home/jeni/Cook_subgoal_test/unity_cooking/ROS2/install/ros_tcp_endpoint/include/ros_tcp_endpoint/ros_tcp_endpoint/srv/detail/ros_unity_topic_list__builder.hpp
[1.843s] -- Installing: /home/jeni/Cook_subgoal_test/unity_cooking/ROS2/install/ros_tcp_endpoint/include/ros_tcp_endpoint/ros_tcp_endpoint/srv/detail/ros_unity_topic_list__type_support.hpp
[1.843s] -- Installing: /home/jeni/Cook_subgoal_test/unity_cooking/ROS2/install/ros_tcp_endpoint/include/ros_tcp_endpoint/ros_tcp_endpoint/srv/detail/ros_unity_topic_list__struct.hpp
[1.843s] -- Installing: /home/jeni/Cook_subgoal_test/unity_cooking/ROS2/install/ros_tcp_endpoint/include/ros_tcp_endpoint/ros_tcp_endpoint/srv/detail/ros_unity_topic_list__traits.hpp
[1.843s] -- Up-to-date: /home/jeni/Cook_subgoal_test/unity_cooking/ROS2/install/ros_tcp_endpoint/include/ros_tcp_endpoint/ros_tcp_endpoint/msg
[1.843s] -- Installing: /home/jeni/Cook_subgoal_test/unity_cooking/ROS2/install/ros_tcp_endpoint/include/ros_tcp_endpoint/ros_tcp_endpoint/msg/ros_unity_sys_command.hpp
[1.843s] -- Installing: /home/jeni/Cook_subgoal_test/unity_cooking/ROS2/install/ros_tcp_endpoint/include/ros_tcp_endpoint/ros_tcp_endpoint/msg/ros_unity_srv_message.hpp
[1.843s] -- Installing: /home/jeni/Cook_subgoal_test/unity_cooking/ROS2/install/ros_tcp_endpoint/include/ros_tcp_endpoint/ros_tcp_endpoint/msg/ros_unity_error.hpp
[1.843s] -- Installing: /home/jeni/Cook_subgoal_test/unity_cooking/ROS2/install/ros_tcp_endpoint/include/ros_tcp_endpoint/ros_tcp_endpoint/msg/rosidl_generator_cpp__visibility_control.hpp
[1.843s] -- Up-to-date: /home/jeni/Cook_subgoal_test/unity_cooking/ROS2/install/ros_tcp_endpoint/include/ros_tcp_endpoint/ros_tcp_endpoint/msg/detail
[1.843s] -- Installing: /home/jeni/Cook_subgoal_test/unity_cooking/ROS2/install/ros_tcp_endpoint/include/ros_tcp_endpoint/ros_tcp_endpoint/msg/detail/ros_unity_error__struct.hpp
[1.843s] -- Installing: /home/jeni/Cook_subgoal_test/unity_cooking/ROS2/install/ros_tcp_endpoint/include/ros_tcp_endpoint/ros_tcp_endpoint/msg/detail/ros_unity_error__type_support.hpp
[1.843s] -- Installing: /home/jeni/Cook_subgoal_test/unity_cooking/ROS2/install/ros_tcp_endpoint/include/ros_tcp_endpoint/ros_tcp_endpoint/msg/detail/ros_unity_srv_message__builder.hpp
[1.843s] -- Installing: /home/jeni/Cook_subgoal_test/unity_cooking/ROS2/install/ros_tcp_endpoint/include/ros_tcp_endpoint/ros_tcp_endpoint/msg/detail/ros_unity_srv_message__traits.hpp
[1.843s] -- Installing: /home/jeni/Cook_subgoal_test/unity_cooking/ROS2/install/ros_tcp_endpoint/include/ros_tcp_endpoint/ros_tcp_endpoint/msg/detail/ros_unity_error__builder.hpp
[1.843s] -- Installing: /home/jeni/Cook_subgoal_test/unity_cooking/ROS2/install/ros_tcp_endpoint/include/ros_tcp_endpoint/ros_tcp_endpoint/msg/detail/ros_unity_sys_command__traits.hpp
[1.843s] -- Installing: /home/jeni/Cook_subgoal_test/unity_cooking/ROS2/install/ros_tcp_endpoint/include/ros_tcp_endpoint/ros_tcp_endpoint/msg/detail/ros_unity_srv_message__struct.hpp
[1.843s] -- Installing: /home/jeni/Cook_subgoal_test/unity_cooking/ROS2/install/ros_tcp_endpoint/include/ros_tcp_endpoint/ros_tcp_endpoint/msg/detail/ros_unity_error__traits.hpp
[1.843s] -- Installing: /home/jeni/Cook_subgoal_test/unity_cooking/ROS2/install/ros_tcp_endpoint/include/ros_tcp_endpoint/ros_tcp_endpoint/msg/detail/ros_unity_sys_command__struct.hpp
[1.843s] -- Installing: /home/jeni/Cook_subgoal_test/unity_cooking/ROS2/install/ros_tcp_endpoint/include/ros_tcp_endpoint/ros_tcp_endpoint/msg/detail/ros_unity_sys_command__type_support.hpp
[1.843s] -- Installing: /home/jeni/Cook_subgoal_test/unity_cooking/ROS2/install/ros_tcp_endpoint/include/ros_tcp_endpoint/ros_tcp_endpoint/msg/detail/ros_unity_srv_message__type_support.hpp
[1.843s] -- Installing: /home/jeni/Cook_subgoal_test/unity_cooking/ROS2/install/ros_tcp_endpoint/include/ros_tcp_endpoint/ros_tcp_endpoint/msg/detail/ros_unity_sys_command__builder.hpp
[1.844s] -- Up-to-date: /home/jeni/Cook_subgoal_test/unity_cooking/ROS2/install/ros_tcp_endpoint/include/ros_tcp_endpoint/ros_tcp_endpoint
[1.844s] -- Up-to-date: /home/jeni/Cook_subgoal_test/unity_cooking/ROS2/install/ros_tcp_endpoint/include/ros_tcp_endpoint/ros_tcp_endpoint/srv
[1.844s] -- Up-to-date: /home/jeni/Cook_subgoal_test/unity_cooking/ROS2/install/ros_tcp_endpoint/include/ros_tcp_endpoint/ros_tcp_endpoint/srv/detail
[1.844s] -- Installing: /home/jeni/Cook_subgoal_test/unity_cooking/ROS2/install/ros_tcp_endpoint/include/ros_tcp_endpoint/ros_tcp_endpoint/srv/detail/ros_unity_topic_list__rosidl_typesupport_fastrtps_cpp.hpp
[1.844s] -- Installing: /home/jeni/Cook_subgoal_test/unity_cooking/ROS2/install/ros_tcp_endpoint/include/ros_tcp_endpoint/ros_tcp_endpoint/srv/detail/dds_fastrtps
[1.844s] -- Up-to-date: /home/jeni/Cook_subgoal_test/unity_cooking/ROS2/install/ros_tcp_endpoint/include/ros_tcp_endpoint/ros_tcp_endpoint/msg
[1.844s] -- Installing: /home/jeni/Cook_subgoal_test/unity_cooking/ROS2/install/ros_tcp_endpoint/include/ros_tcp_endpoint/ros_tcp_endpoint/msg/rosidl_typesupport_fastrtps_cpp__visibility_control.h
[1.844s] -- Up-to-date: /home/jeni/Cook_subgoal_test/unity_cooking/ROS2/install/ros_tcp_endpoint/include/ros_tcp_endpoint/ros_tcp_endpoint/msg/detail
[1.844s] -- Installing: /home/jeni/Cook_subgoal_test/unity_cooking/ROS2/install/ros_tcp_endpoint/include/ros_tcp_endpoint/ros_tcp_endpoint/msg/detail/ros_unity_srv_message__rosidl_typesupport_fastrtps_cpp.hpp
[1.844s] -- Installing: /home/jeni/Cook_subgoal_test/unity_cooking/ROS2/install/ros_tcp_endpoint/include/ros_tcp_endpoint/ros_tcp_endpoint/msg/detail/ros_unity_sys_command__rosidl_typesupport_fastrtps_cpp.hpp
[1.844s] -- Installing: /home/jeni/Cook_subgoal_test/unity_cooking/ROS2/install/ros_tcp_endpoint/include/ros_tcp_endpoint/ros_tcp_endpoint/msg/detail/dds_fastrtps
[1.844s] -- Installing: /home/jeni/Cook_subgoal_test/unity_cooking/ROS2/install/ros_tcp_endpoint/include/ros_tcp_endpoint/ros_tcp_endpoint/msg/detail/ros_unity_error__rosidl_typesupport_fastrtps_cpp.hpp
[1.844s] -- Installing: /home/jeni/Cook_subgoal_test/unity_cooking/ROS2/install/ros_tcp_endpoint/lib/libros_tcp_endpoint__rosidl_typesupport_fastrtps_cpp.so
[1.844s] -- Set runtime path of "/home/jeni/Cook_subgoal_test/unity_cooking/ROS2/install/ros_tcp_endpoint/lib/libros_tcp_endpoint__rosidl_typesupport_fastrtps_cpp.so" to ""
[1.844s] -- Up-to-date: /home/jeni/Cook_subgoal_test/unity_cooking/ROS2/install/ros_tcp_endpoint/include/ros_tcp_endpoint/ros_tcp_endpoint
[1.844s] -- Up-to-date: /home/jeni/Cook_subgoal_test/unity_cooking/ROS2/install/ros_tcp_endpoint/include/ros_tcp_endpoint/ros_tcp_endpoint/srv
[1.844s] -- Up-to-date: /home/jeni/Cook_subgoal_test/unity_cooking/ROS2/install/ros_tcp_endpoint/include/ros_tcp_endpoint/ros_tcp_endpoint/srv/detail
[1.844s] -- Installing: /home/jeni/Cook_subgoal_test/unity_cooking/ROS2/install/ros_tcp_endpoint/include/ros_tcp_endpoint/ros_tcp_endpoint/srv/detail/ros_unity_topic_list__type_support.c
[1.844s] -- Installing: /home/jeni/Cook_subgoal_test/unity_cooking/ROS2/install/ros_tcp_endpoint/include/ros_tcp_endpoint/ros_tcp_endpoint/srv/detail/ros_unity_topic_list__rosidl_typesupport_introspection_c.h
[1.844s] -- Up-to-date: /home/jeni/Cook_subgoal_test/unity_cooking/ROS2/install/ros_tcp_endpoint/include/ros_tcp_endpoint/ros_tcp_endpoint/msg
[1.844s] -- Installing: /home/jeni/Cook_subgoal_test/unity_cooking/ROS2/install/ros_tcp_endpoint/include/ros_tcp_endpoint/ros_tcp_endpoint/msg/rosidl_typesupport_introspection_c__visibility_control.h
[1.844s] -- Up-to-date: /home/jeni/Cook_subgoal_test/unity_cooking/ROS2/install/ros_tcp_endpoint/include/ros_tcp_endpoint/ros_tcp_endpoint/msg/detail
[1.844s] -- Installing: /home/jeni/Cook_subgoal_test/unity_cooking/ROS2/install/ros_tcp_endpoint/include/ros_tcp_endpoint/ros_tcp_endpoint/msg/detail/ros_unity_error__type_support.c
[1.844s] -- Installing: /home/jeni/Cook_subgoal_test/unity_cooking/ROS2/install/ros_tcp_endpoint/include/ros_tcp_endpoint/ros_tcp_endpoint/msg/detail/ros_unity_srv_message__type_support.c
[1.844s] -- Installing: /home/jeni/Cook_subgoal_test/unity_cooking/ROS2/install/ros_tcp_endpoint/include/ros_tcp_endpoint/ros_tcp_endpoint/msg/detail/ros_unity_srv_message__rosidl_typesupport_introspection_c.h
[1.844s] -- Installing: /home/jeni/Cook_subgoal_test/unity_cooking/ROS2/install/ros_tcp_endpoint/include/ros_tcp_endpoint/ros_tcp_endpoint/msg/detail/ros_unity_sys_command__rosidl_typesupport_introspection_c.h
[1.844s] -- Installing: /home/jeni/Cook_subgoal_test/unity_cooking/ROS2/install/ros_tcp_endpoint/include/ros_tcp_endpoint/ros_tcp_endpoint/msg/detail/ros_unity_error__rosidl_typesupport_introspection_c.h
[1.844s] -- Installing: /home/jeni/Cook_subgoal_test/unity_cooking/ROS2/install/ros_tcp_endpoint/include/ros_tcp_endpoint/ros_tcp_endpoint/msg/detail/ros_unity_sys_command__type_support.c
[1.844s] -- Installing: /home/jeni/Cook_subgoal_test/unity_cooking/ROS2/install/ros_tcp_endpoint/lib/libros_tcp_endpoint__rosidl_typesupport_introspection_c.so
[1.845s] -- Set runtime path of "/home/jeni/Cook_subgoal_test/unity_cooking/ROS2/install/ros_tcp_endpoint/lib/libros_tcp_endpoint__rosidl_typesupport_introspection_c.so" to ""
[1.845s] -- Installing: /home/jeni/Cook_subgoal_test/unity_cooking/ROS2/install/ros_tcp_endpoint/lib/libros_tcp_endpoint__rosidl_typesupport_c.so
[1.845s] -- Set runtime path of "/home/jeni/Cook_subgoal_test/unity_cooking/ROS2/install/ros_tcp_endpoint/lib/libros_tcp_endpoint__rosidl_typesupport_c.so" to ""
[1.845s] -- Up-to-date: /home/jeni/Cook_subgoal_test/unity_cooking/ROS2/install/ros_tcp_endpoint/include/ros_tcp_endpoint/ros_tcp_endpoint
[1.845s] -- Up-to-date: /home/jeni/Cook_subgoal_test/unity_cooking/ROS2/install/ros_tcp_endpoint/include/ros_tcp_endpoint/ros_tcp_endpoint/srv
[1.845s] -- Up-to-date: /home/jeni/Cook_subgoal_test/unity_cooking/ROS2/install/ros_tcp_endpoint/include/ros_tcp_endpoint/ros_tcp_endpoint/srv/detail
[1.845s] -- Installing: /home/jeni/Cook_subgoal_test/unity_cooking/ROS2/install/ros_tcp_endpoint/include/ros_tcp_endpoint/ros_tcp_endpoint/srv/detail/ros_unity_topic_list__rosidl_typesupport_introspection_cpp.hpp
[1.845s] -- Installing: /home/jeni/Cook_subgoal_test/unity_cooking/ROS2/install/ros_tcp_endpoint/include/ros_tcp_endpoint/ros_tcp_endpoint/srv/detail/ros_unity_topic_list__type_support.cpp
[1.845s] -- Up-to-date: /home/jeni/Cook_subgoal_test/unity_cooking/ROS2/install/ros_tcp_endpoint/include/ros_tcp_endpoint/ros_tcp_endpoint/msg
[1.845s] -- Up-to-date: /home/jeni/Cook_subgoal_test/unity_cooking/ROS2/install/ros_tcp_endpoint/include/ros_tcp_endpoint/ros_tcp_endpoint/msg/detail
[1.845s] -- Installing: /home/jeni/Cook_subgoal_test/unity_cooking/ROS2/install/ros_tcp_endpoint/include/ros_tcp_endpoint/ros_tcp_endpoint/msg/detail/ros_unity_error__type_support.cpp
[1.845s] -- Installing: /home/jeni/Cook_subgoal_test/unity_cooking/ROS2/install/ros_tcp_endpoint/include/ros_tcp_endpoint/ros_tcp_endpoint/msg/detail/ros_unity_sys_command__rosidl_typesupport_introspection_cpp.hpp
[1.845s] -- Installing: /home/jeni/Cook_subgoal_test/unity_cooking/ROS2/install/ros_tcp_endpoint/include/ros_tcp_endpoint/ros_tcp_endpoint/msg/detail/ros_unity_error__rosidl_typesupport_introspection_cpp.hpp
[1.845s] -- Installing: /home/jeni/Cook_subgoal_test/unity_cooking/ROS2/install/ros_tcp_endpoint/include/ros_tcp_endpoint/ros_tcp_endpoint/msg/detail/ros_unity_srv_message__rosidl_typesupport_introspection_cpp.hpp
[1.845s] -- Installing: /home/jeni/Cook_subgoal_test/unity_cooking/ROS2/install/ros_tcp_endpoint/include/ros_tcp_endpoint/ros_tcp_endpoint/msg/detail/ros_unity_sys_command__type_support.cpp
[1.845s] -- Installing: /home/jeni/Cook_subgoal_test/unity_cooking/ROS2/install/ros_tcp_endpoint/include/ros_tcp_endpoint/ros_tcp_endpoint/msg/detail/ros_unity_srv_message__type_support.cpp
[1.845s] -- Installing: /home/jeni/Cook_subgoal_test/unity_cooking/ROS2/install/ros_tcp_endpoint/lib/libros_tcp_endpoint__rosidl_typesupport_introspection_cpp.so
[1.845s] -- Set runtime path of "/home/jeni/Cook_subgoal_test/unity_cooking/ROS2/install/ros_tcp_endpoint/lib/libros_tcp_endpoint__rosidl_typesupport_introspection_cpp.so" to ""
[1.845s] -- Installing: /home/jeni/Cook_subgoal_test/unity_cooking/ROS2/install/ros_tcp_endpoint/lib/libros_tcp_endpoint__rosidl_typesupport_cpp.so
[1.845s] -- Set runtime path of "/home/jeni/Cook_subgoal_test/unity_cooking/ROS2/install/ros_tcp_endpoint/lib/libros_tcp_endpoint__rosidl_typesupport_cpp.so" to ""
[1.845s] -- Installing: /home/jeni/Cook_subgoal_test/unity_cooking/ROS2/install/ros_tcp_endpoint/share/ros_tcp_endpoint/environment/pythonpath.sh
[1.845s] -- Installing: /home/jeni/Cook_subgoal_test/unity_cooking/ROS2/install/ros_tcp_endpoint/share/ros_tcp_endpoint/environment/pythonpath.dsv
[1.845s] -- Installing: /home/jeni/Cook_subgoal_test/unity_cooking/ROS2/install/ros_tcp_endpoint/local/lib/python3.10/dist-packages/ros_tcp_endpoint-0.4.0-py3.10.egg-info
[1.845s] -- Installing: /home/jeni/Cook_subgoal_test/unity_cooking/ROS2/install/ros_tcp_endpoint/local/lib/python3.10/dist-packages/ros_tcp_endpoint-0.4.0-py3.10.egg-info/PKG-INFO
[1.845s] -- Installing: /home/jeni/Cook_subgoal_test/unity_cooking/ROS2/install/ros_tcp_endpoint/local/lib/python3.10/dist-packages/ros_tcp_endpoint-0.4.0-py3.10.egg-info/top_level.txt
[1.845s] -- Installing: /home/jeni/Cook_subgoal_test/unity_cooking/ROS2/install/ros_tcp_endpoint/local/lib/python3.10/dist-packages/ros_tcp_endpoint-0.4.0-py3.10.egg-info/dependency_links.txt
[1.846s] -- Installing: /home/jeni/Cook_subgoal_test/unity_cooking/ROS2/install/ros_tcp_endpoint/local/lib/python3.10/dist-packages/ros_tcp_endpoint-0.4.0-py3.10.egg-info/SOURCES.txt
[1.846s] -- Installing: /home/jeni/Cook_subgoal_test/unity_cooking/ROS2/install/ros_tcp_endpoint/local/lib/python3.10/dist-packages/ros_tcp_endpoint
[1.846s] -- Installing: /home/jeni/Cook_subgoal_test/unity_cooking/ROS2/install/ros_tcp_endpoint/local/lib/python3.10/dist-packages/ros_tcp_endpoint/srv
[1.846s] -- Installing: /home/jeni/Cook_subgoal_test/unity_cooking/ROS2/install/ros_tcp_endpoint/local/lib/python3.10/dist-packages/ros_tcp_endpoint/srv/_ros_unity_topic_list_s.c
[1.846s] -- Installing: /home/jeni/Cook_subgoal_test/unity_cooking/ROS2/install/ros_tcp_endpoint/local/lib/python3.10/dist-packages/ros_tcp_endpoint/srv/_ros_unity_topic_list.py
[1.846s] -- Installing: /home/jeni/Cook_subgoal_test/unity_cooking/ROS2/install/ros_tcp_endpoint/local/lib/python3.10/dist-packages/ros_tcp_endpoint/srv/__init__.py
[1.846s] -- Installing: /home/jeni/Cook_subgoal_test/unity_cooking/ROS2/install/ros_tcp_endpoint/local/lib/python3.10/dist-packages/ros_tcp_endpoint/msg
[1.846s] -- Installing: /home/jeni/Cook_subgoal_test/unity_cooking/ROS2/install/ros_tcp_endpoint/local/lib/python3.10/dist-packages/ros_tcp_endpoint/msg/_ros_unity_error.py
[1.846s] -- Installing: /home/jeni/Cook_subgoal_test/unity_cooking/ROS2/install/ros_tcp_endpoint/local/lib/python3.10/dist-packages/ros_tcp_endpoint/msg/_ros_unity_error_s.c
[1.846s] -- Installing: /home/jeni/Cook_subgoal_test/unity_cooking/ROS2/install/ros_tcp_endpoint/local/lib/python3.10/dist-packages/ros_tcp_endpoint/msg/_ros_unity_srv_message.py
[1.846s] -- Installing: /home/jeni/Cook_subgoal_test/unity_cooking/ROS2/install/ros_tcp_endpoint/local/lib/python3.10/dist-packages/ros_tcp_endpoint/msg/__init__.py
[1.846s] -- Installing: /home/jeni/Cook_subgoal_test/unity_cooking/ROS2/install/ros_tcp_endpoint/local/lib/python3.10/dist-packages/ros_tcp_endpoint/msg/_ros_unity_sys_command.py
[1.846s] -- Installing: /home/jeni/Cook_subgoal_test/unity_cooking/ROS2/install/ros_tcp_endpoint/local/lib/python3.10/dist-packages/ros_tcp_endpoint/msg/_ros_unity_sys_command_s.c
[1.846s] -- Installing: /home/jeni/Cook_subgoal_test/unity_cooking/ROS2/install/ros_tcp_endpoint/local/lib/python3.10/dist-packages/ros_tcp_endpoint/msg/_ros_unity_srv_message_s.c
[1.846s] -- Installing: /home/jeni/Cook_subgoal_test/unity_cooking/ROS2/install/ros_tcp_endpoint/local/lib/python3.10/dist-packages/ros_tcp_endpoint/ros_tcp_endpoint_s__rosidl_typesupport_c.cpython-310-x86_64-linux-gnu.so
[1.846s] -- Installing: /home/jeni/Cook_subgoal_test/unity_cooking/ROS2/install/ros_tcp_endpoint/local/lib/python3.10/dist-packages/ros_tcp_endpoint/_ros_tcp_endpoint_s.ep.rosidl_typesupport_introspection_c.c
[1.846s] -- Installing: /home/jeni/Cook_subgoal_test/unity_cooking/ROS2/install/ros_tcp_endpoint/local/lib/python3.10/dist-packages/ros_tcp_endpoint/ros_tcp_endpoint_s__rosidl_typesupport_introspection_c.cpython-310-x86_64-linux-gnu.so
[1.846s] -- Installing: /home/jeni/Cook_subgoal_test/unity_cooking/ROS2/install/ros_tcp_endpoint/local/lib/python3.10/dist-packages/ros_tcp_endpoint/libros_tcp_endpoint__rosidl_generator_py.so
[1.846s] -- Installing: /home/jeni/Cook_subgoal_test/unity_cooking/ROS2/install/ros_tcp_endpoint/local/lib/python3.10/dist-packages/ros_tcp_endpoint/__init__.py
[1.846s] -- Installing: /home/jeni/Cook_subgoal_test/unity_cooking/ROS2/install/ros_tcp_endpoint/local/lib/python3.10/dist-packages/ros_tcp_endpoint/ros_tcp_endpoint_s__rosidl_typesupport_fastrtps_c.cpython-310-x86_64-linux-gnu.so
[1.846s] -- Installing: /home/jeni/Cook_subgoal_test/unity_cooking/ROS2/install/ros_tcp_endpoint/local/lib/python3.10/dist-packages/ros_tcp_endpoint/_ros_tcp_endpoint_s.ep.rosidl_typesupport_c.c
[1.846s] -- Installing: /home/jeni/Cook_subgoal_test/unity_cooking/ROS2/install/ros_tcp_endpoint/local/lib/python3.10/dist-packages/ros_tcp_endpoint/_ros_tcp_endpoint_s.ep.rosidl_typesupport_fastrtps_c.c
[1.862s] Listing '/home/jeni/Cook_subgoal_test/unity_cooking/ROS2/install/ros_tcp_endpoint/local/lib/python3.10/dist-packages/ros_tcp_endpoint'...
[1.862s] Compiling '/home/jeni/Cook_subgoal_test/unity_cooking/ROS2/install/ros_tcp_endpoint/local/lib/python3.10/dist-packages/ros_tcp_endpoint/__init__.py'...
[1.862s] Listing '/home/jeni/Cook_subgoal_test/unity_cooking/ROS2/install/ros_tcp_endpoint/local/lib/python3.10/dist-packages/ros_tcp_endpoint/msg'...
[1.862s] Compiling '/home/jeni/Cook_subgoal_test/unity_cooking/ROS2/install/ros_tcp_endpoint/local/lib/python3.10/dist-packages/ros_tcp_endpoint/msg/__init__.py'...
[1.862s] Compiling '/home/jeni/Cook_subgoal_test/unity_cooking/ROS2/install/ros_tcp_endpoint/local/lib/python3.10/dist-packages/ros_tcp_endpoint/msg/_ros_unity_error.py'...
[1.862s] Compiling '/home/jeni/Cook_subgoal_test/unity_cooking/ROS2/install/ros_tcp_endpoint/local/lib/python3.10/dist-packages/ros_tcp_endpoint/msg/_ros_unity_srv_message.py'...
[1.862s] Compiling '/home/jeni/Cook_subgoal_test/unity_cooking/ROS2/install/ros_tcp_endpoint/local/lib/python3.10/dist-packages/ros_tcp_endpoint/msg/_ros_unity_sys_command.py'...
[1.863s] Listing '/home/jeni/Cook_subgoal_test/unity_cooking/ROS2/install/ros_tcp_endpoint/local/lib/python3.10/dist-packages/ros_tcp_endpoint/srv'...
[1.863s] Compiling '/home/jeni/Cook_subgoal_test/unity_cooking/ROS2/install/ros_tcp_endpoint/local/lib/python3.10/dist-packages/ros_tcp_endpoint/srv/__init__.py'...
[1.863s] Compiling '/home/jeni/Cook_subgoal_test/unity_cooking/ROS2/install/ros_tcp_endpoint/local/lib/python3.10/dist-packages/ros_tcp_endpoint/srv/_ros_unity_topic_list.py'...
[1.864s] -- Installing: /home/jeni/Cook_subgoal_test/unity_cooking/ROS2/install/ros_tcp_endpoint/local/lib/python3.10/dist-packages/ros_tcp_endpoint/ros_tcp_endpoint_s__rosidl_typesupport_fastrtps_c.cpython-310-x86_64-linux-gnu.so
[1.864s] -- Set runtime path of "/home/jeni/Cook_subgoal_test/unity_cooking/ROS2/install/ros_tcp_endpoint/local/lib/python3.10/dist-packages/ros_tcp_endpoint/ros_tcp_endpoint_s__rosidl_typesupport_fastrtps_c.cpython-310-x86_64-linux-gnu.so" to ""
[1.864s] -- Installing: /home/jeni/Cook_subgoal_test/unity_cooking/ROS2/install/ros_tcp_endpoint/local/lib/python3.10/dist-packages/ros_tcp_endpoint/ros_tcp_endpoint_s__rosidl_typesupport_introspection_c.cpython-310-x86_64-linux-gnu.so
[1.864s] -- Set runtime path of "/home/jeni/Cook_subgoal_test/unity_cooking/ROS2/install/ros_tcp_endpoint/local/lib/python3.10/dist-packages/ros_tcp_endpoint/ros_tcp_endpoint_s__rosidl_typesupport_introspection_c.cpython-310-x86_64-linux-gnu.so" to ""
[1.864s] -- Installing: /home/jeni/Cook_subgoal_test/unity_cooking/ROS2/install/ros_tcp_endpoint/local/lib/python3.10/dist-packages/ros_tcp_endpoint/ros_tcp_endpoint_s__rosidl_typesupport_c.cpython-310-x86_64-linux-gnu.so
[1.865s] -- Set runtime path of "/home/jeni/Cook_subgoal_test/unity_cooking/ROS2/install/ros_tcp_endpoint/local/lib/python3.10/dist-packages/ros_tcp_endpoint/ros_tcp_endpoint_s__rosidl_typesupport_c.cpython-310-x86_64-linux-gnu.so" to ""
[1.865s] -- Installing: /home/jeni/Cook_subgoal_test/unity_cooking/ROS2/install/ros_tcp_endpoint/lib/libros_tcp_endpoint__rosidl_generator_py.so
[1.865s] -- Set runtime path of "/home/jeni/Cook_subgoal_test/unity_cooking/ROS2/install/ros_tcp_endpoint/lib/libros_tcp_endpoint__rosidl_generator_py.so" to ""
[1.865s] -- Installing: /home/jeni/Cook_subgoal_test/unity_cooking/ROS2/install/ros_tcp_endpoint/share/ros_tcp_endpoint/msg/RosUnityError.idl
[1.865s] -- Installing: /home/jeni/Cook_subgoal_test/unity_cooking/ROS2/install/ros_tcp_endpoint/share/ros_tcp_endpoint/msg/RosUnitySrvMessage.idl
[1.865s] -- Installing: /home/jeni/Cook_subgoal_test/unity_cooking/ROS2/install/ros_tcp_endpoint/share/ros_tcp_endpoint/msg/RosUnitySysCommand.idl
[1.865s] -- Installing: /home/jeni/Cook_subgoal_test/unity_cooking/ROS2/install/ros_tcp_endpoint/share/ros_tcp_endpoint/srv/RosUnityTopicList.idl
[1.865s] -- Installing: /home/jeni/Cook_subgoal_test/unity_cooking/ROS2/install/ros_tcp_endpoint/share/ros_tcp_endpoint/msg/RosUnityError.msg
[1.865s] -- Installing: /home/jeni/Cook_subgoal_test/unity_cooking/ROS2/install/ros_tcp_endpoint/share/ros_tcp_endpoint/msg/RosUnitySrvMessage.msg
[1.865s] -- Installing: /home/jeni/Cook_subgoal_test/unity_cooking/ROS2/install/ros_tcp_endpoint/share/ros_tcp_endpoint/msg/RosUnitySysCommand.msg
[1.865s] -- Installing: /home/jeni/Cook_subgoal_test/unity_cooking/ROS2/install/ros_tcp_endpoint/share/ros_tcp_endpoint/srv/RosUnityTopicList.srv
[1.865s] -- Installing: /home/jeni/Cook_subgoal_test/unity_cooking/ROS2/install/ros_tcp_endpoint/share/ros_tcp_endpoint/srv/RosUnityTopicList_Request.msg
[1.865s] -- Installing: /home/jeni/Cook_subgoal_test/unity_cooking/ROS2/install/ros_tcp_endpoint/share/ros_tcp_endpoint/srv/RosUnityTopicList_Response.msg
[1.865s] -- Installing: /home/jeni/Cook_subgoal_test/unity_cooking/ROS2/install/ros_tcp_endpoint/lib/ros_tcp_endpoint
[1.865s] -- Installing: /home/jeni/Cook_subgoal_test/unity_cooking/ROS2/install/ros_tcp_endpoint/lib/ros_tcp_endpoint/requirements.txt
[1.865s] -- Installing: /home/jeni/Cook_subgoal_test/unity_cooking/ROS2/install/ros_tcp_endpoint/lib/ros_tcp_endpoint/srv
[1.865s] -- Installing: /home/jeni/Cook_subgoal_test/unity_cooking/ROS2/install/ros_tcp_endpoint/lib/ros_tcp_endpoint/srv/RosUnityTopicList.srv
[1.865s] -- Installing: /home/jeni/Cook_subgoal_test/unity_cooking/ROS2/install/ros_tcp_endpoint/lib/ros_tcp_endpoint/.github
[1.865s] -- Installing: /home/jeni/Cook_subgoal_test/unity_cooking/ROS2/install/ros_tcp_endpoint/lib/ros_tcp_endpoint/.github/workflows
[1.865s] -- Installing: /home/jeni/Cook_subgoal_test/unity_cooking/ROS2/install/ros_tcp_endpoint/lib/ros_tcp_endpoint/.github/workflows/pre-commit.yaml
[1.865s] -- Installing: /home/jeni/Cook_subgoal_test/unity_cooking/ROS2/install/ros_tcp_endpoint/lib/ros_tcp_endpoint/.github/ISSUE_TEMPLATE
[1.865s] -- Installing: /home/jeni/Cook_subgoal_test/unity_cooking/ROS2/install/ros_tcp_endpoint/lib/ros_tcp_endpoint/.github/ISSUE_TEMPLATE/config.yml
[1.865s] -- Installing: /home/jeni/Cook_subgoal_test/unity_cooking/ROS2/install/ros_tcp_endpoint/lib/ros_tcp_endpoint/.github/ISSUE_TEMPLATE/bug_report.md
[1.865s] -- Installing: /home/jeni/Cook_subgoal_test/unity_cooking/ROS2/install/ros_tcp_endpoint/lib/ros_tcp_endpoint/.github/ISSUE_TEMPLATE/feature_request.md
[1.865s] -- Installing: /home/jeni/Cook_subgoal_test/unity_cooking/ROS2/install/ros_tcp_endpoint/lib/ros_tcp_endpoint/.github/PULL_REQUEST_TEMPLATE.md
[1.865s] -- Installing: /home/jeni/Cook_subgoal_test/unity_cooking/ROS2/install/ros_tcp_endpoint/lib/ros_tcp_endpoint/msg
[1.865s] -- Installing: /home/jeni/Cook_subgoal_test/unity_cooking/ROS2/install/ros_tcp_endpoint/lib/ros_tcp_endpoint/msg/RosUnityError.msg
[1.865s] -- Installing: /home/jeni/Cook_subgoal_test/unity_cooking/ROS2/install/ros_tcp_endpoint/lib/ros_tcp_endpoint/msg/RosUnitySysCommand.msg
[1.865s] -- Installing: /home/jeni/Cook_subgoal_test/unity_cooking/ROS2/install/ros_tcp_endpoint/lib/ros_tcp_endpoint/msg/RosUnitySrvMessage.msg
[1.866s] -- Installing: /home/jeni/Cook_subgoal_test/unity_cooking/ROS2/install/ros_tcp_endpoint/lib/ros_tcp_endpoint/.yamato
[1.866s] -- Installing: /home/jeni/Cook_subgoal_test/unity_cooking/ROS2/install/ros_tcp_endpoint/lib/ros_tcp_endpoint/.yamato/yamato-config.yml
[1.866s] -- Installing: /home/jeni/Cook_subgoal_test/unity_cooking/ROS2/install/ros_tcp_endpoint/lib/ros_tcp_endpoint/setup.py
[1.866s] -- Installing: /home/jeni/Cook_subgoal_test/unity_cooking/ROS2/install/ros_tcp_endpoint/lib/ros_tcp_endpoint/test
[1.866s] -- Installing: /home/jeni/Cook_subgoal_test/unity_cooking/ROS2/install/ros_tcp_endpoint/lib/ros_tcp_endpoint/test/test_ros_service.py
[1.866s] -- Installing: /home/jeni/Cook_subgoal_test/unity_cooking/ROS2/install/ros_tcp_endpoint/lib/ros_tcp_endpoint/test/test_publisher.py
[1.866s] -- Installing: /home/jeni/Cook_subgoal_test/unity_cooking/ROS2/install/ros_tcp_endpoint/lib/ros_tcp_endpoint/test/test_tcp_sender.py
[1.866s] -- Installing: /home/jeni/Cook_subgoal_test/unity_cooking/ROS2/install/ros_tcp_endpoint/lib/ros_tcp_endpoint/test/test_client.py
[1.866s] -- Installing: /home/jeni/Cook_subgoal_test/unity_cooking/ROS2/install/ros_tcp_endpoint/lib/ros_tcp_endpoint/test/__init__.py
[1.866s] -- Installing: /home/jeni/Cook_subgoal_test/unity_cooking/ROS2/install/ros_tcp_endpoint/lib/ros_tcp_endpoint/test/test_server.py
[1.866s] -- Installing: /home/jeni/Cook_subgoal_test/unity_cooking/ROS2/install/ros_tcp_endpoint/lib/ros_tcp_endpoint/test/test_thread_pauser.py
[1.866s] -- Installing: /home/jeni/Cook_subgoal_test/unity_cooking/ROS2/install/ros_tcp_endpoint/lib/ros_tcp_endpoint/test/test_subscriber.py
[1.866s] -- Installing: /home/jeni/Cook_subgoal_test/unity_cooking/ROS2/install/ros_tcp_endpoint/lib/ros_tcp_endpoint/test/test_unity_service.py
[1.866s] -- Installing: /home/jeni/Cook_subgoal_test/unity_cooking/ROS2/install/ros_tcp_endpoint/lib/ros_tcp_endpoint/package.xml
[1.866s] -- Installing: /home/jeni/Cook_subgoal_test/unity_cooking/ROS2/install/ros_tcp_endpoint/lib/ros_tcp_endpoint/CODE_OF_CONDUCT.md
[1.866s] -- Installing: /home/jeni/Cook_subgoal_test/unity_cooking/ROS2/install/ros_tcp_endpoint/lib/ros_tcp_endpoint/config
[1.866s] -- Installing: /home/jeni/Cook_subgoal_test/unity_cooking/ROS2/install/ros_tcp_endpoint/lib/ros_tcp_endpoint/config/params.yaml
[1.866s] -- Installing: /home/jeni/Cook_subgoal_test/unity_cooking/ROS2/install/ros_tcp_endpoint/lib/ros_tcp_endpoint/.gitignore
[1.866s] -- Installing: /home/jeni/Cook_subgoal_test/unity_cooking/ROS2/install/ros_tcp_endpoint/lib/ros_tcp_endpoint/.pre-commit-config.yaml
[1.866s] -- Installing: /home/jeni/Cook_subgoal_test/unity_cooking/ROS2/install/ros_tcp_endpoint/lib/ros_tcp_endpoint/src
[1.866s] -- Installing: /home/jeni/Cook_subgoal_test/unity_cooking/ROS2/install/ros_tcp_endpoint/lib/ros_tcp_endpoint/src/ros_tcp_endpoint
[1.866s] -- Installing: /home/jeni/Cook_subgoal_test/unity_cooking/ROS2/install/ros_tcp_endpoint/lib/ros_tcp_endpoint/src/ros_tcp_endpoint/tcp_sender.py
[1.866s] -- Installing: /home/jeni/Cook_subgoal_test/unity_cooking/ROS2/install/ros_tcp_endpoint/lib/ros_tcp_endpoint/src/ros_tcp_endpoint/service.py
[1.866s] -- Installing: /home/jeni/Cook_subgoal_test/unity_cooking/ROS2/install/ros_tcp_endpoint/lib/ros_tcp_endpoint/src/ros_tcp_endpoint/default_server_endpoint.py
[1.866s] -- Installing: /home/jeni/Cook_subgoal_test/unity_cooking/ROS2/install/ros_tcp_endpoint/lib/ros_tcp_endpoint/src/ros_tcp_endpoint/communication.py
[1.866s] -- Installing: /home/jeni/Cook_subgoal_test/unity_cooking/ROS2/install/ros_tcp_endpoint/lib/ros_tcp_endpoint/src/ros_tcp_endpoint/exceptions.py
[1.866s] -- Installing: /home/jeni/Cook_subgoal_test/unity_cooking/ROS2/install/ros_tcp_endpoint/lib/ros_tcp_endpoint/src/ros_tcp_endpoint/server.py
[1.866s] -- Installing: /home/jeni/Cook_subgoal_test/unity_cooking/ROS2/install/ros_tcp_endpoint/lib/ros_tcp_endpoint/src/ros_tcp_endpoint/unity_service.py
[1.866s] -- Installing: /home/jeni/Cook_subgoal_test/unity_cooking/ROS2/install/ros_tcp_endpoint/lib/ros_tcp_endpoint/src/ros_tcp_endpoint/client.py
[1.866s] -- Installing: /home/jeni/Cook_subgoal_test/unity_cooking/ROS2/install/ros_tcp_endpoint/lib/ros_tcp_endpoint/src/ros_tcp_endpoint/__init__.py
[1.866s] -- Installing: /home/jeni/Cook_subgoal_test/unity_cooking/ROS2/install/ros_tcp_endpoint/lib/ros_tcp_endpoint/src/ros_tcp_endpoint/subscriber.py
[1.866s] -- Installing: /home/jeni/Cook_subgoal_test/unity_cooking/ROS2/install/ros_tcp_endpoint/lib/ros_tcp_endpoint/src/ros_tcp_endpoint/publisher.py
[1.866s] -- Installing: /home/jeni/Cook_subgoal_test/unity_cooking/ROS2/install/ros_tcp_endpoint/lib/ros_tcp_endpoint/src/ros_tcp_endpoint/thread_pauser.py
[1.866s] -- Installing: /home/jeni/Cook_subgoal_test/unity_cooking/ROS2/install/ros_tcp_endpoint/lib/ros_tcp_endpoint/README.md
[1.867s] -- Installing: /home/jeni/Cook_subgoal_test/unity_cooking/ROS2/install/ros_tcp_endpoint/lib/ros_tcp_endpoint/CHANGELOG.md
[1.867s] -- Installing: /home/jeni/Cook_subgoal_test/unity_cooking/ROS2/install/ros_tcp_endpoint/lib/ros_tcp_endpoint/LICENSE
[1.867s] -- Installing: /home/jeni/Cook_subgoal_test/unity_cooking/ROS2/install/ros_tcp_endpoint/lib/ros_tcp_endpoint/CMakeLists.txt
[1.867s] -- Installing: /home/jeni/Cook_subgoal_test/unity_cooking/ROS2/install/ros_tcp_endpoint/lib/ros_tcp_endpoint/CONTRIBUTING.md
[1.867s] -- Installing: /home/jeni/Cook_subgoal_test/unity_cooking/ROS2/install/ros_tcp_endpoint/lib/ros_tcp_endpoint/launch
[1.867s] -- Installing: /home/jeni/Cook_subgoal_test/unity_cooking/ROS2/install/ros_tcp_endpoint/lib/ros_tcp_endpoint/launch/endpoint.launch
[1.867s] -- Installing: /home/jeni/Cook_subgoal_test/unity_cooking/ROS2/install/ros_tcp_endpoint/share/ament_index/resource_index/package_run_dependencies/ros_tcp_endpoint
[1.867s] -- Installing: /home/jeni/Cook_subgoal_test/unity_cooking/ROS2/install/ros_tcp_endpoint/share/ament_index/resource_index/parent_prefix_path/ros_tcp_endpoint
[1.867s] -- Installing: /home/jeni/Cook_subgoal_test/unity_cooking/ROS2/install/ros_tcp_endpoint/share/ros_tcp_endpoint/environment/ament_prefix_path.sh
[1.867s] -- Installing: /home/jeni/Cook_subgoal_test/unity_cooking/ROS2/install/ros_tcp_endpoint/share/ros_tcp_endpoint/environment/ament_prefix_path.dsv
[1.867s] -- Installing: /home/jeni/Cook_subgoal_test/unity_cooking/ROS2/install/ros_tcp_endpoint/share/ros_tcp_endpoint/environment/path.sh
[1.867s] -- Installing: /home/jeni/Cook_subgoal_test/unity_cooking/ROS2/install/ros_tcp_endpoint/share/ros_tcp_endpoint/environment/path.dsv
[1.867s] -- Installing: /home/jeni/Cook_subgoal_test/unity_cooking/ROS2/install/ros_tcp_endpoint/share/ros_tcp_endpoint/local_setup.bash
[1.867s] -- Installing: /home/jeni/Cook_subgoal_test/unity_cooking/ROS2/install/ros_tcp_endpoint/share/ros_tcp_endpoint/local_setup.sh
[1.867s] -- Installing: /home/jeni/Cook_subgoal_test/unity_cooking/ROS2/install/ros_tcp_endpoint/share/ros_tcp_endpoint/local_setup.zsh
[1.867s] -- Installing: /home/jeni/Cook_subgoal_test/unity_cooking/ROS2/install/ros_tcp_endpoint/share/ros_tcp_endpoint/local_setup.dsv
[1.867s] -- Installing: /home/jeni/Cook_subgoal_test/unity_cooking/ROS2/install/ros_tcp_endpoint/share/ros_tcp_endpoint/package.dsv
[1.867s] -- Installing: /home/jeni/Cook_subgoal_test/unity_cooking/ROS2/install/ros_tcp_endpoint/share/ament_index/resource_index/packages/ros_tcp_endpoint
[1.867s] -- Installing: /home/jeni/Cook_subgoal_test/unity_cooking/ROS2/install/ros_tcp_endpoint/share/ros_tcp_endpoint/cmake/export_ros_tcp_endpoint__rosidl_generator_cExport.cmake
[1.867s] -- Installing: /home/jeni/Cook_subgoal_test/unity_cooking/ROS2/install/ros_tcp_endpoint/share/ros_tcp_endpoint/cmake/export_ros_tcp_endpoint__rosidl_generator_cExport-noconfig.cmake
[1.867s] -- Installing: /home/jeni/Cook_subgoal_test/unity_cooking/ROS2/install/ros_tcp_endpoint/share/ros_tcp_endpoint/cmake/export_ros_tcp_endpoint__rosidl_typesupport_fastrtps_cExport.cmake
[1.867s] -- Installing: /home/jeni/Cook_subgoal_test/unity_cooking/ROS2/install/ros_tcp_endpoint/share/ros_tcp_endpoint/cmake/export_ros_tcp_endpoint__rosidl_typesupport_fastrtps_cExport-noconfig.cmake
[1.867s] -- Installing: /home/jeni/Cook_subgoal_test/unity_cooking/ROS2/install/ros_tcp_endpoint/share/ros_tcp_endpoint/cmake/export_ros_tcp_endpoint__rosidl_generator_cppExport.cmake
[1.867s] -- Installing: /home/jeni/Cook_subgoal_test/unity_cooking/ROS2/install/ros_tcp_endpoint/share/ros_tcp_endpoint/cmake/export_ros_tcp_endpoint__rosidl_typesupport_fastrtps_cppExport.cmake
[1.868s] -- Installing: /home/jeni/Cook_subgoal_test/unity_cooking/ROS2/install/ros_tcp_endpoint/share/ros_tcp_endpoint/cmake/export_ros_tcp_endpoint__rosidl_typesupport_fastrtps_cppExport-noconfig.cmake
[1.868s] -- Installing: /home/jeni/Cook_subgoal_test/unity_cooking/ROS2/install/ros_tcp_endpoint/share/ros_tcp_endpoint/cmake/ros_tcp_endpoint__rosidl_typesupport_introspection_cExport.cmake
[1.868s] -- Installing: /home/jeni/Cook_subgoal_test/unity_cooking/ROS2/install/ros_tcp_endpoint/share/ros_tcp_endpoint/cmake/ros_tcp_endpoint__rosidl_typesupport_introspection_cExport-noconfig.cmake
[1.868s] -- Installing: /home/jeni/Cook_subgoal_test/unity_cooking/ROS2/install/ros_tcp_endpoint/share/ros_tcp_endpoint/cmake/ros_tcp_endpoint__rosidl_typesupport_cExport.cmake
[1.868s] -- Installing: /home/jeni/Cook_subgoal_test/unity_cooking/ROS2/install/ros_tcp_endpoint/share/ros_tcp_endpoint/cmake/ros_tcp_endpoint__rosidl_typesupport_cExport-noconfig.cmake
[1.868s] -- Installing: /home/jeni/Cook_subgoal_test/unity_cooking/ROS2/install/ros_tcp_endpoint/share/ros_tcp_endpoint/cmake/ros_tcp_endpoint__rosidl_typesupport_introspection_cppExport.cmake
[1.868s] -- Installing: /home/jeni/Cook_subgoal_test/unity_cooking/ROS2/install/ros_tcp_endpoint/share/ros_tcp_endpoint/cmake/ros_tcp_endpoint__rosidl_typesupport_introspection_cppExport-noconfig.cmake
[1.868s] -- Installing: /home/jeni/Cook_subgoal_test/unity_cooking/ROS2/install/ros_tcp_endpoint/share/ros_tcp_endpoint/cmake/ros_tcp_endpoint__rosidl_typesupport_cppExport.cmake
[1.868s] -- Installing: /home/jeni/Cook_subgoal_test/unity_cooking/ROS2/install/ros_tcp_endpoint/share/ros_tcp_endpoint/cmake/ros_tcp_endpoint__rosidl_typesupport_cppExport-noconfig.cmake
[1.868s] -- Installing: /home/jeni/Cook_subgoal_test/unity_cooking/ROS2/install/ros_tcp_endpoint/share/ros_tcp_endpoint/cmake/export_ros_tcp_endpoint__rosidl_generator_pyExport.cmake
[1.868s] -- Installing: /home/jeni/Cook_subgoal_test/unity_cooking/ROS2/install/ros_tcp_endpoint/share/ros_tcp_endpoint/cmake/export_ros_tcp_endpoint__rosidl_generator_pyExport-noconfig.cmake
[1.868s] -- Installing: /home/jeni/Cook_subgoal_test/unity_cooking/ROS2/install/ros_tcp_endpoint/share/ros_tcp_endpoint/cmake/rosidl_cmake-extras.cmake
[1.868s] -- Installing: /home/jeni/Cook_subgoal_test/unity_cooking/ROS2/install/ros_tcp_endpoint/share/ros_tcp_endpoint/cmake/ament_cmake_export_dependencies-extras.cmake
[1.868s] -- Installing: /home/jeni/Cook_subgoal_test/unity_cooking/ROS2/install/ros_tcp_endpoint/share/ros_tcp_endpoint/cmake/ament_cmake_export_include_directories-extras.cmake
[1.868s] -- Installing: /home/jeni/Cook_subgoal_test/unity_cooking/ROS2/install/ros_tcp_endpoint/share/ros_tcp_endpoint/cmake/ament_cmake_export_libraries-extras.cmake
[1.868s] -- Installing: /home/jeni/Cook_subgoal_test/unity_cooking/ROS2/install/ros_tcp_endpoint/share/ros_tcp_endpoint/cmake/ament_cmake_export_targets-extras.cmake
[1.868s] -- Installing: /home/jeni/Cook_subgoal_test/unity_cooking/ROS2/install/ros_tcp_endpoint/share/ros_tcp_endpoint/cmake/rosidl_cmake_export_typesupport_targets-extras.cmake
[1.868s] -- Installing: /home/jeni/Cook_subgoal_test/unity_cooking/ROS2/install/ros_tcp_endpoint/share/ros_tcp_endpoint/cmake/rosidl_cmake_export_typesupport_libraries-extras.cmake
[1.868s] -- Installing: /home/jeni/Cook_subgoal_test/unity_cooking/ROS2/install/ros_tcp_endpoint/share/ros_tcp_endpoint/cmake/ros_tcp_endpointConfig.cmake
[1.868s] -- Installing: /home/jeni/Cook_subgoal_test/unity_cooking/ROS2/install/ros_tcp_endpoint/share/ros_tcp_endpoint/cmake/ros_tcp_endpointConfig-version.cmake
[1.868s] -- Installing: /home/jeni/Cook_subgoal_test/unity_cooking/ROS2/install/ros_tcp_endpoint/share/ros_tcp_endpoint/package.xml
[1.869s] Invoked command in '/home/jeni/Cook_subgoal_test/unity_cooking/ROS2/build/ros_tcp_endpoint' returned '0': CMAKE_PREFIX_PATH=${CMAKE_PREFIX_PATH}:/opt/ros/humble /usr/bin/cmake --install /home/jeni/Cook_subgoal_test/unity_cooking/ROS2/build/ros_tcp_endpoint
