-- The C compiler identification is GNU 11.4.0
-- The CXX compiler identification is GNU 11.4.0
-- Detecting C compiler ABI info
-- Detecting C compiler ABI info - done
-- Check for working C compiler: /usr/bin/cc - skipped
-- Detecting C compile features
-- Detecting C compile features - done
-- Detecting CXX compiler ABI info
-- Detecting CXX compiler ABI info - done
-- Check for working CXX compiler: /usr/bin/c++ - skipped
-- Detecting CXX compile features
-- Detecting CXX compile features - done
-- Found ament_cmake: 1.3.12 (/opt/ros/humble/share/ament_cmake/cmake)
-- Found Python3: /usr/bin/python3 (found version "3.10.12") found components: Interpreter 
-- Found rclpy: 3.3.17 (/opt/ros/humble/share/rclpy/cmake)
-- Found std_msgs: 4.9.0 (/opt/ros/humble/share/std_msgs/cmake)
-- Found rosidl_generator_c: 3.1.7 (/opt/ros/humble/share/rosidl_generator_c/cmake)
-- Found rosidl_adapter: 3.1.7 (/opt/ros/humble/share/rosidl_adapter/cmake)
-- Found rosidl_generator_cpp: 3.1.7 (/opt/ros/humble/share/rosidl_generator_cpp/cmake)
-- Using all available rosidl_typesupport_c: rosidl_typesupport_fastrtps_c;rosidl_typesupport_introspection_c
-- Using all available rosidl_typesupport_cpp: rosidl_typesupport_fastrtps_cpp;rosidl_typesupport_introspection_cpp
-- Found rosidl_default_generators: 1.2.0 (/opt/ros/humble/share/rosidl_default_generators/cmake)
-- Found ament_cmake_ros: 0.10.0 (/opt/ros/humble/share/ament_cmake_ros/cmake)
-- Using all available rosidl_typesupport_c: rosidl_typesupport_fastrtps_c;rosidl_typesupport_introspection_c
-- Using all available rosidl_typesupport_cpp: rosidl_typesupport_fastrtps_cpp;rosidl_typesupport_introspection_cpp
-- Found PythonInterp: /usr/bin/python3 (found suitable version "3.10.12", minimum required is "3.6") 
-- Found python_cmake_module: 0.10.0 (/opt/ros/humble/share/python_cmake_module/cmake)
-- Found PythonLibs: /usr/lib/x86_64-linux-gnu/libpython3.10.so (found suitable version "3.10.12", minimum required is "3.5") 
-- Using PYTHON_EXECUTABLE: /usr/bin/python3
-- Using PYTHON_INCLUDE_DIRS: /usr/include/python3.10
-- Using PYTHON_LIBRARIES: /usr/lib/x86_64-linux-gnu/libpython3.10.so
-- Found PythonExtra: .so  
-- Configuring done
-- Generating done
-- Build files have been written to: /home/jeni/Cook_subgoal_test/unity_cooking/ROS2/build/ros_tcp_endpoint
[  1%] [34m[1mGenerating C code for ROS interfaces[0m
[  3%] [34m[1mGenerating C++ code for ROS interfaces[0m
[  3%] Built target ament_cmake_python_copy_ros_tcp_endpoint
running egg_info
creating ros_tcp_endpoint.egg-info
writing ros_tcp_endpoint.egg-info/PKG-INFO
writing dependency_links to ros_tcp_endpoint.egg-info/dependency_links.txt
writing top-level names to ros_tcp_endpoint.egg-info/top_level.txt
writing manifest file 'ros_tcp_endpoint.egg-info/SOURCES.txt'
reading manifest file 'ros_tcp_endpoint.egg-info/SOURCES.txt'
writing manifest file 'ros_tcp_endpoint.egg-info/SOURCES.txt'
[  3%] Built target ament_cmake_python_build_ros_tcp_endpoint_egg
[  3%] Built target ros_tcp_endpoint__cpp
[  5%] [32mBuilding C object CMakeFiles/ros_tcp_endpoint__rosidl_generator_c.dir/rosidl_generator_c/ros_tcp_endpoint/msg/detail/ros_unity_error__functions.c.o[0m
[  7%] [32mBuilding C object CMakeFiles/ros_tcp_endpoint__rosidl_generator_c.dir/rosidl_generator_c/ros_tcp_endpoint/msg/detail/ros_unity_srv_message__functions.c.o[0m
[  9%] [32mBuilding C object CMakeFiles/ros_tcp_endpoint__rosidl_generator_c.dir/rosidl_generator_c/ros_tcp_endpoint/msg/detail/ros_unity_sys_command__functions.c.o[0m
[ 10%] [32mBuilding C object CMakeFiles/ros_tcp_endpoint__rosidl_generator_c.dir/rosidl_generator_c/ros_tcp_endpoint/srv/detail/ros_unity_topic_list__functions.c.o[0m
[ 14%] [34m[1mGenerating C++ type support dispatch for ROS interfaces[0m
[ 14%] [34m[1mGenerating C++ type support for eProsima Fast-RTPS[0m
[ 16%] [34m[1mGenerating C++ introspection for ROS interfaces[0m
[ 18%] [32m[1mLinking C shared library libros_tcp_endpoint__rosidl_generator_c.so[0m
[ 18%] Built target ros_tcp_endpoint__rosidl_generator_c
[ 23%] [34m[1mGenerating C introspection for ROS interfaces[0m
[ 23%] [34m[1mGenerating C type support for eProsima Fast-RTPS[0m
[ 23%] [34m[1mGenerating C type support dispatch for ROS interfaces[0m
[ 27%] [32mBuilding CXX object CMakeFiles/ros_tcp_endpoint__rosidl_typesupport_cpp.dir/rosidl_typesupport_cpp/ros_tcp_endpoint/msg/ros_unity_error__type_support.cpp.o[0m
[ 29%] [32mBuilding CXX object CMakeFiles/ros_tcp_endpoint__rosidl_typesupport_cpp.dir/rosidl_typesupport_cpp/ros_tcp_endpoint/msg/ros_unity_sys_command__type_support.cpp.o[0m
[ 29%] [32mBuilding CXX object CMakeFiles/ros_tcp_endpoint__rosidl_typesupport_cpp.dir/rosidl_typesupport_cpp/ros_tcp_endpoint/srv/ros_unity_topic_list__type_support.cpp.o[0m
[ 30%] [32mBuilding CXX object CMakeFiles/ros_tcp_endpoint__rosidl_typesupport_cpp.dir/rosidl_typesupport_cpp/ros_tcp_endpoint/msg/ros_unity_srv_message__type_support.cpp.o[0m
[ 38%] [32mBuilding CXX object CMakeFiles/ros_tcp_endpoint__rosidl_typesupport_introspection_cpp.dir/rosidl_typesupport_introspection_cpp/ros_tcp_endpoint/msg/detail/ros_unity_srv_message__type_support.cpp.o[0m
[ 38%] [32mBuilding CXX object CMakeFiles/ros_tcp_endpoint__rosidl_typesupport_introspection_cpp.dir/rosidl_typesupport_introspection_cpp/ros_tcp_endpoint/srv/detail/ros_unity_topic_list__type_support.cpp.o[0m
[ 38%] [32mBuilding CXX object CMakeFiles/ros_tcp_endpoint__rosidl_typesupport_introspection_cpp.dir/rosidl_typesupport_introspection_cpp/ros_tcp_endpoint/msg/detail/ros_unity_sys_command__type_support.cpp.o[0m
[ 38%] [32mBuilding CXX object CMakeFiles/ros_tcp_endpoint__rosidl_typesupport_introspection_cpp.dir/rosidl_typesupport_introspection_cpp/ros_tcp_endpoint/msg/detail/ros_unity_error__type_support.cpp.o[0m
[ 43%] [32mBuilding CXX object CMakeFiles/ros_tcp_endpoint__rosidl_typesupport_fastrtps_cpp.dir/rosidl_typesupport_fastrtps_cpp/ros_tcp_endpoint/srv/detail/dds_fastrtps/ros_unity_topic_list__type_support.cpp.o[0m
[ 43%] [32mBuilding CXX object CMakeFiles/ros_tcp_endpoint__rosidl_typesupport_fastrtps_cpp.dir/rosidl_typesupport_fastrtps_cpp/ros_tcp_endpoint/msg/detail/dds_fastrtps/ros_unity_sys_command__type_support.cpp.o[0m
[ 43%] [32mBuilding CXX object CMakeFiles/ros_tcp_endpoint__rosidl_typesupport_fastrtps_cpp.dir/rosidl_typesupport_fastrtps_cpp/ros_tcp_endpoint/msg/detail/dds_fastrtps/ros_unity_srv_message__type_support.cpp.o[0m
[ 45%] [32mBuilding CXX object CMakeFiles/ros_tcp_endpoint__rosidl_typesupport_fastrtps_cpp.dir/rosidl_typesupport_fastrtps_cpp/ros_tcp_endpoint/msg/detail/dds_fastrtps/ros_unity_error__type_support.cpp.o[0m
[ 49%] [32mBuilding CXX object CMakeFiles/ros_tcp_endpoint__rosidl_typesupport_c.dir/rosidl_typesupport_c/ros_tcp_endpoint/msg/ros_unity_error__type_support.cpp.o[0m
[ 49%] [32mBuilding CXX object CMakeFiles/ros_tcp_endpoint__rosidl_typesupport_c.dir/rosidl_typesupport_c/ros_tcp_endpoint/msg/ros_unity_srv_message__type_support.cpp.o[0m
[ 50%] [32mBuilding CXX object CMakeFiles/ros_tcp_endpoint__rosidl_typesupport_c.dir/rosidl_typesupport_c/ros_tcp_endpoint/msg/ros_unity_sys_command__type_support.cpp.o[0m
[ 52%] [32mBuilding CXX object CMakeFiles/ros_tcp_endpoint__rosidl_typesupport_c.dir/rosidl_typesupport_c/ros_tcp_endpoint/srv/ros_unity_topic_list__type_support.cpp.o[0m
[ 54%] [32m[1mLinking CXX shared library libros_tcp_endpoint__rosidl_typesupport_c.so[0m
[ 56%] [32mBuilding CXX object CMakeFiles/ros_tcp_endpoint__rosidl_typesupport_fastrtps_c.dir/rosidl_typesupport_fastrtps_c/ros_tcp_endpoint/msg/detail/ros_unity_error__type_support_c.cpp.o[0m
[ 58%] [32mBuilding CXX object CMakeFiles/ros_tcp_endpoint__rosidl_typesupport_fastrtps_c.dir/rosidl_typesupport_fastrtps_c/ros_tcp_endpoint/msg/detail/ros_unity_srv_message__type_support_c.cpp.o[0m
[ 60%] [32mBuilding CXX object CMakeFiles/ros_tcp_endpoint__rosidl_typesupport_fastrtps_c.dir/rosidl_typesupport_fastrtps_c/ros_tcp_endpoint/msg/detail/ros_unity_sys_command__type_support_c.cpp.o[0m
[ 61%] [32mBuilding C object CMakeFiles/ros_tcp_endpoint__rosidl_typesupport_introspection_c.dir/rosidl_typesupport_introspection_c/ros_tcp_endpoint/msg/detail/ros_unity_error__type_support.c.o[0m
[ 65%] [32mBuilding C object CMakeFiles/ros_tcp_endpoint__rosidl_typesupport_introspection_c.dir/rosidl_typesupport_introspection_c/ros_tcp_endpoint/msg/detail/ros_unity_srv_message__type_support.c.o[0m
[ 65%] [32mBuilding CXX object CMakeFiles/ros_tcp_endpoint__rosidl_typesupport_fastrtps_c.dir/rosidl_typesupport_fastrtps_c/ros_tcp_endpoint/srv/detail/ros_unity_topic_list__type_support_c.cpp.o[0m
[ 65%] Built target ros_tcp_endpoint__rosidl_typesupport_c
[ 67%] [32mBuilding C object CMakeFiles/ros_tcp_endpoint__rosidl_typesupport_introspection_c.dir/rosidl_typesupport_introspection_c/ros_tcp_endpoint/msg/detail/ros_unity_sys_command__type_support.c.o[0m
[ 69%] [32m[1mLinking CXX shared library libros_tcp_endpoint__rosidl_typesupport_cpp.so[0m
[ 70%] [32mBuilding C object CMakeFiles/ros_tcp_endpoint__rosidl_typesupport_introspection_c.dir/rosidl_typesupport_introspection_c/ros_tcp_endpoint/srv/detail/ros_unity_topic_list__type_support.c.o[0m
[ 70%] Built target ros_tcp_endpoint__rosidl_typesupport_cpp
[ 72%] [32m[1mLinking C shared library libros_tcp_endpoint__rosidl_typesupport_introspection_c.so[0m
[ 72%] Built target ros_tcp_endpoint__rosidl_typesupport_introspection_c
[ 74%] [32m[1mLinking CXX shared library libros_tcp_endpoint__rosidl_typesupport_introspection_cpp.so[0m
[ 76%] [32m[1mLinking CXX shared library libros_tcp_endpoint__rosidl_typesupport_fastrtps_cpp.so[0m
[ 76%] Built target ros_tcp_endpoint__rosidl_typesupport_introspection_cpp
[ 78%] [32m[1mLinking CXX shared library libros_tcp_endpoint__rosidl_typesupport_fastrtps_c.so[0m
[ 78%] Built target ros_tcp_endpoint__rosidl_typesupport_fastrtps_cpp
[ 78%] Built target ros_tcp_endpoint__rosidl_typesupport_fastrtps_c
[ 78%] Built target ros_tcp_endpoint
[ 80%] [34m[1mGenerating Python code for ROS interfaces[0m
[ 80%] Built target ros_tcp_endpoint__py
[ 81%] [32mBuilding C object CMakeFiles/ros_tcp_endpoint__rosidl_generator_py.dir/rosidl_generator_py/ros_tcp_endpoint/msg/_ros_unity_error_s.c.o[0m
[ 83%] [32mBuilding C object CMakeFiles/ros_tcp_endpoint__rosidl_generator_py.dir/rosidl_generator_py/ros_tcp_endpoint/msg/_ros_unity_srv_message_s.c.o[0m
[ 85%] [32mBuilding C object CMakeFiles/ros_tcp_endpoint__rosidl_generator_py.dir/rosidl_generator_py/ros_tcp_endpoint/srv/_ros_unity_topic_list_s.c.o[0m
[ 87%] [32mBuilding C object CMakeFiles/ros_tcp_endpoint__rosidl_generator_py.dir/rosidl_generator_py/ros_tcp_endpoint/msg/_ros_unity_sys_command_s.c.o[0m
[ 89%] [32m[1mLinking C shared library rosidl_generator_py/ros_tcp_endpoint/libros_tcp_endpoint__rosidl_generator_py.so[0m
[ 89%] Built target ros_tcp_endpoint__rosidl_generator_py
[ 92%] [32mBuilding C object CMakeFiles/ros_tcp_endpoint__rosidl_typesupport_fastrtps_c__pyext.dir/rosidl_generator_py/ros_tcp_endpoint/_ros_tcp_endpoint_s.ep.rosidl_typesupport_fastrtps_c.c.o[0m
[ 92%] [32mBuilding C object CMakeFiles/ros_tcp_endpoint__rosidl_typesupport_introspection_c__pyext.dir/rosidl_generator_py/ros_tcp_endpoint/_ros_tcp_endpoint_s.ep.rosidl_typesupport_introspection_c.c.o[0m
[ 94%] [32mBuilding C object CMakeFiles/ros_tcp_endpoint__rosidl_typesupport_c__pyext.dir/rosidl_generator_py/ros_tcp_endpoint/_ros_tcp_endpoint_s.ep.rosidl_typesupport_c.c.o[0m
[100%] [32m[1mLinking C shared library rosidl_generator_py/ros_tcp_endpoint/ros_tcp_endpoint_s__rosidl_typesupport_c.cpython-310-x86_64-linux-gnu.so[0m
[100%] [32m[1mLinking C shared library rosidl_generator_py/ros_tcp_endpoint/ros_tcp_endpoint_s__rosidl_typesupport_introspection_c.cpython-310-x86_64-linux-gnu.so[0m
[100%] [32m[1mLinking C shared library rosidl_generator_py/ros_tcp_endpoint/ros_tcp_endpoint_s__rosidl_typesupport_fastrtps_c.cpython-310-x86_64-linux-gnu.so[0m
[100%] Built target ros_tcp_endpoint__rosidl_typesupport_c__pyext
[100%] Built target ros_tcp_endpoint__rosidl_typesupport_fastrtps_c__pyext
[100%] Built target ros_tcp_endpoint__rosidl_typesupport_introspection_c__pyext
-- Install configuration: ""
-- Installing: /home/jeni/Cook_subgoal_test/unity_cooking/ROS2/install/ros_tcp_endpoint/share/ament_index/resource_index/rosidl_interfaces/ros_tcp_endpoint
-- Installing: /home/jeni/Cook_subgoal_test/unity_cooking/ROS2/install/ros_tcp_endpoint/include/ros_tcp_endpoint/ros_tcp_endpoint
-- Installing: /home/jeni/Cook_subgoal_test/unity_cooking/ROS2/install/ros_tcp_endpoint/include/ros_tcp_endpoint/ros_tcp_endpoint/srv
-- Installing: /home/jeni/Cook_subgoal_test/unity_cooking/ROS2/install/ros_tcp_endpoint/include/ros_tcp_endpoint/ros_tcp_endpoint/srv/ros_unity_topic_list.h
-- Installing: /home/jeni/Cook_subgoal_test/unity_cooking/ROS2/install/ros_tcp_endpoint/include/ros_tcp_endpoint/ros_tcp_endpoint/srv/detail
-- Installing: /home/jeni/Cook_subgoal_test/unity_cooking/ROS2/install/ros_tcp_endpoint/include/ros_tcp_endpoint/ros_tcp_endpoint/srv/detail/ros_unity_topic_list__struct.h
-- Installing: /home/jeni/Cook_subgoal_test/unity_cooking/ROS2/install/ros_tcp_endpoint/include/ros_tcp_endpoint/ros_tcp_endpoint/srv/detail/ros_unity_topic_list__type_support.h
-- Installing: /home/jeni/Cook_subgoal_test/unity_cooking/ROS2/install/ros_tcp_endpoint/include/ros_tcp_endpoint/ros_tcp_endpoint/srv/detail/ros_unity_topic_list__functions.c
-- Installing: /home/jeni/Cook_subgoal_test/unity_cooking/ROS2/install/ros_tcp_endpoint/include/ros_tcp_endpoint/ros_tcp_endpoint/srv/detail/ros_unity_topic_list__functions.h
-- Installing: /home/jeni/Cook_subgoal_test/unity_cooking/ROS2/install/ros_tcp_endpoint/include/ros_tcp_endpoint/ros_tcp_endpoint/msg
-- Installing: /home/jeni/Cook_subgoal_test/unity_cooking/ROS2/install/ros_tcp_endpoint/include/ros_tcp_endpoint/ros_tcp_endpoint/msg/ros_unity_error.h
-- Installing: /home/jeni/Cook_subgoal_test/unity_cooking/ROS2/install/ros_tcp_endpoint/include/ros_tcp_endpoint/ros_tcp_endpoint/msg/ros_unity_srv_message.h
-- Installing: /home/jeni/Cook_subgoal_test/unity_cooking/ROS2/install/ros_tcp_endpoint/include/ros_tcp_endpoint/ros_tcp_endpoint/msg/rosidl_generator_c__visibility_control.h
-- Installing: /home/jeni/Cook_subgoal_test/unity_cooking/ROS2/install/ros_tcp_endpoint/include/ros_tcp_endpoint/ros_tcp_endpoint/msg/detail
-- Installing: /home/jeni/Cook_subgoal_test/unity_cooking/ROS2/install/ros_tcp_endpoint/include/ros_tcp_endpoint/ros_tcp_endpoint/msg/detail/ros_unity_error__type_support.h
-- Installing: /home/jeni/Cook_subgoal_test/unity_cooking/ROS2/install/ros_tcp_endpoint/include/ros_tcp_endpoint/ros_tcp_endpoint/msg/detail/ros_unity_srv_message__struct.h
-- Installing: /home/jeni/Cook_subgoal_test/unity_cooking/ROS2/install/ros_tcp_endpoint/include/ros_tcp_endpoint/ros_tcp_endpoint/msg/detail/ros_unity_sys_command__struct.h
-- Installing: /home/jeni/Cook_subgoal_test/unity_cooking/ROS2/install/ros_tcp_endpoint/include/ros_tcp_endpoint/ros_tcp_endpoint/msg/detail/ros_unity_error__functions.c
-- Installing: /home/jeni/Cook_subgoal_test/unity_cooking/ROS2/install/ros_tcp_endpoint/include/ros_tcp_endpoint/ros_tcp_endpoint/msg/detail/ros_unity_srv_message__type_support.h
-- Installing: /home/jeni/Cook_subgoal_test/unity_cooking/ROS2/install/ros_tcp_endpoint/include/ros_tcp_endpoint/ros_tcp_endpoint/msg/detail/ros_unity_error__functions.h
-- Installing: /home/jeni/Cook_subgoal_test/unity_cooking/ROS2/install/ros_tcp_endpoint/include/ros_tcp_endpoint/ros_tcp_endpoint/msg/detail/ros_unity_error__struct.h
-- Installing: /home/jeni/Cook_subgoal_test/unity_cooking/ROS2/install/ros_tcp_endpoint/include/ros_tcp_endpoint/ros_tcp_endpoint/msg/detail/ros_unity_sys_command__type_support.h
-- Installing: /home/jeni/Cook_subgoal_test/unity_cooking/ROS2/install/ros_tcp_endpoint/include/ros_tcp_endpoint/ros_tcp_endpoint/msg/detail/ros_unity_sys_command__functions.c
-- Installing: /home/jeni/Cook_subgoal_test/unity_cooking/ROS2/install/ros_tcp_endpoint/include/ros_tcp_endpoint/ros_tcp_endpoint/msg/detail/ros_unity_srv_message__functions.h
-- Installing: /home/jeni/Cook_subgoal_test/unity_cooking/ROS2/install/ros_tcp_endpoint/include/ros_tcp_endpoint/ros_tcp_endpoint/msg/detail/ros_unity_srv_message__functions.c
-- Installing: /home/jeni/Cook_subgoal_test/unity_cooking/ROS2/install/ros_tcp_endpoint/include/ros_tcp_endpoint/ros_tcp_endpoint/msg/detail/ros_unity_sys_command__functions.h
-- Installing: /home/jeni/Cook_subgoal_test/unity_cooking/ROS2/install/ros_tcp_endpoint/include/ros_tcp_endpoint/ros_tcp_endpoint/msg/ros_unity_sys_command.h
-- Installing: /home/jeni/Cook_subgoal_test/unity_cooking/ROS2/install/ros_tcp_endpoint/share/ros_tcp_endpoint/environment/library_path.sh
-- Installing: /home/jeni/Cook_subgoal_test/unity_cooking/ROS2/install/ros_tcp_endpoint/share/ros_tcp_endpoint/environment/library_path.dsv
-- Installing: /home/jeni/Cook_subgoal_test/unity_cooking/ROS2/install/ros_tcp_endpoint/lib/libros_tcp_endpoint__rosidl_generator_c.so
-- Set runtime path of "/home/jeni/Cook_subgoal_test/unity_cooking/ROS2/install/ros_tcp_endpoint/lib/libros_tcp_endpoint__rosidl_generator_c.so" to ""
-- Up-to-date: /home/jeni/Cook_subgoal_test/unity_cooking/ROS2/install/ros_tcp_endpoint/include/ros_tcp_endpoint/ros_tcp_endpoint
-- Up-to-date: /home/jeni/Cook_subgoal_test/unity_cooking/ROS2/install/ros_tcp_endpoint/include/ros_tcp_endpoint/ros_tcp_endpoint/srv
-- Up-to-date: /home/jeni/Cook_subgoal_test/unity_cooking/ROS2/install/ros_tcp_endpoint/include/ros_tcp_endpoint/ros_tcp_endpoint/srv/detail
-- Installing: /home/jeni/Cook_subgoal_test/unity_cooking/ROS2/install/ros_tcp_endpoint/include/ros_tcp_endpoint/ros_tcp_endpoint/srv/detail/ros_unity_topic_list__rosidl_typesupport_fastrtps_c.h
-- Up-to-date: /home/jeni/Cook_subgoal_test/unity_cooking/ROS2/install/ros_tcp_endpoint/include/ros_tcp_endpoint/ros_tcp_endpoint/msg
-- Installing: /home/jeni/Cook_subgoal_test/unity_cooking/ROS2/install/ros_tcp_endpoint/include/ros_tcp_endpoint/ros_tcp_endpoint/msg/rosidl_typesupport_fastrtps_c__visibility_control.h
-- Up-to-date: /home/jeni/Cook_subgoal_test/unity_cooking/ROS2/install/ros_tcp_endpoint/include/ros_tcp_endpoint/ros_tcp_endpoint/msg/detail
-- Installing: /home/jeni/Cook_subgoal_test/unity_cooking/ROS2/install/ros_tcp_endpoint/include/ros_tcp_endpoint/ros_tcp_endpoint/msg/detail/ros_unity_sys_command__rosidl_typesupport_fastrtps_c.h
-- Installing: /home/jeni/Cook_subgoal_test/unity_cooking/ROS2/install/ros_tcp_endpoint/include/ros_tcp_endpoint/ros_tcp_endpoint/msg/detail/ros_unity_error__rosidl_typesupport_fastrtps_c.h
-- Installing: /home/jeni/Cook_subgoal_test/unity_cooking/ROS2/install/ros_tcp_endpoint/include/ros_tcp_endpoint/ros_tcp_endpoint/msg/detail/ros_unity_srv_message__rosidl_typesupport_fastrtps_c.h
-- Installing: /home/jeni/Cook_subgoal_test/unity_cooking/ROS2/install/ros_tcp_endpoint/lib/libros_tcp_endpoint__rosidl_typesupport_fastrtps_c.so
-- Set runtime path of "/home/jeni/Cook_subgoal_test/unity_cooking/ROS2/install/ros_tcp_endpoint/lib/libros_tcp_endpoint__rosidl_typesupport_fastrtps_c.so" to ""
-- Up-to-date: /home/jeni/Cook_subgoal_test/unity_cooking/ROS2/install/ros_tcp_endpoint/include/ros_tcp_endpoint/ros_tcp_endpoint
-- Up-to-date: /home/jeni/Cook_subgoal_test/unity_cooking/ROS2/install/ros_tcp_endpoint/include/ros_tcp_endpoint/ros_tcp_endpoint/srv
-- Installing: /home/jeni/Cook_subgoal_test/unity_cooking/ROS2/install/ros_tcp_endpoint/include/ros_tcp_endpoint/ros_tcp_endpoint/srv/ros_unity_topic_list.hpp
-- Up-to-date: /home/jeni/Cook_subgoal_test/unity_cooking/ROS2/install/ros_tcp_endpoint/include/ros_tcp_endpoint/ros_tcp_endpoint/srv/detail
-- Installing: /home/jeni/Cook_subgoal_test/unity_cooking/ROS2/install/ros_tcp_endpoint/include/ros_tcp_endpoint/ros_tcp_endpoint/srv/detail/ros_unity_topic_list__builder.hpp
-- Installing: /home/jeni/Cook_subgoal_test/unity_cooking/ROS2/install/ros_tcp_endpoint/include/ros_tcp_endpoint/ros_tcp_endpoint/srv/detail/ros_unity_topic_list__type_support.hpp
-- Installing: /home/jeni/Cook_subgoal_test/unity_cooking/ROS2/install/ros_tcp_endpoint/include/ros_tcp_endpoint/ros_tcp_endpoint/srv/detail/ros_unity_topic_list__struct.hpp
-- Installing: /home/jeni/Cook_subgoal_test/unity_cooking/ROS2/install/ros_tcp_endpoint/include/ros_tcp_endpoint/ros_tcp_endpoint/srv/detail/ros_unity_topic_list__traits.hpp
-- Up-to-date: /home/jeni/Cook_subgoal_test/unity_cooking/ROS2/install/ros_tcp_endpoint/include/ros_tcp_endpoint/ros_tcp_endpoint/msg
-- Installing: /home/jeni/Cook_subgoal_test/unity_cooking/ROS2/install/ros_tcp_endpoint/include/ros_tcp_endpoint/ros_tcp_endpoint/msg/ros_unity_sys_command.hpp
-- Installing: /home/jeni/Cook_subgoal_test/unity_cooking/ROS2/install/ros_tcp_endpoint/include/ros_tcp_endpoint/ros_tcp_endpoint/msg/ros_unity_srv_message.hpp
-- Installing: /home/jeni/Cook_subgoal_test/unity_cooking/ROS2/install/ros_tcp_endpoint/include/ros_tcp_endpoint/ros_tcp_endpoint/msg/ros_unity_error.hpp
-- Installing: /home/jeni/Cook_subgoal_test/unity_cooking/ROS2/install/ros_tcp_endpoint/include/ros_tcp_endpoint/ros_tcp_endpoint/msg/rosidl_generator_cpp__visibility_control.hpp
-- Up-to-date: /home/jeni/Cook_subgoal_test/unity_cooking/ROS2/install/ros_tcp_endpoint/include/ros_tcp_endpoint/ros_tcp_endpoint/msg/detail
-- Installing: /home/jeni/Cook_subgoal_test/unity_cooking/ROS2/install/ros_tcp_endpoint/include/ros_tcp_endpoint/ros_tcp_endpoint/msg/detail/ros_unity_error__struct.hpp
-- Installing: /home/jeni/Cook_subgoal_test/unity_cooking/ROS2/install/ros_tcp_endpoint/include/ros_tcp_endpoint/ros_tcp_endpoint/msg/detail/ros_unity_error__type_support.hpp
-- Installing: /home/jeni/Cook_subgoal_test/unity_cooking/ROS2/install/ros_tcp_endpoint/include/ros_tcp_endpoint/ros_tcp_endpoint/msg/detail/ros_unity_srv_message__builder.hpp
-- Installing: /home/jeni/Cook_subgoal_test/unity_cooking/ROS2/install/ros_tcp_endpoint/include/ros_tcp_endpoint/ros_tcp_endpoint/msg/detail/ros_unity_srv_message__traits.hpp
-- Installing: /home/jeni/Cook_subgoal_test/unity_cooking/ROS2/install/ros_tcp_endpoint/include/ros_tcp_endpoint/ros_tcp_endpoint/msg/detail/ros_unity_error__builder.hpp
-- Installing: /home/jeni/Cook_subgoal_test/unity_cooking/ROS2/install/ros_tcp_endpoint/include/ros_tcp_endpoint/ros_tcp_endpoint/msg/detail/ros_unity_sys_command__traits.hpp
-- Installing: /home/jeni/Cook_subgoal_test/unity_cooking/ROS2/install/ros_tcp_endpoint/include/ros_tcp_endpoint/ros_tcp_endpoint/msg/detail/ros_unity_srv_message__struct.hpp
-- Installing: /home/jeni/Cook_subgoal_test/unity_cooking/ROS2/install/ros_tcp_endpoint/include/ros_tcp_endpoint/ros_tcp_endpoint/msg/detail/ros_unity_error__traits.hpp
-- Installing: /home/jeni/Cook_subgoal_test/unity_cooking/ROS2/install/ros_tcp_endpoint/include/ros_tcp_endpoint/ros_tcp_endpoint/msg/detail/ros_unity_sys_command__struct.hpp
-- Installing: /home/jeni/Cook_subgoal_test/unity_cooking/ROS2/install/ros_tcp_endpoint/include/ros_tcp_endpoint/ros_tcp_endpoint/msg/detail/ros_unity_sys_command__type_support.hpp
-- Installing: /home/jeni/Cook_subgoal_test/unity_cooking/ROS2/install/ros_tcp_endpoint/include/ros_tcp_endpoint/ros_tcp_endpoint/msg/detail/ros_unity_srv_message__type_support.hpp
-- Installing: /home/jeni/Cook_subgoal_test/unity_cooking/ROS2/install/ros_tcp_endpoint/include/ros_tcp_endpoint/ros_tcp_endpoint/msg/detail/ros_unity_sys_command__builder.hpp
-- Up-to-date: /home/jeni/Cook_subgoal_test/unity_cooking/ROS2/install/ros_tcp_endpoint/include/ros_tcp_endpoint/ros_tcp_endpoint
-- Up-to-date: /home/jeni/Cook_subgoal_test/unity_cooking/ROS2/install/ros_tcp_endpoint/include/ros_tcp_endpoint/ros_tcp_endpoint/srv
-- Up-to-date: /home/jeni/Cook_subgoal_test/unity_cooking/ROS2/install/ros_tcp_endpoint/include/ros_tcp_endpoint/ros_tcp_endpoint/srv/detail
-- Installing: /home/jeni/Cook_subgoal_test/unity_cooking/ROS2/install/ros_tcp_endpoint/include/ros_tcp_endpoint/ros_tcp_endpoint/srv/detail/ros_unity_topic_list__rosidl_typesupport_fastrtps_cpp.hpp
-- Installing: /home/jeni/Cook_subgoal_test/unity_cooking/ROS2/install/ros_tcp_endpoint/include/ros_tcp_endpoint/ros_tcp_endpoint/srv/detail/dds_fastrtps
-- Up-to-date: /home/jeni/Cook_subgoal_test/unity_cooking/ROS2/install/ros_tcp_endpoint/include/ros_tcp_endpoint/ros_tcp_endpoint/msg
-- Installing: /home/jeni/Cook_subgoal_test/unity_cooking/ROS2/install/ros_tcp_endpoint/include/ros_tcp_endpoint/ros_tcp_endpoint/msg/rosidl_typesupport_fastrtps_cpp__visibility_control.h
-- Up-to-date: /home/jeni/Cook_subgoal_test/unity_cooking/ROS2/install/ros_tcp_endpoint/include/ros_tcp_endpoint/ros_tcp_endpoint/msg/detail
-- Installing: /home/jeni/Cook_subgoal_test/unity_cooking/ROS2/install/ros_tcp_endpoint/include/ros_tcp_endpoint/ros_tcp_endpoint/msg/detail/ros_unity_srv_message__rosidl_typesupport_fastrtps_cpp.hpp
-- Installing: /home/jeni/Cook_subgoal_test/unity_cooking/ROS2/install/ros_tcp_endpoint/include/ros_tcp_endpoint/ros_tcp_endpoint/msg/detail/ros_unity_sys_command__rosidl_typesupport_fastrtps_cpp.hpp
-- Installing: /home/jeni/Cook_subgoal_test/unity_cooking/ROS2/install/ros_tcp_endpoint/include/ros_tcp_endpoint/ros_tcp_endpoint/msg/detail/dds_fastrtps
-- Installing: /home/jeni/Cook_subgoal_test/unity_cooking/ROS2/install/ros_tcp_endpoint/include/ros_tcp_endpoint/ros_tcp_endpoint/msg/detail/ros_unity_error__rosidl_typesupport_fastrtps_cpp.hpp
-- Installing: /home/jeni/Cook_subgoal_test/unity_cooking/ROS2/install/ros_tcp_endpoint/lib/libros_tcp_endpoint__rosidl_typesupport_fastrtps_cpp.so
-- Set runtime path of "/home/jeni/Cook_subgoal_test/unity_cooking/ROS2/install/ros_tcp_endpoint/lib/libros_tcp_endpoint__rosidl_typesupport_fastrtps_cpp.so" to ""
-- Up-to-date: /home/jeni/Cook_subgoal_test/unity_cooking/ROS2/install/ros_tcp_endpoint/include/ros_tcp_endpoint/ros_tcp_endpoint
-- Up-to-date: /home/jeni/Cook_subgoal_test/unity_cooking/ROS2/install/ros_tcp_endpoint/include/ros_tcp_endpoint/ros_tcp_endpoint/srv
-- Up-to-date: /home/jeni/Cook_subgoal_test/unity_cooking/ROS2/install/ros_tcp_endpoint/include/ros_tcp_endpoint/ros_tcp_endpoint/srv/detail
-- Installing: /home/jeni/Cook_subgoal_test/unity_cooking/ROS2/install/ros_tcp_endpoint/include/ros_tcp_endpoint/ros_tcp_endpoint/srv/detail/ros_unity_topic_list__type_support.c
-- Installing: /home/jeni/Cook_subgoal_test/unity_cooking/ROS2/install/ros_tcp_endpoint/include/ros_tcp_endpoint/ros_tcp_endpoint/srv/detail/ros_unity_topic_list__rosidl_typesupport_introspection_c.h
-- Up-to-date: /home/jeni/Cook_subgoal_test/unity_cooking/ROS2/install/ros_tcp_endpoint/include/ros_tcp_endpoint/ros_tcp_endpoint/msg
-- Installing: /home/jeni/Cook_subgoal_test/unity_cooking/ROS2/install/ros_tcp_endpoint/include/ros_tcp_endpoint/ros_tcp_endpoint/msg/rosidl_typesupport_introspection_c__visibility_control.h
-- Up-to-date: /home/jeni/Cook_subgoal_test/unity_cooking/ROS2/install/ros_tcp_endpoint/include/ros_tcp_endpoint/ros_tcp_endpoint/msg/detail
-- Installing: /home/jeni/Cook_subgoal_test/unity_cooking/ROS2/install/ros_tcp_endpoint/include/ros_tcp_endpoint/ros_tcp_endpoint/msg/detail/ros_unity_error__type_support.c
-- Installing: /home/jeni/Cook_subgoal_test/unity_cooking/ROS2/install/ros_tcp_endpoint/include/ros_tcp_endpoint/ros_tcp_endpoint/msg/detail/ros_unity_srv_message__type_support.c
-- Installing: /home/jeni/Cook_subgoal_test/unity_cooking/ROS2/install/ros_tcp_endpoint/include/ros_tcp_endpoint/ros_tcp_endpoint/msg/detail/ros_unity_srv_message__rosidl_typesupport_introspection_c.h
-- Installing: /home/jeni/Cook_subgoal_test/unity_cooking/ROS2/install/ros_tcp_endpoint/include/ros_tcp_endpoint/ros_tcp_endpoint/msg/detail/ros_unity_sys_command__rosidl_typesupport_introspection_c.h
-- Installing: /home/jeni/Cook_subgoal_test/unity_cooking/ROS2/install/ros_tcp_endpoint/include/ros_tcp_endpoint/ros_tcp_endpoint/msg/detail/ros_unity_error__rosidl_typesupport_introspection_c.h
-- Installing: /home/jeni/Cook_subgoal_test/unity_cooking/ROS2/install/ros_tcp_endpoint/include/ros_tcp_endpoint/ros_tcp_endpoint/msg/detail/ros_unity_sys_command__type_support.c
-- Installing: /home/jeni/Cook_subgoal_test/unity_cooking/ROS2/install/ros_tcp_endpoint/lib/libros_tcp_endpoint__rosidl_typesupport_introspection_c.so
-- Set runtime path of "/home/jeni/Cook_subgoal_test/unity_cooking/ROS2/install/ros_tcp_endpoint/lib/libros_tcp_endpoint__rosidl_typesupport_introspection_c.so" to ""
-- Installing: /home/jeni/Cook_subgoal_test/unity_cooking/ROS2/install/ros_tcp_endpoint/lib/libros_tcp_endpoint__rosidl_typesupport_c.so
-- Set runtime path of "/home/jeni/Cook_subgoal_test/unity_cooking/ROS2/install/ros_tcp_endpoint/lib/libros_tcp_endpoint__rosidl_typesupport_c.so" to ""
-- Up-to-date: /home/jeni/Cook_subgoal_test/unity_cooking/ROS2/install/ros_tcp_endpoint/include/ros_tcp_endpoint/ros_tcp_endpoint
-- Up-to-date: /home/jeni/Cook_subgoal_test/unity_cooking/ROS2/install/ros_tcp_endpoint/include/ros_tcp_endpoint/ros_tcp_endpoint/srv
-- Up-to-date: /home/jeni/Cook_subgoal_test/unity_cooking/ROS2/install/ros_tcp_endpoint/include/ros_tcp_endpoint/ros_tcp_endpoint/srv/detail
-- Installing: /home/jeni/Cook_subgoal_test/unity_cooking/ROS2/install/ros_tcp_endpoint/include/ros_tcp_endpoint/ros_tcp_endpoint/srv/detail/ros_unity_topic_list__rosidl_typesupport_introspection_cpp.hpp
-- Installing: /home/jeni/Cook_subgoal_test/unity_cooking/ROS2/install/ros_tcp_endpoint/include/ros_tcp_endpoint/ros_tcp_endpoint/srv/detail/ros_unity_topic_list__type_support.cpp
-- Up-to-date: /home/jeni/Cook_subgoal_test/unity_cooking/ROS2/install/ros_tcp_endpoint/include/ros_tcp_endpoint/ros_tcp_endpoint/msg
-- Up-to-date: /home/jeni/Cook_subgoal_test/unity_cooking/ROS2/install/ros_tcp_endpoint/include/ros_tcp_endpoint/ros_tcp_endpoint/msg/detail
-- Installing: /home/jeni/Cook_subgoal_test/unity_cooking/ROS2/install/ros_tcp_endpoint/include/ros_tcp_endpoint/ros_tcp_endpoint/msg/detail/ros_unity_error__type_support.cpp
-- Installing: /home/jeni/Cook_subgoal_test/unity_cooking/ROS2/install/ros_tcp_endpoint/include/ros_tcp_endpoint/ros_tcp_endpoint/msg/detail/ros_unity_sys_command__rosidl_typesupport_introspection_cpp.hpp
-- Installing: /home/jeni/Cook_subgoal_test/unity_cooking/ROS2/install/ros_tcp_endpoint/include/ros_tcp_endpoint/ros_tcp_endpoint/msg/detail/ros_unity_error__rosidl_typesupport_introspection_cpp.hpp
-- Installing: /home/jeni/Cook_subgoal_test/unity_cooking/ROS2/install/ros_tcp_endpoint/include/ros_tcp_endpoint/ros_tcp_endpoint/msg/detail/ros_unity_srv_message__rosidl_typesupport_introspection_cpp.hpp
-- Installing: /home/jeni/Cook_subgoal_test/unity_cooking/ROS2/install/ros_tcp_endpoint/include/ros_tcp_endpoint/ros_tcp_endpoint/msg/detail/ros_unity_sys_command__type_support.cpp
-- Installing: /home/jeni/Cook_subgoal_test/unity_cooking/ROS2/install/ros_tcp_endpoint/include/ros_tcp_endpoint/ros_tcp_endpoint/msg/detail/ros_unity_srv_message__type_support.cpp
-- Installing: /home/jeni/Cook_subgoal_test/unity_cooking/ROS2/install/ros_tcp_endpoint/lib/libros_tcp_endpoint__rosidl_typesupport_introspection_cpp.so
-- Set runtime path of "/home/jeni/Cook_subgoal_test/unity_cooking/ROS2/install/ros_tcp_endpoint/lib/libros_tcp_endpoint__rosidl_typesupport_introspection_cpp.so" to ""
-- Installing: /home/jeni/Cook_subgoal_test/unity_cooking/ROS2/install/ros_tcp_endpoint/lib/libros_tcp_endpoint__rosidl_typesupport_cpp.so
-- Set runtime path of "/home/jeni/Cook_subgoal_test/unity_cooking/ROS2/install/ros_tcp_endpoint/lib/libros_tcp_endpoint__rosidl_typesupport_cpp.so" to ""
-- Installing: /home/jeni/Cook_subgoal_test/unity_cooking/ROS2/install/ros_tcp_endpoint/share/ros_tcp_endpoint/environment/pythonpath.sh
-- Installing: /home/jeni/Cook_subgoal_test/unity_cooking/ROS2/install/ros_tcp_endpoint/share/ros_tcp_endpoint/environment/pythonpath.dsv
-- Installing: /home/jeni/Cook_subgoal_test/unity_cooking/ROS2/install/ros_tcp_endpoint/local/lib/python3.10/dist-packages/ros_tcp_endpoint-0.4.0-py3.10.egg-info
-- Installing: /home/jeni/Cook_subgoal_test/unity_cooking/ROS2/install/ros_tcp_endpoint/local/lib/python3.10/dist-packages/ros_tcp_endpoint-0.4.0-py3.10.egg-info/PKG-INFO
-- Installing: /home/jeni/Cook_subgoal_test/unity_cooking/ROS2/install/ros_tcp_endpoint/local/lib/python3.10/dist-packages/ros_tcp_endpoint-0.4.0-py3.10.egg-info/top_level.txt
-- Installing: /home/jeni/Cook_subgoal_test/unity_cooking/ROS2/install/ros_tcp_endpoint/local/lib/python3.10/dist-packages/ros_tcp_endpoint-0.4.0-py3.10.egg-info/dependency_links.txt
-- Installing: /home/jeni/Cook_subgoal_test/unity_cooking/ROS2/install/ros_tcp_endpoint/local/lib/python3.10/dist-packages/ros_tcp_endpoint-0.4.0-py3.10.egg-info/SOURCES.txt
-- Installing: /home/jeni/Cook_subgoal_test/unity_cooking/ROS2/install/ros_tcp_endpoint/local/lib/python3.10/dist-packages/ros_tcp_endpoint
-- Installing: /home/jeni/Cook_subgoal_test/unity_cooking/ROS2/install/ros_tcp_endpoint/local/lib/python3.10/dist-packages/ros_tcp_endpoint/srv
-- Installing: /home/jeni/Cook_subgoal_test/unity_cooking/ROS2/install/ros_tcp_endpoint/local/lib/python3.10/dist-packages/ros_tcp_endpoint/srv/_ros_unity_topic_list_s.c
-- Installing: /home/jeni/Cook_subgoal_test/unity_cooking/ROS2/install/ros_tcp_endpoint/local/lib/python3.10/dist-packages/ros_tcp_endpoint/srv/_ros_unity_topic_list.py
-- Installing: /home/jeni/Cook_subgoal_test/unity_cooking/ROS2/install/ros_tcp_endpoint/local/lib/python3.10/dist-packages/ros_tcp_endpoint/srv/__init__.py
-- Installing: /home/jeni/Cook_subgoal_test/unity_cooking/ROS2/install/ros_tcp_endpoint/local/lib/python3.10/dist-packages/ros_tcp_endpoint/msg
-- Installing: /home/jeni/Cook_subgoal_test/unity_cooking/ROS2/install/ros_tcp_endpoint/local/lib/python3.10/dist-packages/ros_tcp_endpoint/msg/_ros_unity_error.py
-- Installing: /home/jeni/Cook_subgoal_test/unity_cooking/ROS2/install/ros_tcp_endpoint/local/lib/python3.10/dist-packages/ros_tcp_endpoint/msg/_ros_unity_error_s.c
-- Installing: /home/jeni/Cook_subgoal_test/unity_cooking/ROS2/install/ros_tcp_endpoint/local/lib/python3.10/dist-packages/ros_tcp_endpoint/msg/_ros_unity_srv_message.py
-- Installing: /home/jeni/Cook_subgoal_test/unity_cooking/ROS2/install/ros_tcp_endpoint/local/lib/python3.10/dist-packages/ros_tcp_endpoint/msg/__init__.py
-- Installing: /home/jeni/Cook_subgoal_test/unity_cooking/ROS2/install/ros_tcp_endpoint/local/lib/python3.10/dist-packages/ros_tcp_endpoint/msg/_ros_unity_sys_command.py
-- Installing: /home/jeni/Cook_subgoal_test/unity_cooking/ROS2/install/ros_tcp_endpoint/local/lib/python3.10/dist-packages/ros_tcp_endpoint/msg/_ros_unity_sys_command_s.c
-- Installing: /home/jeni/Cook_subgoal_test/unity_cooking/ROS2/install/ros_tcp_endpoint/local/lib/python3.10/dist-packages/ros_tcp_endpoint/msg/_ros_unity_srv_message_s.c
-- Installing: /home/jeni/Cook_subgoal_test/unity_cooking/ROS2/install/ros_tcp_endpoint/local/lib/python3.10/dist-packages/ros_tcp_endpoint/ros_tcp_endpoint_s__rosidl_typesupport_c.cpython-310-x86_64-linux-gnu.so
-- Installing: /home/jeni/Cook_subgoal_test/unity_cooking/ROS2/install/ros_tcp_endpoint/local/lib/python3.10/dist-packages/ros_tcp_endpoint/_ros_tcp_endpoint_s.ep.rosidl_typesupport_introspection_c.c
-- Installing: /home/jeni/Cook_subgoal_test/unity_cooking/ROS2/install/ros_tcp_endpoint/local/lib/python3.10/dist-packages/ros_tcp_endpoint/ros_tcp_endpoint_s__rosidl_typesupport_introspection_c.cpython-310-x86_64-linux-gnu.so
-- Installing: /home/jeni/Cook_subgoal_test/unity_cooking/ROS2/install/ros_tcp_endpoint/local/lib/python3.10/dist-packages/ros_tcp_endpoint/libros_tcp_endpoint__rosidl_generator_py.so
-- Installing: /home/jeni/Cook_subgoal_test/unity_cooking/ROS2/install/ros_tcp_endpoint/local/lib/python3.10/dist-packages/ros_tcp_endpoint/__init__.py
-- Installing: /home/jeni/Cook_subgoal_test/unity_cooking/ROS2/install/ros_tcp_endpoint/local/lib/python3.10/dist-packages/ros_tcp_endpoint/ros_tcp_endpoint_s__rosidl_typesupport_fastrtps_c.cpython-310-x86_64-linux-gnu.so
-- Installing: /home/jeni/Cook_subgoal_test/unity_cooking/ROS2/install/ros_tcp_endpoint/local/lib/python3.10/dist-packages/ros_tcp_endpoint/_ros_tcp_endpoint_s.ep.rosidl_typesupport_c.c
-- Installing: /home/jeni/Cook_subgoal_test/unity_cooking/ROS2/install/ros_tcp_endpoint/local/lib/python3.10/dist-packages/ros_tcp_endpoint/_ros_tcp_endpoint_s.ep.rosidl_typesupport_fastrtps_c.c
Listing '/home/jeni/Cook_subgoal_test/unity_cooking/ROS2/install/ros_tcp_endpoint/local/lib/python3.10/dist-packages/ros_tcp_endpoint'...
Compiling '/home/jeni/Cook_subgoal_test/unity_cooking/ROS2/install/ros_tcp_endpoint/local/lib/python3.10/dist-packages/ros_tcp_endpoint/__init__.py'...
Listing '/home/jeni/Cook_subgoal_test/unity_cooking/ROS2/install/ros_tcp_endpoint/local/lib/python3.10/dist-packages/ros_tcp_endpoint/msg'...
Compiling '/home/jeni/Cook_subgoal_test/unity_cooking/ROS2/install/ros_tcp_endpoint/local/lib/python3.10/dist-packages/ros_tcp_endpoint/msg/__init__.py'...
Compiling '/home/jeni/Cook_subgoal_test/unity_cooking/ROS2/install/ros_tcp_endpoint/local/lib/python3.10/dist-packages/ros_tcp_endpoint/msg/_ros_unity_error.py'...
Compiling '/home/jeni/Cook_subgoal_test/unity_cooking/ROS2/install/ros_tcp_endpoint/local/lib/python3.10/dist-packages/ros_tcp_endpoint/msg/_ros_unity_srv_message.py'...
Compiling '/home/jeni/Cook_subgoal_test/unity_cooking/ROS2/install/ros_tcp_endpoint/local/lib/python3.10/dist-packages/ros_tcp_endpoint/msg/_ros_unity_sys_command.py'...
Listing '/home/jeni/Cook_subgoal_test/unity_cooking/ROS2/install/ros_tcp_endpoint/local/lib/python3.10/dist-packages/ros_tcp_endpoint/srv'...
Compiling '/home/jeni/Cook_subgoal_test/unity_cooking/ROS2/install/ros_tcp_endpoint/local/lib/python3.10/dist-packages/ros_tcp_endpoint/srv/__init__.py'...
Compiling '/home/jeni/Cook_subgoal_test/unity_cooking/ROS2/install/ros_tcp_endpoint/local/lib/python3.10/dist-packages/ros_tcp_endpoint/srv/_ros_unity_topic_list.py'...
-- Installing: /home/jeni/Cook_subgoal_test/unity_cooking/ROS2/install/ros_tcp_endpoint/local/lib/python3.10/dist-packages/ros_tcp_endpoint/ros_tcp_endpoint_s__rosidl_typesupport_fastrtps_c.cpython-310-x86_64-linux-gnu.so
-- Set runtime path of "/home/jeni/Cook_subgoal_test/unity_cooking/ROS2/install/ros_tcp_endpoint/local/lib/python3.10/dist-packages/ros_tcp_endpoint/ros_tcp_endpoint_s__rosidl_typesupport_fastrtps_c.cpython-310-x86_64-linux-gnu.so" to ""
-- Installing: /home/jeni/Cook_subgoal_test/unity_cooking/ROS2/install/ros_tcp_endpoint/local/lib/python3.10/dist-packages/ros_tcp_endpoint/ros_tcp_endpoint_s__rosidl_typesupport_introspection_c.cpython-310-x86_64-linux-gnu.so
-- Set runtime path of "/home/jeni/Cook_subgoal_test/unity_cooking/ROS2/install/ros_tcp_endpoint/local/lib/python3.10/dist-packages/ros_tcp_endpoint/ros_tcp_endpoint_s__rosidl_typesupport_introspection_c.cpython-310-x86_64-linux-gnu.so" to ""
-- Installing: /home/jeni/Cook_subgoal_test/unity_cooking/ROS2/install/ros_tcp_endpoint/local/lib/python3.10/dist-packages/ros_tcp_endpoint/ros_tcp_endpoint_s__rosidl_typesupport_c.cpython-310-x86_64-linux-gnu.so
-- Set runtime path of "/home/jeni/Cook_subgoal_test/unity_cooking/ROS2/install/ros_tcp_endpoint/local/lib/python3.10/dist-packages/ros_tcp_endpoint/ros_tcp_endpoint_s__rosidl_typesupport_c.cpython-310-x86_64-linux-gnu.so" to ""
-- Installing: /home/jeni/Cook_subgoal_test/unity_cooking/ROS2/install/ros_tcp_endpoint/lib/libros_tcp_endpoint__rosidl_generator_py.so
-- Set runtime path of "/home/jeni/Cook_subgoal_test/unity_cooking/ROS2/install/ros_tcp_endpoint/lib/libros_tcp_endpoint__rosidl_generator_py.so" to ""
-- Installing: /home/jeni/Cook_subgoal_test/unity_cooking/ROS2/install/ros_tcp_endpoint/share/ros_tcp_endpoint/msg/RosUnityError.idl
-- Installing: /home/jeni/Cook_subgoal_test/unity_cooking/ROS2/install/ros_tcp_endpoint/share/ros_tcp_endpoint/msg/RosUnitySrvMessage.idl
-- Installing: /home/jeni/Cook_subgoal_test/unity_cooking/ROS2/install/ros_tcp_endpoint/share/ros_tcp_endpoint/msg/RosUnitySysCommand.idl
-- Installing: /home/jeni/Cook_subgoal_test/unity_cooking/ROS2/install/ros_tcp_endpoint/share/ros_tcp_endpoint/srv/RosUnityTopicList.idl
-- Installing: /home/jeni/Cook_subgoal_test/unity_cooking/ROS2/install/ros_tcp_endpoint/share/ros_tcp_endpoint/msg/RosUnityError.msg
-- Installing: /home/jeni/Cook_subgoal_test/unity_cooking/ROS2/install/ros_tcp_endpoint/share/ros_tcp_endpoint/msg/RosUnitySrvMessage.msg
-- Installing: /home/jeni/Cook_subgoal_test/unity_cooking/ROS2/install/ros_tcp_endpoint/share/ros_tcp_endpoint/msg/RosUnitySysCommand.msg
-- Installing: /home/jeni/Cook_subgoal_test/unity_cooking/ROS2/install/ros_tcp_endpoint/share/ros_tcp_endpoint/srv/RosUnityTopicList.srv
-- Installing: /home/jeni/Cook_subgoal_test/unity_cooking/ROS2/install/ros_tcp_endpoint/share/ros_tcp_endpoint/srv/RosUnityTopicList_Request.msg
-- Installing: /home/jeni/Cook_subgoal_test/unity_cooking/ROS2/install/ros_tcp_endpoint/share/ros_tcp_endpoint/srv/RosUnityTopicList_Response.msg
-- Installing: /home/jeni/Cook_subgoal_test/unity_cooking/ROS2/install/ros_tcp_endpoint/lib/ros_tcp_endpoint
-- Installing: /home/jeni/Cook_subgoal_test/unity_cooking/ROS2/install/ros_tcp_endpoint/lib/ros_tcp_endpoint/requirements.txt
-- Installing: /home/jeni/Cook_subgoal_test/unity_cooking/ROS2/install/ros_tcp_endpoint/lib/ros_tcp_endpoint/srv
-- Installing: /home/jeni/Cook_subgoal_test/unity_cooking/ROS2/install/ros_tcp_endpoint/lib/ros_tcp_endpoint/srv/RosUnityTopicList.srv
-- Installing: /home/jeni/Cook_subgoal_test/unity_cooking/ROS2/install/ros_tcp_endpoint/lib/ros_tcp_endpoint/.github
-- Installing: /home/jeni/Cook_subgoal_test/unity_cooking/ROS2/install/ros_tcp_endpoint/lib/ros_tcp_endpoint/.github/workflows
-- Installing: /home/jeni/Cook_subgoal_test/unity_cooking/ROS2/install/ros_tcp_endpoint/lib/ros_tcp_endpoint/.github/workflows/pre-commit.yaml
-- Installing: /home/jeni/Cook_subgoal_test/unity_cooking/ROS2/install/ros_tcp_endpoint/lib/ros_tcp_endpoint/.github/ISSUE_TEMPLATE
-- Installing: /home/jeni/Cook_subgoal_test/unity_cooking/ROS2/install/ros_tcp_endpoint/lib/ros_tcp_endpoint/.github/ISSUE_TEMPLATE/config.yml
-- Installing: /home/jeni/Cook_subgoal_test/unity_cooking/ROS2/install/ros_tcp_endpoint/lib/ros_tcp_endpoint/.github/ISSUE_TEMPLATE/bug_report.md
-- Installing: /home/jeni/Cook_subgoal_test/unity_cooking/ROS2/install/ros_tcp_endpoint/lib/ros_tcp_endpoint/.github/ISSUE_TEMPLATE/feature_request.md
-- Installing: /home/jeni/Cook_subgoal_test/unity_cooking/ROS2/install/ros_tcp_endpoint/lib/ros_tcp_endpoint/.github/PULL_REQUEST_TEMPLATE.md
-- Installing: /home/jeni/Cook_subgoal_test/unity_cooking/ROS2/install/ros_tcp_endpoint/lib/ros_tcp_endpoint/msg
-- Installing: /home/jeni/Cook_subgoal_test/unity_cooking/ROS2/install/ros_tcp_endpoint/lib/ros_tcp_endpoint/msg/RosUnityError.msg
-- Installing: /home/jeni/Cook_subgoal_test/unity_cooking/ROS2/install/ros_tcp_endpoint/lib/ros_tcp_endpoint/msg/RosUnitySysCommand.msg
-- Installing: /home/jeni/Cook_subgoal_test/unity_cooking/ROS2/install/ros_tcp_endpoint/lib/ros_tcp_endpoint/msg/RosUnitySrvMessage.msg
-- Installing: /home/jeni/Cook_subgoal_test/unity_cooking/ROS2/install/ros_tcp_endpoint/lib/ros_tcp_endpoint/.yamato
-- Installing: /home/jeni/Cook_subgoal_test/unity_cooking/ROS2/install/ros_tcp_endpoint/lib/ros_tcp_endpoint/.yamato/yamato-config.yml
-- Installing: /home/jeni/Cook_subgoal_test/unity_cooking/ROS2/install/ros_tcp_endpoint/lib/ros_tcp_endpoint/setup.py
-- Installing: /home/jeni/Cook_subgoal_test/unity_cooking/ROS2/install/ros_tcp_endpoint/lib/ros_tcp_endpoint/test
-- Installing: /home/jeni/Cook_subgoal_test/unity_cooking/ROS2/install/ros_tcp_endpoint/lib/ros_tcp_endpoint/test/test_ros_service.py
-- Installing: /home/jeni/Cook_subgoal_test/unity_cooking/ROS2/install/ros_tcp_endpoint/lib/ros_tcp_endpoint/test/test_publisher.py
-- Installing: /home/jeni/Cook_subgoal_test/unity_cooking/ROS2/install/ros_tcp_endpoint/lib/ros_tcp_endpoint/test/test_tcp_sender.py
-- Installing: /home/jeni/Cook_subgoal_test/unity_cooking/ROS2/install/ros_tcp_endpoint/lib/ros_tcp_endpoint/test/test_client.py
-- Installing: /home/jeni/Cook_subgoal_test/unity_cooking/ROS2/install/ros_tcp_endpoint/lib/ros_tcp_endpoint/test/__init__.py
-- Installing: /home/jeni/Cook_subgoal_test/unity_cooking/ROS2/install/ros_tcp_endpoint/lib/ros_tcp_endpoint/test/test_server.py
-- Installing: /home/jeni/Cook_subgoal_test/unity_cooking/ROS2/install/ros_tcp_endpoint/lib/ros_tcp_endpoint/test/test_thread_pauser.py
-- Installing: /home/jeni/Cook_subgoal_test/unity_cooking/ROS2/install/ros_tcp_endpoint/lib/ros_tcp_endpoint/test/test_subscriber.py
-- Installing: /home/jeni/Cook_subgoal_test/unity_cooking/ROS2/install/ros_tcp_endpoint/lib/ros_tcp_endpoint/test/test_unity_service.py
-- Installing: /home/jeni/Cook_subgoal_test/unity_cooking/ROS2/install/ros_tcp_endpoint/lib/ros_tcp_endpoint/package.xml
-- Installing: /home/jeni/Cook_subgoal_test/unity_cooking/ROS2/install/ros_tcp_endpoint/lib/ros_tcp_endpoint/CODE_OF_CONDUCT.md
-- Installing: /home/jeni/Cook_subgoal_test/unity_cooking/ROS2/install/ros_tcp_endpoint/lib/ros_tcp_endpoint/config
-- Installing: /home/jeni/Cook_subgoal_test/unity_cooking/ROS2/install/ros_tcp_endpoint/lib/ros_tcp_endpoint/config/params.yaml
-- Installing: /home/jeni/Cook_subgoal_test/unity_cooking/ROS2/install/ros_tcp_endpoint/lib/ros_tcp_endpoint/.gitignore
-- Installing: /home/jeni/Cook_subgoal_test/unity_cooking/ROS2/install/ros_tcp_endpoint/lib/ros_tcp_endpoint/.pre-commit-config.yaml
-- Installing: /home/jeni/Cook_subgoal_test/unity_cooking/ROS2/install/ros_tcp_endpoint/lib/ros_tcp_endpoint/src
-- Installing: /home/jeni/Cook_subgoal_test/unity_cooking/ROS2/install/ros_tcp_endpoint/lib/ros_tcp_endpoint/src/ros_tcp_endpoint
-- Installing: /home/jeni/Cook_subgoal_test/unity_cooking/ROS2/install/ros_tcp_endpoint/lib/ros_tcp_endpoint/src/ros_tcp_endpoint/tcp_sender.py
-- Installing: /home/jeni/Cook_subgoal_test/unity_cooking/ROS2/install/ros_tcp_endpoint/lib/ros_tcp_endpoint/src/ros_tcp_endpoint/service.py
-- Installing: /home/jeni/Cook_subgoal_test/unity_cooking/ROS2/install/ros_tcp_endpoint/lib/ros_tcp_endpoint/src/ros_tcp_endpoint/default_server_endpoint.py
-- Installing: /home/jeni/Cook_subgoal_test/unity_cooking/ROS2/install/ros_tcp_endpoint/lib/ros_tcp_endpoint/src/ros_tcp_endpoint/communication.py
-- Installing: /home/jeni/Cook_subgoal_test/unity_cooking/ROS2/install/ros_tcp_endpoint/lib/ros_tcp_endpoint/src/ros_tcp_endpoint/exceptions.py
-- Installing: /home/jeni/Cook_subgoal_test/unity_cooking/ROS2/install/ros_tcp_endpoint/lib/ros_tcp_endpoint/src/ros_tcp_endpoint/server.py
-- Installing: /home/jeni/Cook_subgoal_test/unity_cooking/ROS2/install/ros_tcp_endpoint/lib/ros_tcp_endpoint/src/ros_tcp_endpoint/unity_service.py
-- Installing: /home/jeni/Cook_subgoal_test/unity_cooking/ROS2/install/ros_tcp_endpoint/lib/ros_tcp_endpoint/src/ros_tcp_endpoint/client.py
-- Installing: /home/jeni/Cook_subgoal_test/unity_cooking/ROS2/install/ros_tcp_endpoint/lib/ros_tcp_endpoint/src/ros_tcp_endpoint/__init__.py
-- Installing: /home/jeni/Cook_subgoal_test/unity_cooking/ROS2/install/ros_tcp_endpoint/lib/ros_tcp_endpoint/src/ros_tcp_endpoint/subscriber.py
-- Installing: /home/jeni/Cook_subgoal_test/unity_cooking/ROS2/install/ros_tcp_endpoint/lib/ros_tcp_endpoint/src/ros_tcp_endpoint/publisher.py
-- Installing: /home/jeni/Cook_subgoal_test/unity_cooking/ROS2/install/ros_tcp_endpoint/lib/ros_tcp_endpoint/src/ros_tcp_endpoint/thread_pauser.py
-- Installing: /home/jeni/Cook_subgoal_test/unity_cooking/ROS2/install/ros_tcp_endpoint/lib/ros_tcp_endpoint/README.md
-- Installing: /home/jeni/Cook_subgoal_test/unity_cooking/ROS2/install/ros_tcp_endpoint/lib/ros_tcp_endpoint/CHANGELOG.md
-- Installing: /home/jeni/Cook_subgoal_test/unity_cooking/ROS2/install/ros_tcp_endpoint/lib/ros_tcp_endpoint/LICENSE
-- Installing: /home/jeni/Cook_subgoal_test/unity_cooking/ROS2/install/ros_tcp_endpoint/lib/ros_tcp_endpoint/CMakeLists.txt
-- Installing: /home/jeni/Cook_subgoal_test/unity_cooking/ROS2/install/ros_tcp_endpoint/lib/ros_tcp_endpoint/CONTRIBUTING.md
-- Installing: /home/jeni/Cook_subgoal_test/unity_cooking/ROS2/install/ros_tcp_endpoint/lib/ros_tcp_endpoint/launch
-- Installing: /home/jeni/Cook_subgoal_test/unity_cooking/ROS2/install/ros_tcp_endpoint/lib/ros_tcp_endpoint/launch/endpoint.launch
-- Installing: /home/jeni/Cook_subgoal_test/unity_cooking/ROS2/install/ros_tcp_endpoint/share/ament_index/resource_index/package_run_dependencies/ros_tcp_endpoint
-- Installing: /home/jeni/Cook_subgoal_test/unity_cooking/ROS2/install/ros_tcp_endpoint/share/ament_index/resource_index/parent_prefix_path/ros_tcp_endpoint
-- Installing: /home/jeni/Cook_subgoal_test/unity_cooking/ROS2/install/ros_tcp_endpoint/share/ros_tcp_endpoint/environment/ament_prefix_path.sh
-- Installing: /home/jeni/Cook_subgoal_test/unity_cooking/ROS2/install/ros_tcp_endpoint/share/ros_tcp_endpoint/environment/ament_prefix_path.dsv
-- Installing: /home/jeni/Cook_subgoal_test/unity_cooking/ROS2/install/ros_tcp_endpoint/share/ros_tcp_endpoint/environment/path.sh
-- Installing: /home/jeni/Cook_subgoal_test/unity_cooking/ROS2/install/ros_tcp_endpoint/share/ros_tcp_endpoint/environment/path.dsv
-- Installing: /home/jeni/Cook_subgoal_test/unity_cooking/ROS2/install/ros_tcp_endpoint/share/ros_tcp_endpoint/local_setup.bash
-- Installing: /home/jeni/Cook_subgoal_test/unity_cooking/ROS2/install/ros_tcp_endpoint/share/ros_tcp_endpoint/local_setup.sh
-- Installing: /home/jeni/Cook_subgoal_test/unity_cooking/ROS2/install/ros_tcp_endpoint/share/ros_tcp_endpoint/local_setup.zsh
-- Installing: /home/jeni/Cook_subgoal_test/unity_cooking/ROS2/install/ros_tcp_endpoint/share/ros_tcp_endpoint/local_setup.dsv
-- Installing: /home/jeni/Cook_subgoal_test/unity_cooking/ROS2/install/ros_tcp_endpoint/share/ros_tcp_endpoint/package.dsv
-- Installing: /home/jeni/Cook_subgoal_test/unity_cooking/ROS2/install/ros_tcp_endpoint/share/ament_index/resource_index/packages/ros_tcp_endpoint
-- Installing: /home/jeni/Cook_subgoal_test/unity_cooking/ROS2/install/ros_tcp_endpoint/share/ros_tcp_endpoint/cmake/export_ros_tcp_endpoint__rosidl_generator_cExport.cmake
-- Installing: /home/jeni/Cook_subgoal_test/unity_cooking/ROS2/install/ros_tcp_endpoint/share/ros_tcp_endpoint/cmake/export_ros_tcp_endpoint__rosidl_generator_cExport-noconfig.cmake
-- Installing: /home/jeni/Cook_subgoal_test/unity_cooking/ROS2/install/ros_tcp_endpoint/share/ros_tcp_endpoint/cmake/export_ros_tcp_endpoint__rosidl_typesupport_fastrtps_cExport.cmake
-- Installing: /home/jeni/Cook_subgoal_test/unity_cooking/ROS2/install/ros_tcp_endpoint/share/ros_tcp_endpoint/cmake/export_ros_tcp_endpoint__rosidl_typesupport_fastrtps_cExport-noconfig.cmake
-- Installing: /home/jeni/Cook_subgoal_test/unity_cooking/ROS2/install/ros_tcp_endpoint/share/ros_tcp_endpoint/cmake/export_ros_tcp_endpoint__rosidl_generator_cppExport.cmake
-- Installing: /home/jeni/Cook_subgoal_test/unity_cooking/ROS2/install/ros_tcp_endpoint/share/ros_tcp_endpoint/cmake/export_ros_tcp_endpoint__rosidl_typesupport_fastrtps_cppExport.cmake
-- Installing: /home/jeni/Cook_subgoal_test/unity_cooking/ROS2/install/ros_tcp_endpoint/share/ros_tcp_endpoint/cmake/export_ros_tcp_endpoint__rosidl_typesupport_fastrtps_cppExport-noconfig.cmake
-- Installing: /home/jeni/Cook_subgoal_test/unity_cooking/ROS2/install/ros_tcp_endpoint/share/ros_tcp_endpoint/cmake/ros_tcp_endpoint__rosidl_typesupport_introspection_cExport.cmake
-- Installing: /home/jeni/Cook_subgoal_test/unity_cooking/ROS2/install/ros_tcp_endpoint/share/ros_tcp_endpoint/cmake/ros_tcp_endpoint__rosidl_typesupport_introspection_cExport-noconfig.cmake
-- Installing: /home/jeni/Cook_subgoal_test/unity_cooking/ROS2/install/ros_tcp_endpoint/share/ros_tcp_endpoint/cmake/ros_tcp_endpoint__rosidl_typesupport_cExport.cmake
-- Installing: /home/jeni/Cook_subgoal_test/unity_cooking/ROS2/install/ros_tcp_endpoint/share/ros_tcp_endpoint/cmake/ros_tcp_endpoint__rosidl_typesupport_cExport-noconfig.cmake
-- Installing: /home/jeni/Cook_subgoal_test/unity_cooking/ROS2/install/ros_tcp_endpoint/share/ros_tcp_endpoint/cmake/ros_tcp_endpoint__rosidl_typesupport_introspection_cppExport.cmake
-- Installing: /home/jeni/Cook_subgoal_test/unity_cooking/ROS2/install/ros_tcp_endpoint/share/ros_tcp_endpoint/cmake/ros_tcp_endpoint__rosidl_typesupport_introspection_cppExport-noconfig.cmake
-- Installing: /home/jeni/Cook_subgoal_test/unity_cooking/ROS2/install/ros_tcp_endpoint/share/ros_tcp_endpoint/cmake/ros_tcp_endpoint__rosidl_typesupport_cppExport.cmake
-- Installing: /home/jeni/Cook_subgoal_test/unity_cooking/ROS2/install/ros_tcp_endpoint/share/ros_tcp_endpoint/cmake/ros_tcp_endpoint__rosidl_typesupport_cppExport-noconfig.cmake
-- Installing: /home/jeni/Cook_subgoal_test/unity_cooking/ROS2/install/ros_tcp_endpoint/share/ros_tcp_endpoint/cmake/export_ros_tcp_endpoint__rosidl_generator_pyExport.cmake
-- Installing: /home/jeni/Cook_subgoal_test/unity_cooking/ROS2/install/ros_tcp_endpoint/share/ros_tcp_endpoint/cmake/export_ros_tcp_endpoint__rosidl_generator_pyExport-noconfig.cmake
-- Installing: /home/jeni/Cook_subgoal_test/unity_cooking/ROS2/install/ros_tcp_endpoint/share/ros_tcp_endpoint/cmake/rosidl_cmake-extras.cmake
-- Installing: /home/jeni/Cook_subgoal_test/unity_cooking/ROS2/install/ros_tcp_endpoint/share/ros_tcp_endpoint/cmake/ament_cmake_export_dependencies-extras.cmake
-- Installing: /home/jeni/Cook_subgoal_test/unity_cooking/ROS2/install/ros_tcp_endpoint/share/ros_tcp_endpoint/cmake/ament_cmake_export_include_directories-extras.cmake
-- Installing: /home/jeni/Cook_subgoal_test/unity_cooking/ROS2/install/ros_tcp_endpoint/share/ros_tcp_endpoint/cmake/ament_cmake_export_libraries-extras.cmake
-- Installing: /home/jeni/Cook_subgoal_test/unity_cooking/ROS2/install/ros_tcp_endpoint/share/ros_tcp_endpoint/cmake/ament_cmake_export_targets-extras.cmake
-- Installing: /home/jeni/Cook_subgoal_test/unity_cooking/ROS2/install/ros_tcp_endpoint/share/ros_tcp_endpoint/cmake/rosidl_cmake_export_typesupport_targets-extras.cmake
-- Installing: /home/jeni/Cook_subgoal_test/unity_cooking/ROS2/install/ros_tcp_endpoint/share/ros_tcp_endpoint/cmake/rosidl_cmake_export_typesupport_libraries-extras.cmake
-- Installing: /home/jeni/Cook_subgoal_test/unity_cooking/ROS2/install/ros_tcp_endpoint/share/ros_tcp_endpoint/cmake/ros_tcp_endpointConfig.cmake
-- Installing: /home/jeni/Cook_subgoal_test/unity_cooking/ROS2/install/ros_tcp_endpoint/share/ros_tcp_endpoint/cmake/ros_tcp_endpointConfig-version.cmake
-- Installing: /home/jeni/Cook_subgoal_test/unity_cooking/ROS2/install/ros_tcp_endpoint/share/ros_tcp_endpoint/package.xml
