[0.005s] Invoking command in '/home/jeni/Cook_subgoal_test/unity_cooking/ROS2/build/franka_description': CMAKE_PREFIX_PATH=${CMAKE_PREFIX_PATH}:/opt/ros/humble /usr/bin/cmake /home/jeni/Cook_subgoal_test/unity_cooking/ROS2/src/franka_description -DAMENT_CMAKE_SYMLINK_INSTALL=1 -DCMAKE_INSTALL_PREFIX=/home/jeni/Cook_subgoal_test/unity_cooking/ROS2/install/franka_description
[0.027s] -- The C compiler identification is GNU 11.4.0
[0.050s] -- The CXX compiler identification is GNU 11.4.0
[0.052s] -- Detecting C compiler ABI info
[0.080s] -- Detecting C compiler ABI info - done
[0.083s] -- Check for working C compiler: /usr/bin/cc - skipped
[0.083s] -- Detecting C compile features
[0.083s] -- Detecting C compile features - done
[0.085s] -- Detecting CXX compiler ABI info
[0.116s] -- Detecting CXX compiler ABI info - done
[0.121s] -- Check for working CXX compiler: /usr/bin/c++ - skipped
[0.121s] -- Detecting CXX compile features
[0.122s] -- Detecting CXX compile features - done
[0.123s] -- Found ament_cmake: 1.3.12 (/opt/ros/humble/share/ament_cmake/cmake)
[0.185s] -- Found Python3: /usr/bin/python3 (found version "3.10.12") found components: Interpreter 
[0.211s] -- Override CMake install command with custom implementation using symlinks instead of copying resources
[0.221s] -- Found xacro: 2.0.13 (/opt/ros/humble/share/xacro/cmake)
[0.253s] -- Configuring done
[0.254s] -- Generating done
[0.255s] -- Build files have been written to: /home/jeni/Cook_subgoal_test/unity_cooking/ROS2/build/franka_description
[0.257s] Invoked command in '/home/jeni/Cook_subgoal_test/unity_cooking/ROS2/build/franka_description' returned '0': CMAKE_PREFIX_PATH=${CMAKE_PREFIX_PATH}:/opt/ros/humble /usr/bin/cmake /home/jeni/Cook_subgoal_test/unity_cooking/ROS2/src/franka_description -DAMENT_CMAKE_SYMLINK_INSTALL=1 -DCMAKE_INSTALL_PREFIX=/home/jeni/Cook_subgoal_test/unity_cooking/ROS2/install/franka_description
[0.258s] Invoking command in '/home/jeni/Cook_subgoal_test/unity_cooking/ROS2/build/franka_description': CMAKE_PREFIX_PATH=${CMAKE_PREFIX_PATH}:/opt/ros/humble /usr/bin/cmake --build /home/jeni/Cook_subgoal_test/unity_cooking/ROS2/build/franka_description -- -j16 -l16
[0.274s] Invoked command in '/home/jeni/Cook_subgoal_test/unity_cooking/ROS2/build/franka_description' returned '0': CMAKE_PREFIX_PATH=${CMAKE_PREFIX_PATH}:/opt/ros/humble /usr/bin/cmake --build /home/jeni/Cook_subgoal_test/unity_cooking/ROS2/build/franka_description -- -j16 -l16
[0.278s] Invoking command in '/home/jeni/Cook_subgoal_test/unity_cooking/ROS2/build/franka_description': CMAKE_PREFIX_PATH=${CMAKE_PREFIX_PATH}:/opt/ros/humble /usr/bin/cmake --install /home/jeni/Cook_subgoal_test/unity_cooking/ROS2/build/franka_description
[0.280s] -- Install configuration: ""
[0.280s] -- Execute custom install script
[0.280s] -- Symlinking: /home/jeni/Cook_subgoal_test/unity_cooking/ROS2/install/franka_description/share/ament_index/resource_index/package_run_dependencies/franka_description
[0.284s] -- Symlinking: /home/jeni/Cook_subgoal_test/unity_cooking/ROS2/install/franka_description/share/ament_index/resource_index/parent_prefix_path/franka_description
[0.289s] -- Symlinking: /home/jeni/Cook_subgoal_test/unity_cooking/ROS2/install/franka_description/share/franka_description/environment/ament_prefix_path.sh
[0.292s] -- Symlinking: /home/jeni/Cook_subgoal_test/unity_cooking/ROS2/install/franka_description/share/franka_description/environment/ament_prefix_path.dsv
[0.295s] -- Symlinking: /home/jeni/Cook_subgoal_test/unity_cooking/ROS2/install/franka_description/share/franka_description/environment/path.sh
[0.298s] -- Symlinking: /home/jeni/Cook_subgoal_test/unity_cooking/ROS2/install/franka_description/share/franka_description/environment/path.dsv
[0.301s] -- Symlinking: /home/jeni/Cook_subgoal_test/unity_cooking/ROS2/install/franka_description/share/franka_description/local_setup.bash
[0.304s] -- Symlinking: /home/jeni/Cook_subgoal_test/unity_cooking/ROS2/install/franka_description/share/franka_description/local_setup.sh
[0.307s] -- Symlinking: /home/jeni/Cook_subgoal_test/unity_cooking/ROS2/install/franka_description/share/franka_description/local_setup.zsh
[0.310s] -- Symlinking: /home/jeni/Cook_subgoal_test/unity_cooking/ROS2/install/franka_description/share/franka_description/local_setup.dsv
[0.312s] -- Symlinking: /home/jeni/Cook_subgoal_test/unity_cooking/ROS2/install/franka_description/share/franka_description/package.dsv
[0.315s] -- Symlinking: /home/jeni/Cook_subgoal_test/unity_cooking/ROS2/install/franka_description/share/ament_index/resource_index/packages/franka_description
[0.318s] -- Symlinking: /home/jeni/Cook_subgoal_test/unity_cooking/ROS2/install/franka_description/share/franka_description/cmake/franka_descriptionConfig.cmake
[0.321s] -- Symlinking: /home/jeni/Cook_subgoal_test/unity_cooking/ROS2/install/franka_description/share/franka_description/cmake/franka_descriptionConfig-version.cmake
[0.323s] -- Symlinking: /home/jeni/Cook_subgoal_test/unity_cooking/ROS2/install/franka_description/share/franka_description/package.xml
[0.326s] -- Symlinking: /home/jeni/Cook_subgoal_test/unity_cooking/ROS2/install/franka_description/share/franka_description/meshes/visual/finger.dae
[0.329s] -- Symlinking: /home/jeni/Cook_subgoal_test/unity_cooking/ROS2/install/franka_description/share/franka_description/meshes/visual/hand.dae
[0.332s] -- Symlinking: /home/jeni/Cook_subgoal_test/unity_cooking/ROS2/install/franka_description/share/franka_description/meshes/visual/link0.dae
[0.334s] -- Symlinking: /home/jeni/Cook_subgoal_test/unity_cooking/ROS2/install/franka_description/share/franka_description/meshes/visual/link1.dae
[0.337s] -- Symlinking: /home/jeni/Cook_subgoal_test/unity_cooking/ROS2/install/franka_description/share/franka_description/meshes/visual/link2.dae
[0.339s] -- Symlinking: /home/jeni/Cook_subgoal_test/unity_cooking/ROS2/install/franka_description/share/franka_description/meshes/visual/link3.dae
[0.342s] -- Symlinking: /home/jeni/Cook_subgoal_test/unity_cooking/ROS2/install/franka_description/share/franka_description/meshes/visual/link4.dae
[0.345s] -- Symlinking: /home/jeni/Cook_subgoal_test/unity_cooking/ROS2/install/franka_description/share/franka_description/meshes/visual/link5.dae
[0.348s] -- Symlinking: /home/jeni/Cook_subgoal_test/unity_cooking/ROS2/install/franka_description/share/franka_description/meshes/visual/link6.dae
[0.351s] -- Symlinking: /home/jeni/Cook_subgoal_test/unity_cooking/ROS2/install/franka_description/share/franka_description/meshes/visual/link7.dae
[0.353s] -- Symlinking: /home/jeni/Cook_subgoal_test/unity_cooking/ROS2/install/franka_description/share/franka_description/robots/dual_panda_example.urdf.xacro
[0.356s] -- Symlinking: /home/jeni/Cook_subgoal_test/unity_cooking/ROS2/install/franka_description/share/franka_description/robots/hand.urdf.xacro
[0.359s] -- Symlinking: /home/jeni/Cook_subgoal_test/unity_cooking/ROS2/install/franka_description/share/franka_description/robots/hand.xacro
[0.362s] -- Symlinking: /home/jeni/Cook_subgoal_test/unity_cooking/ROS2/install/franka_description/share/franka_description/robots/hand_rail.xacro
[0.364s] -- Symlinking: /home/jeni/Cook_subgoal_test/unity_cooking/ROS2/install/franka_description/share/franka_description/robots/panda_arm.urdf.xacro
[0.367s] -- Symlinking: /home/jeni/Cook_subgoal_test/unity_cooking/ROS2/install/franka_description/share/franka_description/robots/panda_arm.xacro
[0.370s] -- Symlinking: /home/jeni/Cook_subgoal_test/unity_cooking/ROS2/install/franka_description/share/franka_description/robots/panda_arm_hand.urdf.xacro
[0.373s] -- Symlinking: /home/jeni/Cook_subgoal_test/unity_cooking/ROS2/install/franka_description/share/franka_description/robots/panda_arm_hand.urdf_rail.xacro
[0.375s] -- Symlinking: /home/jeni/Cook_subgoal_test/unity_cooking/ROS2/install/franka_description/share/franka_description/robots/panda_arm_rail.xacro
[0.379s] Invoked command in '/home/jeni/Cook_subgoal_test/unity_cooking/ROS2/build/franka_description' returned '0': CMAKE_PREFIX_PATH=${CMAKE_PREFIX_PATH}:/opt/ros/humble /usr/bin/cmake --install /home/jeni/Cook_subgoal_test/unity_cooking/ROS2/build/franka_description
