[35m[1mConsolidate compiler generated dependencies of target ros_tcp_endpoint__rosidl_generator_c[0m
[  1%] Built target ros_tcp_endpoint__cpp
[ 12%] Built target ros_tcp_endpoint__rosidl_generator_c
[ 12%] Built target ament_cmake_python_symlink_ros_tcp_endpoint
[35m[1mConsolidate compiler generated dependencies of target ros_tcp_endpoint__rosidl_typesupport_cpp[0m
[35m[1mConsolidate compiler generated dependencies of target ros_tcp_endpoint__rosidl_typesupport_fastrtps_cpp[0m
[35m[1mConsolidate compiler generated dependencies of target ros_tcp_endpoint__rosidl_typesupport_introspection_c[0m
[35m[1mConsolidate compiler generated dependencies of target ros_tcp_endpoint__rosidl_typesupport_introspection_cpp[0m
[35m[1mConsolidate compiler generated dependencies of target ros_tcp_endpoint__rosidl_typesupport_fastrtps_c[0m
[35m[1mConsolidate compiler generated dependencies of target ros_tcp_endpoint__rosidl_typesupport_c[0m
[ 30%] Built target ros_tcp_endpoint__rosidl_typesupport_introspection_c
[ 34%] Built target ros_tcp_endpoint__rosidl_typesupport_cpp
[ 45%] Built target ros_tcp_endpoint__rosidl_typesupport_c
[ 56%] Built target ros_tcp_endpoint__rosidl_typesupport_fastrtps_cpp
[ 67%] Built target ros_tcp_endpoint__rosidl_typesupport_introspection_cpp
[ 78%] Built target ros_tcp_endpoint__rosidl_typesupport_fastrtps_c
[ 78%] Built target ros_tcp_endpoint
[ 80%] Built target ros_tcp_endpoint__py
[35m[1mConsolidate compiler generated dependencies of target ros_tcp_endpoint__rosidl_generator_py[0m
[ 89%] Built target ros_tcp_endpoint__rosidl_generator_py
[35m[1mConsolidate compiler generated dependencies of target ros_tcp_endpoint__rosidl_typesupport_fastrtps_c__pyext[0m
[35m[1mConsolidate compiler generated dependencies of target ros_tcp_endpoint__rosidl_typesupport_introspection_c__pyext[0m
[35m[1mConsolidate compiler generated dependencies of target ros_tcp_endpoint__rosidl_typesupport_c__pyext[0m
[ 92%] Built target ros_tcp_endpoint__rosidl_typesupport_fastrtps_c__pyext
[ 96%] Built target ros_tcp_endpoint__rosidl_typesupport_c__pyext
[100%] Built target ros_tcp_endpoint__rosidl_typesupport_introspection_c__pyext
running egg_info
writing ros_tcp_endpoint.egg-info/PKG-INFO
writing dependency_links to ros_tcp_endpoint.egg-info/dependency_links.txt
writing top-level names to ros_tcp_endpoint.egg-info/top_level.txt
reading manifest file 'ros_tcp_endpoint.egg-info/SOURCES.txt'
writing manifest file 'ros_tcp_endpoint.egg-info/SOURCES.txt'
[100%] Built target ament_cmake_python_build_ros_tcp_endpoint_egg
-- Install configuration: ""
-- Execute custom install script
-- Up-to-date symlink: /home/jeni/Cook_subgoal_test/unity_cooking/ROS2/install/ros_tcp_endpoint/share/ament_index/resource_index/rosidl_interfaces/ros_tcp_endpoint
-- Up-to-date symlink: /home/jeni/Cook_subgoal_test/unity_cooking/ROS2/install/ros_tcp_endpoint/include/ros_tcp_endpoint/ros_tcp_endpoint/msg/detail/ros_unity_error__functions.h
-- Up-to-date symlink: /home/jeni/Cook_subgoal_test/unity_cooking/ROS2/install/ros_tcp_endpoint/include/ros_tcp_endpoint/ros_tcp_endpoint/msg/detail/ros_unity_error__struct.h
-- Up-to-date symlink: /home/jeni/Cook_subgoal_test/unity_cooking/ROS2/install/ros_tcp_endpoint/include/ros_tcp_endpoint/ros_tcp_endpoint/msg/detail/ros_unity_error__type_support.h
-- Up-to-date symlink: /home/jeni/Cook_subgoal_test/unity_cooking/ROS2/install/ros_tcp_endpoint/include/ros_tcp_endpoint/ros_tcp_endpoint/msg/detail/ros_unity_srv_message__functions.h
-- Up-to-date symlink: /home/jeni/Cook_subgoal_test/unity_cooking/ROS2/install/ros_tcp_endpoint/include/ros_tcp_endpoint/ros_tcp_endpoint/msg/detail/ros_unity_srv_message__struct.h
-- Up-to-date symlink: /home/jeni/Cook_subgoal_test/unity_cooking/ROS2/install/ros_tcp_endpoint/include/ros_tcp_endpoint/ros_tcp_endpoint/msg/detail/ros_unity_srv_message__type_support.h
-- Up-to-date symlink: /home/jeni/Cook_subgoal_test/unity_cooking/ROS2/install/ros_tcp_endpoint/include/ros_tcp_endpoint/ros_tcp_endpoint/msg/detail/ros_unity_sys_command__functions.h
-- Up-to-date symlink: /home/jeni/Cook_subgoal_test/unity_cooking/ROS2/install/ros_tcp_endpoint/include/ros_tcp_endpoint/ros_tcp_endpoint/msg/detail/ros_unity_sys_command__struct.h
-- Up-to-date symlink: /home/jeni/Cook_subgoal_test/unity_cooking/ROS2/install/ros_tcp_endpoint/include/ros_tcp_endpoint/ros_tcp_endpoint/msg/detail/ros_unity_sys_command__type_support.h
-- Up-to-date symlink: /home/jeni/Cook_subgoal_test/unity_cooking/ROS2/install/ros_tcp_endpoint/include/ros_tcp_endpoint/ros_tcp_endpoint/msg/ros_unity_error.h
-- Up-to-date symlink: /home/jeni/Cook_subgoal_test/unity_cooking/ROS2/install/ros_tcp_endpoint/include/ros_tcp_endpoint/ros_tcp_endpoint/msg/ros_unity_srv_message.h
-- Up-to-date symlink: /home/jeni/Cook_subgoal_test/unity_cooking/ROS2/install/ros_tcp_endpoint/include/ros_tcp_endpoint/ros_tcp_endpoint/msg/ros_unity_sys_command.h
-- Up-to-date symlink: /home/jeni/Cook_subgoal_test/unity_cooking/ROS2/install/ros_tcp_endpoint/include/ros_tcp_endpoint/ros_tcp_endpoint/msg/rosidl_generator_c__visibility_control.h
-- Up-to-date symlink: /home/jeni/Cook_subgoal_test/unity_cooking/ROS2/install/ros_tcp_endpoint/include/ros_tcp_endpoint/ros_tcp_endpoint/srv/detail/ros_unity_topic_list__functions.h
-- Up-to-date symlink: /home/jeni/Cook_subgoal_test/unity_cooking/ROS2/install/ros_tcp_endpoint/include/ros_tcp_endpoint/ros_tcp_endpoint/srv/detail/ros_unity_topic_list__struct.h
-- Up-to-date symlink: /home/jeni/Cook_subgoal_test/unity_cooking/ROS2/install/ros_tcp_endpoint/include/ros_tcp_endpoint/ros_tcp_endpoint/srv/detail/ros_unity_topic_list__type_support.h
-- Up-to-date symlink: /home/jeni/Cook_subgoal_test/unity_cooking/ROS2/install/ros_tcp_endpoint/include/ros_tcp_endpoint/ros_tcp_endpoint/srv/ros_unity_topic_list.h
-- Up-to-date symlink: /home/jeni/Cook_subgoal_test/unity_cooking/ROS2/install/ros_tcp_endpoint/share/ros_tcp_endpoint/environment/library_path.sh
-- Up-to-date symlink: /home/jeni/Cook_subgoal_test/unity_cooking/ROS2/install/ros_tcp_endpoint/share/ros_tcp_endpoint/environment/library_path.dsv
-- Up-to-date symlink: /home/jeni/Cook_subgoal_test/unity_cooking/ROS2/install/ros_tcp_endpoint/include/ros_tcp_endpoint/ros_tcp_endpoint/msg/detail/ros_unity_error__rosidl_typesupport_fastrtps_c.h
-- Up-to-date symlink: /home/jeni/Cook_subgoal_test/unity_cooking/ROS2/install/ros_tcp_endpoint/include/ros_tcp_endpoint/ros_tcp_endpoint/msg/detail/ros_unity_srv_message__rosidl_typesupport_fastrtps_c.h
-- Up-to-date symlink: /home/jeni/Cook_subgoal_test/unity_cooking/ROS2/install/ros_tcp_endpoint/include/ros_tcp_endpoint/ros_tcp_endpoint/msg/detail/ros_unity_sys_command__rosidl_typesupport_fastrtps_c.h
-- Up-to-date symlink: /home/jeni/Cook_subgoal_test/unity_cooking/ROS2/install/ros_tcp_endpoint/include/ros_tcp_endpoint/ros_tcp_endpoint/msg/rosidl_typesupport_fastrtps_c__visibility_control.h
-- Up-to-date symlink: /home/jeni/Cook_subgoal_test/unity_cooking/ROS2/install/ros_tcp_endpoint/include/ros_tcp_endpoint/ros_tcp_endpoint/srv/detail/ros_unity_topic_list__rosidl_typesupport_fastrtps_c.h
-- Up-to-date symlink: /home/jeni/Cook_subgoal_test/unity_cooking/ROS2/install/ros_tcp_endpoint/include/ros_tcp_endpoint/ros_tcp_endpoint/msg/detail/ros_unity_error__builder.hpp
-- Up-to-date symlink: /home/jeni/Cook_subgoal_test/unity_cooking/ROS2/install/ros_tcp_endpoint/include/ros_tcp_endpoint/ros_tcp_endpoint/msg/detail/ros_unity_error__struct.hpp
-- Up-to-date symlink: /home/jeni/Cook_subgoal_test/unity_cooking/ROS2/install/ros_tcp_endpoint/include/ros_tcp_endpoint/ros_tcp_endpoint/msg/detail/ros_unity_error__traits.hpp
-- Up-to-date symlink: /home/jeni/Cook_subgoal_test/unity_cooking/ROS2/install/ros_tcp_endpoint/include/ros_tcp_endpoint/ros_tcp_endpoint/msg/detail/ros_unity_error__type_support.hpp
-- Up-to-date symlink: /home/jeni/Cook_subgoal_test/unity_cooking/ROS2/install/ros_tcp_endpoint/include/ros_tcp_endpoint/ros_tcp_endpoint/msg/detail/ros_unity_srv_message__builder.hpp
-- Up-to-date symlink: /home/jeni/Cook_subgoal_test/unity_cooking/ROS2/install/ros_tcp_endpoint/include/ros_tcp_endpoint/ros_tcp_endpoint/msg/detail/ros_unity_srv_message__struct.hpp
-- Up-to-date symlink: /home/jeni/Cook_subgoal_test/unity_cooking/ROS2/install/ros_tcp_endpoint/include/ros_tcp_endpoint/ros_tcp_endpoint/msg/detail/ros_unity_srv_message__traits.hpp
-- Up-to-date symlink: /home/jeni/Cook_subgoal_test/unity_cooking/ROS2/install/ros_tcp_endpoint/include/ros_tcp_endpoint/ros_tcp_endpoint/msg/detail/ros_unity_srv_message__type_support.hpp
-- Up-to-date symlink: /home/jeni/Cook_subgoal_test/unity_cooking/ROS2/install/ros_tcp_endpoint/include/ros_tcp_endpoint/ros_tcp_endpoint/msg/detail/ros_unity_sys_command__builder.hpp
-- Up-to-date symlink: /home/jeni/Cook_subgoal_test/unity_cooking/ROS2/install/ros_tcp_endpoint/include/ros_tcp_endpoint/ros_tcp_endpoint/msg/detail/ros_unity_sys_command__struct.hpp
-- Up-to-date symlink: /home/jeni/Cook_subgoal_test/unity_cooking/ROS2/install/ros_tcp_endpoint/include/ros_tcp_endpoint/ros_tcp_endpoint/msg/detail/ros_unity_sys_command__traits.hpp
-- Up-to-date symlink: /home/jeni/Cook_subgoal_test/unity_cooking/ROS2/install/ros_tcp_endpoint/include/ros_tcp_endpoint/ros_tcp_endpoint/msg/detail/ros_unity_sys_command__type_support.hpp
-- Up-to-date symlink: /home/jeni/Cook_subgoal_test/unity_cooking/ROS2/install/ros_tcp_endpoint/include/ros_tcp_endpoint/ros_tcp_endpoint/msg/ros_unity_error.hpp
-- Up-to-date symlink: /home/jeni/Cook_subgoal_test/unity_cooking/ROS2/install/ros_tcp_endpoint/include/ros_tcp_endpoint/ros_tcp_endpoint/msg/ros_unity_srv_message.hpp
-- Up-to-date symlink: /home/jeni/Cook_subgoal_test/unity_cooking/ROS2/install/ros_tcp_endpoint/include/ros_tcp_endpoint/ros_tcp_endpoint/msg/ros_unity_sys_command.hpp
-- Up-to-date symlink: /home/jeni/Cook_subgoal_test/unity_cooking/ROS2/install/ros_tcp_endpoint/include/ros_tcp_endpoint/ros_tcp_endpoint/msg/rosidl_generator_cpp__visibility_control.hpp
-- Up-to-date symlink: /home/jeni/Cook_subgoal_test/unity_cooking/ROS2/install/ros_tcp_endpoint/include/ros_tcp_endpoint/ros_tcp_endpoint/srv/detail/ros_unity_topic_list__builder.hpp
-- Up-to-date symlink: /home/jeni/Cook_subgoal_test/unity_cooking/ROS2/install/ros_tcp_endpoint/include/ros_tcp_endpoint/ros_tcp_endpoint/srv/detail/ros_unity_topic_list__struct.hpp
-- Up-to-date symlink: /home/jeni/Cook_subgoal_test/unity_cooking/ROS2/install/ros_tcp_endpoint/include/ros_tcp_endpoint/ros_tcp_endpoint/srv/detail/ros_unity_topic_list__traits.hpp
-- Up-to-date symlink: /home/jeni/Cook_subgoal_test/unity_cooking/ROS2/install/ros_tcp_endpoint/include/ros_tcp_endpoint/ros_tcp_endpoint/srv/detail/ros_unity_topic_list__type_support.hpp
-- Up-to-date symlink: /home/jeni/Cook_subgoal_test/unity_cooking/ROS2/install/ros_tcp_endpoint/include/ros_tcp_endpoint/ros_tcp_endpoint/srv/ros_unity_topic_list.hpp
-- Up-to-date symlink: /home/jeni/Cook_subgoal_test/unity_cooking/ROS2/install/ros_tcp_endpoint/include/ros_tcp_endpoint/ros_tcp_endpoint/msg/detail/ros_unity_error__rosidl_typesupport_fastrtps_cpp.hpp
-- Up-to-date symlink: /home/jeni/Cook_subgoal_test/unity_cooking/ROS2/install/ros_tcp_endpoint/include/ros_tcp_endpoint/ros_tcp_endpoint/msg/detail/ros_unity_srv_message__rosidl_typesupport_fastrtps_cpp.hpp
-- Up-to-date symlink: /home/jeni/Cook_subgoal_test/unity_cooking/ROS2/install/ros_tcp_endpoint/include/ros_tcp_endpoint/ros_tcp_endpoint/msg/detail/ros_unity_sys_command__rosidl_typesupport_fastrtps_cpp.hpp
-- Up-to-date symlink: /home/jeni/Cook_subgoal_test/unity_cooking/ROS2/install/ros_tcp_endpoint/include/ros_tcp_endpoint/ros_tcp_endpoint/msg/rosidl_typesupport_fastrtps_cpp__visibility_control.h
-- Up-to-date symlink: /home/jeni/Cook_subgoal_test/unity_cooking/ROS2/install/ros_tcp_endpoint/include/ros_tcp_endpoint/ros_tcp_endpoint/srv/detail/ros_unity_topic_list__rosidl_typesupport_fastrtps_cpp.hpp
-- Up-to-date symlink: /home/jeni/Cook_subgoal_test/unity_cooking/ROS2/install/ros_tcp_endpoint/include/ros_tcp_endpoint/ros_tcp_endpoint/msg/detail/ros_unity_error__rosidl_typesupport_introspection_c.h
-- Up-to-date symlink: /home/jeni/Cook_subgoal_test/unity_cooking/ROS2/install/ros_tcp_endpoint/include/ros_tcp_endpoint/ros_tcp_endpoint/msg/detail/ros_unity_srv_message__rosidl_typesupport_introspection_c.h
-- Up-to-date symlink: /home/jeni/Cook_subgoal_test/unity_cooking/ROS2/install/ros_tcp_endpoint/include/ros_tcp_endpoint/ros_tcp_endpoint/msg/detail/ros_unity_sys_command__rosidl_typesupport_introspection_c.h
-- Up-to-date symlink: /home/jeni/Cook_subgoal_test/unity_cooking/ROS2/install/ros_tcp_endpoint/include/ros_tcp_endpoint/ros_tcp_endpoint/msg/rosidl_typesupport_introspection_c__visibility_control.h
-- Up-to-date symlink: /home/jeni/Cook_subgoal_test/unity_cooking/ROS2/install/ros_tcp_endpoint/include/ros_tcp_endpoint/ros_tcp_endpoint/srv/detail/ros_unity_topic_list__rosidl_typesupport_introspection_c.h
-- Up-to-date symlink: /home/jeni/Cook_subgoal_test/unity_cooking/ROS2/install/ros_tcp_endpoint/include/ros_tcp_endpoint/ros_tcp_endpoint/msg/detail/ros_unity_error__rosidl_typesupport_introspection_cpp.hpp
-- Up-to-date symlink: /home/jeni/Cook_subgoal_test/unity_cooking/ROS2/install/ros_tcp_endpoint/include/ros_tcp_endpoint/ros_tcp_endpoint/msg/detail/ros_unity_srv_message__rosidl_typesupport_introspection_cpp.hpp
-- Up-to-date symlink: /home/jeni/Cook_subgoal_test/unity_cooking/ROS2/install/ros_tcp_endpoint/include/ros_tcp_endpoint/ros_tcp_endpoint/msg/detail/ros_unity_sys_command__rosidl_typesupport_introspection_cpp.hpp
-- Up-to-date symlink: /home/jeni/Cook_subgoal_test/unity_cooking/ROS2/install/ros_tcp_endpoint/include/ros_tcp_endpoint/ros_tcp_endpoint/srv/detail/ros_unity_topic_list__rosidl_typesupport_introspection_cpp.hpp
-- Up-to-date symlink: /home/jeni/Cook_subgoal_test/unity_cooking/ROS2/install/ros_tcp_endpoint/share/ros_tcp_endpoint/environment/pythonpath.sh
-- Up-to-date symlink: /home/jeni/Cook_subgoal_test/unity_cooking/ROS2/install/ros_tcp_endpoint/share/ros_tcp_endpoint/environment/pythonpath.dsv
-- Up-to-date symlink: /home/jeni/Cook_subgoal_test/unity_cooking/ROS2/install/ros_tcp_endpoint/local/lib/python3.10/dist-packages/ros_tcp_endpoint-0.4.0-py3.10.egg-info/PKG-INFO
-- Up-to-date symlink: /home/jeni/Cook_subgoal_test/unity_cooking/ROS2/install/ros_tcp_endpoint/local/lib/python3.10/dist-packages/ros_tcp_endpoint-0.4.0-py3.10.egg-info/SOURCES.txt
-- Up-to-date symlink: /home/jeni/Cook_subgoal_test/unity_cooking/ROS2/install/ros_tcp_endpoint/local/lib/python3.10/dist-packages/ros_tcp_endpoint-0.4.0-py3.10.egg-info/dependency_links.txt
-- Up-to-date symlink: /home/jeni/Cook_subgoal_test/unity_cooking/ROS2/install/ros_tcp_endpoint/local/lib/python3.10/dist-packages/ros_tcp_endpoint-0.4.0-py3.10.egg-info/top_level.txt
-- Up-to-date symlink: /home/jeni/Cook_subgoal_test/unity_cooking/ROS2/install/ros_tcp_endpoint/local/lib/python3.10/dist-packages/ros_tcp_endpoint/__init__.py
-- Up-to-date symlink: /home/jeni/Cook_subgoal_test/unity_cooking/ROS2/install/ros_tcp_endpoint/local/lib/python3.10/dist-packages/ros_tcp_endpoint/_ros_tcp_endpoint_s.ep.rosidl_typesupport_c.c
-- Up-to-date symlink: /home/jeni/Cook_subgoal_test/unity_cooking/ROS2/install/ros_tcp_endpoint/local/lib/python3.10/dist-packages/ros_tcp_endpoint/_ros_tcp_endpoint_s.ep.rosidl_typesupport_fastrtps_c.c
-- Up-to-date symlink: /home/jeni/Cook_subgoal_test/unity_cooking/ROS2/install/ros_tcp_endpoint/local/lib/python3.10/dist-packages/ros_tcp_endpoint/_ros_tcp_endpoint_s.ep.rosidl_typesupport_introspection_c.c
-- Up-to-date symlink: /home/jeni/Cook_subgoal_test/unity_cooking/ROS2/install/ros_tcp_endpoint/local/lib/python3.10/dist-packages/ros_tcp_endpoint/libros_tcp_endpoint__rosidl_generator_py.so
-- Up-to-date symlink: /home/jeni/Cook_subgoal_test/unity_cooking/ROS2/install/ros_tcp_endpoint/local/lib/python3.10/dist-packages/ros_tcp_endpoint/msg/__init__.py
-- Up-to-date symlink: /home/jeni/Cook_subgoal_test/unity_cooking/ROS2/install/ros_tcp_endpoint/local/lib/python3.10/dist-packages/ros_tcp_endpoint/msg/_ros_unity_error.py
-- Up-to-date symlink: /home/jeni/Cook_subgoal_test/unity_cooking/ROS2/install/ros_tcp_endpoint/local/lib/python3.10/dist-packages/ros_tcp_endpoint/msg/_ros_unity_error_s.c
-- Up-to-date symlink: /home/jeni/Cook_subgoal_test/unity_cooking/ROS2/install/ros_tcp_endpoint/local/lib/python3.10/dist-packages/ros_tcp_endpoint/msg/_ros_unity_srv_message.py
-- Up-to-date symlink: /home/jeni/Cook_subgoal_test/unity_cooking/ROS2/install/ros_tcp_endpoint/local/lib/python3.10/dist-packages/ros_tcp_endpoint/msg/_ros_unity_srv_message_s.c
-- Up-to-date symlink: /home/jeni/Cook_subgoal_test/unity_cooking/ROS2/install/ros_tcp_endpoint/local/lib/python3.10/dist-packages/ros_tcp_endpoint/msg/_ros_unity_sys_command.py
-- Up-to-date symlink: /home/jeni/Cook_subgoal_test/unity_cooking/ROS2/install/ros_tcp_endpoint/local/lib/python3.10/dist-packages/ros_tcp_endpoint/msg/_ros_unity_sys_command_s.c
-- Up-to-date symlink: /home/jeni/Cook_subgoal_test/unity_cooking/ROS2/install/ros_tcp_endpoint/local/lib/python3.10/dist-packages/ros_tcp_endpoint/ros_tcp_endpoint_s__rosidl_typesupport_c.cpython-310-x86_64-linux-gnu.so
-- Up-to-date symlink: /home/jeni/Cook_subgoal_test/unity_cooking/ROS2/install/ros_tcp_endpoint/local/lib/python3.10/dist-packages/ros_tcp_endpoint/ros_tcp_endpoint_s__rosidl_typesupport_fastrtps_c.cpython-310-x86_64-linux-gnu.so
-- Up-to-date symlink: /home/jeni/Cook_subgoal_test/unity_cooking/ROS2/install/ros_tcp_endpoint/local/lib/python3.10/dist-packages/ros_tcp_endpoint/ros_tcp_endpoint_s__rosidl_typesupport_introspection_c.cpython-310-x86_64-linux-gnu.so
-- Up-to-date symlink: /home/jeni/Cook_subgoal_test/unity_cooking/ROS2/install/ros_tcp_endpoint/local/lib/python3.10/dist-packages/ros_tcp_endpoint/srv/__init__.py
-- Up-to-date symlink: /home/jeni/Cook_subgoal_test/unity_cooking/ROS2/install/ros_tcp_endpoint/local/lib/python3.10/dist-packages/ros_tcp_endpoint/srv/_ros_unity_topic_list.py
-- Up-to-date symlink: /home/jeni/Cook_subgoal_test/unity_cooking/ROS2/install/ros_tcp_endpoint/local/lib/python3.10/dist-packages/ros_tcp_endpoint/srv/_ros_unity_topic_list_s.c
-- Up-to-date symlink: /home/jeni/Cook_subgoal_test/unity_cooking/ROS2/install/ros_tcp_endpoint/local/lib/python3.10/dist-packages/ros_tcp_endpoint/ros_tcp_endpoint_s__rosidl_typesupport_fastrtps_c.cpython-310-x86_64-linux-gnu.so
-- Up-to-date symlink: /home/jeni/Cook_subgoal_test/unity_cooking/ROS2/install/ros_tcp_endpoint/local/lib/python3.10/dist-packages/ros_tcp_endpoint/ros_tcp_endpoint_s__rosidl_typesupport_introspection_c.cpython-310-x86_64-linux-gnu.so
-- Up-to-date symlink: /home/jeni/Cook_subgoal_test/unity_cooking/ROS2/install/ros_tcp_endpoint/local/lib/python3.10/dist-packages/ros_tcp_endpoint/ros_tcp_endpoint_s__rosidl_typesupport_c.cpython-310-x86_64-linux-gnu.so
-- Up-to-date symlink: /home/jeni/Cook_subgoal_test/unity_cooking/ROS2/install/ros_tcp_endpoint/share/ros_tcp_endpoint/msg/RosUnityError.idl
-- Up-to-date symlink: /home/jeni/Cook_subgoal_test/unity_cooking/ROS2/install/ros_tcp_endpoint/share/ros_tcp_endpoint/msg/RosUnitySrvMessage.idl
-- Up-to-date symlink: /home/jeni/Cook_subgoal_test/unity_cooking/ROS2/install/ros_tcp_endpoint/share/ros_tcp_endpoint/msg/RosUnitySysCommand.idl
-- Up-to-date symlink: /home/jeni/Cook_subgoal_test/unity_cooking/ROS2/install/ros_tcp_endpoint/share/ros_tcp_endpoint/srv/RosUnityTopicList.idl
-- Up-to-date symlink: /home/jeni/Cook_subgoal_test/unity_cooking/ROS2/install/ros_tcp_endpoint/share/ros_tcp_endpoint/msg/RosUnityError.msg
-- Up-to-date symlink: /home/jeni/Cook_subgoal_test/unity_cooking/ROS2/install/ros_tcp_endpoint/share/ros_tcp_endpoint/msg/RosUnitySrvMessage.msg
-- Up-to-date symlink: /home/jeni/Cook_subgoal_test/unity_cooking/ROS2/install/ros_tcp_endpoint/share/ros_tcp_endpoint/msg/RosUnitySysCommand.msg
-- Up-to-date symlink: /home/jeni/Cook_subgoal_test/unity_cooking/ROS2/install/ros_tcp_endpoint/share/ros_tcp_endpoint/srv/RosUnityTopicList.srv
-- Up-to-date symlink: /home/jeni/Cook_subgoal_test/unity_cooking/ROS2/install/ros_tcp_endpoint/share/ros_tcp_endpoint/srv/RosUnityTopicList_Request.msg
-- Up-to-date symlink: /home/jeni/Cook_subgoal_test/unity_cooking/ROS2/install/ros_tcp_endpoint/share/ros_tcp_endpoint/srv/RosUnityTopicList_Response.msg
-- Up-to-date symlink: /home/jeni/Cook_subgoal_test/unity_cooking/ROS2/install/ros_tcp_endpoint/lib/ros_tcp_endpoint/.github/ISSUE_TEMPLATE/bug_report.md
-- Up-to-date symlink: /home/jeni/Cook_subgoal_test/unity_cooking/ROS2/install/ros_tcp_endpoint/lib/ros_tcp_endpoint/.github/ISSUE_TEMPLATE/config.yml
-- Up-to-date symlink: /home/jeni/Cook_subgoal_test/unity_cooking/ROS2/install/ros_tcp_endpoint/lib/ros_tcp_endpoint/.github/ISSUE_TEMPLATE/feature_request.md
-- Up-to-date symlink: /home/jeni/Cook_subgoal_test/unity_cooking/ROS2/install/ros_tcp_endpoint/lib/ros_tcp_endpoint/.github/PULL_REQUEST_TEMPLATE.md
-- Up-to-date symlink: /home/jeni/Cook_subgoal_test/unity_cooking/ROS2/install/ros_tcp_endpoint/lib/ros_tcp_endpoint/.github/workflows/pre-commit.yaml
-- Up-to-date symlink: /home/jeni/Cook_subgoal_test/unity_cooking/ROS2/install/ros_tcp_endpoint/lib/ros_tcp_endpoint/.gitignore
-- Up-to-date symlink: /home/jeni/Cook_subgoal_test/unity_cooking/ROS2/install/ros_tcp_endpoint/lib/ros_tcp_endpoint/.pre-commit-config.yaml
-- Up-to-date symlink: /home/jeni/Cook_subgoal_test/unity_cooking/ROS2/install/ros_tcp_endpoint/lib/ros_tcp_endpoint/.yamato/yamato-config.yml
-- Up-to-date symlink: /home/jeni/Cook_subgoal_test/unity_cooking/ROS2/install/ros_tcp_endpoint/lib/ros_tcp_endpoint/CHANGELOG.md
-- Up-to-date symlink: /home/jeni/Cook_subgoal_test/unity_cooking/ROS2/install/ros_tcp_endpoint/lib/ros_tcp_endpoint/CMakeLists.txt
-- Up-to-date symlink: /home/jeni/Cook_subgoal_test/unity_cooking/ROS2/install/ros_tcp_endpoint/lib/ros_tcp_endpoint/CODE_OF_CONDUCT.md
-- Up-to-date symlink: /home/jeni/Cook_subgoal_test/unity_cooking/ROS2/install/ros_tcp_endpoint/lib/ros_tcp_endpoint/CONTRIBUTING.md
-- Up-to-date symlink: /home/jeni/Cook_subgoal_test/unity_cooking/ROS2/install/ros_tcp_endpoint/lib/ros_tcp_endpoint/LICENSE
-- Up-to-date symlink: /home/jeni/Cook_subgoal_test/unity_cooking/ROS2/install/ros_tcp_endpoint/lib/ros_tcp_endpoint/README.md
-- Up-to-date symlink: /home/jeni/Cook_subgoal_test/unity_cooking/ROS2/install/ros_tcp_endpoint/lib/ros_tcp_endpoint/config/params.yaml
-- Up-to-date symlink: /home/jeni/Cook_subgoal_test/unity_cooking/ROS2/install/ros_tcp_endpoint/lib/ros_tcp_endpoint/launch/endpoint.launch
-- Up-to-date symlink: /home/jeni/Cook_subgoal_test/unity_cooking/ROS2/install/ros_tcp_endpoint/lib/ros_tcp_endpoint/msg/RosUnityError.msg
-- Up-to-date symlink: /home/jeni/Cook_subgoal_test/unity_cooking/ROS2/install/ros_tcp_endpoint/lib/ros_tcp_endpoint/msg/RosUnitySrvMessage.msg
-- Up-to-date symlink: /home/jeni/Cook_subgoal_test/unity_cooking/ROS2/install/ros_tcp_endpoint/lib/ros_tcp_endpoint/msg/RosUnitySysCommand.msg
-- Up-to-date symlink: /home/jeni/Cook_subgoal_test/unity_cooking/ROS2/install/ros_tcp_endpoint/lib/ros_tcp_endpoint/package.xml
-- Up-to-date symlink: /home/jeni/Cook_subgoal_test/unity_cooking/ROS2/install/ros_tcp_endpoint/lib/ros_tcp_endpoint/requirements.txt
-- Up-to-date symlink: /home/jeni/Cook_subgoal_test/unity_cooking/ROS2/install/ros_tcp_endpoint/lib/ros_tcp_endpoint/setup.py
-- Up-to-date symlink: /home/jeni/Cook_subgoal_test/unity_cooking/ROS2/install/ros_tcp_endpoint/lib/ros_tcp_endpoint/src/ros_tcp_endpoint/__init__.py
-- Up-to-date symlink: /home/jeni/Cook_subgoal_test/unity_cooking/ROS2/install/ros_tcp_endpoint/lib/ros_tcp_endpoint/src/ros_tcp_endpoint/client.py
-- Up-to-date symlink: /home/jeni/Cook_subgoal_test/unity_cooking/ROS2/install/ros_tcp_endpoint/lib/ros_tcp_endpoint/src/ros_tcp_endpoint/communication.py
-- Up-to-date symlink: /home/jeni/Cook_subgoal_test/unity_cooking/ROS2/install/ros_tcp_endpoint/lib/ros_tcp_endpoint/src/ros_tcp_endpoint/default_server_endpoint.py
-- Up-to-date symlink: /home/jeni/Cook_subgoal_test/unity_cooking/ROS2/install/ros_tcp_endpoint/lib/ros_tcp_endpoint/src/ros_tcp_endpoint/exceptions.py
-- Up-to-date symlink: /home/jeni/Cook_subgoal_test/unity_cooking/ROS2/install/ros_tcp_endpoint/lib/ros_tcp_endpoint/src/ros_tcp_endpoint/publisher.py
-- Up-to-date symlink: /home/jeni/Cook_subgoal_test/unity_cooking/ROS2/install/ros_tcp_endpoint/lib/ros_tcp_endpoint/src/ros_tcp_endpoint/server.py
-- Up-to-date symlink: /home/jeni/Cook_subgoal_test/unity_cooking/ROS2/install/ros_tcp_endpoint/lib/ros_tcp_endpoint/src/ros_tcp_endpoint/service.py
-- Up-to-date symlink: /home/jeni/Cook_subgoal_test/unity_cooking/ROS2/install/ros_tcp_endpoint/lib/ros_tcp_endpoint/src/ros_tcp_endpoint/subscriber.py
-- Up-to-date symlink: /home/jeni/Cook_subgoal_test/unity_cooking/ROS2/install/ros_tcp_endpoint/lib/ros_tcp_endpoint/src/ros_tcp_endpoint/tcp_sender.py
-- Up-to-date symlink: /home/jeni/Cook_subgoal_test/unity_cooking/ROS2/install/ros_tcp_endpoint/lib/ros_tcp_endpoint/src/ros_tcp_endpoint/thread_pauser.py
-- Up-to-date symlink: /home/jeni/Cook_subgoal_test/unity_cooking/ROS2/install/ros_tcp_endpoint/lib/ros_tcp_endpoint/src/ros_tcp_endpoint/unity_service.py
-- Up-to-date symlink: /home/jeni/Cook_subgoal_test/unity_cooking/ROS2/install/ros_tcp_endpoint/lib/ros_tcp_endpoint/srv/RosUnityTopicList.srv
-- Up-to-date symlink: /home/jeni/Cook_subgoal_test/unity_cooking/ROS2/install/ros_tcp_endpoint/lib/ros_tcp_endpoint/test/__init__.py
-- Up-to-date symlink: /home/jeni/Cook_subgoal_test/unity_cooking/ROS2/install/ros_tcp_endpoint/lib/ros_tcp_endpoint/test/test_client.py
-- Up-to-date symlink: /home/jeni/Cook_subgoal_test/unity_cooking/ROS2/install/ros_tcp_endpoint/lib/ros_tcp_endpoint/test/test_publisher.py
-- Up-to-date symlink: /home/jeni/Cook_subgoal_test/unity_cooking/ROS2/install/ros_tcp_endpoint/lib/ros_tcp_endpoint/test/test_ros_service.py
-- Up-to-date symlink: /home/jeni/Cook_subgoal_test/unity_cooking/ROS2/install/ros_tcp_endpoint/lib/ros_tcp_endpoint/test/test_server.py
-- Up-to-date symlink: /home/jeni/Cook_subgoal_test/unity_cooking/ROS2/install/ros_tcp_endpoint/lib/ros_tcp_endpoint/test/test_subscriber.py
-- Up-to-date symlink: /home/jeni/Cook_subgoal_test/unity_cooking/ROS2/install/ros_tcp_endpoint/lib/ros_tcp_endpoint/test/test_tcp_sender.py
-- Up-to-date symlink: /home/jeni/Cook_subgoal_test/unity_cooking/ROS2/install/ros_tcp_endpoint/lib/ros_tcp_endpoint/test/test_thread_pauser.py
-- Up-to-date symlink: /home/jeni/Cook_subgoal_test/unity_cooking/ROS2/install/ros_tcp_endpoint/lib/ros_tcp_endpoint/test/test_unity_service.py
-- Up-to-date symlink: /home/jeni/Cook_subgoal_test/unity_cooking/ROS2/install/ros_tcp_endpoint/share/ament_index/resource_index/package_run_dependencies/ros_tcp_endpoint
-- Up-to-date symlink: /home/jeni/Cook_subgoal_test/unity_cooking/ROS2/install/ros_tcp_endpoint/share/ament_index/resource_index/parent_prefix_path/ros_tcp_endpoint
-- Up-to-date symlink: /home/jeni/Cook_subgoal_test/unity_cooking/ROS2/install/ros_tcp_endpoint/share/ros_tcp_endpoint/environment/ament_prefix_path.sh
-- Up-to-date symlink: /home/jeni/Cook_subgoal_test/unity_cooking/ROS2/install/ros_tcp_endpoint/share/ros_tcp_endpoint/environment/ament_prefix_path.dsv
-- Up-to-date symlink: /home/jeni/Cook_subgoal_test/unity_cooking/ROS2/install/ros_tcp_endpoint/share/ros_tcp_endpoint/environment/path.sh
-- Up-to-date symlink: /home/jeni/Cook_subgoal_test/unity_cooking/ROS2/install/ros_tcp_endpoint/share/ros_tcp_endpoint/environment/path.dsv
-- Up-to-date symlink: /home/jeni/Cook_subgoal_test/unity_cooking/ROS2/install/ros_tcp_endpoint/share/ros_tcp_endpoint/local_setup.bash
-- Up-to-date symlink: /home/jeni/Cook_subgoal_test/unity_cooking/ROS2/install/ros_tcp_endpoint/share/ros_tcp_endpoint/local_setup.sh
-- Up-to-date symlink: /home/jeni/Cook_subgoal_test/unity_cooking/ROS2/install/ros_tcp_endpoint/share/ros_tcp_endpoint/local_setup.zsh
-- Up-to-date symlink: /home/jeni/Cook_subgoal_test/unity_cooking/ROS2/install/ros_tcp_endpoint/share/ros_tcp_endpoint/local_setup.dsv
-- Symlinking: /home/jeni/Cook_subgoal_test/unity_cooking/ROS2/install/ros_tcp_endpoint/share/ros_tcp_endpoint/package.dsv
-- Up-to-date symlink: /home/jeni/Cook_subgoal_test/unity_cooking/ROS2/install/ros_tcp_endpoint/share/ament_index/resource_index/packages/ros_tcp_endpoint
-- Up-to-date symlink: /home/jeni/Cook_subgoal_test/unity_cooking/ROS2/install/ros_tcp_endpoint/share/ros_tcp_endpoint/cmake/rosidl_cmake-extras.cmake
-- Up-to-date symlink: /home/jeni/Cook_subgoal_test/unity_cooking/ROS2/install/ros_tcp_endpoint/share/ros_tcp_endpoint/cmake/ament_cmake_export_dependencies-extras.cmake
-- Up-to-date symlink: /home/jeni/Cook_subgoal_test/unity_cooking/ROS2/install/ros_tcp_endpoint/share/ros_tcp_endpoint/cmake/ament_cmake_export_include_directories-extras.cmake
-- Up-to-date symlink: /home/jeni/Cook_subgoal_test/unity_cooking/ROS2/install/ros_tcp_endpoint/share/ros_tcp_endpoint/cmake/ament_cmake_export_libraries-extras.cmake
-- Up-to-date symlink: /home/jeni/Cook_subgoal_test/unity_cooking/ROS2/install/ros_tcp_endpoint/share/ros_tcp_endpoint/cmake/ament_cmake_export_targets-extras.cmake
-- Up-to-date symlink: /home/jeni/Cook_subgoal_test/unity_cooking/ROS2/install/ros_tcp_endpoint/share/ros_tcp_endpoint/cmake/rosidl_cmake_export_typesupport_targets-extras.cmake
-- Up-to-date symlink: /home/jeni/Cook_subgoal_test/unity_cooking/ROS2/install/ros_tcp_endpoint/share/ros_tcp_endpoint/cmake/rosidl_cmake_export_typesupport_libraries-extras.cmake
-- Up-to-date symlink: /home/jeni/Cook_subgoal_test/unity_cooking/ROS2/install/ros_tcp_endpoint/share/ros_tcp_endpoint/cmake/ros_tcp_endpointConfig.cmake
-- Up-to-date symlink: /home/jeni/Cook_subgoal_test/unity_cooking/ROS2/install/ros_tcp_endpoint/share/ros_tcp_endpoint/cmake/ros_tcp_endpointConfig-version.cmake
-- Up-to-date symlink: /home/jeni/Cook_subgoal_test/unity_cooking/ROS2/install/ros_tcp_endpoint/share/ros_tcp_endpoint/package.xml
-- Up-to-date: /home/jeni/Cook_subgoal_test/unity_cooking/ROS2/install/ros_tcp_endpoint/lib/libros_tcp_endpoint__rosidl_generator_c.so
-- Up-to-date: /home/jeni/Cook_subgoal_test/unity_cooking/ROS2/install/ros_tcp_endpoint/lib/libros_tcp_endpoint__rosidl_typesupport_fastrtps_c.so
-- Up-to-date: /home/jeni/Cook_subgoal_test/unity_cooking/ROS2/install/ros_tcp_endpoint/lib/libros_tcp_endpoint__rosidl_typesupport_fastrtps_cpp.so
-- Up-to-date: /home/jeni/Cook_subgoal_test/unity_cooking/ROS2/install/ros_tcp_endpoint/lib/libros_tcp_endpoint__rosidl_typesupport_introspection_c.so
-- Up-to-date: /home/jeni/Cook_subgoal_test/unity_cooking/ROS2/install/ros_tcp_endpoint/lib/libros_tcp_endpoint__rosidl_typesupport_c.so
-- Up-to-date: /home/jeni/Cook_subgoal_test/unity_cooking/ROS2/install/ros_tcp_endpoint/lib/libros_tcp_endpoint__rosidl_typesupport_introspection_cpp.so
-- Up-to-date: /home/jeni/Cook_subgoal_test/unity_cooking/ROS2/install/ros_tcp_endpoint/lib/libros_tcp_endpoint__rosidl_typesupport_cpp.so
Listing '/home/jeni/Cook_subgoal_test/unity_cooking/ROS2/install/ros_tcp_endpoint/local/lib/python3.10/dist-packages/ros_tcp_endpoint'...
Listing '/home/jeni/Cook_subgoal_test/unity_cooking/ROS2/install/ros_tcp_endpoint/local/lib/python3.10/dist-packages/ros_tcp_endpoint/msg'...
Listing '/home/jeni/Cook_subgoal_test/unity_cooking/ROS2/install/ros_tcp_endpoint/local/lib/python3.10/dist-packages/ros_tcp_endpoint/srv'...
-- Up-to-date: /home/jeni/Cook_subgoal_test/unity_cooking/ROS2/install/ros_tcp_endpoint/lib/libros_tcp_endpoint__rosidl_generator_py.so
-- Up-to-date: /home/jeni/Cook_subgoal_test/unity_cooking/ROS2/install/ros_tcp_endpoint/share/ros_tcp_endpoint/cmake/export_ros_tcp_endpoint__rosidl_generator_cExport.cmake
-- Up-to-date: /home/jeni/Cook_subgoal_test/unity_cooking/ROS2/install/ros_tcp_endpoint/share/ros_tcp_endpoint/cmake/export_ros_tcp_endpoint__rosidl_generator_cExport-noconfig.cmake
-- Up-to-date: /home/jeni/Cook_subgoal_test/unity_cooking/ROS2/install/ros_tcp_endpoint/share/ros_tcp_endpoint/cmake/export_ros_tcp_endpoint__rosidl_typesupport_fastrtps_cExport.cmake
-- Up-to-date: /home/jeni/Cook_subgoal_test/unity_cooking/ROS2/install/ros_tcp_endpoint/share/ros_tcp_endpoint/cmake/export_ros_tcp_endpoint__rosidl_typesupport_fastrtps_cExport-noconfig.cmake
-- Up-to-date: /home/jeni/Cook_subgoal_test/unity_cooking/ROS2/install/ros_tcp_endpoint/share/ros_tcp_endpoint/cmake/export_ros_tcp_endpoint__rosidl_generator_cppExport.cmake
-- Up-to-date: /home/jeni/Cook_subgoal_test/unity_cooking/ROS2/install/ros_tcp_endpoint/share/ros_tcp_endpoint/cmake/export_ros_tcp_endpoint__rosidl_typesupport_fastrtps_cppExport.cmake
-- Up-to-date: /home/jeni/Cook_subgoal_test/unity_cooking/ROS2/install/ros_tcp_endpoint/share/ros_tcp_endpoint/cmake/export_ros_tcp_endpoint__rosidl_typesupport_fastrtps_cppExport-noconfig.cmake
-- Up-to-date: /home/jeni/Cook_subgoal_test/unity_cooking/ROS2/install/ros_tcp_endpoint/share/ros_tcp_endpoint/cmake/ros_tcp_endpoint__rosidl_typesupport_introspection_cExport.cmake
-- Up-to-date: /home/jeni/Cook_subgoal_test/unity_cooking/ROS2/install/ros_tcp_endpoint/share/ros_tcp_endpoint/cmake/ros_tcp_endpoint__rosidl_typesupport_introspection_cExport-noconfig.cmake
-- Up-to-date: /home/jeni/Cook_subgoal_test/unity_cooking/ROS2/install/ros_tcp_endpoint/share/ros_tcp_endpoint/cmake/ros_tcp_endpoint__rosidl_typesupport_cExport.cmake
-- Up-to-date: /home/jeni/Cook_subgoal_test/unity_cooking/ROS2/install/ros_tcp_endpoint/share/ros_tcp_endpoint/cmake/ros_tcp_endpoint__rosidl_typesupport_cExport-noconfig.cmake
-- Up-to-date: /home/jeni/Cook_subgoal_test/unity_cooking/ROS2/install/ros_tcp_endpoint/share/ros_tcp_endpoint/cmake/ros_tcp_endpoint__rosidl_typesupport_introspection_cppExport.cmake
-- Up-to-date: /home/jeni/Cook_subgoal_test/unity_cooking/ROS2/install/ros_tcp_endpoint/share/ros_tcp_endpoint/cmake/ros_tcp_endpoint__rosidl_typesupport_introspection_cppExport-noconfig.cmake
-- Up-to-date: /home/jeni/Cook_subgoal_test/unity_cooking/ROS2/install/ros_tcp_endpoint/share/ros_tcp_endpoint/cmake/ros_tcp_endpoint__rosidl_typesupport_cppExport.cmake
-- Up-to-date: /home/jeni/Cook_subgoal_test/unity_cooking/ROS2/install/ros_tcp_endpoint/share/ros_tcp_endpoint/cmake/ros_tcp_endpoint__rosidl_typesupport_cppExport-noconfig.cmake
-- Up-to-date: /home/jeni/Cook_subgoal_test/unity_cooking/ROS2/install/ros_tcp_endpoint/share/ros_tcp_endpoint/cmake/export_ros_tcp_endpoint__rosidl_generator_pyExport.cmake
-- Up-to-date: /home/jeni/Cook_subgoal_test/unity_cooking/ROS2/install/ros_tcp_endpoint/share/ros_tcp_endpoint/cmake/export_ros_tcp_endpoint__rosidl_generator_pyExport-noconfig.cmake
