[0.004s] Invoking command in '/home/jeni/Cook_subgoal_test/unity_cooking/ROS2/build/ros_tcp_endpoint': CMAKE_PREFIX_PATH=${CMAKE_PREFIX_PATH}:/opt/ros/humble /usr/bin/cmake /home/jeni/Cook_subgoal_test/unity_cooking/ROS2/src/ros_tcp_endpoint -DAMENT_CMAKE_SYMLINK_INSTALL=1 -DCMAKE_INSTALL_PREFIX=/home/jeni/Cook_subgoal_test/unity_cooking/ROS2/install/ros_tcp_endpoint
[0.025s] -- The C compiler identification is GNU 11.4.0
[0.047s] -- The CXX compiler identification is GNU 11.4.0
[0.050s] -- Detecting C compiler ABI info
[0.078s] -- Detecting C compiler ABI info - done
[0.081s] -- Check for working C compiler: /usr/bin/cc - skipped
[0.081s] -- Detecting C compile features
[0.081s] -- Detecting C compile features - done
[0.082s] -- Detecting CXX compiler ABI info
[0.114s] -- Detecting CXX compiler ABI info - done
[0.119s] -- Check for working CXX compiler: /usr/bin/c++ - skipped
[0.119s] -- Detecting CXX compile features
[0.119s] -- Detecting CXX compile features - done
[0.121s] -- Found ament_cmake: 1.3.12 (/opt/ros/humble/share/ament_cmake/cmake)
[0.182s] -- Found Python3: /usr/bin/python3 (found version "3.10.12") found components: Interpreter 
[0.209s] -- Override CMake install command with custom implementation using symlinks instead of copying resources
[0.219s] -- Found rclpy: 3.3.17 (/opt/ros/humble/share/rclpy/cmake)
[0.219s] -- Found std_msgs: 4.9.0 (/opt/ros/humble/share/std_msgs/cmake)
[0.233s] -- Found rosidl_generator_c: 3.1.7 (/opt/ros/humble/share/rosidl_generator_c/cmake)
[0.235s] -- Found rosidl_adapter: 3.1.7 (/opt/ros/humble/share/rosidl_adapter/cmake)
[0.239s] -- Found rosidl_generator_cpp: 3.1.7 (/opt/ros/humble/share/rosidl_generator_cpp/cmake)
[0.243s] -- Using all available rosidl_typesupport_c: rosidl_typesupport_fastrtps_c;rosidl_typesupport_introspection_c
[0.249s] -- Using all available rosidl_typesupport_cpp: rosidl_typesupport_fastrtps_cpp;rosidl_typesupport_introspection_cpp
[0.259s] -- Found rosidl_default_generators: 1.2.0 (/opt/ros/humble/share/rosidl_default_generators/cmake)
[0.381s] -- Found ament_cmake_ros: 0.10.0 (/opt/ros/humble/share/ament_cmake_ros/cmake)
[0.534s] -- Using all available rosidl_typesupport_c: rosidl_typesupport_fastrtps_c;rosidl_typesupport_introspection_c
[0.594s] -- Using all available rosidl_typesupport_cpp: rosidl_typesupport_fastrtps_cpp;rosidl_typesupport_introspection_cpp
[0.604s] -- Found PythonInterp: /usr/bin/python3 (found suitable version "3.10.12", minimum required is "3.6") 
[0.605s] -- Found python_cmake_module: 0.10.0 (/opt/ros/humble/share/python_cmake_module/cmake)
[0.616s] -- Found PythonLibs: /usr/lib/x86_64-linux-gnu/libpython3.10.so (found suitable version "3.10.12", minimum required is "3.5") 
[0.616s] -- Using PYTHON_EXECUTABLE: /usr/bin/python3
[0.616s] -- Using PYTHON_INCLUDE_DIRS: /usr/include/python3.10
[0.616s] -- Using PYTHON_LIBRARIES: /usr/lib/x86_64-linux-gnu/libpython3.10.so
[0.627s] -- Found PythonExtra: .so  
[0.651s] -- Configuring done
[0.664s] -- Generating done
[0.668s] -- Build files have been written to: /home/jeni/Cook_subgoal_test/unity_cooking/ROS2/build/ros_tcp_endpoint
[0.672s] Invoked command in '/home/jeni/Cook_subgoal_test/unity_cooking/ROS2/build/ros_tcp_endpoint' returned '0': CMAKE_PREFIX_PATH=${CMAKE_PREFIX_PATH}:/opt/ros/humble /usr/bin/cmake /home/jeni/Cook_subgoal_test/unity_cooking/ROS2/src/ros_tcp_endpoint -DAMENT_CMAKE_SYMLINK_INSTALL=1 -DCMAKE_INSTALL_PREFIX=/home/jeni/Cook_subgoal_test/unity_cooking/ROS2/install/ros_tcp_endpoint
[0.673s] Invoking command in '/home/jeni/Cook_subgoal_test/unity_cooking/ROS2/build/ros_tcp_endpoint': CMAKE_PREFIX_PATH=${CMAKE_PREFIX_PATH}:/opt/ros/humble /usr/bin/cmake --build /home/jeni/Cook_subgoal_test/unity_cooking/ROS2/build/ros_tcp_endpoint -- -j16 -l16
[0.687s] [  1%] [34m[1mGenerating C code for ROS interfaces[0m
[0.691s] [  3%] [34m[1mGenerating C++ code for ROS interfaces[0m
[0.693s] [  3%] Built target ament_cmake_python_symlink_ros_tcp_endpoint
[0.797s] running egg_info
[0.797s] creating ros_tcp_endpoint.egg-info
[0.797s] writing ros_tcp_endpoint.egg-info/PKG-INFO
[0.797s] writing dependency_links to ros_tcp_endpoint.egg-info/dependency_links.txt
[0.797s] writing top-level names to ros_tcp_endpoint.egg-info/top_level.txt
[0.798s] writing manifest file 'ros_tcp_endpoint.egg-info/SOURCES.txt'
[0.798s] reading manifest file 'ros_tcp_endpoint.egg-info/SOURCES.txt'
[0.799s] writing manifest file 'ros_tcp_endpoint.egg-info/SOURCES.txt'
[0.812s] [  3%] Built target ament_cmake_python_build_ros_tcp_endpoint_egg
[0.854s] [  3%] Built target ros_tcp_endpoint__cpp
[0.858s] [  7%] [34m[1mGenerating C++ type support dispatch for ROS interfaces[0m
[0.858s] [  7%] [34m[1mGenerating C++ type support for eProsima Fast-RTPS[0m
[0.858s] [  9%] [34m[1mGenerating C++ introspection for ROS interfaces[0m
[0.861s] [ 12%] [32mBuilding C object CMakeFiles/ros_tcp_endpoint__rosidl_generator_c.dir/rosidl_generator_c/ros_tcp_endpoint/msg/detail/ros_unity_srv_message__functions.c.o[0m
[0.861s] [ 12%] [32mBuilding C object CMakeFiles/ros_tcp_endpoint__rosidl_generator_c.dir/rosidl_generator_c/ros_tcp_endpoint/msg/detail/ros_unity_error__functions.c.o[0m
[0.862s] [ 14%] [32mBuilding C object CMakeFiles/ros_tcp_endpoint__rosidl_generator_c.dir/rosidl_generator_c/ros_tcp_endpoint/msg/detail/ros_unity_sys_command__functions.c.o[0m
[0.862s] [ 16%] [32mBuilding C object CMakeFiles/ros_tcp_endpoint__rosidl_generator_c.dir/rosidl_generator_c/ros_tcp_endpoint/srv/detail/ros_unity_topic_list__functions.c.o[0m
[0.887s] [ 18%] [32m[1mLinking C shared library libros_tcp_endpoint__rosidl_generator_c.so[0m
[0.904s] [ 18%] Built target ros_tcp_endpoint__rosidl_generator_c
[0.909s] [ 23%] [34m[1mGenerating C type support dispatch for ROS interfaces[0m
[0.909s] [ 23%] [34m[1mGenerating C introspection for ROS interfaces[0m
[0.909s] [ 23%] [34m[1mGenerating C type support for eProsima Fast-RTPS[0m
[0.983s] [ 25%] [32mBuilding CXX object CMakeFiles/ros_tcp_endpoint__rosidl_typesupport_cpp.dir/rosidl_typesupport_cpp/ros_tcp_endpoint/msg/ros_unity_srv_message__type_support.cpp.o[0m
[0.983s] [ 27%] [32mBuilding CXX object CMakeFiles/ros_tcp_endpoint__rosidl_typesupport_cpp.dir/rosidl_typesupport_cpp/ros_tcp_endpoint/msg/ros_unity_sys_command__type_support.cpp.o[0m
[0.984s] [ 29%] [32mBuilding CXX object CMakeFiles/ros_tcp_endpoint__rosidl_typesupport_cpp.dir/rosidl_typesupport_cpp/ros_tcp_endpoint/msg/ros_unity_error__type_support.cpp.o[0m
[0.984s] [ 30%] [32mBuilding CXX object CMakeFiles/ros_tcp_endpoint__rosidl_typesupport_cpp.dir/rosidl_typesupport_cpp/ros_tcp_endpoint/srv/ros_unity_topic_list__type_support.cpp.o[0m
[1.010s] [ 32%] [32mBuilding CXX object CMakeFiles/ros_tcp_endpoint__rosidl_typesupport_introspection_cpp.dir/rosidl_typesupport_introspection_cpp/ros_tcp_endpoint/msg/detail/ros_unity_error__type_support.cpp.o[0m
[1.011s] [ 34%] [32mBuilding CXX object CMakeFiles/ros_tcp_endpoint__rosidl_typesupport_introspection_cpp.dir/rosidl_typesupport_introspection_cpp/ros_tcp_endpoint/msg/detail/ros_unity_srv_message__type_support.cpp.o[0m
[1.012s] [ 36%] [32mBuilding CXX object CMakeFiles/ros_tcp_endpoint__rosidl_typesupport_introspection_cpp.dir/rosidl_typesupport_introspection_cpp/ros_tcp_endpoint/msg/detail/ros_unity_sys_command__type_support.cpp.o[0m
[1.014s] [ 38%] [32mBuilding CXX object CMakeFiles/ros_tcp_endpoint__rosidl_typesupport_introspection_cpp.dir/rosidl_typesupport_introspection_cpp/ros_tcp_endpoint/srv/detail/ros_unity_topic_list__type_support.cpp.o[0m
[1.030s] [ 43%] [32mBuilding CXX object CMakeFiles/ros_tcp_endpoint__rosidl_typesupport_fastrtps_cpp.dir/rosidl_typesupport_fastrtps_cpp/ros_tcp_endpoint/msg/detail/dds_fastrtps/ros_unity_sys_command__type_support.cpp.o[0m
[1.030s] [ 43%] [32mBuilding CXX object CMakeFiles/ros_tcp_endpoint__rosidl_typesupport_fastrtps_cpp.dir/rosidl_typesupport_fastrtps_cpp/ros_tcp_endpoint/msg/detail/dds_fastrtps/ros_unity_srv_message__type_support.cpp.o[0m
[1.030s] [ 43%] [32mBuilding CXX object CMakeFiles/ros_tcp_endpoint__rosidl_typesupport_fastrtps_cpp.dir/rosidl_typesupport_fastrtps_cpp/ros_tcp_endpoint/msg/detail/dds_fastrtps/ros_unity_error__type_support.cpp.o[0m
[1.031s] [ 45%] [32mBuilding CXX object CMakeFiles/ros_tcp_endpoint__rosidl_typesupport_fastrtps_cpp.dir/rosidl_typesupport_fastrtps_cpp/ros_tcp_endpoint/srv/detail/dds_fastrtps/ros_unity_topic_list__type_support.cpp.o[0m
[1.063s] [ 47%] [32mBuilding CXX object CMakeFiles/ros_tcp_endpoint__rosidl_typesupport_c.dir/rosidl_typesupport_c/ros_tcp_endpoint/msg/ros_unity_error__type_support.cpp.o[0m
[1.074s] [ 49%] [32mBuilding CXX object CMakeFiles/ros_tcp_endpoint__rosidl_typesupport_c.dir/rosidl_typesupport_c/ros_tcp_endpoint/msg/ros_unity_srv_message__type_support.cpp.o[0m
[1.095s] [ 50%] [32mBuilding CXX object CMakeFiles/ros_tcp_endpoint__rosidl_typesupport_c.dir/rosidl_typesupport_c/ros_tcp_endpoint/msg/ros_unity_sys_command__type_support.cpp.o[0m
[1.131s] [ 52%] [32mBuilding CXX object CMakeFiles/ros_tcp_endpoint__rosidl_typesupport_c.dir/rosidl_typesupport_c/ros_tcp_endpoint/srv/ros_unity_topic_list__type_support.cpp.o[0m
[1.147s] [ 58%] [32m[1mLinking CXX shared library libros_tcp_endpoint__rosidl_typesupport_cpp.so[0m
[1.147s] [ 58%] [32mBuilding CXX object CMakeFiles/ros_tcp_endpoint__rosidl_typesupport_fastrtps_c.dir/rosidl_typesupport_fastrtps_c/ros_tcp_endpoint/msg/detail/ros_unity_error__type_support_c.cpp.o[0m
[1.148s] [ 58%] [32mBuilding CXX object CMakeFiles/ros_tcp_endpoint__rosidl_typesupport_fastrtps_c.dir/rosidl_typesupport_fastrtps_c/ros_tcp_endpoint/srv/detail/ros_unity_topic_list__type_support_c.cpp.o[0m
[1.148s] [ 60%] [32mBuilding CXX object CMakeFiles/ros_tcp_endpoint__rosidl_typesupport_fastrtps_c.dir/rosidl_typesupport_fastrtps_c/ros_tcp_endpoint/msg/detail/ros_unity_srv_message__type_support_c.cpp.o[0m
[1.148s] [ 61%] [32mBuilding CXX object CMakeFiles/ros_tcp_endpoint__rosidl_typesupport_fastrtps_c.dir/rosidl_typesupport_fastrtps_c/ros_tcp_endpoint/msg/detail/ros_unity_sys_command__type_support_c.cpp.o[0m
[1.153s] [ 63%] [32m[1mLinking CXX shared library libros_tcp_endpoint__rosidl_typesupport_c.so[0m
[1.162s] [ 65%] [32mBuilding C object CMakeFiles/ros_tcp_endpoint__rosidl_typesupport_introspection_c.dir/rosidl_typesupport_introspection_c/ros_tcp_endpoint/msg/detail/ros_unity_error__type_support.c.o[0m
[1.167s] [ 67%] [32mBuilding C object CMakeFiles/ros_tcp_endpoint__rosidl_typesupport_introspection_c.dir/rosidl_typesupport_introspection_c/ros_tcp_endpoint/msg/detail/ros_unity_srv_message__type_support.c.o[0m
[1.179s] [ 67%] Built target ros_tcp_endpoint__rosidl_typesupport_cpp
[1.186s] [ 70%] [32mBuilding C object CMakeFiles/ros_tcp_endpoint__rosidl_typesupport_introspection_c.dir/rosidl_typesupport_introspection_c/ros_tcp_endpoint/msg/detail/ros_unity_sys_command__type_support.c.o[0m
[1.190s] [ 70%] [32mBuilding C object CMakeFiles/ros_tcp_endpoint__rosidl_typesupport_introspection_c.dir/rosidl_typesupport_introspection_c/ros_tcp_endpoint/srv/detail/ros_unity_topic_list__type_support.c.o[0m
[1.192s] [ 70%] Built target ros_tcp_endpoint__rosidl_typesupport_c
[1.213s] [ 72%] [32m[1mLinking C shared library libros_tcp_endpoint__rosidl_typesupport_introspection_c.so[0m
[1.239s] [ 72%] Built target ros_tcp_endpoint__rosidl_typesupport_introspection_c
[1.269s] [ 74%] [32m[1mLinking CXX shared library libros_tcp_endpoint__rosidl_typesupport_introspection_cpp.so[0m
[1.302s] [ 76%] [32m[1mLinking CXX shared library libros_tcp_endpoint__rosidl_typesupport_fastrtps_cpp.so[0m
[1.303s] [ 76%] Built target ros_tcp_endpoint__rosidl_typesupport_introspection_cpp
[1.335s] [ 76%] Built target ros_tcp_endpoint__rosidl_typesupport_fastrtps_cpp
[1.345s] [ 78%] [32m[1mLinking CXX shared library libros_tcp_endpoint__rosidl_typesupport_fastrtps_c.so[0m
[1.375s] [ 78%] Built target ros_tcp_endpoint__rosidl_typesupport_fastrtps_c
[1.383s] [ 78%] Built target ros_tcp_endpoint
[1.391s] [ 80%] [34m[1mGenerating Python code for ROS interfaces[0m
[1.609s] [ 80%] Built target ros_tcp_endpoint__py
[1.616s] [ 85%] [32mBuilding C object CMakeFiles/ros_tcp_endpoint__rosidl_generator_py.dir/rosidl_generator_py/ros_tcp_endpoint/msg/_ros_unity_sys_command_s.c.o[0m
[1.616s] [ 85%] [32mBuilding C object CMakeFiles/ros_tcp_endpoint__rosidl_generator_py.dir/rosidl_generator_py/ros_tcp_endpoint/msg/_ros_unity_srv_message_s.c.o[0m
[1.616s] [ 85%] [32mBuilding C object CMakeFiles/ros_tcp_endpoint__rosidl_generator_py.dir/rosidl_generator_py/ros_tcp_endpoint/msg/_ros_unity_error_s.c.o[0m
[1.616s] [ 87%] [32mBuilding C object CMakeFiles/ros_tcp_endpoint__rosidl_generator_py.dir/rosidl_generator_py/ros_tcp_endpoint/srv/_ros_unity_topic_list_s.c.o[0m
[1.658s] [ 89%] [32m[1mLinking C shared library rosidl_generator_py/ros_tcp_endpoint/libros_tcp_endpoint__rosidl_generator_py.so[0m
[1.674s] [ 89%] Built target ros_tcp_endpoint__rosidl_generator_py
[1.681s] [ 92%] [32mBuilding C object CMakeFiles/ros_tcp_endpoint__rosidl_typesupport_introspection_c__pyext.dir/rosidl_generator_py/ros_tcp_endpoint/_ros_tcp_endpoint_s.ep.rosidl_typesupport_introspection_c.c.o[0m
[1.681s] [ 94%] [32mBuilding C object CMakeFiles/ros_tcp_endpoint__rosidl_typesupport_c__pyext.dir/rosidl_generator_py/ros_tcp_endpoint/_ros_tcp_endpoint_s.ep.rosidl_typesupport_c.c.o[0m
[1.681s] [ 94%] [32mBuilding C object CMakeFiles/ros_tcp_endpoint__rosidl_typesupport_fastrtps_c__pyext.dir/rosidl_generator_py/ros_tcp_endpoint/_ros_tcp_endpoint_s.ep.rosidl_typesupport_fastrtps_c.c.o[0m
[1.723s] [100%] [32m[1mLinking C shared library rosidl_generator_py/ros_tcp_endpoint/ros_tcp_endpoint_s__rosidl_typesupport_fastrtps_c.cpython-310-x86_64-linux-gnu.so[0m
[1.723s] [100%] [32m[1mLinking C shared library rosidl_generator_py/ros_tcp_endpoint/ros_tcp_endpoint_s__rosidl_typesupport_c.cpython-310-x86_64-linux-gnu.so[0m
[1.723s] [100%] [32m[1mLinking C shared library rosidl_generator_py/ros_tcp_endpoint/ros_tcp_endpoint_s__rosidl_typesupport_introspection_c.cpython-310-x86_64-linux-gnu.so[0m
[1.738s] [100%] Built target ros_tcp_endpoint__rosidl_typesupport_introspection_c__pyext
[1.738s] [100%] Built target ros_tcp_endpoint__rosidl_typesupport_fastrtps_c__pyext
[1.738s] [100%] Built target ros_tcp_endpoint__rosidl_typesupport_c__pyext
[1.743s] Invoked command in '/home/jeni/Cook_subgoal_test/unity_cooking/ROS2/build/ros_tcp_endpoint' returned '0': CMAKE_PREFIX_PATH=${CMAKE_PREFIX_PATH}:/opt/ros/humble /usr/bin/cmake --build /home/jeni/Cook_subgoal_test/unity_cooking/ROS2/build/ros_tcp_endpoint -- -j16 -l16
[1.744s] Invoking command in '/home/jeni/Cook_subgoal_test/unity_cooking/ROS2/build/ros_tcp_endpoint': CMAKE_PREFIX_PATH=${CMAKE_PREFIX_PATH}:/opt/ros/humble /usr/bin/cmake --install /home/jeni/Cook_subgoal_test/unity_cooking/ROS2/build/ros_tcp_endpoint
[1.746s] -- Install configuration: ""
[1.747s] -- Execute custom install script
[1.747s] -- Symlinking: /home/jeni/Cook_subgoal_test/unity_cooking/ROS2/install/ros_tcp_endpoint/share/ament_index/resource_index/rosidl_interfaces/ros_tcp_endpoint
[1.750s] -- Symlinking: /home/jeni/Cook_subgoal_test/unity_cooking/ROS2/install/ros_tcp_endpoint/include/ros_tcp_endpoint/ros_tcp_endpoint/msg/detail/ros_unity_error__functions.h
[1.753s] -- Symlinking: /home/jeni/Cook_subgoal_test/unity_cooking/ROS2/install/ros_tcp_endpoint/include/ros_tcp_endpoint/ros_tcp_endpoint/msg/detail/ros_unity_error__struct.h
[1.756s] -- Symlinking: /home/jeni/Cook_subgoal_test/unity_cooking/ROS2/install/ros_tcp_endpoint/include/ros_tcp_endpoint/ros_tcp_endpoint/msg/detail/ros_unity_error__type_support.h
[1.759s] -- Symlinking: /home/jeni/Cook_subgoal_test/unity_cooking/ROS2/install/ros_tcp_endpoint/include/ros_tcp_endpoint/ros_tcp_endpoint/msg/detail/ros_unity_srv_message__functions.h
[1.761s] -- Symlinking: /home/jeni/Cook_subgoal_test/unity_cooking/ROS2/install/ros_tcp_endpoint/include/ros_tcp_endpoint/ros_tcp_endpoint/msg/detail/ros_unity_srv_message__struct.h
[1.764s] -- Symlinking: /home/jeni/Cook_subgoal_test/unity_cooking/ROS2/install/ros_tcp_endpoint/include/ros_tcp_endpoint/ros_tcp_endpoint/msg/detail/ros_unity_srv_message__type_support.h
[1.767s] -- Symlinking: /home/jeni/Cook_subgoal_test/unity_cooking/ROS2/install/ros_tcp_endpoint/include/ros_tcp_endpoint/ros_tcp_endpoint/msg/detail/ros_unity_sys_command__functions.h
[1.770s] -- Symlinking: /home/jeni/Cook_subgoal_test/unity_cooking/ROS2/install/ros_tcp_endpoint/include/ros_tcp_endpoint/ros_tcp_endpoint/msg/detail/ros_unity_sys_command__struct.h
[1.772s] -- Symlinking: /home/jeni/Cook_subgoal_test/unity_cooking/ROS2/install/ros_tcp_endpoint/include/ros_tcp_endpoint/ros_tcp_endpoint/msg/detail/ros_unity_sys_command__type_support.h
[1.775s] -- Symlinking: /home/jeni/Cook_subgoal_test/unity_cooking/ROS2/install/ros_tcp_endpoint/include/ros_tcp_endpoint/ros_tcp_endpoint/msg/ros_unity_error.h
[1.778s] -- Symlinking: /home/jeni/Cook_subgoal_test/unity_cooking/ROS2/install/ros_tcp_endpoint/include/ros_tcp_endpoint/ros_tcp_endpoint/msg/ros_unity_srv_message.h
[1.780s] -- Symlinking: /home/jeni/Cook_subgoal_test/unity_cooking/ROS2/install/ros_tcp_endpoint/include/ros_tcp_endpoint/ros_tcp_endpoint/msg/ros_unity_sys_command.h
[1.783s] -- Symlinking: /home/jeni/Cook_subgoal_test/unity_cooking/ROS2/install/ros_tcp_endpoint/include/ros_tcp_endpoint/ros_tcp_endpoint/msg/rosidl_generator_c__visibility_control.h
[1.786s] -- Symlinking: /home/jeni/Cook_subgoal_test/unity_cooking/ROS2/install/ros_tcp_endpoint/include/ros_tcp_endpoint/ros_tcp_endpoint/srv/detail/ros_unity_topic_list__functions.h
[1.788s] -- Symlinking: /home/jeni/Cook_subgoal_test/unity_cooking/ROS2/install/ros_tcp_endpoint/include/ros_tcp_endpoint/ros_tcp_endpoint/srv/detail/ros_unity_topic_list__struct.h
[1.791s] -- Symlinking: /home/jeni/Cook_subgoal_test/unity_cooking/ROS2/install/ros_tcp_endpoint/include/ros_tcp_endpoint/ros_tcp_endpoint/srv/detail/ros_unity_topic_list__type_support.h
[1.794s] -- Symlinking: /home/jeni/Cook_subgoal_test/unity_cooking/ROS2/install/ros_tcp_endpoint/include/ros_tcp_endpoint/ros_tcp_endpoint/srv/ros_unity_topic_list.h
[1.797s] -- Symlinking: /home/jeni/Cook_subgoal_test/unity_cooking/ROS2/install/ros_tcp_endpoint/share/ros_tcp_endpoint/environment/library_path.sh
[1.800s] -- Symlinking: /home/jeni/Cook_subgoal_test/unity_cooking/ROS2/install/ros_tcp_endpoint/share/ros_tcp_endpoint/environment/library_path.dsv
[1.803s] -- Symlinking: /home/jeni/Cook_subgoal_test/unity_cooking/ROS2/install/ros_tcp_endpoint/include/ros_tcp_endpoint/ros_tcp_endpoint/msg/detail/ros_unity_error__rosidl_typesupport_fastrtps_c.h
[1.806s] -- Symlinking: /home/jeni/Cook_subgoal_test/unity_cooking/ROS2/install/ros_tcp_endpoint/include/ros_tcp_endpoint/ros_tcp_endpoint/msg/detail/ros_unity_srv_message__rosidl_typesupport_fastrtps_c.h
[1.808s] -- Symlinking: /home/jeni/Cook_subgoal_test/unity_cooking/ROS2/install/ros_tcp_endpoint/include/ros_tcp_endpoint/ros_tcp_endpoint/msg/detail/ros_unity_sys_command__rosidl_typesupport_fastrtps_c.h
[1.812s] -- Symlinking: /home/jeni/Cook_subgoal_test/unity_cooking/ROS2/install/ros_tcp_endpoint/include/ros_tcp_endpoint/ros_tcp_endpoint/msg/rosidl_typesupport_fastrtps_c__visibility_control.h
[1.816s] -- Symlinking: /home/jeni/Cook_subgoal_test/unity_cooking/ROS2/install/ros_tcp_endpoint/include/ros_tcp_endpoint/ros_tcp_endpoint/srv/detail/ros_unity_topic_list__rosidl_typesupport_fastrtps_c.h
[1.819s] -- Symlinking: /home/jeni/Cook_subgoal_test/unity_cooking/ROS2/install/ros_tcp_endpoint/include/ros_tcp_endpoint/ros_tcp_endpoint/msg/detail/ros_unity_error__builder.hpp
[1.822s] -- Symlinking: /home/jeni/Cook_subgoal_test/unity_cooking/ROS2/install/ros_tcp_endpoint/include/ros_tcp_endpoint/ros_tcp_endpoint/msg/detail/ros_unity_error__struct.hpp
[1.825s] -- Symlinking: /home/jeni/Cook_subgoal_test/unity_cooking/ROS2/install/ros_tcp_endpoint/include/ros_tcp_endpoint/ros_tcp_endpoint/msg/detail/ros_unity_error__traits.hpp
[1.828s] -- Symlinking: /home/jeni/Cook_subgoal_test/unity_cooking/ROS2/install/ros_tcp_endpoint/include/ros_tcp_endpoint/ros_tcp_endpoint/msg/detail/ros_unity_error__type_support.hpp
[1.831s] -- Symlinking: /home/jeni/Cook_subgoal_test/unity_cooking/ROS2/install/ros_tcp_endpoint/include/ros_tcp_endpoint/ros_tcp_endpoint/msg/detail/ros_unity_srv_message__builder.hpp
[1.834s] -- Symlinking: /home/jeni/Cook_subgoal_test/unity_cooking/ROS2/install/ros_tcp_endpoint/include/ros_tcp_endpoint/ros_tcp_endpoint/msg/detail/ros_unity_srv_message__struct.hpp
[1.837s] -- Symlinking: /home/jeni/Cook_subgoal_test/unity_cooking/ROS2/install/ros_tcp_endpoint/include/ros_tcp_endpoint/ros_tcp_endpoint/msg/detail/ros_unity_srv_message__traits.hpp
[1.840s] -- Symlinking: /home/jeni/Cook_subgoal_test/unity_cooking/ROS2/install/ros_tcp_endpoint/include/ros_tcp_endpoint/ros_tcp_endpoint/msg/detail/ros_unity_srv_message__type_support.hpp
[1.842s] -- Symlinking: /home/jeni/Cook_subgoal_test/unity_cooking/ROS2/install/ros_tcp_endpoint/include/ros_tcp_endpoint/ros_tcp_endpoint/msg/detail/ros_unity_sys_command__builder.hpp
[1.845s] -- Symlinking: /home/jeni/Cook_subgoal_test/unity_cooking/ROS2/install/ros_tcp_endpoint/include/ros_tcp_endpoint/ros_tcp_endpoint/msg/detail/ros_unity_sys_command__struct.hpp
[1.848s] -- Symlinking: /home/jeni/Cook_subgoal_test/unity_cooking/ROS2/install/ros_tcp_endpoint/include/ros_tcp_endpoint/ros_tcp_endpoint/msg/detail/ros_unity_sys_command__traits.hpp
[1.851s] -- Symlinking: /home/jeni/Cook_subgoal_test/unity_cooking/ROS2/install/ros_tcp_endpoint/include/ros_tcp_endpoint/ros_tcp_endpoint/msg/detail/ros_unity_sys_command__type_support.hpp
[1.853s] -- Symlinking: /home/jeni/Cook_subgoal_test/unity_cooking/ROS2/install/ros_tcp_endpoint/include/ros_tcp_endpoint/ros_tcp_endpoint/msg/ros_unity_error.hpp
[1.856s] -- Symlinking: /home/jeni/Cook_subgoal_test/unity_cooking/ROS2/install/ros_tcp_endpoint/include/ros_tcp_endpoint/ros_tcp_endpoint/msg/ros_unity_srv_message.hpp
[1.859s] -- Symlinking: /home/jeni/Cook_subgoal_test/unity_cooking/ROS2/install/ros_tcp_endpoint/include/ros_tcp_endpoint/ros_tcp_endpoint/msg/ros_unity_sys_command.hpp
[1.862s] -- Symlinking: /home/jeni/Cook_subgoal_test/unity_cooking/ROS2/install/ros_tcp_endpoint/include/ros_tcp_endpoint/ros_tcp_endpoint/msg/rosidl_generator_cpp__visibility_control.hpp
[1.864s] -- Symlinking: /home/jeni/Cook_subgoal_test/unity_cooking/ROS2/install/ros_tcp_endpoint/include/ros_tcp_endpoint/ros_tcp_endpoint/srv/detail/ros_unity_topic_list__builder.hpp
[1.867s] -- Symlinking: /home/jeni/Cook_subgoal_test/unity_cooking/ROS2/install/ros_tcp_endpoint/include/ros_tcp_endpoint/ros_tcp_endpoint/srv/detail/ros_unity_topic_list__struct.hpp
[1.870s] -- Symlinking: /home/jeni/Cook_subgoal_test/unity_cooking/ROS2/install/ros_tcp_endpoint/include/ros_tcp_endpoint/ros_tcp_endpoint/srv/detail/ros_unity_topic_list__traits.hpp
[1.872s] -- Symlinking: /home/jeni/Cook_subgoal_test/unity_cooking/ROS2/install/ros_tcp_endpoint/include/ros_tcp_endpoint/ros_tcp_endpoint/srv/detail/ros_unity_topic_list__type_support.hpp
[1.875s] -- Symlinking: /home/jeni/Cook_subgoal_test/unity_cooking/ROS2/install/ros_tcp_endpoint/include/ros_tcp_endpoint/ros_tcp_endpoint/srv/ros_unity_topic_list.hpp
[1.878s] -- Symlinking: /home/jeni/Cook_subgoal_test/unity_cooking/ROS2/install/ros_tcp_endpoint/include/ros_tcp_endpoint/ros_tcp_endpoint/msg/detail/ros_unity_error__rosidl_typesupport_fastrtps_cpp.hpp
[1.881s] -- Symlinking: /home/jeni/Cook_subgoal_test/unity_cooking/ROS2/install/ros_tcp_endpoint/include/ros_tcp_endpoint/ros_tcp_endpoint/msg/detail/ros_unity_srv_message__rosidl_typesupport_fastrtps_cpp.hpp
[1.884s] -- Symlinking: /home/jeni/Cook_subgoal_test/unity_cooking/ROS2/install/ros_tcp_endpoint/include/ros_tcp_endpoint/ros_tcp_endpoint/msg/detail/ros_unity_sys_command__rosidl_typesupport_fastrtps_cpp.hpp
[1.886s] -- Symlinking: /home/jeni/Cook_subgoal_test/unity_cooking/ROS2/install/ros_tcp_endpoint/include/ros_tcp_endpoint/ros_tcp_endpoint/msg/rosidl_typesupport_fastrtps_cpp__visibility_control.h
[1.890s] -- Symlinking: /home/jeni/Cook_subgoal_test/unity_cooking/ROS2/install/ros_tcp_endpoint/include/ros_tcp_endpoint/ros_tcp_endpoint/srv/detail/ros_unity_topic_list__rosidl_typesupport_fastrtps_cpp.hpp
[1.893s] -- Symlinking: /home/jeni/Cook_subgoal_test/unity_cooking/ROS2/install/ros_tcp_endpoint/include/ros_tcp_endpoint/ros_tcp_endpoint/msg/detail/ros_unity_error__rosidl_typesupport_introspection_c.h
[1.896s] -- Symlinking: /home/jeni/Cook_subgoal_test/unity_cooking/ROS2/install/ros_tcp_endpoint/include/ros_tcp_endpoint/ros_tcp_endpoint/msg/detail/ros_unity_srv_message__rosidl_typesupport_introspection_c.h
[1.899s] -- Symlinking: /home/jeni/Cook_subgoal_test/unity_cooking/ROS2/install/ros_tcp_endpoint/include/ros_tcp_endpoint/ros_tcp_endpoint/msg/detail/ros_unity_sys_command__rosidl_typesupport_introspection_c.h
[1.902s] -- Symlinking: /home/jeni/Cook_subgoal_test/unity_cooking/ROS2/install/ros_tcp_endpoint/include/ros_tcp_endpoint/ros_tcp_endpoint/msg/rosidl_typesupport_introspection_c__visibility_control.h
[1.905s] -- Symlinking: /home/jeni/Cook_subgoal_test/unity_cooking/ROS2/install/ros_tcp_endpoint/include/ros_tcp_endpoint/ros_tcp_endpoint/srv/detail/ros_unity_topic_list__rosidl_typesupport_introspection_c.h
[1.908s] -- Symlinking: /home/jeni/Cook_subgoal_test/unity_cooking/ROS2/install/ros_tcp_endpoint/include/ros_tcp_endpoint/ros_tcp_endpoint/msg/detail/ros_unity_error__rosidl_typesupport_introspection_cpp.hpp
[1.911s] -- Symlinking: /home/jeni/Cook_subgoal_test/unity_cooking/ROS2/install/ros_tcp_endpoint/include/ros_tcp_endpoint/ros_tcp_endpoint/msg/detail/ros_unity_srv_message__rosidl_typesupport_introspection_cpp.hpp
[1.914s] -- Symlinking: /home/jeni/Cook_subgoal_test/unity_cooking/ROS2/install/ros_tcp_endpoint/include/ros_tcp_endpoint/ros_tcp_endpoint/msg/detail/ros_unity_sys_command__rosidl_typesupport_introspection_cpp.hpp
[1.916s] -- Symlinking: /home/jeni/Cook_subgoal_test/unity_cooking/ROS2/install/ros_tcp_endpoint/include/ros_tcp_endpoint/ros_tcp_endpoint/srv/detail/ros_unity_topic_list__rosidl_typesupport_introspection_cpp.hpp
[1.919s] -- Symlinking: /home/jeni/Cook_subgoal_test/unity_cooking/ROS2/install/ros_tcp_endpoint/share/ros_tcp_endpoint/environment/pythonpath.sh
[1.922s] -- Symlinking: /home/jeni/Cook_subgoal_test/unity_cooking/ROS2/install/ros_tcp_endpoint/share/ros_tcp_endpoint/environment/pythonpath.dsv
[1.925s] -- Symlinking: /home/jeni/Cook_subgoal_test/unity_cooking/ROS2/install/ros_tcp_endpoint/local/lib/python3.10/dist-packages/ros_tcp_endpoint-0.4.0-py3.10.egg-info/PKG-INFO
[1.928s] -- Symlinking: /home/jeni/Cook_subgoal_test/unity_cooking/ROS2/install/ros_tcp_endpoint/local/lib/python3.10/dist-packages/ros_tcp_endpoint-0.4.0-py3.10.egg-info/SOURCES.txt
[1.930s] -- Symlinking: /home/jeni/Cook_subgoal_test/unity_cooking/ROS2/install/ros_tcp_endpoint/local/lib/python3.10/dist-packages/ros_tcp_endpoint-0.4.0-py3.10.egg-info/dependency_links.txt
[1.933s] -- Symlinking: /home/jeni/Cook_subgoal_test/unity_cooking/ROS2/install/ros_tcp_endpoint/local/lib/python3.10/dist-packages/ros_tcp_endpoint-0.4.0-py3.10.egg-info/top_level.txt
[1.936s] -- Symlinking: /home/jeni/Cook_subgoal_test/unity_cooking/ROS2/install/ros_tcp_endpoint/local/lib/python3.10/dist-packages/ros_tcp_endpoint/__init__.py
[1.939s] -- Symlinking: /home/jeni/Cook_subgoal_test/unity_cooking/ROS2/install/ros_tcp_endpoint/local/lib/python3.10/dist-packages/ros_tcp_endpoint/_ros_tcp_endpoint_s.ep.rosidl_typesupport_c.c
[1.942s] -- Symlinking: /home/jeni/Cook_subgoal_test/unity_cooking/ROS2/install/ros_tcp_endpoint/local/lib/python3.10/dist-packages/ros_tcp_endpoint/_ros_tcp_endpoint_s.ep.rosidl_typesupport_fastrtps_c.c
[1.944s] -- Symlinking: /home/jeni/Cook_subgoal_test/unity_cooking/ROS2/install/ros_tcp_endpoint/local/lib/python3.10/dist-packages/ros_tcp_endpoint/_ros_tcp_endpoint_s.ep.rosidl_typesupport_introspection_c.c
[1.947s] -- Symlinking: /home/jeni/Cook_subgoal_test/unity_cooking/ROS2/install/ros_tcp_endpoint/local/lib/python3.10/dist-packages/ros_tcp_endpoint/libros_tcp_endpoint__rosidl_generator_py.so
[1.950s] -- Symlinking: /home/jeni/Cook_subgoal_test/unity_cooking/ROS2/install/ros_tcp_endpoint/local/lib/python3.10/dist-packages/ros_tcp_endpoint/msg/__init__.py
[1.953s] -- Symlinking: /home/jeni/Cook_subgoal_test/unity_cooking/ROS2/install/ros_tcp_endpoint/local/lib/python3.10/dist-packages/ros_tcp_endpoint/msg/_ros_unity_error.py
[1.956s] -- Symlinking: /home/jeni/Cook_subgoal_test/unity_cooking/ROS2/install/ros_tcp_endpoint/local/lib/python3.10/dist-packages/ros_tcp_endpoint/msg/_ros_unity_error_s.c
[1.958s] -- Symlinking: /home/jeni/Cook_subgoal_test/unity_cooking/ROS2/install/ros_tcp_endpoint/local/lib/python3.10/dist-packages/ros_tcp_endpoint/msg/_ros_unity_srv_message.py
[1.961s] -- Symlinking: /home/jeni/Cook_subgoal_test/unity_cooking/ROS2/install/ros_tcp_endpoint/local/lib/python3.10/dist-packages/ros_tcp_endpoint/msg/_ros_unity_srv_message_s.c
[1.964s] -- Symlinking: /home/jeni/Cook_subgoal_test/unity_cooking/ROS2/install/ros_tcp_endpoint/local/lib/python3.10/dist-packages/ros_tcp_endpoint/msg/_ros_unity_sys_command.py
[1.967s] -- Symlinking: /home/jeni/Cook_subgoal_test/unity_cooking/ROS2/install/ros_tcp_endpoint/local/lib/python3.10/dist-packages/ros_tcp_endpoint/msg/_ros_unity_sys_command_s.c
[1.970s] -- Symlinking: /home/jeni/Cook_subgoal_test/unity_cooking/ROS2/install/ros_tcp_endpoint/local/lib/python3.10/dist-packages/ros_tcp_endpoint/ros_tcp_endpoint_s__rosidl_typesupport_c.cpython-310-x86_64-linux-gnu.so
[1.973s] -- Symlinking: /home/jeni/Cook_subgoal_test/unity_cooking/ROS2/install/ros_tcp_endpoint/local/lib/python3.10/dist-packages/ros_tcp_endpoint/ros_tcp_endpoint_s__rosidl_typesupport_fastrtps_c.cpython-310-x86_64-linux-gnu.so
[1.976s] -- Symlinking: /home/jeni/Cook_subgoal_test/unity_cooking/ROS2/install/ros_tcp_endpoint/local/lib/python3.10/dist-packages/ros_tcp_endpoint/ros_tcp_endpoint_s__rosidl_typesupport_introspection_c.cpython-310-x86_64-linux-gnu.so
[1.979s] -- Symlinking: /home/jeni/Cook_subgoal_test/unity_cooking/ROS2/install/ros_tcp_endpoint/local/lib/python3.10/dist-packages/ros_tcp_endpoint/srv/__init__.py
[1.982s] -- Symlinking: /home/jeni/Cook_subgoal_test/unity_cooking/ROS2/install/ros_tcp_endpoint/local/lib/python3.10/dist-packages/ros_tcp_endpoint/srv/_ros_unity_topic_list.py
[1.985s] -- Symlinking: /home/jeni/Cook_subgoal_test/unity_cooking/ROS2/install/ros_tcp_endpoint/local/lib/python3.10/dist-packages/ros_tcp_endpoint/srv/_ros_unity_topic_list_s.c
[1.988s] -- Up-to-date symlink: /home/jeni/Cook_subgoal_test/unity_cooking/ROS2/install/ros_tcp_endpoint/local/lib/python3.10/dist-packages/ros_tcp_endpoint/ros_tcp_endpoint_s__rosidl_typesupport_fastrtps_c.cpython-310-x86_64-linux-gnu.so
[1.988s] -- Up-to-date symlink: /home/jeni/Cook_subgoal_test/unity_cooking/ROS2/install/ros_tcp_endpoint/local/lib/python3.10/dist-packages/ros_tcp_endpoint/ros_tcp_endpoint_s__rosidl_typesupport_introspection_c.cpython-310-x86_64-linux-gnu.so
[1.988s] -- Up-to-date symlink: /home/jeni/Cook_subgoal_test/unity_cooking/ROS2/install/ros_tcp_endpoint/local/lib/python3.10/dist-packages/ros_tcp_endpoint/ros_tcp_endpoint_s__rosidl_typesupport_c.cpython-310-x86_64-linux-gnu.so
[1.988s] -- Symlinking: /home/jeni/Cook_subgoal_test/unity_cooking/ROS2/install/ros_tcp_endpoint/share/ros_tcp_endpoint/msg/RosUnityError.idl
[1.992s] -- Symlinking: /home/jeni/Cook_subgoal_test/unity_cooking/ROS2/install/ros_tcp_endpoint/share/ros_tcp_endpoint/msg/RosUnitySrvMessage.idl
[1.994s] -- Symlinking: /home/jeni/Cook_subgoal_test/unity_cooking/ROS2/install/ros_tcp_endpoint/share/ros_tcp_endpoint/msg/RosUnitySysCommand.idl
[1.997s] -- Symlinking: /home/jeni/Cook_subgoal_test/unity_cooking/ROS2/install/ros_tcp_endpoint/share/ros_tcp_endpoint/srv/RosUnityTopicList.idl
[2.000s] -- Symlinking: /home/jeni/Cook_subgoal_test/unity_cooking/ROS2/install/ros_tcp_endpoint/share/ros_tcp_endpoint/msg/RosUnityError.msg
[2.003s] -- Symlinking: /home/jeni/Cook_subgoal_test/unity_cooking/ROS2/install/ros_tcp_endpoint/share/ros_tcp_endpoint/msg/RosUnitySrvMessage.msg
[2.006s] -- Symlinking: /home/jeni/Cook_subgoal_test/unity_cooking/ROS2/install/ros_tcp_endpoint/share/ros_tcp_endpoint/msg/RosUnitySysCommand.msg
[2.009s] -- Symlinking: /home/jeni/Cook_subgoal_test/unity_cooking/ROS2/install/ros_tcp_endpoint/share/ros_tcp_endpoint/srv/RosUnityTopicList.srv
[2.012s] -- Symlinking: /home/jeni/Cook_subgoal_test/unity_cooking/ROS2/install/ros_tcp_endpoint/share/ros_tcp_endpoint/srv/RosUnityTopicList_Request.msg
[2.015s] -- Symlinking: /home/jeni/Cook_subgoal_test/unity_cooking/ROS2/install/ros_tcp_endpoint/share/ros_tcp_endpoint/srv/RosUnityTopicList_Response.msg
[2.018s] -- Symlinking: /home/jeni/Cook_subgoal_test/unity_cooking/ROS2/install/ros_tcp_endpoint/lib/ros_tcp_endpoint/.github/ISSUE_TEMPLATE/bug_report.md
[2.021s] -- Symlinking: /home/jeni/Cook_subgoal_test/unity_cooking/ROS2/install/ros_tcp_endpoint/lib/ros_tcp_endpoint/.github/ISSUE_TEMPLATE/config.yml
[2.023s] -- Symlinking: /home/jeni/Cook_subgoal_test/unity_cooking/ROS2/install/ros_tcp_endpoint/lib/ros_tcp_endpoint/.github/ISSUE_TEMPLATE/feature_request.md
[2.026s] -- Symlinking: /home/jeni/Cook_subgoal_test/unity_cooking/ROS2/install/ros_tcp_endpoint/lib/ros_tcp_endpoint/.github/PULL_REQUEST_TEMPLATE.md
[2.029s] -- Symlinking: /home/jeni/Cook_subgoal_test/unity_cooking/ROS2/install/ros_tcp_endpoint/lib/ros_tcp_endpoint/.github/workflows/pre-commit.yaml
[2.033s] -- Symlinking: /home/jeni/Cook_subgoal_test/unity_cooking/ROS2/install/ros_tcp_endpoint/lib/ros_tcp_endpoint/.gitignore
[2.036s] -- Symlinking: /home/jeni/Cook_subgoal_test/unity_cooking/ROS2/install/ros_tcp_endpoint/lib/ros_tcp_endpoint/.pre-commit-config.yaml
[2.039s] -- Symlinking: /home/jeni/Cook_subgoal_test/unity_cooking/ROS2/install/ros_tcp_endpoint/lib/ros_tcp_endpoint/.yamato/yamato-config.yml
[2.042s] -- Symlinking: /home/jeni/Cook_subgoal_test/unity_cooking/ROS2/install/ros_tcp_endpoint/lib/ros_tcp_endpoint/CHANGELOG.md
[2.044s] -- Symlinking: /home/jeni/Cook_subgoal_test/unity_cooking/ROS2/install/ros_tcp_endpoint/lib/ros_tcp_endpoint/CMakeLists.txt
[2.047s] -- Symlinking: /home/jeni/Cook_subgoal_test/unity_cooking/ROS2/install/ros_tcp_endpoint/lib/ros_tcp_endpoint/CODE_OF_CONDUCT.md
[2.050s] -- Symlinking: /home/jeni/Cook_subgoal_test/unity_cooking/ROS2/install/ros_tcp_endpoint/lib/ros_tcp_endpoint/CONTRIBUTING.md
[2.053s] -- Symlinking: /home/jeni/Cook_subgoal_test/unity_cooking/ROS2/install/ros_tcp_endpoint/lib/ros_tcp_endpoint/LICENSE
[2.056s] -- Symlinking: /home/jeni/Cook_subgoal_test/unity_cooking/ROS2/install/ros_tcp_endpoint/lib/ros_tcp_endpoint/README.md
[2.059s] -- Symlinking: /home/jeni/Cook_subgoal_test/unity_cooking/ROS2/install/ros_tcp_endpoint/lib/ros_tcp_endpoint/config/params.yaml
[2.062s] -- Symlinking: /home/jeni/Cook_subgoal_test/unity_cooking/ROS2/install/ros_tcp_endpoint/lib/ros_tcp_endpoint/launch/endpoint.launch
[2.064s] -- Symlinking: /home/jeni/Cook_subgoal_test/unity_cooking/ROS2/install/ros_tcp_endpoint/lib/ros_tcp_endpoint/msg/RosUnityError.msg
[2.067s] -- Symlinking: /home/jeni/Cook_subgoal_test/unity_cooking/ROS2/install/ros_tcp_endpoint/lib/ros_tcp_endpoint/msg/RosUnitySrvMessage.msg
[2.070s] -- Symlinking: /home/jeni/Cook_subgoal_test/unity_cooking/ROS2/install/ros_tcp_endpoint/lib/ros_tcp_endpoint/msg/RosUnitySysCommand.msg
[2.072s] -- Symlinking: /home/jeni/Cook_subgoal_test/unity_cooking/ROS2/install/ros_tcp_endpoint/lib/ros_tcp_endpoint/package.xml
[2.075s] -- Symlinking: /home/jeni/Cook_subgoal_test/unity_cooking/ROS2/install/ros_tcp_endpoint/lib/ros_tcp_endpoint/requirements.txt
[2.078s] -- Symlinking: /home/jeni/Cook_subgoal_test/unity_cooking/ROS2/install/ros_tcp_endpoint/lib/ros_tcp_endpoint/setup.py
[2.080s] -- Symlinking: /home/jeni/Cook_subgoal_test/unity_cooking/ROS2/install/ros_tcp_endpoint/lib/ros_tcp_endpoint/src/ros_tcp_endpoint/__init__.py
[2.083s] -- Symlinking: /home/jeni/Cook_subgoal_test/unity_cooking/ROS2/install/ros_tcp_endpoint/lib/ros_tcp_endpoint/src/ros_tcp_endpoint/client.py
[2.086s] -- Symlinking: /home/jeni/Cook_subgoal_test/unity_cooking/ROS2/install/ros_tcp_endpoint/lib/ros_tcp_endpoint/src/ros_tcp_endpoint/communication.py
[2.089s] -- Symlinking: /home/jeni/Cook_subgoal_test/unity_cooking/ROS2/install/ros_tcp_endpoint/lib/ros_tcp_endpoint/src/ros_tcp_endpoint/default_server_endpoint.py
[2.092s] -- Symlinking: /home/jeni/Cook_subgoal_test/unity_cooking/ROS2/install/ros_tcp_endpoint/lib/ros_tcp_endpoint/src/ros_tcp_endpoint/exceptions.py
[2.096s] -- Symlinking: /home/jeni/Cook_subgoal_test/unity_cooking/ROS2/install/ros_tcp_endpoint/lib/ros_tcp_endpoint/src/ros_tcp_endpoint/publisher.py
[2.099s] -- Symlinking: /home/jeni/Cook_subgoal_test/unity_cooking/ROS2/install/ros_tcp_endpoint/lib/ros_tcp_endpoint/src/ros_tcp_endpoint/server.py
[2.102s] -- Symlinking: /home/jeni/Cook_subgoal_test/unity_cooking/ROS2/install/ros_tcp_endpoint/lib/ros_tcp_endpoint/src/ros_tcp_endpoint/service.py
[2.106s] -- Symlinking: /home/jeni/Cook_subgoal_test/unity_cooking/ROS2/install/ros_tcp_endpoint/lib/ros_tcp_endpoint/src/ros_tcp_endpoint/subscriber.py
[2.109s] -- Symlinking: /home/jeni/Cook_subgoal_test/unity_cooking/ROS2/install/ros_tcp_endpoint/lib/ros_tcp_endpoint/src/ros_tcp_endpoint/tcp_sender.py
[2.111s] -- Symlinking: /home/jeni/Cook_subgoal_test/unity_cooking/ROS2/install/ros_tcp_endpoint/lib/ros_tcp_endpoint/src/ros_tcp_endpoint/thread_pauser.py
[2.114s] -- Symlinking: /home/jeni/Cook_subgoal_test/unity_cooking/ROS2/install/ros_tcp_endpoint/lib/ros_tcp_endpoint/src/ros_tcp_endpoint/unity_service.py
[2.117s] -- Symlinking: /home/jeni/Cook_subgoal_test/unity_cooking/ROS2/install/ros_tcp_endpoint/lib/ros_tcp_endpoint/srv/RosUnityTopicList.srv
[2.120s] -- Symlinking: /home/jeni/Cook_subgoal_test/unity_cooking/ROS2/install/ros_tcp_endpoint/lib/ros_tcp_endpoint/test/__init__.py
[2.123s] -- Symlinking: /home/jeni/Cook_subgoal_test/unity_cooking/ROS2/install/ros_tcp_endpoint/lib/ros_tcp_endpoint/test/test_client.py
[2.126s] -- Symlinking: /home/jeni/Cook_subgoal_test/unity_cooking/ROS2/install/ros_tcp_endpoint/lib/ros_tcp_endpoint/test/test_publisher.py
[2.129s] -- Symlinking: /home/jeni/Cook_subgoal_test/unity_cooking/ROS2/install/ros_tcp_endpoint/lib/ros_tcp_endpoint/test/test_ros_service.py
[2.131s] -- Symlinking: /home/jeni/Cook_subgoal_test/unity_cooking/ROS2/install/ros_tcp_endpoint/lib/ros_tcp_endpoint/test/test_server.py
[2.134s] -- Symlinking: /home/jeni/Cook_subgoal_test/unity_cooking/ROS2/install/ros_tcp_endpoint/lib/ros_tcp_endpoint/test/test_subscriber.py
[2.137s] -- Symlinking: /home/jeni/Cook_subgoal_test/unity_cooking/ROS2/install/ros_tcp_endpoint/lib/ros_tcp_endpoint/test/test_tcp_sender.py
[2.140s] -- Symlinking: /home/jeni/Cook_subgoal_test/unity_cooking/ROS2/install/ros_tcp_endpoint/lib/ros_tcp_endpoint/test/test_thread_pauser.py
[2.143s] -- Symlinking: /home/jeni/Cook_subgoal_test/unity_cooking/ROS2/install/ros_tcp_endpoint/lib/ros_tcp_endpoint/test/test_unity_service.py
[2.146s] -- Symlinking: /home/jeni/Cook_subgoal_test/unity_cooking/ROS2/install/ros_tcp_endpoint/share/ament_index/resource_index/package_run_dependencies/ros_tcp_endpoint
[2.149s] -- Symlinking: /home/jeni/Cook_subgoal_test/unity_cooking/ROS2/install/ros_tcp_endpoint/share/ament_index/resource_index/parent_prefix_path/ros_tcp_endpoint
[2.153s] -- Symlinking: /home/jeni/Cook_subgoal_test/unity_cooking/ROS2/install/ros_tcp_endpoint/share/ros_tcp_endpoint/environment/ament_prefix_path.sh
[2.156s] -- Symlinking: /home/jeni/Cook_subgoal_test/unity_cooking/ROS2/install/ros_tcp_endpoint/share/ros_tcp_endpoint/environment/ament_prefix_path.dsv
[2.159s] -- Symlinking: /home/jeni/Cook_subgoal_test/unity_cooking/ROS2/install/ros_tcp_endpoint/share/ros_tcp_endpoint/environment/path.sh
[2.162s] -- Symlinking: /home/jeni/Cook_subgoal_test/unity_cooking/ROS2/install/ros_tcp_endpoint/share/ros_tcp_endpoint/environment/path.dsv
[2.165s] -- Symlinking: /home/jeni/Cook_subgoal_test/unity_cooking/ROS2/install/ros_tcp_endpoint/share/ros_tcp_endpoint/local_setup.bash
[2.168s] -- Symlinking: /home/jeni/Cook_subgoal_test/unity_cooking/ROS2/install/ros_tcp_endpoint/share/ros_tcp_endpoint/local_setup.sh
[2.170s] -- Symlinking: /home/jeni/Cook_subgoal_test/unity_cooking/ROS2/install/ros_tcp_endpoint/share/ros_tcp_endpoint/local_setup.zsh
[2.173s] -- Symlinking: /home/jeni/Cook_subgoal_test/unity_cooking/ROS2/install/ros_tcp_endpoint/share/ros_tcp_endpoint/local_setup.dsv
[2.176s] -- Symlinking: /home/jeni/Cook_subgoal_test/unity_cooking/ROS2/install/ros_tcp_endpoint/share/ros_tcp_endpoint/package.dsv
[2.179s] -- Symlinking: /home/jeni/Cook_subgoal_test/unity_cooking/ROS2/install/ros_tcp_endpoint/share/ament_index/resource_index/packages/ros_tcp_endpoint
[2.182s] -- Symlinking: /home/jeni/Cook_subgoal_test/unity_cooking/ROS2/install/ros_tcp_endpoint/share/ros_tcp_endpoint/cmake/rosidl_cmake-extras.cmake
[2.185s] -- Symlinking: /home/jeni/Cook_subgoal_test/unity_cooking/ROS2/install/ros_tcp_endpoint/share/ros_tcp_endpoint/cmake/ament_cmake_export_dependencies-extras.cmake
[2.187s] -- Symlinking: /home/jeni/Cook_subgoal_test/unity_cooking/ROS2/install/ros_tcp_endpoint/share/ros_tcp_endpoint/cmake/ament_cmake_export_include_directories-extras.cmake
[2.190s] -- Symlinking: /home/jeni/Cook_subgoal_test/unity_cooking/ROS2/install/ros_tcp_endpoint/share/ros_tcp_endpoint/cmake/ament_cmake_export_libraries-extras.cmake
[2.193s] -- Symlinking: /home/jeni/Cook_subgoal_test/unity_cooking/ROS2/install/ros_tcp_endpoint/share/ros_tcp_endpoint/cmake/ament_cmake_export_targets-extras.cmake
[2.196s] -- Symlinking: /home/jeni/Cook_subgoal_test/unity_cooking/ROS2/install/ros_tcp_endpoint/share/ros_tcp_endpoint/cmake/rosidl_cmake_export_typesupport_targets-extras.cmake
[2.199s] -- Symlinking: /home/jeni/Cook_subgoal_test/unity_cooking/ROS2/install/ros_tcp_endpoint/share/ros_tcp_endpoint/cmake/rosidl_cmake_export_typesupport_libraries-extras.cmake
[2.201s] -- Symlinking: /home/jeni/Cook_subgoal_test/unity_cooking/ROS2/install/ros_tcp_endpoint/share/ros_tcp_endpoint/cmake/ros_tcp_endpointConfig.cmake
[2.204s] -- Symlinking: /home/jeni/Cook_subgoal_test/unity_cooking/ROS2/install/ros_tcp_endpoint/share/ros_tcp_endpoint/cmake/ros_tcp_endpointConfig-version.cmake
[2.207s] -- Symlinking: /home/jeni/Cook_subgoal_test/unity_cooking/ROS2/install/ros_tcp_endpoint/share/ros_tcp_endpoint/package.xml
[2.210s] -- Installing: /home/jeni/Cook_subgoal_test/unity_cooking/ROS2/install/ros_tcp_endpoint/lib/libros_tcp_endpoint__rosidl_generator_c.so
[2.210s] -- Set runtime path of "/home/jeni/Cook_subgoal_test/unity_cooking/ROS2/install/ros_tcp_endpoint/lib/libros_tcp_endpoint__rosidl_generator_c.so" to ""
[2.210s] -- Installing: /home/jeni/Cook_subgoal_test/unity_cooking/ROS2/install/ros_tcp_endpoint/lib/libros_tcp_endpoint__rosidl_typesupport_fastrtps_c.so
[2.210s] -- Set runtime path of "/home/jeni/Cook_subgoal_test/unity_cooking/ROS2/install/ros_tcp_endpoint/lib/libros_tcp_endpoint__rosidl_typesupport_fastrtps_c.so" to ""
[2.210s] -- Installing: /home/jeni/Cook_subgoal_test/unity_cooking/ROS2/install/ros_tcp_endpoint/lib/libros_tcp_endpoint__rosidl_typesupport_fastrtps_cpp.so
[2.210s] -- Set runtime path of "/home/jeni/Cook_subgoal_test/unity_cooking/ROS2/install/ros_tcp_endpoint/lib/libros_tcp_endpoint__rosidl_typesupport_fastrtps_cpp.so" to ""
[2.210s] -- Installing: /home/jeni/Cook_subgoal_test/unity_cooking/ROS2/install/ros_tcp_endpoint/lib/libros_tcp_endpoint__rosidl_typesupport_introspection_c.so
[2.210s] -- Set runtime path of "/home/jeni/Cook_subgoal_test/unity_cooking/ROS2/install/ros_tcp_endpoint/lib/libros_tcp_endpoint__rosidl_typesupport_introspection_c.so" to ""
[2.210s] -- Installing: /home/jeni/Cook_subgoal_test/unity_cooking/ROS2/install/ros_tcp_endpoint/lib/libros_tcp_endpoint__rosidl_typesupport_c.so
[2.210s] -- Set runtime path of "/home/jeni/Cook_subgoal_test/unity_cooking/ROS2/install/ros_tcp_endpoint/lib/libros_tcp_endpoint__rosidl_typesupport_c.so" to ""
[2.210s] -- Installing: /home/jeni/Cook_subgoal_test/unity_cooking/ROS2/install/ros_tcp_endpoint/lib/libros_tcp_endpoint__rosidl_typesupport_introspection_cpp.so
[2.211s] -- Set runtime path of "/home/jeni/Cook_subgoal_test/unity_cooking/ROS2/install/ros_tcp_endpoint/lib/libros_tcp_endpoint__rosidl_typesupport_introspection_cpp.so" to ""
[2.211s] -- Installing: /home/jeni/Cook_subgoal_test/unity_cooking/ROS2/install/ros_tcp_endpoint/lib/libros_tcp_endpoint__rosidl_typesupport_cpp.so
[2.211s] -- Set runtime path of "/home/jeni/Cook_subgoal_test/unity_cooking/ROS2/install/ros_tcp_endpoint/lib/libros_tcp_endpoint__rosidl_typesupport_cpp.so" to ""
[2.227s] Listing '/home/jeni/Cook_subgoal_test/unity_cooking/ROS2/install/ros_tcp_endpoint/local/lib/python3.10/dist-packages/ros_tcp_endpoint'...
[2.227s] Compiling '/home/jeni/Cook_subgoal_test/unity_cooking/ROS2/install/ros_tcp_endpoint/local/lib/python3.10/dist-packages/ros_tcp_endpoint/__init__.py'...
[2.227s] Listing '/home/jeni/Cook_subgoal_test/unity_cooking/ROS2/install/ros_tcp_endpoint/local/lib/python3.10/dist-packages/ros_tcp_endpoint/msg'...
[2.227s] Compiling '/home/jeni/Cook_subgoal_test/unity_cooking/ROS2/install/ros_tcp_endpoint/local/lib/python3.10/dist-packages/ros_tcp_endpoint/msg/__init__.py'...
[2.227s] Compiling '/home/jeni/Cook_subgoal_test/unity_cooking/ROS2/install/ros_tcp_endpoint/local/lib/python3.10/dist-packages/ros_tcp_endpoint/msg/_ros_unity_error.py'...
[2.227s] Compiling '/home/jeni/Cook_subgoal_test/unity_cooking/ROS2/install/ros_tcp_endpoint/local/lib/python3.10/dist-packages/ros_tcp_endpoint/msg/_ros_unity_srv_message.py'...
[2.227s] Compiling '/home/jeni/Cook_subgoal_test/unity_cooking/ROS2/install/ros_tcp_endpoint/local/lib/python3.10/dist-packages/ros_tcp_endpoint/msg/_ros_unity_sys_command.py'...
[2.227s] Listing '/home/jeni/Cook_subgoal_test/unity_cooking/ROS2/install/ros_tcp_endpoint/local/lib/python3.10/dist-packages/ros_tcp_endpoint/srv'...
[2.227s] Compiling '/home/jeni/Cook_subgoal_test/unity_cooking/ROS2/install/ros_tcp_endpoint/local/lib/python3.10/dist-packages/ros_tcp_endpoint/srv/__init__.py'...
[2.227s] Compiling '/home/jeni/Cook_subgoal_test/unity_cooking/ROS2/install/ros_tcp_endpoint/local/lib/python3.10/dist-packages/ros_tcp_endpoint/srv/_ros_unity_topic_list.py'...
[2.229s] -- Installing: /home/jeni/Cook_subgoal_test/unity_cooking/ROS2/install/ros_tcp_endpoint/lib/libros_tcp_endpoint__rosidl_generator_py.so
[2.229s] -- Set runtime path of "/home/jeni/Cook_subgoal_test/unity_cooking/ROS2/install/ros_tcp_endpoint/lib/libros_tcp_endpoint__rosidl_generator_py.so" to ""
[2.229s] -- Installing: /home/jeni/Cook_subgoal_test/unity_cooking/ROS2/install/ros_tcp_endpoint/share/ros_tcp_endpoint/cmake/export_ros_tcp_endpoint__rosidl_generator_cExport.cmake
[2.229s] -- Installing: /home/jeni/Cook_subgoal_test/unity_cooking/ROS2/install/ros_tcp_endpoint/share/ros_tcp_endpoint/cmake/export_ros_tcp_endpoint__rosidl_generator_cExport-noconfig.cmake
[2.229s] -- Installing: /home/jeni/Cook_subgoal_test/unity_cooking/ROS2/install/ros_tcp_endpoint/share/ros_tcp_endpoint/cmake/export_ros_tcp_endpoint__rosidl_typesupport_fastrtps_cExport.cmake
[2.229s] -- Installing: /home/jeni/Cook_subgoal_test/unity_cooking/ROS2/install/ros_tcp_endpoint/share/ros_tcp_endpoint/cmake/export_ros_tcp_endpoint__rosidl_typesupport_fastrtps_cExport-noconfig.cmake
[2.229s] -- Installing: /home/jeni/Cook_subgoal_test/unity_cooking/ROS2/install/ros_tcp_endpoint/share/ros_tcp_endpoint/cmake/export_ros_tcp_endpoint__rosidl_generator_cppExport.cmake
[2.229s] -- Installing: /home/jeni/Cook_subgoal_test/unity_cooking/ROS2/install/ros_tcp_endpoint/share/ros_tcp_endpoint/cmake/export_ros_tcp_endpoint__rosidl_typesupport_fastrtps_cppExport.cmake
[2.229s] -- Installing: /home/jeni/Cook_subgoal_test/unity_cooking/ROS2/install/ros_tcp_endpoint/share/ros_tcp_endpoint/cmake/export_ros_tcp_endpoint__rosidl_typesupport_fastrtps_cppExport-noconfig.cmake
[2.230s] -- Installing: /home/jeni/Cook_subgoal_test/unity_cooking/ROS2/install/ros_tcp_endpoint/share/ros_tcp_endpoint/cmake/ros_tcp_endpoint__rosidl_typesupport_introspection_cExport.cmake
[2.230s] -- Installing: /home/jeni/Cook_subgoal_test/unity_cooking/ROS2/install/ros_tcp_endpoint/share/ros_tcp_endpoint/cmake/ros_tcp_endpoint__rosidl_typesupport_introspection_cExport-noconfig.cmake
[2.230s] -- Installing: /home/jeni/Cook_subgoal_test/unity_cooking/ROS2/install/ros_tcp_endpoint/share/ros_tcp_endpoint/cmake/ros_tcp_endpoint__rosidl_typesupport_cExport.cmake
[2.230s] -- Installing: /home/jeni/Cook_subgoal_test/unity_cooking/ROS2/install/ros_tcp_endpoint/share/ros_tcp_endpoint/cmake/ros_tcp_endpoint__rosidl_typesupport_cExport-noconfig.cmake
[2.230s] -- Installing: /home/jeni/Cook_subgoal_test/unity_cooking/ROS2/install/ros_tcp_endpoint/share/ros_tcp_endpoint/cmake/ros_tcp_endpoint__rosidl_typesupport_introspection_cppExport.cmake
[2.230s] -- Installing: /home/jeni/Cook_subgoal_test/unity_cooking/ROS2/install/ros_tcp_endpoint/share/ros_tcp_endpoint/cmake/ros_tcp_endpoint__rosidl_typesupport_introspection_cppExport-noconfig.cmake
[2.230s] -- Installing: /home/jeni/Cook_subgoal_test/unity_cooking/ROS2/install/ros_tcp_endpoint/share/ros_tcp_endpoint/cmake/ros_tcp_endpoint__rosidl_typesupport_cppExport.cmake
[2.230s] -- Installing: /home/jeni/Cook_subgoal_test/unity_cooking/ROS2/install/ros_tcp_endpoint/share/ros_tcp_endpoint/cmake/ros_tcp_endpoint__rosidl_typesupport_cppExport-noconfig.cmake
[2.230s] -- Installing: /home/jeni/Cook_subgoal_test/unity_cooking/ROS2/install/ros_tcp_endpoint/share/ros_tcp_endpoint/cmake/export_ros_tcp_endpoint__rosidl_generator_pyExport.cmake
[2.230s] -- Installing: /home/jeni/Cook_subgoal_test/unity_cooking/ROS2/install/ros_tcp_endpoint/share/ros_tcp_endpoint/cmake/export_ros_tcp_endpoint__rosidl_generator_pyExport-noconfig.cmake
[2.231s] Invoked command in '/home/jeni/Cook_subgoal_test/unity_cooking/ROS2/build/ros_tcp_endpoint' returned '0': CMAKE_PREFIX_PATH=${CMAKE_PREFIX_PATH}:/opt/ros/humble /usr/bin/cmake --install /home/jeni/Cook_subgoal_test/unity_cooking/ROS2/build/ros_tcp_endpoint
