[0.004s] Invoking command in '/home/jeni/Cook_subgoal_test/unity_cooking/ROS2/build/ros_tcp_endpoint': CMAKE_PREFIX_PATH=${CMAKE_PREFIX_PATH}:/opt/ros/humble /usr/bin/cmake --build /home/jeni/Cook_subgoal_test/unity_cooking/ROS2/build/ros_tcp_endpoint -- -j16 -l16
[0.020s] [35m[1mConsolidate compiler generated dependencies of target ros_tcp_endpoint__rosidl_generator_c[0m
[0.023s] [  1%] Built target ros_tcp_endpoint__cpp
[0.024s] [ 12%] Built target ros_tcp_endpoint__rosidl_generator_c
[0.028s] [ 12%] Built target ament_cmake_python_copy_ros_tcp_endpoint
[0.028s] [35m[1mConsolidate compiler generated dependencies of target ros_tcp_endpoint__rosidl_typesupport_introspection_cpp[0m
[0.028s] [35m[1mConsolidate compiler generated dependencies of target ros_tcp_endpoint__rosidl_typesupport_cpp[0m
[0.029s] [35m[1mConsolidate compiler generated dependencies of target ros_tcp_endpoint__rosidl_typesupport_fastrtps_cpp[0m
[0.030s] [35m[1mConsolidate compiler generated dependencies of target ros_tcp_endpoint__rosidl_typesupport_fastrtps_c[0m
[0.030s] [35m[1mConsolidate compiler generated dependencies of target ros_tcp_endpoint__rosidl_typesupport_c[0m
[0.030s] [35m[1mConsolidate compiler generated dependencies of target ros_tcp_endpoint__rosidl_typesupport_introspection_c[0m
[0.036s] [ 56%] Built target ros_tcp_endpoint__rosidl_typesupport_cpp
[0.037s] [ 56%] Built target ros_tcp_endpoint__rosidl_typesupport_introspection_c
[0.037s] [ 56%] Built target ros_tcp_endpoint__rosidl_typesupport_c
[0.037s] [ 56%] Built target ros_tcp_endpoint__rosidl_typesupport_introspection_cpp
[0.038s] [ 67%] Built target ros_tcp_endpoint__rosidl_typesupport_fastrtps_cpp
[0.039s] [ 78%] Built target ros_tcp_endpoint__rosidl_typesupport_fastrtps_c
[0.046s] [ 78%] Built target ros_tcp_endpoint
[0.055s] [ 80%] Built target ros_tcp_endpoint__py
[0.059s] [35m[1mConsolidate compiler generated dependencies of target ros_tcp_endpoint__rosidl_generator_py[0m
[0.066s] [ 89%] Built target ros_tcp_endpoint__rosidl_generator_py
[0.070s] [35m[1mConsolidate compiler generated dependencies of target ros_tcp_endpoint__rosidl_typesupport_fastrtps_c__pyext[0m
[0.070s] [35m[1mConsolidate compiler generated dependencies of target ros_tcp_endpoint__rosidl_typesupport_introspection_c__pyext[0m
[0.070s] [35m[1mConsolidate compiler generated dependencies of target ros_tcp_endpoint__rosidl_typesupport_c__pyext[0m
[0.077s] [100%] Built target ros_tcp_endpoint__rosidl_typesupport_c__pyext
[0.077s] [100%] Built target ros_tcp_endpoint__rosidl_typesupport_fastrtps_c__pyext
[0.077s] [100%] Built target ros_tcp_endpoint__rosidl_typesupport_introspection_c__pyext
[0.134s] running egg_info
[0.135s] writing ros_tcp_endpoint.egg-info/PKG-INFO
[0.135s] writing dependency_links to ros_tcp_endpoint.egg-info/dependency_links.txt
[0.135s] writing top-level names to ros_tcp_endpoint.egg-info/top_level.txt
[0.136s] reading manifest file 'ros_tcp_endpoint.egg-info/SOURCES.txt'
[0.136s] writing manifest file 'ros_tcp_endpoint.egg-info/SOURCES.txt'
[0.150s] [100%] Built target ament_cmake_python_build_ros_tcp_endpoint_egg
[0.156s] Invoked command in '/home/jeni/Cook_subgoal_test/unity_cooking/ROS2/build/ros_tcp_endpoint' returned '0': CMAKE_PREFIX_PATH=${CMAKE_PREFIX_PATH}:/opt/ros/humble /usr/bin/cmake --build /home/jeni/Cook_subgoal_test/unity_cooking/ROS2/build/ros_tcp_endpoint -- -j16 -l16
[0.156s] Invoking command in '/home/jeni/Cook_subgoal_test/unity_cooking/ROS2/build/ros_tcp_endpoint': CMAKE_PREFIX_PATH=${CMAKE_PREFIX_PATH}:/opt/ros/humble /usr/bin/cmake --install /home/jeni/Cook_subgoal_test/unity_cooking/ROS2/build/ros_tcp_endpoint
[0.160s] -- Install configuration: ""
[0.160s] -- Up-to-date: /home/jeni/Cook_subgoal_test/unity_cooking/ROS2/install/ros_tcp_endpoint/share/ament_index/resource_index/rosidl_interfaces/ros_tcp_endpoint
[0.160s] -- Up-to-date: /home/jeni/Cook_subgoal_test/unity_cooking/ROS2/install/ros_tcp_endpoint/include/ros_tcp_endpoint/ros_tcp_endpoint
[0.160s] -- Up-to-date: /home/jeni/Cook_subgoal_test/unity_cooking/ROS2/install/ros_tcp_endpoint/include/ros_tcp_endpoint/ros_tcp_endpoint/srv
[0.160s] -- Up-to-date: /home/jeni/Cook_subgoal_test/unity_cooking/ROS2/install/ros_tcp_endpoint/include/ros_tcp_endpoint/ros_tcp_endpoint/srv/ros_unity_topic_list.h
[0.160s] -- Up-to-date: /home/jeni/Cook_subgoal_test/unity_cooking/ROS2/install/ros_tcp_endpoint/include/ros_tcp_endpoint/ros_tcp_endpoint/srv/detail
[0.160s] -- Up-to-date: /home/jeni/Cook_subgoal_test/unity_cooking/ROS2/install/ros_tcp_endpoint/include/ros_tcp_endpoint/ros_tcp_endpoint/srv/detail/ros_unity_topic_list__struct.h
[0.160s] -- Up-to-date: /home/jeni/Cook_subgoal_test/unity_cooking/ROS2/install/ros_tcp_endpoint/include/ros_tcp_endpoint/ros_tcp_endpoint/srv/detail/ros_unity_topic_list__type_support.h
[0.160s] -- Up-to-date: /home/jeni/Cook_subgoal_test/unity_cooking/ROS2/install/ros_tcp_endpoint/include/ros_tcp_endpoint/ros_tcp_endpoint/srv/detail/ros_unity_topic_list__functions.c
[0.160s] -- Up-to-date: /home/jeni/Cook_subgoal_test/unity_cooking/ROS2/install/ros_tcp_endpoint/include/ros_tcp_endpoint/ros_tcp_endpoint/srv/detail/ros_unity_topic_list__functions.h
[0.160s] -- Up-to-date: /home/jeni/Cook_subgoal_test/unity_cooking/ROS2/install/ros_tcp_endpoint/include/ros_tcp_endpoint/ros_tcp_endpoint/msg
[0.160s] -- Up-to-date: /home/jeni/Cook_subgoal_test/unity_cooking/ROS2/install/ros_tcp_endpoint/include/ros_tcp_endpoint/ros_tcp_endpoint/msg/ros_unity_error.h
[0.160s] -- Up-to-date: /home/jeni/Cook_subgoal_test/unity_cooking/ROS2/install/ros_tcp_endpoint/include/ros_tcp_endpoint/ros_tcp_endpoint/msg/ros_unity_srv_message.h
[0.160s] -- Up-to-date: /home/jeni/Cook_subgoal_test/unity_cooking/ROS2/install/ros_tcp_endpoint/include/ros_tcp_endpoint/ros_tcp_endpoint/msg/rosidl_generator_c__visibility_control.h
[0.160s] -- Up-to-date: /home/jeni/Cook_subgoal_test/unity_cooking/ROS2/install/ros_tcp_endpoint/include/ros_tcp_endpoint/ros_tcp_endpoint/msg/detail
[0.160s] -- Up-to-date: /home/jeni/Cook_subgoal_test/unity_cooking/ROS2/install/ros_tcp_endpoint/include/ros_tcp_endpoint/ros_tcp_endpoint/msg/detail/ros_unity_error__type_support.h
[0.160s] -- Up-to-date: /home/jeni/Cook_subgoal_test/unity_cooking/ROS2/install/ros_tcp_endpoint/include/ros_tcp_endpoint/ros_tcp_endpoint/msg/detail/ros_unity_srv_message__struct.h
[0.160s] -- Up-to-date: /home/jeni/Cook_subgoal_test/unity_cooking/ROS2/install/ros_tcp_endpoint/include/ros_tcp_endpoint/ros_tcp_endpoint/msg/detail/ros_unity_sys_command__struct.h
[0.160s] -- Up-to-date: /home/jeni/Cook_subgoal_test/unity_cooking/ROS2/install/ros_tcp_endpoint/include/ros_tcp_endpoint/ros_tcp_endpoint/msg/detail/ros_unity_error__functions.c
[0.160s] -- Up-to-date: /home/jeni/Cook_subgoal_test/unity_cooking/ROS2/install/ros_tcp_endpoint/include/ros_tcp_endpoint/ros_tcp_endpoint/msg/detail/ros_unity_srv_message__type_support.h
[0.160s] -- Up-to-date: /home/jeni/Cook_subgoal_test/unity_cooking/ROS2/install/ros_tcp_endpoint/include/ros_tcp_endpoint/ros_tcp_endpoint/msg/detail/ros_unity_error__functions.h
[0.160s] -- Up-to-date: /home/jeni/Cook_subgoal_test/unity_cooking/ROS2/install/ros_tcp_endpoint/include/ros_tcp_endpoint/ros_tcp_endpoint/msg/detail/ros_unity_error__struct.h
[0.160s] -- Up-to-date: /home/jeni/Cook_subgoal_test/unity_cooking/ROS2/install/ros_tcp_endpoint/include/ros_tcp_endpoint/ros_tcp_endpoint/msg/detail/ros_unity_sys_command__type_support.h
[0.160s] -- Up-to-date: /home/jeni/Cook_subgoal_test/unity_cooking/ROS2/install/ros_tcp_endpoint/include/ros_tcp_endpoint/ros_tcp_endpoint/msg/detail/ros_unity_sys_command__functions.c
[0.160s] -- Up-to-date: /home/jeni/Cook_subgoal_test/unity_cooking/ROS2/install/ros_tcp_endpoint/include/ros_tcp_endpoint/ros_tcp_endpoint/msg/detail/ros_unity_srv_message__functions.h
[0.160s] -- Up-to-date: /home/jeni/Cook_subgoal_test/unity_cooking/ROS2/install/ros_tcp_endpoint/include/ros_tcp_endpoint/ros_tcp_endpoint/msg/detail/ros_unity_srv_message__functions.c
[0.160s] -- Up-to-date: /home/jeni/Cook_subgoal_test/unity_cooking/ROS2/install/ros_tcp_endpoint/include/ros_tcp_endpoint/ros_tcp_endpoint/msg/detail/ros_unity_sys_command__functions.h
[0.160s] -- Up-to-date: /home/jeni/Cook_subgoal_test/unity_cooking/ROS2/install/ros_tcp_endpoint/include/ros_tcp_endpoint/ros_tcp_endpoint/msg/ros_unity_sys_command.h
[0.160s] -- Up-to-date: /home/jeni/Cook_subgoal_test/unity_cooking/ROS2/install/ros_tcp_endpoint/share/ros_tcp_endpoint/environment/library_path.sh
[0.160s] -- Up-to-date: /home/jeni/Cook_subgoal_test/unity_cooking/ROS2/install/ros_tcp_endpoint/share/ros_tcp_endpoint/environment/library_path.dsv
[0.160s] -- Up-to-date: /home/jeni/Cook_subgoal_test/unity_cooking/ROS2/install/ros_tcp_endpoint/lib/libros_tcp_endpoint__rosidl_generator_c.so
[0.160s] -- Up-to-date: /home/jeni/Cook_subgoal_test/unity_cooking/ROS2/install/ros_tcp_endpoint/include/ros_tcp_endpoint/ros_tcp_endpoint
[0.160s] -- Up-to-date: /home/jeni/Cook_subgoal_test/unity_cooking/ROS2/install/ros_tcp_endpoint/include/ros_tcp_endpoint/ros_tcp_endpoint/srv
[0.160s] -- Up-to-date: /home/jeni/Cook_subgoal_test/unity_cooking/ROS2/install/ros_tcp_endpoint/include/ros_tcp_endpoint/ros_tcp_endpoint/srv/detail
[0.160s] -- Up-to-date: /home/jeni/Cook_subgoal_test/unity_cooking/ROS2/install/ros_tcp_endpoint/include/ros_tcp_endpoint/ros_tcp_endpoint/srv/detail/ros_unity_topic_list__rosidl_typesupport_fastrtps_c.h
[0.160s] -- Up-to-date: /home/jeni/Cook_subgoal_test/unity_cooking/ROS2/install/ros_tcp_endpoint/include/ros_tcp_endpoint/ros_tcp_endpoint/msg
[0.160s] -- Up-to-date: /home/jeni/Cook_subgoal_test/unity_cooking/ROS2/install/ros_tcp_endpoint/include/ros_tcp_endpoint/ros_tcp_endpoint/msg/rosidl_typesupport_fastrtps_c__visibility_control.h
[0.160s] -- Up-to-date: /home/jeni/Cook_subgoal_test/unity_cooking/ROS2/install/ros_tcp_endpoint/include/ros_tcp_endpoint/ros_tcp_endpoint/msg/detail
[0.161s] -- Up-to-date: /home/jeni/Cook_subgoal_test/unity_cooking/ROS2/install/ros_tcp_endpoint/include/ros_tcp_endpoint/ros_tcp_endpoint/msg/detail/ros_unity_sys_command__rosidl_typesupport_fastrtps_c.h
[0.161s] -- Up-to-date: /home/jeni/Cook_subgoal_test/unity_cooking/ROS2/install/ros_tcp_endpoint/include/ros_tcp_endpoint/ros_tcp_endpoint/msg/detail/ros_unity_error__rosidl_typesupport_fastrtps_c.h
[0.161s] -- Up-to-date: /home/jeni/Cook_subgoal_test/unity_cooking/ROS2/install/ros_tcp_endpoint/include/ros_tcp_endpoint/ros_tcp_endpoint/msg/detail/ros_unity_srv_message__rosidl_typesupport_fastrtps_c.h
[0.161s] -- Up-to-date: /home/jeni/Cook_subgoal_test/unity_cooking/ROS2/install/ros_tcp_endpoint/lib/libros_tcp_endpoint__rosidl_typesupport_fastrtps_c.so
[0.161s] -- Up-to-date: /home/jeni/Cook_subgoal_test/unity_cooking/ROS2/install/ros_tcp_endpoint/include/ros_tcp_endpoint/ros_tcp_endpoint
[0.161s] -- Up-to-date: /home/jeni/Cook_subgoal_test/unity_cooking/ROS2/install/ros_tcp_endpoint/include/ros_tcp_endpoint/ros_tcp_endpoint/srv
[0.161s] -- Up-to-date: /home/jeni/Cook_subgoal_test/unity_cooking/ROS2/install/ros_tcp_endpoint/include/ros_tcp_endpoint/ros_tcp_endpoint/srv/ros_unity_topic_list.hpp
[0.161s] -- Up-to-date: /home/jeni/Cook_subgoal_test/unity_cooking/ROS2/install/ros_tcp_endpoint/include/ros_tcp_endpoint/ros_tcp_endpoint/srv/detail
[0.161s] -- Up-to-date: /home/jeni/Cook_subgoal_test/unity_cooking/ROS2/install/ros_tcp_endpoint/include/ros_tcp_endpoint/ros_tcp_endpoint/srv/detail/ros_unity_topic_list__builder.hpp
[0.161s] -- Up-to-date: /home/jeni/Cook_subgoal_test/unity_cooking/ROS2/install/ros_tcp_endpoint/include/ros_tcp_endpoint/ros_tcp_endpoint/srv/detail/ros_unity_topic_list__type_support.hpp
[0.161s] -- Up-to-date: /home/jeni/Cook_subgoal_test/unity_cooking/ROS2/install/ros_tcp_endpoint/include/ros_tcp_endpoint/ros_tcp_endpoint/srv/detail/ros_unity_topic_list__struct.hpp
[0.161s] -- Up-to-date: /home/jeni/Cook_subgoal_test/unity_cooking/ROS2/install/ros_tcp_endpoint/include/ros_tcp_endpoint/ros_tcp_endpoint/srv/detail/ros_unity_topic_list__traits.hpp
[0.161s] -- Up-to-date: /home/jeni/Cook_subgoal_test/unity_cooking/ROS2/install/ros_tcp_endpoint/include/ros_tcp_endpoint/ros_tcp_endpoint/msg
[0.161s] -- Up-to-date: /home/jeni/Cook_subgoal_test/unity_cooking/ROS2/install/ros_tcp_endpoint/include/ros_tcp_endpoint/ros_tcp_endpoint/msg/ros_unity_sys_command.hpp
[0.161s] -- Up-to-date: /home/jeni/Cook_subgoal_test/unity_cooking/ROS2/install/ros_tcp_endpoint/include/ros_tcp_endpoint/ros_tcp_endpoint/msg/ros_unity_srv_message.hpp
[0.161s] -- Up-to-date: /home/jeni/Cook_subgoal_test/unity_cooking/ROS2/install/ros_tcp_endpoint/include/ros_tcp_endpoint/ros_tcp_endpoint/msg/ros_unity_error.hpp
[0.161s] -- Up-to-date: /home/jeni/Cook_subgoal_test/unity_cooking/ROS2/install/ros_tcp_endpoint/include/ros_tcp_endpoint/ros_tcp_endpoint/msg/rosidl_generator_cpp__visibility_control.hpp
[0.161s] -- Up-to-date: /home/jeni/Cook_subgoal_test/unity_cooking/ROS2/install/ros_tcp_endpoint/include/ros_tcp_endpoint/ros_tcp_endpoint/msg/detail
[0.161s] -- Up-to-date: /home/jeni/Cook_subgoal_test/unity_cooking/ROS2/install/ros_tcp_endpoint/include/ros_tcp_endpoint/ros_tcp_endpoint/msg/detail/ros_unity_error__struct.hpp
[0.161s] -- Up-to-date: /home/jeni/Cook_subgoal_test/unity_cooking/ROS2/install/ros_tcp_endpoint/include/ros_tcp_endpoint/ros_tcp_endpoint/msg/detail/ros_unity_error__type_support.hpp
[0.161s] -- Up-to-date: /home/jeni/Cook_subgoal_test/unity_cooking/ROS2/install/ros_tcp_endpoint/include/ros_tcp_endpoint/ros_tcp_endpoint/msg/detail/ros_unity_srv_message__builder.hpp
[0.161s] -- Up-to-date: /home/jeni/Cook_subgoal_test/unity_cooking/ROS2/install/ros_tcp_endpoint/include/ros_tcp_endpoint/ros_tcp_endpoint/msg/detail/ros_unity_srv_message__traits.hpp
[0.161s] -- Up-to-date: /home/jeni/Cook_subgoal_test/unity_cooking/ROS2/install/ros_tcp_endpoint/include/ros_tcp_endpoint/ros_tcp_endpoint/msg/detail/ros_unity_error__builder.hpp
[0.161s] -- Up-to-date: /home/jeni/Cook_subgoal_test/unity_cooking/ROS2/install/ros_tcp_endpoint/include/ros_tcp_endpoint/ros_tcp_endpoint/msg/detail/ros_unity_sys_command__traits.hpp
[0.161s] -- Up-to-date: /home/jeni/Cook_subgoal_test/unity_cooking/ROS2/install/ros_tcp_endpoint/include/ros_tcp_endpoint/ros_tcp_endpoint/msg/detail/ros_unity_srv_message__struct.hpp
[0.161s] -- Up-to-date: /home/jeni/Cook_subgoal_test/unity_cooking/ROS2/install/ros_tcp_endpoint/include/ros_tcp_endpoint/ros_tcp_endpoint/msg/detail/ros_unity_error__traits.hpp
[0.161s] -- Up-to-date: /home/jeni/Cook_subgoal_test/unity_cooking/ROS2/install/ros_tcp_endpoint/include/ros_tcp_endpoint/ros_tcp_endpoint/msg/detail/ros_unity_sys_command__struct.hpp
[0.161s] -- Up-to-date: /home/jeni/Cook_subgoal_test/unity_cooking/ROS2/install/ros_tcp_endpoint/include/ros_tcp_endpoint/ros_tcp_endpoint/msg/detail/ros_unity_sys_command__type_support.hpp
[0.161s] -- Up-to-date: /home/jeni/Cook_subgoal_test/unity_cooking/ROS2/install/ros_tcp_endpoint/include/ros_tcp_endpoint/ros_tcp_endpoint/msg/detail/ros_unity_srv_message__type_support.hpp
[0.161s] -- Up-to-date: /home/jeni/Cook_subgoal_test/unity_cooking/ROS2/install/ros_tcp_endpoint/include/ros_tcp_endpoint/ros_tcp_endpoint/msg/detail/ros_unity_sys_command__builder.hpp
[0.161s] -- Up-to-date: /home/jeni/Cook_subgoal_test/unity_cooking/ROS2/install/ros_tcp_endpoint/include/ros_tcp_endpoint/ros_tcp_endpoint
[0.161s] -- Up-to-date: /home/jeni/Cook_subgoal_test/unity_cooking/ROS2/install/ros_tcp_endpoint/include/ros_tcp_endpoint/ros_tcp_endpoint/srv
[0.161s] -- Up-to-date: /home/jeni/Cook_subgoal_test/unity_cooking/ROS2/install/ros_tcp_endpoint/include/ros_tcp_endpoint/ros_tcp_endpoint/srv/detail
[0.161s] -- Up-to-date: /home/jeni/Cook_subgoal_test/unity_cooking/ROS2/install/ros_tcp_endpoint/include/ros_tcp_endpoint/ros_tcp_endpoint/srv/detail/ros_unity_topic_list__rosidl_typesupport_fastrtps_cpp.hpp
[0.161s] -- Up-to-date: /home/jeni/Cook_subgoal_test/unity_cooking/ROS2/install/ros_tcp_endpoint/include/ros_tcp_endpoint/ros_tcp_endpoint/srv/detail/dds_fastrtps
[0.161s] -- Up-to-date: /home/jeni/Cook_subgoal_test/unity_cooking/ROS2/install/ros_tcp_endpoint/include/ros_tcp_endpoint/ros_tcp_endpoint/msg
[0.161s] -- Up-to-date: /home/jeni/Cook_subgoal_test/unity_cooking/ROS2/install/ros_tcp_endpoint/include/ros_tcp_endpoint/ros_tcp_endpoint/msg/rosidl_typesupport_fastrtps_cpp__visibility_control.h
[0.161s] -- Up-to-date: /home/jeni/Cook_subgoal_test/unity_cooking/ROS2/install/ros_tcp_endpoint/include/ros_tcp_endpoint/ros_tcp_endpoint/msg/detail
[0.161s] -- Up-to-date: /home/jeni/Cook_subgoal_test/unity_cooking/ROS2/install/ros_tcp_endpoint/include/ros_tcp_endpoint/ros_tcp_endpoint/msg/detail/ros_unity_srv_message__rosidl_typesupport_fastrtps_cpp.hpp
[0.161s] -- Up-to-date: /home/jeni/Cook_subgoal_test/unity_cooking/ROS2/install/ros_tcp_endpoint/include/ros_tcp_endpoint/ros_tcp_endpoint/msg/detail/ros_unity_sys_command__rosidl_typesupport_fastrtps_cpp.hpp
[0.161s] -- Up-to-date: /home/jeni/Cook_subgoal_test/unity_cooking/ROS2/install/ros_tcp_endpoint/include/ros_tcp_endpoint/ros_tcp_endpoint/msg/detail/dds_fastrtps
[0.161s] -- Up-to-date: /home/jeni/Cook_subgoal_test/unity_cooking/ROS2/install/ros_tcp_endpoint/include/ros_tcp_endpoint/ros_tcp_endpoint/msg/detail/ros_unity_error__rosidl_typesupport_fastrtps_cpp.hpp
[0.161s] -- Up-to-date: /home/jeni/Cook_subgoal_test/unity_cooking/ROS2/install/ros_tcp_endpoint/lib/libros_tcp_endpoint__rosidl_typesupport_fastrtps_cpp.so
[0.161s] -- Up-to-date: /home/jeni/Cook_subgoal_test/unity_cooking/ROS2/install/ros_tcp_endpoint/include/ros_tcp_endpoint/ros_tcp_endpoint
[0.161s] -- Up-to-date: /home/jeni/Cook_subgoal_test/unity_cooking/ROS2/install/ros_tcp_endpoint/include/ros_tcp_endpoint/ros_tcp_endpoint/srv
[0.161s] -- Up-to-date: /home/jeni/Cook_subgoal_test/unity_cooking/ROS2/install/ros_tcp_endpoint/include/ros_tcp_endpoint/ros_tcp_endpoint/srv/detail
[0.161s] -- Up-to-date: /home/jeni/Cook_subgoal_test/unity_cooking/ROS2/install/ros_tcp_endpoint/include/ros_tcp_endpoint/ros_tcp_endpoint/srv/detail/ros_unity_topic_list__type_support.c
[0.161s] -- Up-to-date: /home/jeni/Cook_subgoal_test/unity_cooking/ROS2/install/ros_tcp_endpoint/include/ros_tcp_endpoint/ros_tcp_endpoint/srv/detail/ros_unity_topic_list__rosidl_typesupport_introspection_c.h
[0.161s] -- Up-to-date: /home/jeni/Cook_subgoal_test/unity_cooking/ROS2/install/ros_tcp_endpoint/include/ros_tcp_endpoint/ros_tcp_endpoint/msg
[0.161s] -- Up-to-date: /home/jeni/Cook_subgoal_test/unity_cooking/ROS2/install/ros_tcp_endpoint/include/ros_tcp_endpoint/ros_tcp_endpoint/msg/rosidl_typesupport_introspection_c__visibility_control.h
[0.161s] -- Up-to-date: /home/jeni/Cook_subgoal_test/unity_cooking/ROS2/install/ros_tcp_endpoint/include/ros_tcp_endpoint/ros_tcp_endpoint/msg/detail
[0.161s] -- Up-to-date: /home/jeni/Cook_subgoal_test/unity_cooking/ROS2/install/ros_tcp_endpoint/include/ros_tcp_endpoint/ros_tcp_endpoint/msg/detail/ros_unity_error__type_support.c
[0.162s] -- Up-to-date: /home/jeni/Cook_subgoal_test/unity_cooking/ROS2/install/ros_tcp_endpoint/include/ros_tcp_endpoint/ros_tcp_endpoint/msg/detail/ros_unity_srv_message__type_support.c
[0.162s] -- Up-to-date: /home/jeni/Cook_subgoal_test/unity_cooking/ROS2/install/ros_tcp_endpoint/include/ros_tcp_endpoint/ros_tcp_endpoint/msg/detail/ros_unity_srv_message__rosidl_typesupport_introspection_c.h
[0.162s] -- Up-to-date: /home/jeni/Cook_subgoal_test/unity_cooking/ROS2/install/ros_tcp_endpoint/include/ros_tcp_endpoint/ros_tcp_endpoint/msg/detail/ros_unity_sys_command__rosidl_typesupport_introspection_c.h
[0.162s] -- Up-to-date: /home/jeni/Cook_subgoal_test/unity_cooking/ROS2/install/ros_tcp_endpoint/include/ros_tcp_endpoint/ros_tcp_endpoint/msg/detail/ros_unity_error__rosidl_typesupport_introspection_c.h
[0.162s] -- Up-to-date: /home/jeni/Cook_subgoal_test/unity_cooking/ROS2/install/ros_tcp_endpoint/include/ros_tcp_endpoint/ros_tcp_endpoint/msg/detail/ros_unity_sys_command__type_support.c
[0.162s] -- Up-to-date: /home/jeni/Cook_subgoal_test/unity_cooking/ROS2/install/ros_tcp_endpoint/lib/libros_tcp_endpoint__rosidl_typesupport_introspection_c.so
[0.162s] -- Up-to-date: /home/jeni/Cook_subgoal_test/unity_cooking/ROS2/install/ros_tcp_endpoint/lib/libros_tcp_endpoint__rosidl_typesupport_c.so
[0.162s] -- Up-to-date: /home/jeni/Cook_subgoal_test/unity_cooking/ROS2/install/ros_tcp_endpoint/include/ros_tcp_endpoint/ros_tcp_endpoint
[0.162s] -- Up-to-date: /home/jeni/Cook_subgoal_test/unity_cooking/ROS2/install/ros_tcp_endpoint/include/ros_tcp_endpoint/ros_tcp_endpoint/srv
[0.162s] -- Up-to-date: /home/jeni/Cook_subgoal_test/unity_cooking/ROS2/install/ros_tcp_endpoint/include/ros_tcp_endpoint/ros_tcp_endpoint/srv/detail
[0.162s] -- Up-to-date: /home/jeni/Cook_subgoal_test/unity_cooking/ROS2/install/ros_tcp_endpoint/include/ros_tcp_endpoint/ros_tcp_endpoint/srv/detail/ros_unity_topic_list__rosidl_typesupport_introspection_cpp.hpp
[0.162s] -- Up-to-date: /home/jeni/Cook_subgoal_test/unity_cooking/ROS2/install/ros_tcp_endpoint/include/ros_tcp_endpoint/ros_tcp_endpoint/srv/detail/ros_unity_topic_list__type_support.cpp
[0.162s] -- Up-to-date: /home/jeni/Cook_subgoal_test/unity_cooking/ROS2/install/ros_tcp_endpoint/include/ros_tcp_endpoint/ros_tcp_endpoint/msg
[0.162s] -- Up-to-date: /home/jeni/Cook_subgoal_test/unity_cooking/ROS2/install/ros_tcp_endpoint/include/ros_tcp_endpoint/ros_tcp_endpoint/msg/detail
[0.162s] -- Up-to-date: /home/jeni/Cook_subgoal_test/unity_cooking/ROS2/install/ros_tcp_endpoint/include/ros_tcp_endpoint/ros_tcp_endpoint/msg/detail/ros_unity_error__type_support.cpp
[0.162s] -- Up-to-date: /home/jeni/Cook_subgoal_test/unity_cooking/ROS2/install/ros_tcp_endpoint/include/ros_tcp_endpoint/ros_tcp_endpoint/msg/detail/ros_unity_sys_command__rosidl_typesupport_introspection_cpp.hpp
[0.162s] -- Up-to-date: /home/jeni/Cook_subgoal_test/unity_cooking/ROS2/install/ros_tcp_endpoint/include/ros_tcp_endpoint/ros_tcp_endpoint/msg/detail/ros_unity_error__rosidl_typesupport_introspection_cpp.hpp
[0.162s] -- Up-to-date: /home/jeni/Cook_subgoal_test/unity_cooking/ROS2/install/ros_tcp_endpoint/include/ros_tcp_endpoint/ros_tcp_endpoint/msg/detail/ros_unity_srv_message__rosidl_typesupport_introspection_cpp.hpp
[0.162s] -- Up-to-date: /home/jeni/Cook_subgoal_test/unity_cooking/ROS2/install/ros_tcp_endpoint/include/ros_tcp_endpoint/ros_tcp_endpoint/msg/detail/ros_unity_sys_command__type_support.cpp
[0.162s] -- Up-to-date: /home/jeni/Cook_subgoal_test/unity_cooking/ROS2/install/ros_tcp_endpoint/include/ros_tcp_endpoint/ros_tcp_endpoint/msg/detail/ros_unity_srv_message__type_support.cpp
[0.162s] -- Up-to-date: /home/jeni/Cook_subgoal_test/unity_cooking/ROS2/install/ros_tcp_endpoint/lib/libros_tcp_endpoint__rosidl_typesupport_introspection_cpp.so
[0.162s] -- Up-to-date: /home/jeni/Cook_subgoal_test/unity_cooking/ROS2/install/ros_tcp_endpoint/lib/libros_tcp_endpoint__rosidl_typesupport_cpp.so
[0.162s] -- Up-to-date: /home/jeni/Cook_subgoal_test/unity_cooking/ROS2/install/ros_tcp_endpoint/share/ros_tcp_endpoint/environment/pythonpath.sh
[0.162s] -- Up-to-date: /home/jeni/Cook_subgoal_test/unity_cooking/ROS2/install/ros_tcp_endpoint/share/ros_tcp_endpoint/environment/pythonpath.dsv
[0.162s] -- Up-to-date: /home/jeni/Cook_subgoal_test/unity_cooking/ROS2/install/ros_tcp_endpoint/local/lib/python3.10/dist-packages/ros_tcp_endpoint-0.4.0-py3.10.egg-info
[0.162s] -- Installing: /home/jeni/Cook_subgoal_test/unity_cooking/ROS2/install/ros_tcp_endpoint/local/lib/python3.10/dist-packages/ros_tcp_endpoint-0.4.0-py3.10.egg-info/PKG-INFO
[0.162s] -- Installing: /home/jeni/Cook_subgoal_test/unity_cooking/ROS2/install/ros_tcp_endpoint/local/lib/python3.10/dist-packages/ros_tcp_endpoint-0.4.0-py3.10.egg-info/top_level.txt
[0.162s] -- Installing: /home/jeni/Cook_subgoal_test/unity_cooking/ROS2/install/ros_tcp_endpoint/local/lib/python3.10/dist-packages/ros_tcp_endpoint-0.4.0-py3.10.egg-info/dependency_links.txt
[0.162s] -- Installing: /home/jeni/Cook_subgoal_test/unity_cooking/ROS2/install/ros_tcp_endpoint/local/lib/python3.10/dist-packages/ros_tcp_endpoint-0.4.0-py3.10.egg-info/SOURCES.txt
[0.162s] -- Up-to-date: /home/jeni/Cook_subgoal_test/unity_cooking/ROS2/install/ros_tcp_endpoint/local/lib/python3.10/dist-packages/ros_tcp_endpoint
[0.162s] -- Up-to-date: /home/jeni/Cook_subgoal_test/unity_cooking/ROS2/install/ros_tcp_endpoint/local/lib/python3.10/dist-packages/ros_tcp_endpoint/srv
[0.162s] -- Up-to-date: /home/jeni/Cook_subgoal_test/unity_cooking/ROS2/install/ros_tcp_endpoint/local/lib/python3.10/dist-packages/ros_tcp_endpoint/srv/_ros_unity_topic_list_s.c
[0.162s] -- Up-to-date: /home/jeni/Cook_subgoal_test/unity_cooking/ROS2/install/ros_tcp_endpoint/local/lib/python3.10/dist-packages/ros_tcp_endpoint/srv/_ros_unity_topic_list.py
[0.162s] -- Up-to-date: /home/jeni/Cook_subgoal_test/unity_cooking/ROS2/install/ros_tcp_endpoint/local/lib/python3.10/dist-packages/ros_tcp_endpoint/srv/__init__.py
[0.162s] -- Up-to-date: /home/jeni/Cook_subgoal_test/unity_cooking/ROS2/install/ros_tcp_endpoint/local/lib/python3.10/dist-packages/ros_tcp_endpoint/msg
[0.162s] -- Up-to-date: /home/jeni/Cook_subgoal_test/unity_cooking/ROS2/install/ros_tcp_endpoint/local/lib/python3.10/dist-packages/ros_tcp_endpoint/msg/_ros_unity_error.py
[0.162s] -- Up-to-date: /home/jeni/Cook_subgoal_test/unity_cooking/ROS2/install/ros_tcp_endpoint/local/lib/python3.10/dist-packages/ros_tcp_endpoint/msg/_ros_unity_error_s.c
[0.162s] -- Up-to-date: /home/jeni/Cook_subgoal_test/unity_cooking/ROS2/install/ros_tcp_endpoint/local/lib/python3.10/dist-packages/ros_tcp_endpoint/msg/_ros_unity_srv_message.py
[0.162s] -- Up-to-date: /home/jeni/Cook_subgoal_test/unity_cooking/ROS2/install/ros_tcp_endpoint/local/lib/python3.10/dist-packages/ros_tcp_endpoint/msg/__init__.py
[0.162s] -- Up-to-date: /home/jeni/Cook_subgoal_test/unity_cooking/ROS2/install/ros_tcp_endpoint/local/lib/python3.10/dist-packages/ros_tcp_endpoint/msg/_ros_unity_sys_command.py
[0.162s] -- Up-to-date: /home/jeni/Cook_subgoal_test/unity_cooking/ROS2/install/ros_tcp_endpoint/local/lib/python3.10/dist-packages/ros_tcp_endpoint/msg/_ros_unity_sys_command_s.c
[0.162s] -- Up-to-date: /home/jeni/Cook_subgoal_test/unity_cooking/ROS2/install/ros_tcp_endpoint/local/lib/python3.10/dist-packages/ros_tcp_endpoint/msg/_ros_unity_srv_message_s.c
[0.162s] -- Up-to-date: /home/jeni/Cook_subgoal_test/unity_cooking/ROS2/install/ros_tcp_endpoint/local/lib/python3.10/dist-packages/ros_tcp_endpoint/ros_tcp_endpoint_s__rosidl_typesupport_c.cpython-310-x86_64-linux-gnu.so
[0.162s] -- Up-to-date: /home/jeni/Cook_subgoal_test/unity_cooking/ROS2/install/ros_tcp_endpoint/local/lib/python3.10/dist-packages/ros_tcp_endpoint/_ros_tcp_endpoint_s.ep.rosidl_typesupport_introspection_c.c
[0.162s] -- Up-to-date: /home/jeni/Cook_subgoal_test/unity_cooking/ROS2/install/ros_tcp_endpoint/local/lib/python3.10/dist-packages/ros_tcp_endpoint/ros_tcp_endpoint_s__rosidl_typesupport_introspection_c.cpython-310-x86_64-linux-gnu.so
[0.162s] -- Up-to-date: /home/jeni/Cook_subgoal_test/unity_cooking/ROS2/install/ros_tcp_endpoint/local/lib/python3.10/dist-packages/ros_tcp_endpoint/libros_tcp_endpoint__rosidl_generator_py.so
[0.162s] -- Up-to-date: /home/jeni/Cook_subgoal_test/unity_cooking/ROS2/install/ros_tcp_endpoint/local/lib/python3.10/dist-packages/ros_tcp_endpoint/__init__.py
[0.162s] -- Up-to-date: /home/jeni/Cook_subgoal_test/unity_cooking/ROS2/install/ros_tcp_endpoint/local/lib/python3.10/dist-packages/ros_tcp_endpoint/ros_tcp_endpoint_s__rosidl_typesupport_fastrtps_c.cpython-310-x86_64-linux-gnu.so
[0.162s] -- Up-to-date: /home/jeni/Cook_subgoal_test/unity_cooking/ROS2/install/ros_tcp_endpoint/local/lib/python3.10/dist-packages/ros_tcp_endpoint/_ros_tcp_endpoint_s.ep.rosidl_typesupport_c.c
[0.162s] -- Up-to-date: /home/jeni/Cook_subgoal_test/unity_cooking/ROS2/install/ros_tcp_endpoint/local/lib/python3.10/dist-packages/ros_tcp_endpoint/_ros_tcp_endpoint_s.ep.rosidl_typesupport_fastrtps_c.c
[0.176s] Listing '/home/jeni/Cook_subgoal_test/unity_cooking/ROS2/install/ros_tcp_endpoint/local/lib/python3.10/dist-packages/ros_tcp_endpoint'...
[0.176s] Listing '/home/jeni/Cook_subgoal_test/unity_cooking/ROS2/install/ros_tcp_endpoint/local/lib/python3.10/dist-packages/ros_tcp_endpoint/msg'...
[0.176s] Listing '/home/jeni/Cook_subgoal_test/unity_cooking/ROS2/install/ros_tcp_endpoint/local/lib/python3.10/dist-packages/ros_tcp_endpoint/srv'...
[0.178s] -- Up-to-date: /home/jeni/Cook_subgoal_test/unity_cooking/ROS2/install/ros_tcp_endpoint/local/lib/python3.10/dist-packages/ros_tcp_endpoint/ros_tcp_endpoint_s__rosidl_typesupport_fastrtps_c.cpython-310-x86_64-linux-gnu.so
[0.178s] -- Up-to-date: /home/jeni/Cook_subgoal_test/unity_cooking/ROS2/install/ros_tcp_endpoint/local/lib/python3.10/dist-packages/ros_tcp_endpoint/ros_tcp_endpoint_s__rosidl_typesupport_introspection_c.cpython-310-x86_64-linux-gnu.so
[0.178s] -- Up-to-date: /home/jeni/Cook_subgoal_test/unity_cooking/ROS2/install/ros_tcp_endpoint/local/lib/python3.10/dist-packages/ros_tcp_endpoint/ros_tcp_endpoint_s__rosidl_typesupport_c.cpython-310-x86_64-linux-gnu.so
[0.178s] -- Up-to-date: /home/jeni/Cook_subgoal_test/unity_cooking/ROS2/install/ros_tcp_endpoint/lib/libros_tcp_endpoint__rosidl_generator_py.so
[0.178s] -- Up-to-date: /home/jeni/Cook_subgoal_test/unity_cooking/ROS2/install/ros_tcp_endpoint/share/ros_tcp_endpoint/msg/RosUnityError.idl
[0.178s] -- Up-to-date: /home/jeni/Cook_subgoal_test/unity_cooking/ROS2/install/ros_tcp_endpoint/share/ros_tcp_endpoint/msg/RosUnitySrvMessage.idl
[0.179s] -- Up-to-date: /home/jeni/Cook_subgoal_test/unity_cooking/ROS2/install/ros_tcp_endpoint/share/ros_tcp_endpoint/msg/RosUnitySysCommand.idl
[0.179s] -- Up-to-date: /home/jeni/Cook_subgoal_test/unity_cooking/ROS2/install/ros_tcp_endpoint/share/ros_tcp_endpoint/srv/RosUnityTopicList.idl
[0.179s] -- Up-to-date: /home/jeni/Cook_subgoal_test/unity_cooking/ROS2/install/ros_tcp_endpoint/share/ros_tcp_endpoint/msg/RosUnityError.msg
[0.179s] -- Up-to-date: /home/jeni/Cook_subgoal_test/unity_cooking/ROS2/install/ros_tcp_endpoint/share/ros_tcp_endpoint/msg/RosUnitySrvMessage.msg
[0.179s] -- Up-to-date: /home/jeni/Cook_subgoal_test/unity_cooking/ROS2/install/ros_tcp_endpoint/share/ros_tcp_endpoint/msg/RosUnitySysCommand.msg
[0.179s] -- Up-to-date: /home/jeni/Cook_subgoal_test/unity_cooking/ROS2/install/ros_tcp_endpoint/share/ros_tcp_endpoint/srv/RosUnityTopicList.srv
[0.179s] -- Up-to-date: /home/jeni/Cook_subgoal_test/unity_cooking/ROS2/install/ros_tcp_endpoint/share/ros_tcp_endpoint/srv/RosUnityTopicList_Request.msg
[0.179s] -- Up-to-date: /home/jeni/Cook_subgoal_test/unity_cooking/ROS2/install/ros_tcp_endpoint/share/ros_tcp_endpoint/srv/RosUnityTopicList_Response.msg
[0.179s] -- Up-to-date: /home/jeni/Cook_subgoal_test/unity_cooking/ROS2/install/ros_tcp_endpoint/lib/ros_tcp_endpoint
[0.179s] -- Up-to-date: /home/jeni/Cook_subgoal_test/unity_cooking/ROS2/install/ros_tcp_endpoint/lib/ros_tcp_endpoint/requirements.txt
[0.179s] -- Up-to-date: /home/jeni/Cook_subgoal_test/unity_cooking/ROS2/install/ros_tcp_endpoint/lib/ros_tcp_endpoint/srv
[0.179s] -- Up-to-date: /home/jeni/Cook_subgoal_test/unity_cooking/ROS2/install/ros_tcp_endpoint/lib/ros_tcp_endpoint/srv/RosUnityTopicList.srv
[0.179s] -- Up-to-date: /home/jeni/Cook_subgoal_test/unity_cooking/ROS2/install/ros_tcp_endpoint/lib/ros_tcp_endpoint/.github
[0.179s] -- Up-to-date: /home/jeni/Cook_subgoal_test/unity_cooking/ROS2/install/ros_tcp_endpoint/lib/ros_tcp_endpoint/.github/workflows
[0.179s] -- Up-to-date: /home/jeni/Cook_subgoal_test/unity_cooking/ROS2/install/ros_tcp_endpoint/lib/ros_tcp_endpoint/.github/workflows/pre-commit.yaml
[0.179s] -- Up-to-date: /home/jeni/Cook_subgoal_test/unity_cooking/ROS2/install/ros_tcp_endpoint/lib/ros_tcp_endpoint/.github/ISSUE_TEMPLATE
[0.179s] -- Up-to-date: /home/jeni/Cook_subgoal_test/unity_cooking/ROS2/install/ros_tcp_endpoint/lib/ros_tcp_endpoint/.github/ISSUE_TEMPLATE/config.yml
[0.179s] -- Up-to-date: /home/jeni/Cook_subgoal_test/unity_cooking/ROS2/install/ros_tcp_endpoint/lib/ros_tcp_endpoint/.github/ISSUE_TEMPLATE/bug_report.md
[0.179s] -- Up-to-date: /home/jeni/Cook_subgoal_test/unity_cooking/ROS2/install/ros_tcp_endpoint/lib/ros_tcp_endpoint/.github/ISSUE_TEMPLATE/feature_request.md
[0.179s] -- Up-to-date: /home/jeni/Cook_subgoal_test/unity_cooking/ROS2/install/ros_tcp_endpoint/lib/ros_tcp_endpoint/.github/PULL_REQUEST_TEMPLATE.md
[0.179s] -- Up-to-date: /home/jeni/Cook_subgoal_test/unity_cooking/ROS2/install/ros_tcp_endpoint/lib/ros_tcp_endpoint/msg
[0.179s] -- Up-to-date: /home/jeni/Cook_subgoal_test/unity_cooking/ROS2/install/ros_tcp_endpoint/lib/ros_tcp_endpoint/msg/RosUnityError.msg
[0.179s] -- Up-to-date: /home/jeni/Cook_subgoal_test/unity_cooking/ROS2/install/ros_tcp_endpoint/lib/ros_tcp_endpoint/msg/RosUnitySysCommand.msg
[0.179s] -- Up-to-date: /home/jeni/Cook_subgoal_test/unity_cooking/ROS2/install/ros_tcp_endpoint/lib/ros_tcp_endpoint/msg/RosUnitySrvMessage.msg
[0.179s] -- Up-to-date: /home/jeni/Cook_subgoal_test/unity_cooking/ROS2/install/ros_tcp_endpoint/lib/ros_tcp_endpoint/.yamato
[0.179s] -- Up-to-date: /home/jeni/Cook_subgoal_test/unity_cooking/ROS2/install/ros_tcp_endpoint/lib/ros_tcp_endpoint/.yamato/yamato-config.yml
[0.179s] -- Up-to-date: /home/jeni/Cook_subgoal_test/unity_cooking/ROS2/install/ros_tcp_endpoint/lib/ros_tcp_endpoint/setup.py
[0.179s] -- Up-to-date: /home/jeni/Cook_subgoal_test/unity_cooking/ROS2/install/ros_tcp_endpoint/lib/ros_tcp_endpoint/test
[0.179s] -- Up-to-date: /home/jeni/Cook_subgoal_test/unity_cooking/ROS2/install/ros_tcp_endpoint/lib/ros_tcp_endpoint/test/test_ros_service.py
[0.179s] -- Up-to-date: /home/jeni/Cook_subgoal_test/unity_cooking/ROS2/install/ros_tcp_endpoint/lib/ros_tcp_endpoint/test/test_publisher.py
[0.179s] -- Up-to-date: /home/jeni/Cook_subgoal_test/unity_cooking/ROS2/install/ros_tcp_endpoint/lib/ros_tcp_endpoint/test/test_tcp_sender.py
[0.179s] -- Up-to-date: /home/jeni/Cook_subgoal_test/unity_cooking/ROS2/install/ros_tcp_endpoint/lib/ros_tcp_endpoint/test/test_client.py
[0.179s] -- Up-to-date: /home/jeni/Cook_subgoal_test/unity_cooking/ROS2/install/ros_tcp_endpoint/lib/ros_tcp_endpoint/test/__init__.py
[0.179s] -- Up-to-date: /home/jeni/Cook_subgoal_test/unity_cooking/ROS2/install/ros_tcp_endpoint/lib/ros_tcp_endpoint/test/test_server.py
[0.179s] -- Up-to-date: /home/jeni/Cook_subgoal_test/unity_cooking/ROS2/install/ros_tcp_endpoint/lib/ros_tcp_endpoint/test/test_thread_pauser.py
[0.179s] -- Up-to-date: /home/jeni/Cook_subgoal_test/unity_cooking/ROS2/install/ros_tcp_endpoint/lib/ros_tcp_endpoint/test/test_subscriber.py
[0.179s] -- Up-to-date: /home/jeni/Cook_subgoal_test/unity_cooking/ROS2/install/ros_tcp_endpoint/lib/ros_tcp_endpoint/test/test_unity_service.py
[0.179s] -- Up-to-date: /home/jeni/Cook_subgoal_test/unity_cooking/ROS2/install/ros_tcp_endpoint/lib/ros_tcp_endpoint/package.xml
[0.179s] -- Up-to-date: /home/jeni/Cook_subgoal_test/unity_cooking/ROS2/install/ros_tcp_endpoint/lib/ros_tcp_endpoint/CODE_OF_CONDUCT.md
[0.179s] -- Up-to-date: /home/jeni/Cook_subgoal_test/unity_cooking/ROS2/install/ros_tcp_endpoint/lib/ros_tcp_endpoint/config
[0.179s] -- Up-to-date: /home/jeni/Cook_subgoal_test/unity_cooking/ROS2/install/ros_tcp_endpoint/lib/ros_tcp_endpoint/config/params.yaml
[0.179s] -- Up-to-date: /home/jeni/Cook_subgoal_test/unity_cooking/ROS2/install/ros_tcp_endpoint/lib/ros_tcp_endpoint/.gitignore
[0.179s] -- Up-to-date: /home/jeni/Cook_subgoal_test/unity_cooking/ROS2/install/ros_tcp_endpoint/lib/ros_tcp_endpoint/.pre-commit-config.yaml
[0.179s] -- Up-to-date: /home/jeni/Cook_subgoal_test/unity_cooking/ROS2/install/ros_tcp_endpoint/lib/ros_tcp_endpoint/src
[0.179s] -- Up-to-date: /home/jeni/Cook_subgoal_test/unity_cooking/ROS2/install/ros_tcp_endpoint/lib/ros_tcp_endpoint/src/ros_tcp_endpoint
[0.179s] -- Up-to-date: /home/jeni/Cook_subgoal_test/unity_cooking/ROS2/install/ros_tcp_endpoint/lib/ros_tcp_endpoint/src/ros_tcp_endpoint/tcp_sender.py
[0.179s] -- Up-to-date: /home/jeni/Cook_subgoal_test/unity_cooking/ROS2/install/ros_tcp_endpoint/lib/ros_tcp_endpoint/src/ros_tcp_endpoint/service.py
[0.179s] -- Up-to-date: /home/jeni/Cook_subgoal_test/unity_cooking/ROS2/install/ros_tcp_endpoint/lib/ros_tcp_endpoint/src/ros_tcp_endpoint/default_server_endpoint.py
[0.179s] -- Up-to-date: /home/jeni/Cook_subgoal_test/unity_cooking/ROS2/install/ros_tcp_endpoint/lib/ros_tcp_endpoint/src/ros_tcp_endpoint/communication.py
[0.179s] -- Up-to-date: /home/jeni/Cook_subgoal_test/unity_cooking/ROS2/install/ros_tcp_endpoint/lib/ros_tcp_endpoint/src/ros_tcp_endpoint/exceptions.py
[0.180s] -- Up-to-date: /home/jeni/Cook_subgoal_test/unity_cooking/ROS2/install/ros_tcp_endpoint/lib/ros_tcp_endpoint/src/ros_tcp_endpoint/server.py
[0.180s] -- Up-to-date: /home/jeni/Cook_subgoal_test/unity_cooking/ROS2/install/ros_tcp_endpoint/lib/ros_tcp_endpoint/src/ros_tcp_endpoint/unity_service.py
[0.180s] -- Up-to-date: /home/jeni/Cook_subgoal_test/unity_cooking/ROS2/install/ros_tcp_endpoint/lib/ros_tcp_endpoint/src/ros_tcp_endpoint/client.py
[0.180s] -- Up-to-date: /home/jeni/Cook_subgoal_test/unity_cooking/ROS2/install/ros_tcp_endpoint/lib/ros_tcp_endpoint/src/ros_tcp_endpoint/__init__.py
[0.180s] -- Up-to-date: /home/jeni/Cook_subgoal_test/unity_cooking/ROS2/install/ros_tcp_endpoint/lib/ros_tcp_endpoint/src/ros_tcp_endpoint/subscriber.py
[0.180s] -- Up-to-date: /home/jeni/Cook_subgoal_test/unity_cooking/ROS2/install/ros_tcp_endpoint/lib/ros_tcp_endpoint/src/ros_tcp_endpoint/publisher.py
[0.180s] -- Up-to-date: /home/jeni/Cook_subgoal_test/unity_cooking/ROS2/install/ros_tcp_endpoint/lib/ros_tcp_endpoint/src/ros_tcp_endpoint/thread_pauser.py
[0.180s] -- Up-to-date: /home/jeni/Cook_subgoal_test/unity_cooking/ROS2/install/ros_tcp_endpoint/lib/ros_tcp_endpoint/README.md
[0.180s] -- Up-to-date: /home/jeni/Cook_subgoal_test/unity_cooking/ROS2/install/ros_tcp_endpoint/lib/ros_tcp_endpoint/CHANGELOG.md
[0.180s] -- Up-to-date: /home/jeni/Cook_subgoal_test/unity_cooking/ROS2/install/ros_tcp_endpoint/lib/ros_tcp_endpoint/LICENSE
[0.180s] -- Up-to-date: /home/jeni/Cook_subgoal_test/unity_cooking/ROS2/install/ros_tcp_endpoint/lib/ros_tcp_endpoint/CMakeLists.txt
[0.180s] -- Up-to-date: /home/jeni/Cook_subgoal_test/unity_cooking/ROS2/install/ros_tcp_endpoint/lib/ros_tcp_endpoint/CONTRIBUTING.md
[0.180s] -- Up-to-date: /home/jeni/Cook_subgoal_test/unity_cooking/ROS2/install/ros_tcp_endpoint/lib/ros_tcp_endpoint/launch
[0.180s] -- Up-to-date: /home/jeni/Cook_subgoal_test/unity_cooking/ROS2/install/ros_tcp_endpoint/lib/ros_tcp_endpoint/launch/endpoint.launch
[0.180s] -- Up-to-date: /home/jeni/Cook_subgoal_test/unity_cooking/ROS2/install/ros_tcp_endpoint/share/ament_index/resource_index/package_run_dependencies/ros_tcp_endpoint
[0.180s] -- Up-to-date: /home/jeni/Cook_subgoal_test/unity_cooking/ROS2/install/ros_tcp_endpoint/share/ament_index/resource_index/parent_prefix_path/ros_tcp_endpoint
[0.180s] -- Up-to-date: /home/jeni/Cook_subgoal_test/unity_cooking/ROS2/install/ros_tcp_endpoint/share/ros_tcp_endpoint/environment/ament_prefix_path.sh
[0.180s] -- Up-to-date: /home/jeni/Cook_subgoal_test/unity_cooking/ROS2/install/ros_tcp_endpoint/share/ros_tcp_endpoint/environment/ament_prefix_path.dsv
[0.180s] -- Up-to-date: /home/jeni/Cook_subgoal_test/unity_cooking/ROS2/install/ros_tcp_endpoint/share/ros_tcp_endpoint/environment/path.sh
[0.180s] -- Up-to-date: /home/jeni/Cook_subgoal_test/unity_cooking/ROS2/install/ros_tcp_endpoint/share/ros_tcp_endpoint/environment/path.dsv
[0.180s] -- Up-to-date: /home/jeni/Cook_subgoal_test/unity_cooking/ROS2/install/ros_tcp_endpoint/share/ros_tcp_endpoint/local_setup.bash
[0.180s] -- Up-to-date: /home/jeni/Cook_subgoal_test/unity_cooking/ROS2/install/ros_tcp_endpoint/share/ros_tcp_endpoint/local_setup.sh
[0.180s] -- Up-to-date: /home/jeni/Cook_subgoal_test/unity_cooking/ROS2/install/ros_tcp_endpoint/share/ros_tcp_endpoint/local_setup.zsh
[0.180s] -- Up-to-date: /home/jeni/Cook_subgoal_test/unity_cooking/ROS2/install/ros_tcp_endpoint/share/ros_tcp_endpoint/local_setup.dsv
[0.180s] -- Installing: /home/jeni/Cook_subgoal_test/unity_cooking/ROS2/install/ros_tcp_endpoint/share/ros_tcp_endpoint/package.dsv
[0.180s] -- Up-to-date: /home/jeni/Cook_subgoal_test/unity_cooking/ROS2/install/ros_tcp_endpoint/share/ament_index/resource_index/packages/ros_tcp_endpoint
[0.180s] -- Up-to-date: /home/jeni/Cook_subgoal_test/unity_cooking/ROS2/install/ros_tcp_endpoint/share/ros_tcp_endpoint/cmake/export_ros_tcp_endpoint__rosidl_generator_cExport.cmake
[0.180s] -- Up-to-date: /home/jeni/Cook_subgoal_test/unity_cooking/ROS2/install/ros_tcp_endpoint/share/ros_tcp_endpoint/cmake/export_ros_tcp_endpoint__rosidl_generator_cExport-noconfig.cmake
[0.180s] -- Up-to-date: /home/jeni/Cook_subgoal_test/unity_cooking/ROS2/install/ros_tcp_endpoint/share/ros_tcp_endpoint/cmake/export_ros_tcp_endpoint__rosidl_typesupport_fastrtps_cExport.cmake
[0.180s] -- Up-to-date: /home/jeni/Cook_subgoal_test/unity_cooking/ROS2/install/ros_tcp_endpoint/share/ros_tcp_endpoint/cmake/export_ros_tcp_endpoint__rosidl_typesupport_fastrtps_cExport-noconfig.cmake
[0.180s] -- Up-to-date: /home/jeni/Cook_subgoal_test/unity_cooking/ROS2/install/ros_tcp_endpoint/share/ros_tcp_endpoint/cmake/export_ros_tcp_endpoint__rosidl_generator_cppExport.cmake
[0.180s] -- Up-to-date: /home/jeni/Cook_subgoal_test/unity_cooking/ROS2/install/ros_tcp_endpoint/share/ros_tcp_endpoint/cmake/export_ros_tcp_endpoint__rosidl_typesupport_fastrtps_cppExport.cmake
[0.180s] -- Up-to-date: /home/jeni/Cook_subgoal_test/unity_cooking/ROS2/install/ros_tcp_endpoint/share/ros_tcp_endpoint/cmake/export_ros_tcp_endpoint__rosidl_typesupport_fastrtps_cppExport-noconfig.cmake
[0.180s] -- Up-to-date: /home/jeni/Cook_subgoal_test/unity_cooking/ROS2/install/ros_tcp_endpoint/share/ros_tcp_endpoint/cmake/ros_tcp_endpoint__rosidl_typesupport_introspection_cExport.cmake
[0.180s] -- Up-to-date: /home/jeni/Cook_subgoal_test/unity_cooking/ROS2/install/ros_tcp_endpoint/share/ros_tcp_endpoint/cmake/ros_tcp_endpoint__rosidl_typesupport_introspection_cExport-noconfig.cmake
[0.180s] -- Up-to-date: /home/jeni/Cook_subgoal_test/unity_cooking/ROS2/install/ros_tcp_endpoint/share/ros_tcp_endpoint/cmake/ros_tcp_endpoint__rosidl_typesupport_cExport.cmake
[0.180s] -- Up-to-date: /home/jeni/Cook_subgoal_test/unity_cooking/ROS2/install/ros_tcp_endpoint/share/ros_tcp_endpoint/cmake/ros_tcp_endpoint__rosidl_typesupport_cExport-noconfig.cmake
[0.180s] -- Up-to-date: /home/jeni/Cook_subgoal_test/unity_cooking/ROS2/install/ros_tcp_endpoint/share/ros_tcp_endpoint/cmake/ros_tcp_endpoint__rosidl_typesupport_introspection_cppExport.cmake
[0.180s] -- Up-to-date: /home/jeni/Cook_subgoal_test/unity_cooking/ROS2/install/ros_tcp_endpoint/share/ros_tcp_endpoint/cmake/ros_tcp_endpoint__rosidl_typesupport_introspection_cppExport-noconfig.cmake
[0.180s] -- Up-to-date: /home/jeni/Cook_subgoal_test/unity_cooking/ROS2/install/ros_tcp_endpoint/share/ros_tcp_endpoint/cmake/ros_tcp_endpoint__rosidl_typesupport_cppExport.cmake
[0.180s] -- Up-to-date: /home/jeni/Cook_subgoal_test/unity_cooking/ROS2/install/ros_tcp_endpoint/share/ros_tcp_endpoint/cmake/ros_tcp_endpoint__rosidl_typesupport_cppExport-noconfig.cmake
[0.180s] -- Up-to-date: /home/jeni/Cook_subgoal_test/unity_cooking/ROS2/install/ros_tcp_endpoint/share/ros_tcp_endpoint/cmake/export_ros_tcp_endpoint__rosidl_generator_pyExport.cmake
[0.180s] -- Up-to-date: /home/jeni/Cook_subgoal_test/unity_cooking/ROS2/install/ros_tcp_endpoint/share/ros_tcp_endpoint/cmake/export_ros_tcp_endpoint__rosidl_generator_pyExport-noconfig.cmake
[0.180s] -- Up-to-date: /home/jeni/Cook_subgoal_test/unity_cooking/ROS2/install/ros_tcp_endpoint/share/ros_tcp_endpoint/cmake/rosidl_cmake-extras.cmake
[0.180s] -- Up-to-date: /home/jeni/Cook_subgoal_test/unity_cooking/ROS2/install/ros_tcp_endpoint/share/ros_tcp_endpoint/cmake/ament_cmake_export_dependencies-extras.cmake
[0.180s] -- Up-to-date: /home/jeni/Cook_subgoal_test/unity_cooking/ROS2/install/ros_tcp_endpoint/share/ros_tcp_endpoint/cmake/ament_cmake_export_include_directories-extras.cmake
[0.180s] -- Up-to-date: /home/jeni/Cook_subgoal_test/unity_cooking/ROS2/install/ros_tcp_endpoint/share/ros_tcp_endpoint/cmake/ament_cmake_export_libraries-extras.cmake
[0.180s] -- Up-to-date: /home/jeni/Cook_subgoal_test/unity_cooking/ROS2/install/ros_tcp_endpoint/share/ros_tcp_endpoint/cmake/ament_cmake_export_targets-extras.cmake
[0.180s] -- Up-to-date: /home/jeni/Cook_subgoal_test/unity_cooking/ROS2/install/ros_tcp_endpoint/share/ros_tcp_endpoint/cmake/rosidl_cmake_export_typesupport_targets-extras.cmake
[0.180s] -- Up-to-date: /home/jeni/Cook_subgoal_test/unity_cooking/ROS2/install/ros_tcp_endpoint/share/ros_tcp_endpoint/cmake/rosidl_cmake_export_typesupport_libraries-extras.cmake
[0.180s] -- Up-to-date: /home/jeni/Cook_subgoal_test/unity_cooking/ROS2/install/ros_tcp_endpoint/share/ros_tcp_endpoint/cmake/ros_tcp_endpointConfig.cmake
[0.180s] -- Up-to-date: /home/jeni/Cook_subgoal_test/unity_cooking/ROS2/install/ros_tcp_endpoint/share/ros_tcp_endpoint/cmake/ros_tcp_endpointConfig-version.cmake
[0.180s] -- Up-to-date: /home/jeni/Cook_subgoal_test/unity_cooking/ROS2/install/ros_tcp_endpoint/share/ros_tcp_endpoint/package.xml
[0.182s] Invoked command in '/home/jeni/Cook_subgoal_test/unity_cooking/ROS2/build/ros_tcp_endpoint' returned '0': CMAKE_PREFIX_PATH=${CMAKE_PREFIX_PATH}:/opt/ros/humble /usr/bin/cmake --install /home/jeni/Cook_subgoal_test/unity_cooking/ROS2/build/ros_tcp_endpoint
