[0.005s] Invoking command in '/home/jeni/Cook_subgoal_test/unity_cooking/ROS2/build/franka_description': CMAKE_PREFIX_PATH=${CMAKE_PREFIX_PATH}:/opt/ros/humble /usr/bin/cmake /home/jeni/Cook_subgoal_test/unity_cooking/ROS2/src/franka_description -DCMAKE_INSTALL_PREFIX=/home/jeni/Cook_subgoal_test/unity_cooking/ROS2/install/franka_description
[0.031s] -- The C compiler identification is GNU 11.4.0
[0.053s] -- The CXX compiler identification is GNU 11.4.0
[0.056s] -- Detecting C compiler ABI info
[0.082s] -- Detecting C compiler ABI info - done
[0.085s] -- Check for working C compiler: /usr/bin/cc - skipped
[0.085s] -- Detecting C compile features
[0.085s] -- Detecting C compile features - done
[0.087s] -- Detecting CXX compiler ABI info
[0.120s] -- Detecting CXX compiler ABI info - done
[0.123s] -- Check for working CXX compiler: /usr/bin/c++ - skipped
[0.123s] -- Detecting CXX compile features
[0.124s] -- Detecting CXX compile features - done
[0.125s] -- Found ament_cmake: 1.3.12 (/opt/ros/humble/share/ament_cmake/cmake)
[0.187s] -- Found Python3: /usr/bin/python3 (found version "3.10.12") found components: Interpreter 
[0.226s] -- Found xacro: 2.0.13 (/opt/ros/humble/share/xacro/cmake)
[0.255s] -- Configuring done
[0.256s] -- Generating done
[0.257s] -- Build files have been written to: /home/jeni/Cook_subgoal_test/unity_cooking/ROS2/build/franka_description
[0.259s] Invoked command in '/home/jeni/Cook_subgoal_test/unity_cooking/ROS2/build/franka_description' returned '0': CMAKE_PREFIX_PATH=${CMAKE_PREFIX_PATH}:/opt/ros/humble /usr/bin/cmake /home/jeni/Cook_subgoal_test/unity_cooking/ROS2/src/franka_description -DCMAKE_INSTALL_PREFIX=/home/jeni/Cook_subgoal_test/unity_cooking/ROS2/install/franka_description
[0.260s] Invoking command in '/home/jeni/Cook_subgoal_test/unity_cooking/ROS2/build/franka_description': CMAKE_PREFIX_PATH=${CMAKE_PREFIX_PATH}:/opt/ros/humble /usr/bin/cmake --build /home/jeni/Cook_subgoal_test/unity_cooking/ROS2/build/franka_description -- -j16 -l16
[0.277s] Invoked command in '/home/jeni/Cook_subgoal_test/unity_cooking/ROS2/build/franka_description' returned '0': CMAKE_PREFIX_PATH=${CMAKE_PREFIX_PATH}:/opt/ros/humble /usr/bin/cmake --build /home/jeni/Cook_subgoal_test/unity_cooking/ROS2/build/franka_description -- -j16 -l16
[0.282s] Invoking command in '/home/jeni/Cook_subgoal_test/unity_cooking/ROS2/build/franka_description': CMAKE_PREFIX_PATH=${CMAKE_PREFIX_PATH}:/opt/ros/humble /usr/bin/cmake --install /home/jeni/Cook_subgoal_test/unity_cooking/ROS2/build/franka_description
[0.285s] -- Install configuration: ""
[0.285s] -- Installing: /home/jeni/Cook_subgoal_test/unity_cooking/ROS2/install/franka_description/share/ament_index/resource_index/package_run_dependencies/franka_description
[0.285s] -- Installing: /home/jeni/Cook_subgoal_test/unity_cooking/ROS2/install/franka_description/share/ament_index/resource_index/parent_prefix_path/franka_description
[0.285s] -- Installing: /home/jeni/Cook_subgoal_test/unity_cooking/ROS2/install/franka_description/share/franka_description/environment/ament_prefix_path.sh
[0.285s] -- Installing: /home/jeni/Cook_subgoal_test/unity_cooking/ROS2/install/franka_description/share/franka_description/environment/ament_prefix_path.dsv
[0.285s] -- Installing: /home/jeni/Cook_subgoal_test/unity_cooking/ROS2/install/franka_description/share/franka_description/environment/path.sh
[0.285s] -- Installing: /home/jeni/Cook_subgoal_test/unity_cooking/ROS2/install/franka_description/share/franka_description/environment/path.dsv
[0.285s] -- Installing: /home/jeni/Cook_subgoal_test/unity_cooking/ROS2/install/franka_description/share/franka_description/local_setup.bash
[0.285s] -- Installing: /home/jeni/Cook_subgoal_test/unity_cooking/ROS2/install/franka_description/share/franka_description/local_setup.sh
[0.285s] -- Installing: /home/jeni/Cook_subgoal_test/unity_cooking/ROS2/install/franka_description/share/franka_description/local_setup.zsh
[0.285s] -- Installing: /home/jeni/Cook_subgoal_test/unity_cooking/ROS2/install/franka_description/share/franka_description/local_setup.dsv
[0.285s] -- Installing: /home/jeni/Cook_subgoal_test/unity_cooking/ROS2/install/franka_description/share/franka_description/package.dsv
[0.285s] -- Installing: /home/jeni/Cook_subgoal_test/unity_cooking/ROS2/install/franka_description/share/ament_index/resource_index/packages/franka_description
[0.285s] -- Installing: /home/jeni/Cook_subgoal_test/unity_cooking/ROS2/install/franka_description/share/franka_description/cmake/franka_descriptionConfig.cmake
[0.286s] -- Installing: /home/jeni/Cook_subgoal_test/unity_cooking/ROS2/install/franka_description/share/franka_description/cmake/franka_descriptionConfig-version.cmake
[0.286s] -- Installing: /home/jeni/Cook_subgoal_test/unity_cooking/ROS2/install/franka_description/share/franka_description/package.xml
[0.286s] -- Installing: /home/jeni/Cook_subgoal_test/unity_cooking/ROS2/install/franka_description/share/franka_description/meshes
[0.286s] -- Installing: /home/jeni/Cook_subgoal_test/unity_cooking/ROS2/install/franka_description/share/franka_description/meshes/visual
[0.286s] -- Installing: /home/jeni/Cook_subgoal_test/unity_cooking/ROS2/install/franka_description/share/franka_description/meshes/visual/finger.dae
[0.286s] -- Installing: /home/jeni/Cook_subgoal_test/unity_cooking/ROS2/install/franka_description/share/franka_description/meshes/visual/link5.dae
[0.286s] -- Installing: /home/jeni/Cook_subgoal_test/unity_cooking/ROS2/install/franka_description/share/franka_description/meshes/visual/hand.dae
[0.287s] -- Installing: /home/jeni/Cook_subgoal_test/unity_cooking/ROS2/install/franka_description/share/franka_description/meshes/visual/link6.dae
[0.287s] -- Installing: /home/jeni/Cook_subgoal_test/unity_cooking/ROS2/install/franka_description/share/franka_description/meshes/visual/link1.dae
[0.288s] -- Installing: /home/jeni/Cook_subgoal_test/unity_cooking/ROS2/install/franka_description/share/franka_description/meshes/visual/link4.dae
[0.288s] -- Installing: /home/jeni/Cook_subgoal_test/unity_cooking/ROS2/install/franka_description/share/franka_description/meshes/visual/link2.dae
[0.288s] -- Installing: /home/jeni/Cook_subgoal_test/unity_cooking/ROS2/install/franka_description/share/franka_description/meshes/visual/link0.dae
[0.289s] -- Installing: /home/jeni/Cook_subgoal_test/unity_cooking/ROS2/install/franka_description/share/franka_description/meshes/visual/link3.dae
[0.290s] -- Installing: /home/jeni/Cook_subgoal_test/unity_cooking/ROS2/install/franka_description/share/franka_description/meshes/visual/link7.dae
[0.290s] -- Installing: /home/jeni/Cook_subgoal_test/unity_cooking/ROS2/install/franka_description/share/franka_description/robots
[0.290s] -- Installing: /home/jeni/Cook_subgoal_test/unity_cooking/ROS2/install/franka_description/share/franka_description/robots/panda_arm_hand.urdf_rail.xacro
[0.290s] -- Installing: /home/jeni/Cook_subgoal_test/unity_cooking/ROS2/install/franka_description/share/franka_description/robots/panda_arm_rail.xacro
[0.290s] -- Installing: /home/jeni/Cook_subgoal_test/unity_cooking/ROS2/install/franka_description/share/franka_description/robots/hand_rail.xacro
[0.290s] -- Installing: /home/jeni/Cook_subgoal_test/unity_cooking/ROS2/install/franka_description/share/franka_description/robots/panda_arm.urdf.xacro
[0.290s] -- Installing: /home/jeni/Cook_subgoal_test/unity_cooking/ROS2/install/franka_description/share/franka_description/robots/hand.urdf.xacro
[0.291s] -- Installing: /home/jeni/Cook_subgoal_test/unity_cooking/ROS2/install/franka_description/share/franka_description/robots/dual_panda_example.urdf.xacro
[0.291s] -- Installing: /home/jeni/Cook_subgoal_test/unity_cooking/ROS2/install/franka_description/share/franka_description/robots/panda_arm_hand.urdf.xacro
[0.291s] -- Installing: /home/jeni/Cook_subgoal_test/unity_cooking/ROS2/install/franka_description/share/franka_description/robots/hand.xacro
[0.291s] -- Installing: /home/jeni/Cook_subgoal_test/unity_cooking/ROS2/install/franka_description/share/franka_description/robots/panda_arm.xacro
[0.292s] Invoked command in '/home/jeni/Cook_subgoal_test/unity_cooking/ROS2/build/franka_description' returned '0': CMAKE_PREFIX_PATH=${CMAKE_PREFIX_PATH}:/opt/ros/humble /usr/bin/cmake --install /home/jeni/Cook_subgoal_test/unity_cooking/ROS2/build/franka_description
