[35m[1mConsolidate compiler generated dependencies of target panda_move__rosidl_generator_c[0m
[  1%] Built target panda_move__cpp
[ 15%] Built target panda_move__rosidl_generator_c
[35m[1mConsolidate compiler generated dependencies of target panda_move__rosidl_typesupport_cpp[0m
[35m[1mConsolidate compiler generated dependencies of target panda_move__rosidl_typesupport_introspection_cpp[0m
[35m[1mConsolidate compiler generated dependencies of target panda_move__rosidl_typesupport_fastrtps_cpp[0m
[35m[1mConsolidate compiler generated dependencies of target panda_move__rosidl_typesupport_c[0m
[35m[1mConsolidate compiler generated dependencies of target panda_move__rosidl_typesupport_introspection_c[0m
[35m[1mConsolidate compiler generated dependencies of target panda_move__rosidl_typesupport_fastrtps_c[0m
[ 29%] Built target panda_move__rosidl_typesupport_cpp
[ 43%] Built target panda_move__rosidl_typesupport_c
[ 60%] Built target panda_move__rosidl_typesupport_introspection_c
[ 71%] Built target panda_move__rosidl_typesupport_introspection_cpp
[ 85%] Built target panda_move__rosidl_typesupport_fastrtps_cpp
[100%] Built target panda_move__rosidl_typesupport_fastrtps_c
[100%] Built target panda_move
-- Install configuration: ""
-- Up-to-date: /home/jeni/Cook_subgoal_test/unity_cooking/ROS2/install/panda_move/share/ament_index/resource_index/rosidl_interfaces/panda_move
-- Up-to-date: /home/jeni/Cook_subgoal_test/unity_cooking/ROS2/install/panda_move/include/panda_move/panda_move
-- Up-to-date: /home/jeni/Cook_subgoal_test/unity_cooking/ROS2/install/panda_move/include/panda_move/panda_move/srv
-- Up-to-date: /home/jeni/Cook_subgoal_test/unity_cooking/ROS2/install/panda_move/include/panda_move/panda_move/srv/hand.h
-- Up-to-date: /home/jeni/Cook_subgoal_test/unity_cooking/ROS2/install/panda_move/include/panda_move/panda_move/srv/action_sequences.h
-- Up-to-date: /home/jeni/Cook_subgoal_test/unity_cooking/ROS2/install/panda_move/include/panda_move/panda_move/srv/sync.h
-- Up-to-date: /home/jeni/Cook_subgoal_test/unity_cooking/ROS2/install/panda_move/include/panda_move/panda_move/srv/new_state.h
-- Up-to-date: /home/jeni/Cook_subgoal_test/unity_cooking/ROS2/install/panda_move/include/panda_move/panda_move/srv/detail
-- Up-to-date: /home/jeni/Cook_subgoal_test/unity_cooking/ROS2/install/panda_move/include/panda_move/panda_move/srv/detail/sync__functions.h
-- Up-to-date: /home/jeni/Cook_subgoal_test/unity_cooking/ROS2/install/panda_move/include/panda_move/panda_move/srv/detail/action_sequences__functions.h
-- Up-to-date: /home/jeni/Cook_subgoal_test/unity_cooking/ROS2/install/panda_move/include/panda_move/panda_move/srv/detail/init__type_support.h
-- Up-to-date: /home/jeni/Cook_subgoal_test/unity_cooking/ROS2/install/panda_move/include/panda_move/panda_move/srv/detail/motion_check__type_support.h
-- Up-to-date: /home/jeni/Cook_subgoal_test/unity_cooking/ROS2/install/panda_move/include/panda_move/panda_move/srv/detail/init__functions.c
-- Up-to-date: /home/jeni/Cook_subgoal_test/unity_cooking/ROS2/install/panda_move/include/panda_move/panda_move/srv/detail/sync__functions.c
-- Up-to-date: /home/jeni/Cook_subgoal_test/unity_cooking/ROS2/install/panda_move/include/panda_move/panda_move/srv/detail/action_sequences__type_support.h
-- Up-to-date: /home/jeni/Cook_subgoal_test/unity_cooking/ROS2/install/panda_move/include/panda_move/panda_move/srv/detail/init__struct.h
-- Up-to-date: /home/jeni/Cook_subgoal_test/unity_cooking/ROS2/install/panda_move/include/panda_move/panda_move/srv/detail/plan__struct.h
-- Up-to-date: /home/jeni/Cook_subgoal_test/unity_cooking/ROS2/install/panda_move/include/panda_move/panda_move/srv/detail/motion_check__struct.h
-- Up-to-date: /home/jeni/Cook_subgoal_test/unity_cooking/ROS2/install/panda_move/include/panda_move/panda_move/srv/detail/hand__functions.c
-- Up-to-date: /home/jeni/Cook_subgoal_test/unity_cooking/ROS2/install/panda_move/include/panda_move/panda_move/srv/detail/hand__functions.h
-- Up-to-date: /home/jeni/Cook_subgoal_test/unity_cooking/ROS2/install/panda_move/include/panda_move/panda_move/srv/detail/motion_check__functions.h
-- Up-to-date: /home/jeni/Cook_subgoal_test/unity_cooking/ROS2/install/panda_move/include/panda_move/panda_move/srv/detail/plan__functions.c
-- Up-to-date: /home/jeni/Cook_subgoal_test/unity_cooking/ROS2/install/panda_move/include/panda_move/panda_move/srv/detail/sync__struct.h
-- Up-to-date: /home/jeni/Cook_subgoal_test/unity_cooking/ROS2/install/panda_move/include/panda_move/panda_move/srv/detail/sync__type_support.h
-- Up-to-date: /home/jeni/Cook_subgoal_test/unity_cooking/ROS2/install/panda_move/include/panda_move/panda_move/srv/detail/plan__type_support.h
-- Up-to-date: /home/jeni/Cook_subgoal_test/unity_cooking/ROS2/install/panda_move/include/panda_move/panda_move/srv/detail/action_sequences__struct.h
-- Up-to-date: /home/jeni/Cook_subgoal_test/unity_cooking/ROS2/install/panda_move/include/panda_move/panda_move/srv/detail/hand__struct.h
-- Up-to-date: /home/jeni/Cook_subgoal_test/unity_cooking/ROS2/install/panda_move/include/panda_move/panda_move/srv/detail/new_state__struct.h
-- Up-to-date: /home/jeni/Cook_subgoal_test/unity_cooking/ROS2/install/panda_move/include/panda_move/panda_move/srv/detail/new_state__functions.h
-- Up-to-date: /home/jeni/Cook_subgoal_test/unity_cooking/ROS2/install/panda_move/include/panda_move/panda_move/srv/detail/new_state__type_support.h
-- Up-to-date: /home/jeni/Cook_subgoal_test/unity_cooking/ROS2/install/panda_move/include/panda_move/panda_move/srv/detail/init__functions.h
-- Up-to-date: /home/jeni/Cook_subgoal_test/unity_cooking/ROS2/install/panda_move/include/panda_move/panda_move/srv/detail/new_state__functions.c
-- Up-to-date: /home/jeni/Cook_subgoal_test/unity_cooking/ROS2/install/panda_move/include/panda_move/panda_move/srv/detail/motion_check__functions.c
-- Up-to-date: /home/jeni/Cook_subgoal_test/unity_cooking/ROS2/install/panda_move/include/panda_move/panda_move/srv/detail/action_sequences__functions.c
-- Up-to-date: /home/jeni/Cook_subgoal_test/unity_cooking/ROS2/install/panda_move/include/panda_move/panda_move/srv/detail/plan__functions.h
-- Up-to-date: /home/jeni/Cook_subgoal_test/unity_cooking/ROS2/install/panda_move/include/panda_move/panda_move/srv/detail/hand__type_support.h
-- Up-to-date: /home/jeni/Cook_subgoal_test/unity_cooking/ROS2/install/panda_move/include/panda_move/panda_move/srv/motion_check.h
-- Up-to-date: /home/jeni/Cook_subgoal_test/unity_cooking/ROS2/install/panda_move/include/panda_move/panda_move/srv/init.h
-- Up-to-date: /home/jeni/Cook_subgoal_test/unity_cooking/ROS2/install/panda_move/include/panda_move/panda_move/srv/plan.h
-- Up-to-date: /home/jeni/Cook_subgoal_test/unity_cooking/ROS2/install/panda_move/include/panda_move/panda_move/msg
-- Up-to-date: /home/jeni/Cook_subgoal_test/unity_cooking/ROS2/install/panda_move/include/panda_move/panda_move/msg/execution_check.h
-- Up-to-date: /home/jeni/Cook_subgoal_test/unity_cooking/ROS2/install/panda_move/include/panda_move/panda_move/msg/action.h
-- Up-to-date: /home/jeni/Cook_subgoal_test/unity_cooking/ROS2/install/panda_move/include/panda_move/panda_move/msg/predicate.h
-- Up-to-date: /home/jeni/Cook_subgoal_test/unity_cooking/ROS2/install/panda_move/include/panda_move/panda_move/msg/rosidl_generator_c__visibility_control.h
-- Up-to-date: /home/jeni/Cook_subgoal_test/unity_cooking/ROS2/install/panda_move/include/panda_move/panda_move/msg/detail
-- Up-to-date: /home/jeni/Cook_subgoal_test/unity_cooking/ROS2/install/panda_move/include/panda_move/panda_move/msg/detail/action__type_support.h
-- Up-to-date: /home/jeni/Cook_subgoal_test/unity_cooking/ROS2/install/panda_move/include/panda_move/panda_move/msg/detail/predicate__functions.c
-- Up-to-date: /home/jeni/Cook_subgoal_test/unity_cooking/ROS2/install/panda_move/include/panda_move/panda_move/msg/detail/execution_check__type_support.h
-- Up-to-date: /home/jeni/Cook_subgoal_test/unity_cooking/ROS2/install/panda_move/include/panda_move/panda_move/msg/detail/execution_check__functions.h
-- Up-to-date: /home/jeni/Cook_subgoal_test/unity_cooking/ROS2/install/panda_move/include/panda_move/panda_move/msg/detail/predicate__functions.h
-- Up-to-date: /home/jeni/Cook_subgoal_test/unity_cooking/ROS2/install/panda_move/include/panda_move/panda_move/msg/detail/action__functions.h
-- Up-to-date: /home/jeni/Cook_subgoal_test/unity_cooking/ROS2/install/panda_move/include/panda_move/panda_move/msg/detail/execution_check__struct.h
-- Up-to-date: /home/jeni/Cook_subgoal_test/unity_cooking/ROS2/install/panda_move/include/panda_move/panda_move/msg/detail/execution_check__functions.c
-- Up-to-date: /home/jeni/Cook_subgoal_test/unity_cooking/ROS2/install/panda_move/include/panda_move/panda_move/msg/detail/action__functions.c
-- Up-to-date: /home/jeni/Cook_subgoal_test/unity_cooking/ROS2/install/panda_move/include/panda_move/panda_move/msg/detail/predicate__struct.h
-- Up-to-date: /home/jeni/Cook_subgoal_test/unity_cooking/ROS2/install/panda_move/include/panda_move/panda_move/msg/detail/action__struct.h
-- Up-to-date: /home/jeni/Cook_subgoal_test/unity_cooking/ROS2/install/panda_move/include/panda_move/panda_move/msg/detail/predicate__type_support.h
-- Up-to-date: /home/jeni/Cook_subgoal_test/unity_cooking/ROS2/install/panda_move/share/panda_move/environment/library_path.sh
-- Up-to-date: /home/jeni/Cook_subgoal_test/unity_cooking/ROS2/install/panda_move/share/panda_move/environment/library_path.dsv
-- Up-to-date: /home/jeni/Cook_subgoal_test/unity_cooking/ROS2/install/panda_move/lib/libpanda_move__rosidl_generator_c.so
-- Up-to-date: /home/jeni/Cook_subgoal_test/unity_cooking/ROS2/install/panda_move/include/panda_move/panda_move
-- Up-to-date: /home/jeni/Cook_subgoal_test/unity_cooking/ROS2/install/panda_move/include/panda_move/panda_move/srv
-- Up-to-date: /home/jeni/Cook_subgoal_test/unity_cooking/ROS2/install/panda_move/include/panda_move/panda_move/srv/detail
-- Up-to-date: /home/jeni/Cook_subgoal_test/unity_cooking/ROS2/install/panda_move/include/panda_move/panda_move/srv/detail/sync__rosidl_typesupport_fastrtps_c.h
-- Up-to-date: /home/jeni/Cook_subgoal_test/unity_cooking/ROS2/install/panda_move/include/panda_move/panda_move/srv/detail/plan__rosidl_typesupport_fastrtps_c.h
-- Up-to-date: /home/jeni/Cook_subgoal_test/unity_cooking/ROS2/install/panda_move/include/panda_move/panda_move/srv/detail/hand__rosidl_typesupport_fastrtps_c.h
-- Up-to-date: /home/jeni/Cook_subgoal_test/unity_cooking/ROS2/install/panda_move/include/panda_move/panda_move/srv/detail/init__rosidl_typesupport_fastrtps_c.h
-- Up-to-date: /home/jeni/Cook_subgoal_test/unity_cooking/ROS2/install/panda_move/include/panda_move/panda_move/srv/detail/motion_check__rosidl_typesupport_fastrtps_c.h
-- Up-to-date: /home/jeni/Cook_subgoal_test/unity_cooking/ROS2/install/panda_move/include/panda_move/panda_move/srv/detail/new_state__rosidl_typesupport_fastrtps_c.h
-- Up-to-date: /home/jeni/Cook_subgoal_test/unity_cooking/ROS2/install/panda_move/include/panda_move/panda_move/srv/detail/action_sequences__rosidl_typesupport_fastrtps_c.h
-- Up-to-date: /home/jeni/Cook_subgoal_test/unity_cooking/ROS2/install/panda_move/include/panda_move/panda_move/msg
-- Up-to-date: /home/jeni/Cook_subgoal_test/unity_cooking/ROS2/install/panda_move/include/panda_move/panda_move/msg/rosidl_typesupport_fastrtps_c__visibility_control.h
-- Up-to-date: /home/jeni/Cook_subgoal_test/unity_cooking/ROS2/install/panda_move/include/panda_move/panda_move/msg/detail
-- Up-to-date: /home/jeni/Cook_subgoal_test/unity_cooking/ROS2/install/panda_move/include/panda_move/panda_move/msg/detail/predicate__rosidl_typesupport_fastrtps_c.h
-- Up-to-date: /home/jeni/Cook_subgoal_test/unity_cooking/ROS2/install/panda_move/include/panda_move/panda_move/msg/detail/action__rosidl_typesupport_fastrtps_c.h
-- Up-to-date: /home/jeni/Cook_subgoal_test/unity_cooking/ROS2/install/panda_move/include/panda_move/panda_move/msg/detail/execution_check__rosidl_typesupport_fastrtps_c.h
-- Up-to-date: /home/jeni/Cook_subgoal_test/unity_cooking/ROS2/install/panda_move/lib/libpanda_move__rosidl_typesupport_fastrtps_c.so
-- Up-to-date: /home/jeni/Cook_subgoal_test/unity_cooking/ROS2/install/panda_move/include/panda_move/panda_move
-- Up-to-date: /home/jeni/Cook_subgoal_test/unity_cooking/ROS2/install/panda_move/include/panda_move/panda_move/srv
-- Up-to-date: /home/jeni/Cook_subgoal_test/unity_cooking/ROS2/install/panda_move/include/panda_move/panda_move/srv/hand.hpp
-- Up-to-date: /home/jeni/Cook_subgoal_test/unity_cooking/ROS2/install/panda_move/include/panda_move/panda_move/srv/init.hpp
-- Up-to-date: /home/jeni/Cook_subgoal_test/unity_cooking/ROS2/install/panda_move/include/panda_move/panda_move/srv/sync.hpp
-- Up-to-date: /home/jeni/Cook_subgoal_test/unity_cooking/ROS2/install/panda_move/include/panda_move/panda_move/srv/motion_check.hpp
-- Up-to-date: /home/jeni/Cook_subgoal_test/unity_cooking/ROS2/install/panda_move/include/panda_move/panda_move/srv/new_state.hpp
-- Up-to-date: /home/jeni/Cook_subgoal_test/unity_cooking/ROS2/install/panda_move/include/panda_move/panda_move/srv/action_sequences.hpp
-- Up-to-date: /home/jeni/Cook_subgoal_test/unity_cooking/ROS2/install/panda_move/include/panda_move/panda_move/srv/plan.hpp
-- Up-to-date: /home/jeni/Cook_subgoal_test/unity_cooking/ROS2/install/panda_move/include/panda_move/panda_move/srv/detail
-- Up-to-date: /home/jeni/Cook_subgoal_test/unity_cooking/ROS2/install/panda_move/include/panda_move/panda_move/srv/detail/plan__traits.hpp
-- Up-to-date: /home/jeni/Cook_subgoal_test/unity_cooking/ROS2/install/panda_move/include/panda_move/panda_move/srv/detail/action_sequences__struct.hpp
-- Up-to-date: /home/jeni/Cook_subgoal_test/unity_cooking/ROS2/install/panda_move/include/panda_move/panda_move/srv/detail/init__traits.hpp
-- Up-to-date: /home/jeni/Cook_subgoal_test/unity_cooking/ROS2/install/panda_move/include/panda_move/panda_move/srv/detail/hand__struct.hpp
-- Up-to-date: /home/jeni/Cook_subgoal_test/unity_cooking/ROS2/install/panda_move/include/panda_move/panda_move/srv/detail/motion_check__builder.hpp
-- Up-to-date: /home/jeni/Cook_subgoal_test/unity_cooking/ROS2/install/panda_move/include/panda_move/panda_move/srv/detail/sync__builder.hpp
-- Up-to-date: /home/jeni/Cook_subgoal_test/unity_cooking/ROS2/install/panda_move/include/panda_move/panda_move/srv/detail/sync__type_support.hpp
-- Up-to-date: /home/jeni/Cook_subgoal_test/unity_cooking/ROS2/install/panda_move/include/panda_move/panda_move/srv/detail/plan__struct.hpp
-- Up-to-date: /home/jeni/Cook_subgoal_test/unity_cooking/ROS2/install/panda_move/include/panda_move/panda_move/srv/detail/motion_check__type_support.hpp
-- Up-to-date: /home/jeni/Cook_subgoal_test/unity_cooking/ROS2/install/panda_move/include/panda_move/panda_move/srv/detail/hand__traits.hpp
-- Up-to-date: /home/jeni/Cook_subgoal_test/unity_cooking/ROS2/install/panda_move/include/panda_move/panda_move/srv/detail/plan__builder.hpp
-- Up-to-date: /home/jeni/Cook_subgoal_test/unity_cooking/ROS2/install/panda_move/include/panda_move/panda_move/srv/detail/motion_check__struct.hpp
-- Up-to-date: /home/jeni/Cook_subgoal_test/unity_cooking/ROS2/install/panda_move/include/panda_move/panda_move/srv/detail/new_state__traits.hpp
-- Up-to-date: /home/jeni/Cook_subgoal_test/unity_cooking/ROS2/install/panda_move/include/panda_move/panda_move/srv/detail/new_state__struct.hpp
-- Up-to-date: /home/jeni/Cook_subgoal_test/unity_cooking/ROS2/install/panda_move/include/panda_move/panda_move/srv/detail/hand__type_support.hpp
-- Up-to-date: /home/jeni/Cook_subgoal_test/unity_cooking/ROS2/install/panda_move/include/panda_move/panda_move/srv/detail/action_sequences__type_support.hpp
-- Up-to-date: /home/jeni/Cook_subgoal_test/unity_cooking/ROS2/install/panda_move/include/panda_move/panda_move/srv/detail/init__struct.hpp
-- Up-to-date: /home/jeni/Cook_subgoal_test/unity_cooking/ROS2/install/panda_move/include/panda_move/panda_move/srv/detail/motion_check__traits.hpp
-- Up-to-date: /home/jeni/Cook_subgoal_test/unity_cooking/ROS2/install/panda_move/include/panda_move/panda_move/srv/detail/sync__traits.hpp
-- Up-to-date: /home/jeni/Cook_subgoal_test/unity_cooking/ROS2/install/panda_move/include/panda_move/panda_move/srv/detail/action_sequences__builder.hpp
-- Up-to-date: /home/jeni/Cook_subgoal_test/unity_cooking/ROS2/install/panda_move/include/panda_move/panda_move/srv/detail/action_sequences__traits.hpp
-- Up-to-date: /home/jeni/Cook_subgoal_test/unity_cooking/ROS2/install/panda_move/include/panda_move/panda_move/srv/detail/new_state__builder.hpp
-- Up-to-date: /home/jeni/Cook_subgoal_test/unity_cooking/ROS2/install/panda_move/include/panda_move/panda_move/srv/detail/plan__type_support.hpp
-- Up-to-date: /home/jeni/Cook_subgoal_test/unity_cooking/ROS2/install/panda_move/include/panda_move/panda_move/srv/detail/init__type_support.hpp
-- Up-to-date: /home/jeni/Cook_subgoal_test/unity_cooking/ROS2/install/panda_move/include/panda_move/panda_move/srv/detail/new_state__type_support.hpp
-- Up-to-date: /home/jeni/Cook_subgoal_test/unity_cooking/ROS2/install/panda_move/include/panda_move/panda_move/srv/detail/hand__builder.hpp
-- Up-to-date: /home/jeni/Cook_subgoal_test/unity_cooking/ROS2/install/panda_move/include/panda_move/panda_move/srv/detail/sync__struct.hpp
-- Up-to-date: /home/jeni/Cook_subgoal_test/unity_cooking/ROS2/install/panda_move/include/panda_move/panda_move/srv/detail/init__builder.hpp
-- Up-to-date: /home/jeni/Cook_subgoal_test/unity_cooking/ROS2/install/panda_move/include/panda_move/panda_move/msg
-- Up-to-date: /home/jeni/Cook_subgoal_test/unity_cooking/ROS2/install/panda_move/include/panda_move/panda_move/msg/action.hpp
-- Up-to-date: /home/jeni/Cook_subgoal_test/unity_cooking/ROS2/install/panda_move/include/panda_move/panda_move/msg/execution_check.hpp
-- Up-to-date: /home/jeni/Cook_subgoal_test/unity_cooking/ROS2/install/panda_move/include/panda_move/panda_move/msg/predicate.hpp
-- Up-to-date: /home/jeni/Cook_subgoal_test/unity_cooking/ROS2/install/panda_move/include/panda_move/panda_move/msg/rosidl_generator_cpp__visibility_control.hpp
-- Up-to-date: /home/jeni/Cook_subgoal_test/unity_cooking/ROS2/install/panda_move/include/panda_move/panda_move/msg/detail
-- Up-to-date: /home/jeni/Cook_subgoal_test/unity_cooking/ROS2/install/panda_move/include/panda_move/panda_move/msg/detail/execution_check__struct.hpp
-- Up-to-date: /home/jeni/Cook_subgoal_test/unity_cooking/ROS2/install/panda_move/include/panda_move/panda_move/msg/detail/predicate__type_support.hpp
-- Up-to-date: /home/jeni/Cook_subgoal_test/unity_cooking/ROS2/install/panda_move/include/panda_move/panda_move/msg/detail/action__builder.hpp
-- Up-to-date: /home/jeni/Cook_subgoal_test/unity_cooking/ROS2/install/panda_move/include/panda_move/panda_move/msg/detail/action__struct.hpp
-- Up-to-date: /home/jeni/Cook_subgoal_test/unity_cooking/ROS2/install/panda_move/include/panda_move/panda_move/msg/detail/execution_check__traits.hpp
-- Up-to-date: /home/jeni/Cook_subgoal_test/unity_cooking/ROS2/install/panda_move/include/panda_move/panda_move/msg/detail/predicate__traits.hpp
-- Up-to-date: /home/jeni/Cook_subgoal_test/unity_cooking/ROS2/install/panda_move/include/panda_move/panda_move/msg/detail/execution_check__builder.hpp
-- Up-to-date: /home/jeni/Cook_subgoal_test/unity_cooking/ROS2/install/panda_move/include/panda_move/panda_move/msg/detail/predicate__builder.hpp
-- Up-to-date: /home/jeni/Cook_subgoal_test/unity_cooking/ROS2/install/panda_move/include/panda_move/panda_move/msg/detail/action__type_support.hpp
-- Up-to-date: /home/jeni/Cook_subgoal_test/unity_cooking/ROS2/install/panda_move/include/panda_move/panda_move/msg/detail/predicate__struct.hpp
-- Up-to-date: /home/jeni/Cook_subgoal_test/unity_cooking/ROS2/install/panda_move/include/panda_move/panda_move/msg/detail/execution_check__type_support.hpp
-- Up-to-date: /home/jeni/Cook_subgoal_test/unity_cooking/ROS2/install/panda_move/include/panda_move/panda_move/msg/detail/action__traits.hpp
-- Up-to-date: /home/jeni/Cook_subgoal_test/unity_cooking/ROS2/install/panda_move/include/panda_move/panda_move
-- Up-to-date: /home/jeni/Cook_subgoal_test/unity_cooking/ROS2/install/panda_move/include/panda_move/panda_move/srv
-- Up-to-date: /home/jeni/Cook_subgoal_test/unity_cooking/ROS2/install/panda_move/include/panda_move/panda_move/srv/detail
-- Up-to-date: /home/jeni/Cook_subgoal_test/unity_cooking/ROS2/install/panda_move/include/panda_move/panda_move/srv/detail/sync__rosidl_typesupport_fastrtps_cpp.hpp
-- Up-to-date: /home/jeni/Cook_subgoal_test/unity_cooking/ROS2/install/panda_move/include/panda_move/panda_move/srv/detail/motion_check__rosidl_typesupport_fastrtps_cpp.hpp
-- Up-to-date: /home/jeni/Cook_subgoal_test/unity_cooking/ROS2/install/panda_move/include/panda_move/panda_move/srv/detail/init__rosidl_typesupport_fastrtps_cpp.hpp
-- Up-to-date: /home/jeni/Cook_subgoal_test/unity_cooking/ROS2/install/panda_move/include/panda_move/panda_move/srv/detail/action_sequences__rosidl_typesupport_fastrtps_cpp.hpp
-- Up-to-date: /home/jeni/Cook_subgoal_test/unity_cooking/ROS2/install/panda_move/include/panda_move/panda_move/srv/detail/hand__rosidl_typesupport_fastrtps_cpp.hpp
-- Up-to-date: /home/jeni/Cook_subgoal_test/unity_cooking/ROS2/install/panda_move/include/panda_move/panda_move/srv/detail/dds_fastrtps
-- Up-to-date: /home/jeni/Cook_subgoal_test/unity_cooking/ROS2/install/panda_move/include/panda_move/panda_move/srv/detail/new_state__rosidl_typesupport_fastrtps_cpp.hpp
-- Up-to-date: /home/jeni/Cook_subgoal_test/unity_cooking/ROS2/install/panda_move/include/panda_move/panda_move/srv/detail/plan__rosidl_typesupport_fastrtps_cpp.hpp
-- Up-to-date: /home/jeni/Cook_subgoal_test/unity_cooking/ROS2/install/panda_move/include/panda_move/panda_move/msg
-- Up-to-date: /home/jeni/Cook_subgoal_test/unity_cooking/ROS2/install/panda_move/include/panda_move/panda_move/msg/rosidl_typesupport_fastrtps_cpp__visibility_control.h
-- Up-to-date: /home/jeni/Cook_subgoal_test/unity_cooking/ROS2/install/panda_move/include/panda_move/panda_move/msg/detail
-- Up-to-date: /home/jeni/Cook_subgoal_test/unity_cooking/ROS2/install/panda_move/include/panda_move/panda_move/msg/detail/action__rosidl_typesupport_fastrtps_cpp.hpp
-- Up-to-date: /home/jeni/Cook_subgoal_test/unity_cooking/ROS2/install/panda_move/include/panda_move/panda_move/msg/detail/predicate__rosidl_typesupport_fastrtps_cpp.hpp
-- Up-to-date: /home/jeni/Cook_subgoal_test/unity_cooking/ROS2/install/panda_move/include/panda_move/panda_move/msg/detail/execution_check__rosidl_typesupport_fastrtps_cpp.hpp
-- Up-to-date: /home/jeni/Cook_subgoal_test/unity_cooking/ROS2/install/panda_move/include/panda_move/panda_move/msg/detail/dds_fastrtps
-- Up-to-date: /home/jeni/Cook_subgoal_test/unity_cooking/ROS2/install/panda_move/lib/libpanda_move__rosidl_typesupport_fastrtps_cpp.so
-- Up-to-date: /home/jeni/Cook_subgoal_test/unity_cooking/ROS2/install/panda_move/include/panda_move/panda_move
-- Up-to-date: /home/jeni/Cook_subgoal_test/unity_cooking/ROS2/install/panda_move/include/panda_move/panda_move/srv
-- Up-to-date: /home/jeni/Cook_subgoal_test/unity_cooking/ROS2/install/panda_move/include/panda_move/panda_move/srv/detail
-- Up-to-date: /home/jeni/Cook_subgoal_test/unity_cooking/ROS2/install/panda_move/include/panda_move/panda_move/srv/detail/motion_check__rosidl_typesupport_introspection_c.h
-- Up-to-date: /home/jeni/Cook_subgoal_test/unity_cooking/ROS2/install/panda_move/include/panda_move/panda_move/srv/detail/sync__type_support.c
-- Up-to-date: /home/jeni/Cook_subgoal_test/unity_cooking/ROS2/install/panda_move/include/panda_move/panda_move/srv/detail/hand__rosidl_typesupport_introspection_c.h
-- Up-to-date: /home/jeni/Cook_subgoal_test/unity_cooking/ROS2/install/panda_move/include/panda_move/panda_move/srv/detail/plan__rosidl_typesupport_introspection_c.h
-- Up-to-date: /home/jeni/Cook_subgoal_test/unity_cooking/ROS2/install/panda_move/include/panda_move/panda_move/srv/detail/motion_check__type_support.c
-- Up-to-date: /home/jeni/Cook_subgoal_test/unity_cooking/ROS2/install/panda_move/include/panda_move/panda_move/srv/detail/hand__type_support.c
-- Up-to-date: /home/jeni/Cook_subgoal_test/unity_cooking/ROS2/install/panda_move/include/panda_move/panda_move/srv/detail/action_sequences__type_support.c
-- Up-to-date: /home/jeni/Cook_subgoal_test/unity_cooking/ROS2/install/panda_move/include/panda_move/panda_move/srv/detail/new_state__rosidl_typesupport_introspection_c.h
-- Up-to-date: /home/jeni/Cook_subgoal_test/unity_cooking/ROS2/install/panda_move/include/panda_move/panda_move/srv/detail/init__rosidl_typesupport_introspection_c.h
-- Up-to-date: /home/jeni/Cook_subgoal_test/unity_cooking/ROS2/install/panda_move/include/panda_move/panda_move/srv/detail/new_state__type_support.c
-- Up-to-date: /home/jeni/Cook_subgoal_test/unity_cooking/ROS2/install/panda_move/include/panda_move/panda_move/srv/detail/sync__rosidl_typesupport_introspection_c.h
-- Up-to-date: /home/jeni/Cook_subgoal_test/unity_cooking/ROS2/install/panda_move/include/panda_move/panda_move/srv/detail/action_sequences__rosidl_typesupport_introspection_c.h
-- Up-to-date: /home/jeni/Cook_subgoal_test/unity_cooking/ROS2/install/panda_move/include/panda_move/panda_move/srv/detail/init__type_support.c
-- Up-to-date: /home/jeni/Cook_subgoal_test/unity_cooking/ROS2/install/panda_move/include/panda_move/panda_move/srv/detail/plan__type_support.c
-- Up-to-date: /home/jeni/Cook_subgoal_test/unity_cooking/ROS2/install/panda_move/include/panda_move/panda_move/msg
-- Up-to-date: /home/jeni/Cook_subgoal_test/unity_cooking/ROS2/install/panda_move/include/panda_move/panda_move/msg/rosidl_typesupport_introspection_c__visibility_control.h
-- Up-to-date: /home/jeni/Cook_subgoal_test/unity_cooking/ROS2/install/panda_move/include/panda_move/panda_move/msg/detail
-- Up-to-date: /home/jeni/Cook_subgoal_test/unity_cooking/ROS2/install/panda_move/include/panda_move/panda_move/msg/detail/execution_check__type_support.c
-- Up-to-date: /home/jeni/Cook_subgoal_test/unity_cooking/ROS2/install/panda_move/include/panda_move/panda_move/msg/detail/predicate__rosidl_typesupport_introspection_c.h
-- Up-to-date: /home/jeni/Cook_subgoal_test/unity_cooking/ROS2/install/panda_move/include/panda_move/panda_move/msg/detail/execution_check__rosidl_typesupport_introspection_c.h
-- Up-to-date: /home/jeni/Cook_subgoal_test/unity_cooking/ROS2/install/panda_move/include/panda_move/panda_move/msg/detail/action__rosidl_typesupport_introspection_c.h
-- Up-to-date: /home/jeni/Cook_subgoal_test/unity_cooking/ROS2/install/panda_move/include/panda_move/panda_move/msg/detail/predicate__type_support.c
-- Up-to-date: /home/jeni/Cook_subgoal_test/unity_cooking/ROS2/install/panda_move/include/panda_move/panda_move/msg/detail/action__type_support.c
-- Up-to-date: /home/jeni/Cook_subgoal_test/unity_cooking/ROS2/install/panda_move/lib/libpanda_move__rosidl_typesupport_introspection_c.so
-- Up-to-date: /home/jeni/Cook_subgoal_test/unity_cooking/ROS2/install/panda_move/lib/libpanda_move__rosidl_typesupport_c.so
-- Up-to-date: /home/jeni/Cook_subgoal_test/unity_cooking/ROS2/install/panda_move/include/panda_move/panda_move
-- Up-to-date: /home/jeni/Cook_subgoal_test/unity_cooking/ROS2/install/panda_move/include/panda_move/panda_move/srv
-- Up-to-date: /home/jeni/Cook_subgoal_test/unity_cooking/ROS2/install/panda_move/include/panda_move/panda_move/srv/detail
-- Up-to-date: /home/jeni/Cook_subgoal_test/unity_cooking/ROS2/install/panda_move/include/panda_move/panda_move/srv/detail/hand__type_support.cpp
-- Up-to-date: /home/jeni/Cook_subgoal_test/unity_cooking/ROS2/install/panda_move/include/panda_move/panda_move/srv/detail/sync__rosidl_typesupport_introspection_cpp.hpp
-- Up-to-date: /home/jeni/Cook_subgoal_test/unity_cooking/ROS2/install/panda_move/include/panda_move/panda_move/srv/detail/hand__rosidl_typesupport_introspection_cpp.hpp
-- Up-to-date: /home/jeni/Cook_subgoal_test/unity_cooking/ROS2/install/panda_move/include/panda_move/panda_move/srv/detail/action_sequences__type_support.cpp
-- Up-to-date: /home/jeni/Cook_subgoal_test/unity_cooking/ROS2/install/panda_move/include/panda_move/panda_move/srv/detail/motion_check__rosidl_typesupport_introspection_cpp.hpp
-- Up-to-date: /home/jeni/Cook_subgoal_test/unity_cooking/ROS2/install/panda_move/include/panda_move/panda_move/srv/detail/init__rosidl_typesupport_introspection_cpp.hpp
-- Up-to-date: /home/jeni/Cook_subgoal_test/unity_cooking/ROS2/install/panda_move/include/panda_move/panda_move/srv/detail/plan__rosidl_typesupport_introspection_cpp.hpp
-- Up-to-date: /home/jeni/Cook_subgoal_test/unity_cooking/ROS2/install/panda_move/include/panda_move/panda_move/srv/detail/motion_check__type_support.cpp
-- Up-to-date: /home/jeni/Cook_subgoal_test/unity_cooking/ROS2/install/panda_move/include/panda_move/panda_move/srv/detail/sync__type_support.cpp
-- Up-to-date: /home/jeni/Cook_subgoal_test/unity_cooking/ROS2/install/panda_move/include/panda_move/panda_move/srv/detail/plan__type_support.cpp
-- Up-to-date: /home/jeni/Cook_subgoal_test/unity_cooking/ROS2/install/panda_move/include/panda_move/panda_move/srv/detail/new_state__rosidl_typesupport_introspection_cpp.hpp
-- Up-to-date: /home/jeni/Cook_subgoal_test/unity_cooking/ROS2/install/panda_move/include/panda_move/panda_move/srv/detail/action_sequences__rosidl_typesupport_introspection_cpp.hpp
-- Up-to-date: /home/jeni/Cook_subgoal_test/unity_cooking/ROS2/install/panda_move/include/panda_move/panda_move/srv/detail/init__type_support.cpp
-- Up-to-date: /home/jeni/Cook_subgoal_test/unity_cooking/ROS2/install/panda_move/include/panda_move/panda_move/srv/detail/new_state__type_support.cpp
-- Up-to-date: /home/jeni/Cook_subgoal_test/unity_cooking/ROS2/install/panda_move/include/panda_move/panda_move/msg
-- Up-to-date: /home/jeni/Cook_subgoal_test/unity_cooking/ROS2/install/panda_move/include/panda_move/panda_move/msg/detail
-- Up-to-date: /home/jeni/Cook_subgoal_test/unity_cooking/ROS2/install/panda_move/include/panda_move/panda_move/msg/detail/predicate__type_support.cpp
-- Up-to-date: /home/jeni/Cook_subgoal_test/unity_cooking/ROS2/install/panda_move/include/panda_move/panda_move/msg/detail/execution_check__type_support.cpp
-- Up-to-date: /home/jeni/Cook_subgoal_test/unity_cooking/ROS2/install/panda_move/include/panda_move/panda_move/msg/detail/predicate__rosidl_typesupport_introspection_cpp.hpp
-- Up-to-date: /home/jeni/Cook_subgoal_test/unity_cooking/ROS2/install/panda_move/include/panda_move/panda_move/msg/detail/action__rosidl_typesupport_introspection_cpp.hpp
-- Up-to-date: /home/jeni/Cook_subgoal_test/unity_cooking/ROS2/install/panda_move/include/panda_move/panda_move/msg/detail/action__type_support.cpp
-- Up-to-date: /home/jeni/Cook_subgoal_test/unity_cooking/ROS2/install/panda_move/include/panda_move/panda_move/msg/detail/execution_check__rosidl_typesupport_introspection_cpp.hpp
-- Up-to-date: /home/jeni/Cook_subgoal_test/unity_cooking/ROS2/install/panda_move/lib/libpanda_move__rosidl_typesupport_introspection_cpp.so
-- Up-to-date: /home/jeni/Cook_subgoal_test/unity_cooking/ROS2/install/panda_move/lib/libpanda_move__rosidl_typesupport_cpp.so
-- Up-to-date: /home/jeni/Cook_subgoal_test/unity_cooking/ROS2/install/panda_move/share/panda_move/msg/Action.idl
-- Up-to-date: /home/jeni/Cook_subgoal_test/unity_cooking/ROS2/install/panda_move/share/panda_move/msg/Predicate.idl
-- Up-to-date: /home/jeni/Cook_subgoal_test/unity_cooking/ROS2/install/panda_move/share/panda_move/msg/ExecutionCheck.idl
-- Up-to-date: /home/jeni/Cook_subgoal_test/unity_cooking/ROS2/install/panda_move/share/panda_move/srv/Init.idl
-- Up-to-date: /home/jeni/Cook_subgoal_test/unity_cooking/ROS2/install/panda_move/share/panda_move/srv/Sync.idl
-- Up-to-date: /home/jeni/Cook_subgoal_test/unity_cooking/ROS2/install/panda_move/share/panda_move/srv/Plan.idl
-- Up-to-date: /home/jeni/Cook_subgoal_test/unity_cooking/ROS2/install/panda_move/share/panda_move/srv/Hand.idl
-- Up-to-date: /home/jeni/Cook_subgoal_test/unity_cooking/ROS2/install/panda_move/share/panda_move/srv/MotionCheck.idl
-- Up-to-date: /home/jeni/Cook_subgoal_test/unity_cooking/ROS2/install/panda_move/share/panda_move/srv/ActionSequences.idl
-- Up-to-date: /home/jeni/Cook_subgoal_test/unity_cooking/ROS2/install/panda_move/share/panda_move/srv/NewState.idl
-- Up-to-date: /home/jeni/Cook_subgoal_test/unity_cooking/ROS2/install/panda_move/share/panda_move/msg/Action.msg
-- Up-to-date: /home/jeni/Cook_subgoal_test/unity_cooking/ROS2/install/panda_move/share/panda_move/msg/Predicate.msg
-- Up-to-date: /home/jeni/Cook_subgoal_test/unity_cooking/ROS2/install/panda_move/share/panda_move/msg/ExecutionCheck.msg
-- Up-to-date: /home/jeni/Cook_subgoal_test/unity_cooking/ROS2/install/panda_move/share/panda_move/srv/Init.srv
-- Up-to-date: /home/jeni/Cook_subgoal_test/unity_cooking/ROS2/install/panda_move/share/panda_move/srv/Init_Request.msg
-- Up-to-date: /home/jeni/Cook_subgoal_test/unity_cooking/ROS2/install/panda_move/share/panda_move/srv/Init_Response.msg
-- Up-to-date: /home/jeni/Cook_subgoal_test/unity_cooking/ROS2/install/panda_move/share/panda_move/srv/Sync.srv
-- Up-to-date: /home/jeni/Cook_subgoal_test/unity_cooking/ROS2/install/panda_move/share/panda_move/srv/Sync_Request.msg
-- Up-to-date: /home/jeni/Cook_subgoal_test/unity_cooking/ROS2/install/panda_move/share/panda_move/srv/Sync_Response.msg
-- Up-to-date: /home/jeni/Cook_subgoal_test/unity_cooking/ROS2/install/panda_move/share/panda_move/srv/Plan.srv
-- Up-to-date: /home/jeni/Cook_subgoal_test/unity_cooking/ROS2/install/panda_move/share/panda_move/srv/Plan_Request.msg
-- Up-to-date: /home/jeni/Cook_subgoal_test/unity_cooking/ROS2/install/panda_move/share/panda_move/srv/Plan_Response.msg
-- Up-to-date: /home/jeni/Cook_subgoal_test/unity_cooking/ROS2/install/panda_move/share/panda_move/srv/Hand.srv
-- Up-to-date: /home/jeni/Cook_subgoal_test/unity_cooking/ROS2/install/panda_move/share/panda_move/srv/Hand_Request.msg
-- Up-to-date: /home/jeni/Cook_subgoal_test/unity_cooking/ROS2/install/panda_move/share/panda_move/srv/Hand_Response.msg
-- Up-to-date: /home/jeni/Cook_subgoal_test/unity_cooking/ROS2/install/panda_move/share/panda_move/srv/MotionCheck.srv
-- Up-to-date: /home/jeni/Cook_subgoal_test/unity_cooking/ROS2/install/panda_move/share/panda_move/srv/MotionCheck_Request.msg
-- Up-to-date: /home/jeni/Cook_subgoal_test/unity_cooking/ROS2/install/panda_move/share/panda_move/srv/MotionCheck_Response.msg
-- Up-to-date: /home/jeni/Cook_subgoal_test/unity_cooking/ROS2/install/panda_move/share/panda_move/srv/ActionSequences.srv
-- Up-to-date: /home/jeni/Cook_subgoal_test/unity_cooking/ROS2/install/panda_move/share/panda_move/srv/ActionSequences_Request.msg
-- Up-to-date: /home/jeni/Cook_subgoal_test/unity_cooking/ROS2/install/panda_move/share/panda_move/srv/ActionSequences_Response.msg
-- Up-to-date: /home/jeni/Cook_subgoal_test/unity_cooking/ROS2/install/panda_move/share/panda_move/srv/NewState.srv
-- Up-to-date: /home/jeni/Cook_subgoal_test/unity_cooking/ROS2/install/panda_move/share/panda_move/srv/NewState_Request.msg
-- Up-to-date: /home/jeni/Cook_subgoal_test/unity_cooking/ROS2/install/panda_move/share/panda_move/srv/NewState_Response.msg
-- Up-to-date: /home/jeni/Cook_subgoal_test/unity_cooking/ROS2/install/panda_move/lib/panda_move/main_ros2.py
-- Up-to-date: /home/jeni/Cook_subgoal_test/unity_cooking/ROS2/install/panda_move/share/ament_index/resource_index/package_run_dependencies/panda_move
-- Up-to-date: /home/jeni/Cook_subgoal_test/unity_cooking/ROS2/install/panda_move/share/ament_index/resource_index/parent_prefix_path/panda_move
-- Up-to-date: /home/jeni/Cook_subgoal_test/unity_cooking/ROS2/install/panda_move/share/panda_move/environment/ament_prefix_path.sh
-- Up-to-date: /home/jeni/Cook_subgoal_test/unity_cooking/ROS2/install/panda_move/share/panda_move/environment/ament_prefix_path.dsv
-- Up-to-date: /home/jeni/Cook_subgoal_test/unity_cooking/ROS2/install/panda_move/share/panda_move/environment/path.sh
-- Up-to-date: /home/jeni/Cook_subgoal_test/unity_cooking/ROS2/install/panda_move/share/panda_move/environment/path.dsv
-- Up-to-date: /home/jeni/Cook_subgoal_test/unity_cooking/ROS2/install/panda_move/share/panda_move/local_setup.bash
-- Up-to-date: /home/jeni/Cook_subgoal_test/unity_cooking/ROS2/install/panda_move/share/panda_move/local_setup.sh
-- Up-to-date: /home/jeni/Cook_subgoal_test/unity_cooking/ROS2/install/panda_move/share/panda_move/local_setup.zsh
-- Up-to-date: /home/jeni/Cook_subgoal_test/unity_cooking/ROS2/install/panda_move/share/panda_move/local_setup.dsv
-- Installing: /home/jeni/Cook_subgoal_test/unity_cooking/ROS2/install/panda_move/share/panda_move/package.dsv
-- Up-to-date: /home/jeni/Cook_subgoal_test/unity_cooking/ROS2/install/panda_move/share/ament_index/resource_index/packages/panda_move
-- Up-to-date: /home/jeni/Cook_subgoal_test/unity_cooking/ROS2/install/panda_move/share/panda_move/cmake/export_panda_move__rosidl_generator_cExport.cmake
-- Up-to-date: /home/jeni/Cook_subgoal_test/unity_cooking/ROS2/install/panda_move/share/panda_move/cmake/export_panda_move__rosidl_generator_cExport-noconfig.cmake
-- Up-to-date: /home/jeni/Cook_subgoal_test/unity_cooking/ROS2/install/panda_move/share/panda_move/cmake/export_panda_move__rosidl_typesupport_fastrtps_cExport.cmake
-- Up-to-date: /home/jeni/Cook_subgoal_test/unity_cooking/ROS2/install/panda_move/share/panda_move/cmake/export_panda_move__rosidl_typesupport_fastrtps_cExport-noconfig.cmake
-- Up-to-date: /home/jeni/Cook_subgoal_test/unity_cooking/ROS2/install/panda_move/share/panda_move/cmake/export_panda_move__rosidl_generator_cppExport.cmake
-- Up-to-date: /home/jeni/Cook_subgoal_test/unity_cooking/ROS2/install/panda_move/share/panda_move/cmake/export_panda_move__rosidl_typesupport_fastrtps_cppExport.cmake
-- Up-to-date: /home/jeni/Cook_subgoal_test/unity_cooking/ROS2/install/panda_move/share/panda_move/cmake/export_panda_move__rosidl_typesupport_fastrtps_cppExport-noconfig.cmake
-- Up-to-date: /home/jeni/Cook_subgoal_test/unity_cooking/ROS2/install/panda_move/share/panda_move/cmake/panda_move__rosidl_typesupport_introspection_cExport.cmake
-- Up-to-date: /home/jeni/Cook_subgoal_test/unity_cooking/ROS2/install/panda_move/share/panda_move/cmake/panda_move__rosidl_typesupport_introspection_cExport-noconfig.cmake
-- Up-to-date: /home/jeni/Cook_subgoal_test/unity_cooking/ROS2/install/panda_move/share/panda_move/cmake/panda_move__rosidl_typesupport_cExport.cmake
-- Up-to-date: /home/jeni/Cook_subgoal_test/unity_cooking/ROS2/install/panda_move/share/panda_move/cmake/panda_move__rosidl_typesupport_cExport-noconfig.cmake
-- Up-to-date: /home/jeni/Cook_subgoal_test/unity_cooking/ROS2/install/panda_move/share/panda_move/cmake/panda_move__rosidl_typesupport_introspection_cppExport.cmake
-- Up-to-date: /home/jeni/Cook_subgoal_test/unity_cooking/ROS2/install/panda_move/share/panda_move/cmake/panda_move__rosidl_typesupport_introspection_cppExport-noconfig.cmake
-- Up-to-date: /home/jeni/Cook_subgoal_test/unity_cooking/ROS2/install/panda_move/share/panda_move/cmake/panda_move__rosidl_typesupport_cppExport.cmake
-- Up-to-date: /home/jeni/Cook_subgoal_test/unity_cooking/ROS2/install/panda_move/share/panda_move/cmake/panda_move__rosidl_typesupport_cppExport-noconfig.cmake
-- Up-to-date: /home/jeni/Cook_subgoal_test/unity_cooking/ROS2/install/panda_move/share/panda_move/cmake/rosidl_cmake-extras.cmake
-- Up-to-date: /home/jeni/Cook_subgoal_test/unity_cooking/ROS2/install/panda_move/share/panda_move/cmake/ament_cmake_export_dependencies-extras.cmake
-- Up-to-date: /home/jeni/Cook_subgoal_test/unity_cooking/ROS2/install/panda_move/share/panda_move/cmake/ament_cmake_export_include_directories-extras.cmake
-- Up-to-date: /home/jeni/Cook_subgoal_test/unity_cooking/ROS2/install/panda_move/share/panda_move/cmake/ament_cmake_export_libraries-extras.cmake
-- Up-to-date: /home/jeni/Cook_subgoal_test/unity_cooking/ROS2/install/panda_move/share/panda_move/cmake/ament_cmake_export_targets-extras.cmake
-- Up-to-date: /home/jeni/Cook_subgoal_test/unity_cooking/ROS2/install/panda_move/share/panda_move/cmake/rosidl_cmake_export_typesupport_targets-extras.cmake
-- Up-to-date: /home/jeni/Cook_subgoal_test/unity_cooking/ROS2/install/panda_move/share/panda_move/cmake/rosidl_cmake_export_typesupport_libraries-extras.cmake
-- Up-to-date: /home/jeni/Cook_subgoal_test/unity_cooking/ROS2/install/panda_move/share/panda_move/cmake/panda_moveConfig.cmake
-- Up-to-date: /home/jeni/Cook_subgoal_test/unity_cooking/ROS2/install/panda_move/share/panda_move/cmake/panda_moveConfig-version.cmake
-- Up-to-date: /home/jeni/Cook_subgoal_test/unity_cooking/ROS2/install/panda_move/share/panda_move/package.xml
