[0.003s] Invoking command in '/home/jeni/Cook_subgoal_test/unity_cooking/ROS2/build/panda_moveit_config': CMAKE_PREFIX_PATH=/home/jeni/Cook_subgoal_test/unity_cooking/ROS2/install/franka_description:/home/jeni/Cook_subgoal_test/unity_cooking/ROS2/install/panda_move:/home/jeni/Cook_subgoal_test/unity_cooking/ROS2/install/ros_tcp_endpoint:/home/jeni/Cook_subgoal_test/unity_cooking/ROS2/install/panda_moveit_config:/opt/ros/humble /usr/bin/cmake /home/jeni/Cook_subgoal_test/unity_cooking/ROS2/src/panda_moveit_config -DAMENT_CMAKE_SYMLINK_INSTALL=1 -DCMAKE_INSTALL_PREFIX=/home/jeni/Cook_subgoal_test/unity_cooking/ROS2/install/panda_moveit_config
[0.024s] -- The C compiler identification is GNU 11.4.0
[0.048s] -- The CXX compiler identification is GNU 11.4.0
[0.050s] -- Detecting C compiler ABI info
[0.079s] -- Detecting C compiler ABI info - done
[0.082s] -- Check for working C compiler: /usr/bin/cc - skipped
[0.082s] -- Detecting C compile features
[0.082s] -- Detecting C compile features - done
[0.083s] -- Detecting CXX compiler ABI info
[0.115s] -- Detecting CXX compiler ABI info - done
[0.118s] -- Check for working CXX compiler: /usr/bin/c++ - skipped
[0.118s] -- Detecting CXX compile features
[0.118s] -- Detecting CXX compile features - done
[0.120s] -- Found ament_cmake: 1.3.12 (/opt/ros/humble/share/ament_cmake/cmake)
[0.185s] -- Found Python3: /usr/bin/python3 (found version "3.10.12") found components: Interpreter 
[0.211s] -- Override CMake install command with custom implementation using symlinks instead of copying resources
[0.250s] -- Configuring done
[0.251s] -- Generating done
[0.252s] -- Build files have been written to: /home/jeni/Cook_subgoal_test/unity_cooking/ROS2/build/panda_moveit_config
[0.254s] Invoked command in '/home/jeni/Cook_subgoal_test/unity_cooking/ROS2/build/panda_moveit_config' returned '0': CMAKE_PREFIX_PATH=/home/jeni/Cook_subgoal_test/unity_cooking/ROS2/install/franka_description:/home/jeni/Cook_subgoal_test/unity_cooking/ROS2/install/panda_move:/home/jeni/Cook_subgoal_test/unity_cooking/ROS2/install/ros_tcp_endpoint:/home/jeni/Cook_subgoal_test/unity_cooking/ROS2/install/panda_moveit_config:/opt/ros/humble /usr/bin/cmake /home/jeni/Cook_subgoal_test/unity_cooking/ROS2/src/panda_moveit_config -DAMENT_CMAKE_SYMLINK_INSTALL=1 -DCMAKE_INSTALL_PREFIX=/home/jeni/Cook_subgoal_test/unity_cooking/ROS2/install/panda_moveit_config
[0.255s] Invoking command in '/home/jeni/Cook_subgoal_test/unity_cooking/ROS2/build/panda_moveit_config': CMAKE_PREFIX_PATH=/home/jeni/Cook_subgoal_test/unity_cooking/ROS2/install/franka_description:/home/jeni/Cook_subgoal_test/unity_cooking/ROS2/install/panda_move:/home/jeni/Cook_subgoal_test/unity_cooking/ROS2/install/ros_tcp_endpoint:/home/jeni/Cook_subgoal_test/unity_cooking/ROS2/install/panda_moveit_config:/opt/ros/humble /usr/bin/cmake --build /home/jeni/Cook_subgoal_test/unity_cooking/ROS2/build/panda_moveit_config -- -j16 -l16
[0.269s] Invoked command in '/home/jeni/Cook_subgoal_test/unity_cooking/ROS2/build/panda_moveit_config' returned '0': CMAKE_PREFIX_PATH=/home/jeni/Cook_subgoal_test/unity_cooking/ROS2/install/franka_description:/home/jeni/Cook_subgoal_test/unity_cooking/ROS2/install/panda_move:/home/jeni/Cook_subgoal_test/unity_cooking/ROS2/install/ros_tcp_endpoint:/home/jeni/Cook_subgoal_test/unity_cooking/ROS2/install/panda_moveit_config:/opt/ros/humble /usr/bin/cmake --build /home/jeni/Cook_subgoal_test/unity_cooking/ROS2/build/panda_moveit_config -- -j16 -l16
[0.270s] Invoking command in '/home/jeni/Cook_subgoal_test/unity_cooking/ROS2/build/panda_moveit_config': CMAKE_PREFIX_PATH=/home/jeni/Cook_subgoal_test/unity_cooking/ROS2/install/franka_description:/home/jeni/Cook_subgoal_test/unity_cooking/ROS2/install/panda_move:/home/jeni/Cook_subgoal_test/unity_cooking/ROS2/install/ros_tcp_endpoint:/home/jeni/Cook_subgoal_test/unity_cooking/ROS2/install/panda_moveit_config:/opt/ros/humble /usr/bin/cmake --install /home/jeni/Cook_subgoal_test/unity_cooking/ROS2/build/panda_moveit_config
[0.272s] -- Install configuration: ""
[0.273s] -- Execute custom install script
[0.273s] -- Symlinking: /home/jeni/Cook_subgoal_test/unity_cooking/ROS2/install/panda_moveit_config/share/ament_index/resource_index/package_run_dependencies/panda_moveit_config
[0.276s] -- Symlinking: /home/jeni/Cook_subgoal_test/unity_cooking/ROS2/install/panda_moveit_config/share/ament_index/resource_index/parent_prefix_path/panda_moveit_config
[0.279s] -- Symlinking: /home/jeni/Cook_subgoal_test/unity_cooking/ROS2/install/panda_moveit_config/share/panda_moveit_config/environment/ament_prefix_path.sh
[0.281s] -- Symlinking: /home/jeni/Cook_subgoal_test/unity_cooking/ROS2/install/panda_moveit_config/share/panda_moveit_config/environment/ament_prefix_path.dsv
[0.284s] -- Symlinking: /home/jeni/Cook_subgoal_test/unity_cooking/ROS2/install/panda_moveit_config/share/panda_moveit_config/environment/path.sh
[0.287s] -- Symlinking: /home/jeni/Cook_subgoal_test/unity_cooking/ROS2/install/panda_moveit_config/share/panda_moveit_config/environment/path.dsv
[0.290s] -- Symlinking: /home/jeni/Cook_subgoal_test/unity_cooking/ROS2/install/panda_moveit_config/share/panda_moveit_config/local_setup.bash
[0.293s] -- Symlinking: /home/jeni/Cook_subgoal_test/unity_cooking/ROS2/install/panda_moveit_config/share/panda_moveit_config/local_setup.sh
[0.295s] -- Symlinking: /home/jeni/Cook_subgoal_test/unity_cooking/ROS2/install/panda_moveit_config/share/panda_moveit_config/local_setup.zsh
[0.298s] -- Symlinking: /home/jeni/Cook_subgoal_test/unity_cooking/ROS2/install/panda_moveit_config/share/panda_moveit_config/local_setup.dsv
[0.301s] -- Symlinking: /home/jeni/Cook_subgoal_test/unity_cooking/ROS2/install/panda_moveit_config/share/panda_moveit_config/package.dsv
[0.304s] -- Symlinking: /home/jeni/Cook_subgoal_test/unity_cooking/ROS2/install/panda_moveit_config/share/ament_index/resource_index/packages/panda_moveit_config
[0.307s] -- Symlinking: /home/jeni/Cook_subgoal_test/unity_cooking/ROS2/install/panda_moveit_config/share/panda_moveit_config/cmake/panda_moveit_configConfig.cmake
[0.310s] -- Symlinking: /home/jeni/Cook_subgoal_test/unity_cooking/ROS2/install/panda_moveit_config/share/panda_moveit_config/cmake/panda_moveit_configConfig-version.cmake
[0.313s] -- Symlinking: /home/jeni/Cook_subgoal_test/unity_cooking/ROS2/install/panda_moveit_config/share/panda_moveit_config/package.xml
[0.316s] -- Symlinking: /home/jeni/Cook_subgoal_test/unity_cooking/ROS2/install/panda_moveit_config/share/panda_moveit_config/launch/chomp_planning_pipeline.launch.xml
[0.319s] -- Symlinking: /home/jeni/Cook_subgoal_test/unity_cooking/ROS2/install/panda_moveit_config/share/panda_moveit_config/launch/default_warehouse_db.launch
[0.322s] -- Symlinking: /home/jeni/Cook_subgoal_test/unity_cooking/ROS2/install/panda_moveit_config/share/panda_moveit_config/launch/demo.launch
[0.325s] -- Symlinking: /home/jeni/Cook_subgoal_test/unity_cooking/ROS2/install/panda_moveit_config/share/panda_moveit_config/launch/demo_chomp.launch
[0.328s] -- Symlinking: /home/jeni/Cook_subgoal_test/unity_cooking/ROS2/install/panda_moveit_config/share/panda_moveit_config/launch/fake_moveit_controller_manager.launch.xml
[0.331s] -- Symlinking: /home/jeni/Cook_subgoal_test/unity_cooking/ROS2/install/panda_moveit_config/share/panda_moveit_config/launch/joystick_control.launch
[0.334s] -- Symlinking: /home/jeni/Cook_subgoal_test/unity_cooking/ROS2/install/panda_moveit_config/share/panda_moveit_config/launch/lerp_planning_pipeline.launch.xml
[0.337s] -- Symlinking: /home/jeni/Cook_subgoal_test/unity_cooking/ROS2/install/panda_moveit_config/share/panda_moveit_config/launch/move_group.launch
[0.340s] -- Symlinking: /home/jeni/Cook_subgoal_test/unity_cooking/ROS2/install/panda_moveit_config/share/panda_moveit_config/launch/moveit.rviz
[0.343s] -- Symlinking: /home/jeni/Cook_subgoal_test/unity_cooking/ROS2/install/panda_moveit_config/share/panda_moveit_config/launch/moveit_empty.rviz
[0.346s] -- Symlinking: /home/jeni/Cook_subgoal_test/unity_cooking/ROS2/install/panda_moveit_config/share/panda_moveit_config/launch/moveit_rviz.launch
[0.349s] -- Symlinking: /home/jeni/Cook_subgoal_test/unity_cooking/ROS2/install/panda_moveit_config/share/panda_moveit_config/launch/ompl-chomp_planning_pipeline.launch.xml
[0.351s] -- Symlinking: /home/jeni/Cook_subgoal_test/unity_cooking/ROS2/install/panda_moveit_config/share/panda_moveit_config/launch/ompl_planning_pipeline.launch.xml
[0.354s] -- Symlinking: /home/jeni/Cook_subgoal_test/unity_cooking/ROS2/install/panda_moveit_config/share/panda_moveit_config/launch/panda_control_moveit_rviz.launch
[0.357s] -- Symlinking: /home/jeni/Cook_subgoal_test/unity_cooking/ROS2/install/panda_moveit_config/share/panda_moveit_config/launch/panda_gripper_moveit_controller_manager.launch.xml
[0.360s] -- Symlinking: /home/jeni/Cook_subgoal_test/unity_cooking/ROS2/install/panda_moveit_config/share/panda_moveit_config/launch/panda_moveit.launch
[0.362s] -- Symlinking: /home/jeni/Cook_subgoal_test/unity_cooking/ROS2/install/panda_moveit_config/share/panda_moveit_config/launch/panda_moveit_controller_manager.launch.xml
[0.365s] -- Symlinking: /home/jeni/Cook_subgoal_test/unity_cooking/ROS2/install/panda_moveit_config/share/panda_moveit_config/launch/panda_moveit_sensor_manager.launch.xml
[0.368s] -- Symlinking: /home/jeni/Cook_subgoal_test/unity_cooking/ROS2/install/panda_moveit_config/share/panda_moveit_config/launch/planning_context.launch
[0.371s] -- Symlinking: /home/jeni/Cook_subgoal_test/unity_cooking/ROS2/install/panda_moveit_config/share/panda_moveit_config/launch/planning_pipeline.launch.xml
[0.374s] -- Symlinking: /home/jeni/Cook_subgoal_test/unity_cooking/ROS2/install/panda_moveit_config/share/panda_moveit_config/launch/run_benchmark_ompl.launch
[0.377s] -- Symlinking: /home/jeni/Cook_subgoal_test/unity_cooking/ROS2/install/panda_moveit_config/share/panda_moveit_config/launch/run_benchmark_trajopt.launch
[0.379s] -- Symlinking: /home/jeni/Cook_subgoal_test/unity_cooking/ROS2/install/panda_moveit_config/share/panda_moveit_config/launch/sensor_manager.launch.xml
[0.382s] -- Symlinking: /home/jeni/Cook_subgoal_test/unity_cooking/ROS2/install/panda_moveit_config/share/panda_moveit_config/launch/stomp_planning_pipeline.launch.xml
[0.385s] -- Symlinking: /home/jeni/Cook_subgoal_test/unity_cooking/ROS2/install/panda_moveit_config/share/panda_moveit_config/launch/trajectory_execution.launch.xml
[0.388s] -- Symlinking: /home/jeni/Cook_subgoal_test/unity_cooking/ROS2/install/panda_moveit_config/share/panda_moveit_config/launch/trajopt_planning_pipeline.launch.xml
[0.391s] -- Symlinking: /home/jeni/Cook_subgoal_test/unity_cooking/ROS2/install/panda_moveit_config/share/panda_moveit_config/launch/warehouse.launch
[0.394s] -- Symlinking: /home/jeni/Cook_subgoal_test/unity_cooking/ROS2/install/panda_moveit_config/share/panda_moveit_config/launch/warehouse_settings.launch.xml
[0.397s] -- Symlinking: /home/jeni/Cook_subgoal_test/unity_cooking/ROS2/install/panda_moveit_config/share/panda_moveit_config/config/chomp_planning.yaml
[0.400s] -- Symlinking: /home/jeni/Cook_subgoal_test/unity_cooking/ROS2/install/panda_moveit_config/share/panda_moveit_config/config/fake_controllers.yaml
[0.404s] -- Symlinking: /home/jeni/Cook_subgoal_test/unity_cooking/ROS2/install/panda_moveit_config/share/panda_moveit_config/config/hand.xacro
[0.407s] -- Symlinking: /home/jeni/Cook_subgoal_test/unity_cooking/ROS2/install/panda_moveit_config/share/panda_moveit_config/config/joint_limits.yaml
[0.410s] -- Symlinking: /home/jeni/Cook_subgoal_test/unity_cooking/ROS2/install/panda_moveit_config/share/panda_moveit_config/config/kinematics.yaml
[0.413s] -- Symlinking: /home/jeni/Cook_subgoal_test/unity_cooking/ROS2/install/panda_moveit_config/share/panda_moveit_config/config/lerp_planning.yaml
[0.416s] -- Symlinking: /home/jeni/Cook_subgoal_test/unity_cooking/ROS2/install/panda_moveit_config/share/panda_moveit_config/config/ompl_planning.yaml
[0.420s] -- Symlinking: /home/jeni/Cook_subgoal_test/unity_cooking/ROS2/install/panda_moveit_config/share/panda_moveit_config/config/panda_arm.srdf.xacro
[0.423s] -- Symlinking: /home/jeni/Cook_subgoal_test/unity_cooking/ROS2/install/panda_moveit_config/share/panda_moveit_config/config/panda_arm.xacro
[0.427s] -- Symlinking: /home/jeni/Cook_subgoal_test/unity_cooking/ROS2/install/panda_moveit_config/share/panda_moveit_config/config/panda_arm_hand.srdf.xacro
[0.430s] -- Symlinking: /home/jeni/Cook_subgoal_test/unity_cooking/ROS2/install/panda_moveit_config/share/panda_moveit_config/config/panda_arm_hand.srdf_rail.xacro
[0.433s] -- Symlinking: /home/jeni/Cook_subgoal_test/unity_cooking/ROS2/install/panda_moveit_config/share/panda_moveit_config/config/panda_arm_rail.xacro
[0.436s] -- Symlinking: /home/jeni/Cook_subgoal_test/unity_cooking/ROS2/install/panda_moveit_config/share/panda_moveit_config/config/panda_controllers.yaml
[0.439s] -- Symlinking: /home/jeni/Cook_subgoal_test/unity_cooking/ROS2/install/panda_moveit_config/share/panda_moveit_config/config/panda_gripper_controllers.yaml
[0.441s] -- Symlinking: /home/jeni/Cook_subgoal_test/unity_cooking/ROS2/install/panda_moveit_config/share/panda_moveit_config/config/sensors_kinect_depthmap.yaml
[0.444s] -- Symlinking: /home/jeni/Cook_subgoal_test/unity_cooking/ROS2/install/panda_moveit_config/share/panda_moveit_config/config/sensors_kinect_pointcloud.yaml
[0.447s] -- Symlinking: /home/jeni/Cook_subgoal_test/unity_cooking/ROS2/install/panda_moveit_config/share/panda_moveit_config/config/stomp_planning.yaml
[0.449s] -- Symlinking: /home/jeni/Cook_subgoal_test/unity_cooking/ROS2/install/panda_moveit_config/share/panda_moveit_config/config/trajopt_planning.yaml
[0.454s] Invoked command in '/home/jeni/Cook_subgoal_test/unity_cooking/ROS2/build/panda_moveit_config' returned '0': CMAKE_PREFIX_PATH=/home/jeni/Cook_subgoal_test/unity_cooking/ROS2/install/franka_description:/home/jeni/Cook_subgoal_test/unity_cooking/ROS2/install/panda_move:/home/jeni/Cook_subgoal_test/unity_cooking/ROS2/install/ros_tcp_endpoint:/home/jeni/Cook_subgoal_test/unity_cooking/ROS2/install/panda_moveit_config:/opt/ros/humble /usr/bin/cmake --install /home/jeni/Cook_subgoal_test/unity_cooking/ROS2/build/panda_moveit_config
