[0.004s] Invoking command in '/home/jeni/Cook_subgoal_test/unity_cooking/ROS2/build/panda_move': CMAKE_PREFIX_PATH=/home/jeni/Cook_subgoal_test/unity_cooking/ROS2/install/ros_tcp_endpoint:/home/jeni/Cook_subgoal_test/unity_cooking/ROS2/install/panda_move:/home/jeni/Cook_subgoal_test/unity_cooking/ROS2/install/panda_moveit_config:/home/jeni/Cook_subgoal_test/unity_cooking/ROS2/install/franka_description:/opt/ros/humble LD_LIBRARY_PATH=/home/jeni/Cook_subgoal_test/unity_cooking/ROS2/install/ros_tcp_endpoint/lib:/home/jeni/Cook_subgoal_test/unity_cooking/ROS2/install/panda_move/lib:/home/jeni/Cook_subgoal_test/unity_cooking/ROS2/src/install/my_ros_tcp_endpoint/lib:/usr/local/cuda-12.4/lib64:/opt/ros/humble/opt/rviz_ogre_vendor/lib:/opt/ros/humble/lib/x86_64-linux-gnu:/opt/ros/humble/lib:/usr/local/cuda-12.4/lib64 /usr/bin/cmake --build /home/jeni/Cook_subgoal_test/unity_cooking/ROS2/build/panda_move -- -j16 -l16
[0.026s] [35m[1mConsolidate compiler generated dependencies of target panda_move__rosidl_generator_c[0m
[0.030s] [  1%] Built target panda_move__cpp
[0.032s] [ 15%] Built target panda_move__rosidl_generator_c
[0.036s] [35m[1mConsolidate compiler generated dependencies of target panda_move__rosidl_typesupport_cpp[0m
[0.036s] [35m[1mConsolidate compiler generated dependencies of target panda_move__rosidl_typesupport_introspection_cpp[0m
[0.036s] [35m[1mConsolidate compiler generated dependencies of target panda_move__rosidl_typesupport_fastrtps_cpp[0m
[0.037s] [35m[1mConsolidate compiler generated dependencies of target panda_move__rosidl_typesupport_introspection_c[0m
[0.037s] [35m[1mConsolidate compiler generated dependencies of target panda_move__rosidl_typesupport_c[0m
[0.037s] [35m[1mConsolidate compiler generated dependencies of target panda_move__rosidl_typesupport_fastrtps_c[0m
[0.044s] [ 41%] Built target panda_move__rosidl_typesupport_c
[0.044s] [ 43%] Built target panda_move__rosidl_typesupport_introspection_c
[0.044s] [ 57%] Built target panda_move__rosidl_typesupport_cpp
[0.044s] [ 71%] Built target panda_move__rosidl_typesupport_introspection_cpp
[0.045s] [ 85%] Built target panda_move__rosidl_typesupport_fastrtps_cpp
[0.046s] [100%] Built target panda_move__rosidl_typesupport_fastrtps_c
[0.054s] [100%] Built target panda_move
[0.059s] Invoked command in '/home/jeni/Cook_subgoal_test/unity_cooking/ROS2/build/panda_move' returned '0': CMAKE_PREFIX_PATH=/home/jeni/Cook_subgoal_test/unity_cooking/ROS2/install/ros_tcp_endpoint:/home/jeni/Cook_subgoal_test/unity_cooking/ROS2/install/panda_move:/home/jeni/Cook_subgoal_test/unity_cooking/ROS2/install/panda_moveit_config:/home/jeni/Cook_subgoal_test/unity_cooking/ROS2/install/franka_description:/opt/ros/humble LD_LIBRARY_PATH=/home/jeni/Cook_subgoal_test/unity_cooking/ROS2/install/ros_tcp_endpoint/lib:/home/jeni/Cook_subgoal_test/unity_cooking/ROS2/install/panda_move/lib:/home/jeni/Cook_subgoal_test/unity_cooking/ROS2/src/install/my_ros_tcp_endpoint/lib:/usr/local/cuda-12.4/lib64:/opt/ros/humble/opt/rviz_ogre_vendor/lib:/opt/ros/humble/lib/x86_64-linux-gnu:/opt/ros/humble/lib:/usr/local/cuda-12.4/lib64 /usr/bin/cmake --build /home/jeni/Cook_subgoal_test/unity_cooking/ROS2/build/panda_move -- -j16 -l16
[0.060s] Invoking command in '/home/jeni/Cook_subgoal_test/unity_cooking/ROS2/build/panda_move': CMAKE_PREFIX_PATH=/home/jeni/Cook_subgoal_test/unity_cooking/ROS2/install/ros_tcp_endpoint:/home/jeni/Cook_subgoal_test/unity_cooking/ROS2/install/panda_move:/home/jeni/Cook_subgoal_test/unity_cooking/ROS2/install/panda_moveit_config:/home/jeni/Cook_subgoal_test/unity_cooking/ROS2/install/franka_description:/opt/ros/humble LD_LIBRARY_PATH=/home/jeni/Cook_subgoal_test/unity_cooking/ROS2/install/ros_tcp_endpoint/lib:/home/jeni/Cook_subgoal_test/unity_cooking/ROS2/install/panda_move/lib:/home/jeni/Cook_subgoal_test/unity_cooking/ROS2/src/install/my_ros_tcp_endpoint/lib:/usr/local/cuda-12.4/lib64:/opt/ros/humble/opt/rviz_ogre_vendor/lib:/opt/ros/humble/lib/x86_64-linux-gnu:/opt/ros/humble/lib:/usr/local/cuda-12.4/lib64 /usr/bin/cmake --install /home/jeni/Cook_subgoal_test/unity_cooking/ROS2/build/panda_move
[0.063s] -- Install configuration: ""
[0.063s] -- Up-to-date: /home/jeni/Cook_subgoal_test/unity_cooking/ROS2/install/panda_move/share/ament_index/resource_index/rosidl_interfaces/panda_move
[0.063s] -- Up-to-date: /home/jeni/Cook_subgoal_test/unity_cooking/ROS2/install/panda_move/include/panda_move/panda_move
[0.064s] -- Up-to-date: /home/jeni/Cook_subgoal_test/unity_cooking/ROS2/install/panda_move/include/panda_move/panda_move/srv
[0.064s] -- Up-to-date: /home/jeni/Cook_subgoal_test/unity_cooking/ROS2/install/panda_move/include/panda_move/panda_move/srv/hand.h
[0.064s] -- Up-to-date: /home/jeni/Cook_subgoal_test/unity_cooking/ROS2/install/panda_move/include/panda_move/panda_move/srv/action_sequences.h
[0.064s] -- Up-to-date: /home/jeni/Cook_subgoal_test/unity_cooking/ROS2/install/panda_move/include/panda_move/panda_move/srv/sync.h
[0.064s] -- Up-to-date: /home/jeni/Cook_subgoal_test/unity_cooking/ROS2/install/panda_move/include/panda_move/panda_move/srv/new_state.h
[0.064s] -- Up-to-date: /home/jeni/Cook_subgoal_test/unity_cooking/ROS2/install/panda_move/include/panda_move/panda_move/srv/detail
[0.064s] -- Up-to-date: /home/jeni/Cook_subgoal_test/unity_cooking/ROS2/install/panda_move/include/panda_move/panda_move/srv/detail/sync__functions.h
[0.064s] -- Up-to-date: /home/jeni/Cook_subgoal_test/unity_cooking/ROS2/install/panda_move/include/panda_move/panda_move/srv/detail/action_sequences__functions.h
[0.064s] -- Up-to-date: /home/jeni/Cook_subgoal_test/unity_cooking/ROS2/install/panda_move/include/panda_move/panda_move/srv/detail/init__type_support.h
[0.064s] -- Up-to-date: /home/jeni/Cook_subgoal_test/unity_cooking/ROS2/install/panda_move/include/panda_move/panda_move/srv/detail/motion_check__type_support.h
[0.064s] -- Up-to-date: /home/jeni/Cook_subgoal_test/unity_cooking/ROS2/install/panda_move/include/panda_move/panda_move/srv/detail/init__functions.c
[0.064s] -- Up-to-date: /home/jeni/Cook_subgoal_test/unity_cooking/ROS2/install/panda_move/include/panda_move/panda_move/srv/detail/sync__functions.c
[0.064s] -- Up-to-date: /home/jeni/Cook_subgoal_test/unity_cooking/ROS2/install/panda_move/include/panda_move/panda_move/srv/detail/action_sequences__type_support.h
[0.064s] -- Up-to-date: /home/jeni/Cook_subgoal_test/unity_cooking/ROS2/install/panda_move/include/panda_move/panda_move/srv/detail/init__struct.h
[0.064s] -- Up-to-date: /home/jeni/Cook_subgoal_test/unity_cooking/ROS2/install/panda_move/include/panda_move/panda_move/srv/detail/plan__struct.h
[0.064s] -- Up-to-date: /home/jeni/Cook_subgoal_test/unity_cooking/ROS2/install/panda_move/include/panda_move/panda_move/srv/detail/motion_check__struct.h
[0.064s] -- Up-to-date: /home/jeni/Cook_subgoal_test/unity_cooking/ROS2/install/panda_move/include/panda_move/panda_move/srv/detail/hand__functions.c
[0.064s] -- Up-to-date: /home/jeni/Cook_subgoal_test/unity_cooking/ROS2/install/panda_move/include/panda_move/panda_move/srv/detail/hand__functions.h
[0.064s] -- Up-to-date: /home/jeni/Cook_subgoal_test/unity_cooking/ROS2/install/panda_move/include/panda_move/panda_move/srv/detail/motion_check__functions.h
[0.064s] -- Up-to-date: /home/jeni/Cook_subgoal_test/unity_cooking/ROS2/install/panda_move/include/panda_move/panda_move/srv/detail/plan__functions.c
[0.064s] -- Up-to-date: /home/jeni/Cook_subgoal_test/unity_cooking/ROS2/install/panda_move/include/panda_move/panda_move/srv/detail/sync__struct.h
[0.064s] -- Up-to-date: /home/jeni/Cook_subgoal_test/unity_cooking/ROS2/install/panda_move/include/panda_move/panda_move/srv/detail/sync__type_support.h
[0.064s] -- Up-to-date: /home/jeni/Cook_subgoal_test/unity_cooking/ROS2/install/panda_move/include/panda_move/panda_move/srv/detail/plan__type_support.h
[0.064s] -- Up-to-date: /home/jeni/Cook_subgoal_test/unity_cooking/ROS2/install/panda_move/include/panda_move/panda_move/srv/detail/action_sequences__struct.h
[0.064s] -- Up-to-date: /home/jeni/Cook_subgoal_test/unity_cooking/ROS2/install/panda_move/include/panda_move/panda_move/srv/detail/hand__struct.h
[0.064s] -- Up-to-date: /home/jeni/Cook_subgoal_test/unity_cooking/ROS2/install/panda_move/include/panda_move/panda_move/srv/detail/new_state__struct.h
[0.064s] -- Up-to-date: /home/jeni/Cook_subgoal_test/unity_cooking/ROS2/install/panda_move/include/panda_move/panda_move/srv/detail/new_state__functions.h
[0.064s] -- Up-to-date: /home/jeni/Cook_subgoal_test/unity_cooking/ROS2/install/panda_move/include/panda_move/panda_move/srv/detail/new_state__type_support.h
[0.064s] -- Up-to-date: /home/jeni/Cook_subgoal_test/unity_cooking/ROS2/install/panda_move/include/panda_move/panda_move/srv/detail/init__functions.h
[0.064s] -- Up-to-date: /home/jeni/Cook_subgoal_test/unity_cooking/ROS2/install/panda_move/include/panda_move/panda_move/srv/detail/new_state__functions.c
[0.064s] -- Up-to-date: /home/jeni/Cook_subgoal_test/unity_cooking/ROS2/install/panda_move/include/panda_move/panda_move/srv/detail/motion_check__functions.c
[0.064s] -- Up-to-date: /home/jeni/Cook_subgoal_test/unity_cooking/ROS2/install/panda_move/include/panda_move/panda_move/srv/detail/action_sequences__functions.c
[0.064s] -- Up-to-date: /home/jeni/Cook_subgoal_test/unity_cooking/ROS2/install/panda_move/include/panda_move/panda_move/srv/detail/plan__functions.h
[0.064s] -- Up-to-date: /home/jeni/Cook_subgoal_test/unity_cooking/ROS2/install/panda_move/include/panda_move/panda_move/srv/detail/hand__type_support.h
[0.064s] -- Up-to-date: /home/jeni/Cook_subgoal_test/unity_cooking/ROS2/install/panda_move/include/panda_move/panda_move/srv/motion_check.h
[0.064s] -- Up-to-date: /home/jeni/Cook_subgoal_test/unity_cooking/ROS2/install/panda_move/include/panda_move/panda_move/srv/init.h
[0.064s] -- Up-to-date: /home/jeni/Cook_subgoal_test/unity_cooking/ROS2/install/panda_move/include/panda_move/panda_move/srv/plan.h
[0.064s] -- Up-to-date: /home/jeni/Cook_subgoal_test/unity_cooking/ROS2/install/panda_move/include/panda_move/panda_move/msg
[0.064s] -- Up-to-date: /home/jeni/Cook_subgoal_test/unity_cooking/ROS2/install/panda_move/include/panda_move/panda_move/msg/execution_check.h
[0.064s] -- Up-to-date: /home/jeni/Cook_subgoal_test/unity_cooking/ROS2/install/panda_move/include/panda_move/panda_move/msg/action.h
[0.064s] -- Up-to-date: /home/jeni/Cook_subgoal_test/unity_cooking/ROS2/install/panda_move/include/panda_move/panda_move/msg/predicate.h
[0.064s] -- Up-to-date: /home/jeni/Cook_subgoal_test/unity_cooking/ROS2/install/panda_move/include/panda_move/panda_move/msg/rosidl_generator_c__visibility_control.h
[0.064s] -- Up-to-date: /home/jeni/Cook_subgoal_test/unity_cooking/ROS2/install/panda_move/include/panda_move/panda_move/msg/detail
[0.064s] -- Up-to-date: /home/jeni/Cook_subgoal_test/unity_cooking/ROS2/install/panda_move/include/panda_move/panda_move/msg/detail/action__type_support.h
[0.064s] -- Up-to-date: /home/jeni/Cook_subgoal_test/unity_cooking/ROS2/install/panda_move/include/panda_move/panda_move/msg/detail/predicate__functions.c
[0.065s] -- Up-to-date: /home/jeni/Cook_subgoal_test/unity_cooking/ROS2/install/panda_move/include/panda_move/panda_move/msg/detail/execution_check__type_support.h
[0.065s] -- Up-to-date: /home/jeni/Cook_subgoal_test/unity_cooking/ROS2/install/panda_move/include/panda_move/panda_move/msg/detail/execution_check__functions.h
[0.065s] -- Up-to-date: /home/jeni/Cook_subgoal_test/unity_cooking/ROS2/install/panda_move/include/panda_move/panda_move/msg/detail/predicate__functions.h
[0.065s] -- Up-to-date: /home/jeni/Cook_subgoal_test/unity_cooking/ROS2/install/panda_move/include/panda_move/panda_move/msg/detail/action__functions.h
[0.065s] -- Up-to-date: /home/jeni/Cook_subgoal_test/unity_cooking/ROS2/install/panda_move/include/panda_move/panda_move/msg/detail/execution_check__struct.h
[0.065s] -- Up-to-date: /home/jeni/Cook_subgoal_test/unity_cooking/ROS2/install/panda_move/include/panda_move/panda_move/msg/detail/execution_check__functions.c
[0.065s] -- Up-to-date: /home/jeni/Cook_subgoal_test/unity_cooking/ROS2/install/panda_move/include/panda_move/panda_move/msg/detail/action__functions.c
[0.065s] -- Up-to-date: /home/jeni/Cook_subgoal_test/unity_cooking/ROS2/install/panda_move/include/panda_move/panda_move/msg/detail/predicate__struct.h
[0.065s] -- Up-to-date: /home/jeni/Cook_subgoal_test/unity_cooking/ROS2/install/panda_move/include/panda_move/panda_move/msg/detail/action__struct.h
[0.065s] -- Up-to-date: /home/jeni/Cook_subgoal_test/unity_cooking/ROS2/install/panda_move/include/panda_move/panda_move/msg/detail/predicate__type_support.h
[0.065s] -- Up-to-date: /home/jeni/Cook_subgoal_test/unity_cooking/ROS2/install/panda_move/share/panda_move/environment/library_path.sh
[0.065s] -- Up-to-date: /home/jeni/Cook_subgoal_test/unity_cooking/ROS2/install/panda_move/share/panda_move/environment/library_path.dsv
[0.065s] -- Up-to-date: /home/jeni/Cook_subgoal_test/unity_cooking/ROS2/install/panda_move/lib/libpanda_move__rosidl_generator_c.so
[0.065s] -- Up-to-date: /home/jeni/Cook_subgoal_test/unity_cooking/ROS2/install/panda_move/include/panda_move/panda_move
[0.065s] -- Up-to-date: /home/jeni/Cook_subgoal_test/unity_cooking/ROS2/install/panda_move/include/panda_move/panda_move/srv
[0.065s] -- Up-to-date: /home/jeni/Cook_subgoal_test/unity_cooking/ROS2/install/panda_move/include/panda_move/panda_move/srv/detail
[0.065s] -- Up-to-date: /home/jeni/Cook_subgoal_test/unity_cooking/ROS2/install/panda_move/include/panda_move/panda_move/srv/detail/sync__rosidl_typesupport_fastrtps_c.h
[0.065s] -- Up-to-date: /home/jeni/Cook_subgoal_test/unity_cooking/ROS2/install/panda_move/include/panda_move/panda_move/srv/detail/plan__rosidl_typesupport_fastrtps_c.h
[0.065s] -- Up-to-date: /home/jeni/Cook_subgoal_test/unity_cooking/ROS2/install/panda_move/include/panda_move/panda_move/srv/detail/hand__rosidl_typesupport_fastrtps_c.h
[0.065s] -- Up-to-date: /home/jeni/Cook_subgoal_test/unity_cooking/ROS2/install/panda_move/include/panda_move/panda_move/srv/detail/init__rosidl_typesupport_fastrtps_c.h
[0.065s] -- Up-to-date: /home/jeni/Cook_subgoal_test/unity_cooking/ROS2/install/panda_move/include/panda_move/panda_move/srv/detail/motion_check__rosidl_typesupport_fastrtps_c.h
[0.065s] -- Up-to-date: /home/jeni/Cook_subgoal_test/unity_cooking/ROS2/install/panda_move/include/panda_move/panda_move/srv/detail/new_state__rosidl_typesupport_fastrtps_c.h
[0.065s] -- Up-to-date: /home/jeni/Cook_subgoal_test/unity_cooking/ROS2/install/panda_move/include/panda_move/panda_move/srv/detail/action_sequences__rosidl_typesupport_fastrtps_c.h
[0.065s] -- Up-to-date: /home/jeni/Cook_subgoal_test/unity_cooking/ROS2/install/panda_move/include/panda_move/panda_move/msg
[0.065s] -- Up-to-date: /home/jeni/Cook_subgoal_test/unity_cooking/ROS2/install/panda_move/include/panda_move/panda_move/msg/rosidl_typesupport_fastrtps_c__visibility_control.h
[0.065s] -- Up-to-date: /home/jeni/Cook_subgoal_test/unity_cooking/ROS2/install/panda_move/include/panda_move/panda_move/msg/detail
[0.065s] -- Up-to-date: /home/jeni/Cook_subgoal_test/unity_cooking/ROS2/install/panda_move/include/panda_move/panda_move/msg/detail/predicate__rosidl_typesupport_fastrtps_c.h
[0.065s] -- Up-to-date: /home/jeni/Cook_subgoal_test/unity_cooking/ROS2/install/panda_move/include/panda_move/panda_move/msg/detail/action__rosidl_typesupport_fastrtps_c.h
[0.065s] -- Up-to-date: /home/jeni/Cook_subgoal_test/unity_cooking/ROS2/install/panda_move/include/panda_move/panda_move/msg/detail/execution_check__rosidl_typesupport_fastrtps_c.h
[0.065s] -- Up-to-date: /home/jeni/Cook_subgoal_test/unity_cooking/ROS2/install/panda_move/lib/libpanda_move__rosidl_typesupport_fastrtps_c.so
[0.065s] -- Up-to-date: /home/jeni/Cook_subgoal_test/unity_cooking/ROS2/install/panda_move/include/panda_move/panda_move
[0.065s] -- Up-to-date: /home/jeni/Cook_subgoal_test/unity_cooking/ROS2/install/panda_move/include/panda_move/panda_move/srv
[0.065s] -- Up-to-date: /home/jeni/Cook_subgoal_test/unity_cooking/ROS2/install/panda_move/include/panda_move/panda_move/srv/hand.hpp
[0.065s] -- Up-to-date: /home/jeni/Cook_subgoal_test/unity_cooking/ROS2/install/panda_move/include/panda_move/panda_move/srv/init.hpp
[0.065s] -- Up-to-date: /home/jeni/Cook_subgoal_test/unity_cooking/ROS2/install/panda_move/include/panda_move/panda_move/srv/sync.hpp
[0.065s] -- Up-to-date: /home/jeni/Cook_subgoal_test/unity_cooking/ROS2/install/panda_move/include/panda_move/panda_move/srv/motion_check.hpp
[0.065s] -- Up-to-date: /home/jeni/Cook_subgoal_test/unity_cooking/ROS2/install/panda_move/include/panda_move/panda_move/srv/new_state.hpp
[0.065s] -- Up-to-date: /home/jeni/Cook_subgoal_test/unity_cooking/ROS2/install/panda_move/include/panda_move/panda_move/srv/action_sequences.hpp
[0.065s] -- Up-to-date: /home/jeni/Cook_subgoal_test/unity_cooking/ROS2/install/panda_move/include/panda_move/panda_move/srv/plan.hpp
[0.066s] -- Up-to-date: /home/jeni/Cook_subgoal_test/unity_cooking/ROS2/install/panda_move/include/panda_move/panda_move/srv/detail
[0.066s] -- Up-to-date: /home/jeni/Cook_subgoal_test/unity_cooking/ROS2/install/panda_move/include/panda_move/panda_move/srv/detail/plan__traits.hpp
[0.066s] -- Up-to-date: /home/jeni/Cook_subgoal_test/unity_cooking/ROS2/install/panda_move/include/panda_move/panda_move/srv/detail/action_sequences__struct.hpp
[0.066s] -- Up-to-date: /home/jeni/Cook_subgoal_test/unity_cooking/ROS2/install/panda_move/include/panda_move/panda_move/srv/detail/init__traits.hpp
[0.066s] -- Up-to-date: /home/jeni/Cook_subgoal_test/unity_cooking/ROS2/install/panda_move/include/panda_move/panda_move/srv/detail/hand__struct.hpp
[0.066s] -- Up-to-date: /home/jeni/Cook_subgoal_test/unity_cooking/ROS2/install/panda_move/include/panda_move/panda_move/srv/detail/motion_check__builder.hpp
[0.066s] -- Up-to-date: /home/jeni/Cook_subgoal_test/unity_cooking/ROS2/install/panda_move/include/panda_move/panda_move/srv/detail/sync__builder.hpp
[0.066s] -- Up-to-date: /home/jeni/Cook_subgoal_test/unity_cooking/ROS2/install/panda_move/include/panda_move/panda_move/srv/detail/sync__type_support.hpp
[0.066s] -- Up-to-date: /home/jeni/Cook_subgoal_test/unity_cooking/ROS2/install/panda_move/include/panda_move/panda_move/srv/detail/plan__struct.hpp
[0.066s] -- Up-to-date: /home/jeni/Cook_subgoal_test/unity_cooking/ROS2/install/panda_move/include/panda_move/panda_move/srv/detail/motion_check__type_support.hpp
[0.066s] -- Up-to-date: /home/jeni/Cook_subgoal_test/unity_cooking/ROS2/install/panda_move/include/panda_move/panda_move/srv/detail/hand__traits.hpp
[0.066s] -- Up-to-date: /home/jeni/Cook_subgoal_test/unity_cooking/ROS2/install/panda_move/include/panda_move/panda_move/srv/detail/plan__builder.hpp
[0.066s] -- Up-to-date: /home/jeni/Cook_subgoal_test/unity_cooking/ROS2/install/panda_move/include/panda_move/panda_move/srv/detail/motion_check__struct.hpp
[0.066s] -- Up-to-date: /home/jeni/Cook_subgoal_test/unity_cooking/ROS2/install/panda_move/include/panda_move/panda_move/srv/detail/new_state__traits.hpp
[0.066s] -- Up-to-date: /home/jeni/Cook_subgoal_test/unity_cooking/ROS2/install/panda_move/include/panda_move/panda_move/srv/detail/new_state__struct.hpp
[0.066s] -- Up-to-date: /home/jeni/Cook_subgoal_test/unity_cooking/ROS2/install/panda_move/include/panda_move/panda_move/srv/detail/hand__type_support.hpp
[0.066s] -- Up-to-date: /home/jeni/Cook_subgoal_test/unity_cooking/ROS2/install/panda_move/include/panda_move/panda_move/srv/detail/action_sequences__type_support.hpp
[0.066s] -- Up-to-date: /home/jeni/Cook_subgoal_test/unity_cooking/ROS2/install/panda_move/include/panda_move/panda_move/srv/detail/init__struct.hpp
[0.066s] -- Up-to-date: /home/jeni/Cook_subgoal_test/unity_cooking/ROS2/install/panda_move/include/panda_move/panda_move/srv/detail/motion_check__traits.hpp
[0.066s] -- Up-to-date: /home/jeni/Cook_subgoal_test/unity_cooking/ROS2/install/panda_move/include/panda_move/panda_move/srv/detail/sync__traits.hpp
[0.066s] -- Up-to-date: /home/jeni/Cook_subgoal_test/unity_cooking/ROS2/install/panda_move/include/panda_move/panda_move/srv/detail/action_sequences__builder.hpp
[0.066s] -- Up-to-date: /home/jeni/Cook_subgoal_test/unity_cooking/ROS2/install/panda_move/include/panda_move/panda_move/srv/detail/action_sequences__traits.hpp
[0.066s] -- Up-to-date: /home/jeni/Cook_subgoal_test/unity_cooking/ROS2/install/panda_move/include/panda_move/panda_move/srv/detail/new_state__builder.hpp
[0.066s] -- Up-to-date: /home/jeni/Cook_subgoal_test/unity_cooking/ROS2/install/panda_move/include/panda_move/panda_move/srv/detail/plan__type_support.hpp
[0.066s] -- Up-to-date: /home/jeni/Cook_subgoal_test/unity_cooking/ROS2/install/panda_move/include/panda_move/panda_move/srv/detail/init__type_support.hpp
[0.066s] -- Up-to-date: /home/jeni/Cook_subgoal_test/unity_cooking/ROS2/install/panda_move/include/panda_move/panda_move/srv/detail/new_state__type_support.hpp
[0.066s] -- Up-to-date: /home/jeni/Cook_subgoal_test/unity_cooking/ROS2/install/panda_move/include/panda_move/panda_move/srv/detail/hand__builder.hpp
[0.066s] -- Up-to-date: /home/jeni/Cook_subgoal_test/unity_cooking/ROS2/install/panda_move/include/panda_move/panda_move/srv/detail/sync__struct.hpp
[0.066s] -- Up-to-date: /home/jeni/Cook_subgoal_test/unity_cooking/ROS2/install/panda_move/include/panda_move/panda_move/srv/detail/init__builder.hpp
[0.066s] -- Up-to-date: /home/jeni/Cook_subgoal_test/unity_cooking/ROS2/install/panda_move/include/panda_move/panda_move/msg
[0.066s] -- Up-to-date: /home/jeni/Cook_subgoal_test/unity_cooking/ROS2/install/panda_move/include/panda_move/panda_move/msg/action.hpp
[0.066s] -- Up-to-date: /home/jeni/Cook_subgoal_test/unity_cooking/ROS2/install/panda_move/include/panda_move/panda_move/msg/execution_check.hpp
[0.066s] -- Up-to-date: /home/jeni/Cook_subgoal_test/unity_cooking/ROS2/install/panda_move/include/panda_move/panda_move/msg/predicate.hpp
[0.066s] -- Up-to-date: /home/jeni/Cook_subgoal_test/unity_cooking/ROS2/install/panda_move/include/panda_move/panda_move/msg/rosidl_generator_cpp__visibility_control.hpp
[0.066s] -- Up-to-date: /home/jeni/Cook_subgoal_test/unity_cooking/ROS2/install/panda_move/include/panda_move/panda_move/msg/detail
[0.066s] -- Up-to-date: /home/jeni/Cook_subgoal_test/unity_cooking/ROS2/install/panda_move/include/panda_move/panda_move/msg/detail/execution_check__struct.hpp
[0.066s] -- Up-to-date: /home/jeni/Cook_subgoal_test/unity_cooking/ROS2/install/panda_move/include/panda_move/panda_move/msg/detail/predicate__type_support.hpp
[0.066s] -- Up-to-date: /home/jeni/Cook_subgoal_test/unity_cooking/ROS2/install/panda_move/include/panda_move/panda_move/msg/detail/action__builder.hpp
[0.066s] -- Up-to-date: /home/jeni/Cook_subgoal_test/unity_cooking/ROS2/install/panda_move/include/panda_move/panda_move/msg/detail/action__struct.hpp
[0.066s] -- Up-to-date: /home/jeni/Cook_subgoal_test/unity_cooking/ROS2/install/panda_move/include/panda_move/panda_move/msg/detail/execution_check__traits.hpp
[0.066s] -- Up-to-date: /home/jeni/Cook_subgoal_test/unity_cooking/ROS2/install/panda_move/include/panda_move/panda_move/msg/detail/predicate__traits.hpp
[0.066s] -- Up-to-date: /home/jeni/Cook_subgoal_test/unity_cooking/ROS2/install/panda_move/include/panda_move/panda_move/msg/detail/execution_check__builder.hpp
[0.066s] -- Up-to-date: /home/jeni/Cook_subgoal_test/unity_cooking/ROS2/install/panda_move/include/panda_move/panda_move/msg/detail/predicate__builder.hpp
[0.066s] -- Up-to-date: /home/jeni/Cook_subgoal_test/unity_cooking/ROS2/install/panda_move/include/panda_move/panda_move/msg/detail/action__type_support.hpp
[0.066s] -- Up-to-date: /home/jeni/Cook_subgoal_test/unity_cooking/ROS2/install/panda_move/include/panda_move/panda_move/msg/detail/predicate__struct.hpp
[0.066s] -- Up-to-date: /home/jeni/Cook_subgoal_test/unity_cooking/ROS2/install/panda_move/include/panda_move/panda_move/msg/detail/execution_check__type_support.hpp
[0.066s] -- Up-to-date: /home/jeni/Cook_subgoal_test/unity_cooking/ROS2/install/panda_move/include/panda_move/panda_move/msg/detail/action__traits.hpp
[0.066s] -- Up-to-date: /home/jeni/Cook_subgoal_test/unity_cooking/ROS2/install/panda_move/include/panda_move/panda_move
[0.066s] -- Up-to-date: /home/jeni/Cook_subgoal_test/unity_cooking/ROS2/install/panda_move/include/panda_move/panda_move/srv
[0.066s] -- Up-to-date: /home/jeni/Cook_subgoal_test/unity_cooking/ROS2/install/panda_move/include/panda_move/panda_move/srv/detail
[0.067s] -- Up-to-date: /home/jeni/Cook_subgoal_test/unity_cooking/ROS2/install/panda_move/include/panda_move/panda_move/srv/detail/sync__rosidl_typesupport_fastrtps_cpp.hpp
[0.067s] -- Up-to-date: /home/jeni/Cook_subgoal_test/unity_cooking/ROS2/install/panda_move/include/panda_move/panda_move/srv/detail/motion_check__rosidl_typesupport_fastrtps_cpp.hpp
[0.067s] -- Up-to-date: /home/jeni/Cook_subgoal_test/unity_cooking/ROS2/install/panda_move/include/panda_move/panda_move/srv/detail/init__rosidl_typesupport_fastrtps_cpp.hpp
[0.067s] -- Up-to-date: /home/jeni/Cook_subgoal_test/unity_cooking/ROS2/install/panda_move/include/panda_move/panda_move/srv/detail/action_sequences__rosidl_typesupport_fastrtps_cpp.hpp
[0.067s] -- Up-to-date: /home/jeni/Cook_subgoal_test/unity_cooking/ROS2/install/panda_move/include/panda_move/panda_move/srv/detail/hand__rosidl_typesupport_fastrtps_cpp.hpp
[0.067s] -- Up-to-date: /home/jeni/Cook_subgoal_test/unity_cooking/ROS2/install/panda_move/include/panda_move/panda_move/srv/detail/dds_fastrtps
[0.067s] -- Up-to-date: /home/jeni/Cook_subgoal_test/unity_cooking/ROS2/install/panda_move/include/panda_move/panda_move/srv/detail/new_state__rosidl_typesupport_fastrtps_cpp.hpp
[0.067s] -- Up-to-date: /home/jeni/Cook_subgoal_test/unity_cooking/ROS2/install/panda_move/include/panda_move/panda_move/srv/detail/plan__rosidl_typesupport_fastrtps_cpp.hpp
[0.067s] -- Up-to-date: /home/jeni/Cook_subgoal_test/unity_cooking/ROS2/install/panda_move/include/panda_move/panda_move/msg
[0.067s] -- Up-to-date: /home/jeni/Cook_subgoal_test/unity_cooking/ROS2/install/panda_move/include/panda_move/panda_move/msg/rosidl_typesupport_fastrtps_cpp__visibility_control.h
[0.067s] -- Up-to-date: /home/jeni/Cook_subgoal_test/unity_cooking/ROS2/install/panda_move/include/panda_move/panda_move/msg/detail
[0.067s] -- Up-to-date: /home/jeni/Cook_subgoal_test/unity_cooking/ROS2/install/panda_move/include/panda_move/panda_move/msg/detail/action__rosidl_typesupport_fastrtps_cpp.hpp
[0.067s] -- Up-to-date: /home/jeni/Cook_subgoal_test/unity_cooking/ROS2/install/panda_move/include/panda_move/panda_move/msg/detail/predicate__rosidl_typesupport_fastrtps_cpp.hpp
[0.067s] -- Up-to-date: /home/jeni/Cook_subgoal_test/unity_cooking/ROS2/install/panda_move/include/panda_move/panda_move/msg/detail/execution_check__rosidl_typesupport_fastrtps_cpp.hpp
[0.067s] -- Up-to-date: /home/jeni/Cook_subgoal_test/unity_cooking/ROS2/install/panda_move/include/panda_move/panda_move/msg/detail/dds_fastrtps
[0.067s] -- Up-to-date: /home/jeni/Cook_subgoal_test/unity_cooking/ROS2/install/panda_move/lib/libpanda_move__rosidl_typesupport_fastrtps_cpp.so
[0.067s] -- Up-to-date: /home/jeni/Cook_subgoal_test/unity_cooking/ROS2/install/panda_move/include/panda_move/panda_move
[0.067s] -- Up-to-date: /home/jeni/Cook_subgoal_test/unity_cooking/ROS2/install/panda_move/include/panda_move/panda_move/srv
[0.067s] -- Up-to-date: /home/jeni/Cook_subgoal_test/unity_cooking/ROS2/install/panda_move/include/panda_move/panda_move/srv/detail
[0.067s] -- Up-to-date: /home/jeni/Cook_subgoal_test/unity_cooking/ROS2/install/panda_move/include/panda_move/panda_move/srv/detail/motion_check__rosidl_typesupport_introspection_c.h
[0.067s] -- Up-to-date: /home/jeni/Cook_subgoal_test/unity_cooking/ROS2/install/panda_move/include/panda_move/panda_move/srv/detail/sync__type_support.c
[0.067s] -- Up-to-date: /home/jeni/Cook_subgoal_test/unity_cooking/ROS2/install/panda_move/include/panda_move/panda_move/srv/detail/hand__rosidl_typesupport_introspection_c.h
[0.067s] -- Up-to-date: /home/jeni/Cook_subgoal_test/unity_cooking/ROS2/install/panda_move/include/panda_move/panda_move/srv/detail/plan__rosidl_typesupport_introspection_c.h
[0.067s] -- Up-to-date: /home/jeni/Cook_subgoal_test/unity_cooking/ROS2/install/panda_move/include/panda_move/panda_move/srv/detail/motion_check__type_support.c
[0.067s] -- Up-to-date: /home/jeni/Cook_subgoal_test/unity_cooking/ROS2/install/panda_move/include/panda_move/panda_move/srv/detail/hand__type_support.c
[0.067s] -- Up-to-date: /home/jeni/Cook_subgoal_test/unity_cooking/ROS2/install/panda_move/include/panda_move/panda_move/srv/detail/action_sequences__type_support.c
[0.067s] -- Up-to-date: /home/jeni/Cook_subgoal_test/unity_cooking/ROS2/install/panda_move/include/panda_move/panda_move/srv/detail/new_state__rosidl_typesupport_introspection_c.h
[0.067s] -- Up-to-date: /home/jeni/Cook_subgoal_test/unity_cooking/ROS2/install/panda_move/include/panda_move/panda_move/srv/detail/init__rosidl_typesupport_introspection_c.h
[0.067s] -- Up-to-date: /home/jeni/Cook_subgoal_test/unity_cooking/ROS2/install/panda_move/include/panda_move/panda_move/srv/detail/new_state__type_support.c
[0.067s] -- Up-to-date: /home/jeni/Cook_subgoal_test/unity_cooking/ROS2/install/panda_move/include/panda_move/panda_move/srv/detail/sync__rosidl_typesupport_introspection_c.h
[0.067s] -- Up-to-date: /home/jeni/Cook_subgoal_test/unity_cooking/ROS2/install/panda_move/include/panda_move/panda_move/srv/detail/action_sequences__rosidl_typesupport_introspection_c.h
[0.067s] -- Up-to-date: /home/jeni/Cook_subgoal_test/unity_cooking/ROS2/install/panda_move/include/panda_move/panda_move/srv/detail/init__type_support.c
[0.067s] -- Up-to-date: /home/jeni/Cook_subgoal_test/unity_cooking/ROS2/install/panda_move/include/panda_move/panda_move/srv/detail/plan__type_support.c
[0.067s] -- Up-to-date: /home/jeni/Cook_subgoal_test/unity_cooking/ROS2/install/panda_move/include/panda_move/panda_move/msg
[0.067s] -- Up-to-date: /home/jeni/Cook_subgoal_test/unity_cooking/ROS2/install/panda_move/include/panda_move/panda_move/msg/rosidl_typesupport_introspection_c__visibility_control.h
[0.067s] -- Up-to-date: /home/jeni/Cook_subgoal_test/unity_cooking/ROS2/install/panda_move/include/panda_move/panda_move/msg/detail
[0.067s] -- Up-to-date: /home/jeni/Cook_subgoal_test/unity_cooking/ROS2/install/panda_move/include/panda_move/panda_move/msg/detail/execution_check__type_support.c
[0.067s] -- Up-to-date: /home/jeni/Cook_subgoal_test/unity_cooking/ROS2/install/panda_move/include/panda_move/panda_move/msg/detail/predicate__rosidl_typesupport_introspection_c.h
[0.067s] -- Up-to-date: /home/jeni/Cook_subgoal_test/unity_cooking/ROS2/install/panda_move/include/panda_move/panda_move/msg/detail/execution_check__rosidl_typesupport_introspection_c.h
[0.067s] -- Up-to-date: /home/jeni/Cook_subgoal_test/unity_cooking/ROS2/install/panda_move/include/panda_move/panda_move/msg/detail/action__rosidl_typesupport_introspection_c.h
[0.067s] -- Up-to-date: /home/jeni/Cook_subgoal_test/unity_cooking/ROS2/install/panda_move/include/panda_move/panda_move/msg/detail/predicate__type_support.c
[0.067s] -- Up-to-date: /home/jeni/Cook_subgoal_test/unity_cooking/ROS2/install/panda_move/include/panda_move/panda_move/msg/detail/action__type_support.c
[0.067s] -- Up-to-date: /home/jeni/Cook_subgoal_test/unity_cooking/ROS2/install/panda_move/lib/libpanda_move__rosidl_typesupport_introspection_c.so
[0.067s] -- Up-to-date: /home/jeni/Cook_subgoal_test/unity_cooking/ROS2/install/panda_move/lib/libpanda_move__rosidl_typesupport_c.so
[0.067s] -- Up-to-date: /home/jeni/Cook_subgoal_test/unity_cooking/ROS2/install/panda_move/include/panda_move/panda_move
[0.067s] -- Up-to-date: /home/jeni/Cook_subgoal_test/unity_cooking/ROS2/install/panda_move/include/panda_move/panda_move/srv
[0.067s] -- Up-to-date: /home/jeni/Cook_subgoal_test/unity_cooking/ROS2/install/panda_move/include/panda_move/panda_move/srv/detail
[0.067s] -- Up-to-date: /home/jeni/Cook_subgoal_test/unity_cooking/ROS2/install/panda_move/include/panda_move/panda_move/srv/detail/hand__type_support.cpp
[0.067s] -- Up-to-date: /home/jeni/Cook_subgoal_test/unity_cooking/ROS2/install/panda_move/include/panda_move/panda_move/srv/detail/sync__rosidl_typesupport_introspection_cpp.hpp
[0.067s] -- Up-to-date: /home/jeni/Cook_subgoal_test/unity_cooking/ROS2/install/panda_move/include/panda_move/panda_move/srv/detail/hand__rosidl_typesupport_introspection_cpp.hpp
[0.067s] -- Up-to-date: /home/jeni/Cook_subgoal_test/unity_cooking/ROS2/install/panda_move/include/panda_move/panda_move/srv/detail/action_sequences__type_support.cpp
[0.067s] -- Up-to-date: /home/jeni/Cook_subgoal_test/unity_cooking/ROS2/install/panda_move/include/panda_move/panda_move/srv/detail/motion_check__rosidl_typesupport_introspection_cpp.hpp
[0.067s] -- Up-to-date: /home/jeni/Cook_subgoal_test/unity_cooking/ROS2/install/panda_move/include/panda_move/panda_move/srv/detail/init__rosidl_typesupport_introspection_cpp.hpp
[0.067s] -- Up-to-date: /home/jeni/Cook_subgoal_test/unity_cooking/ROS2/install/panda_move/include/panda_move/panda_move/srv/detail/plan__rosidl_typesupport_introspection_cpp.hpp
[0.067s] -- Up-to-date: /home/jeni/Cook_subgoal_test/unity_cooking/ROS2/install/panda_move/include/panda_move/panda_move/srv/detail/motion_check__type_support.cpp
[0.067s] -- Up-to-date: /home/jeni/Cook_subgoal_test/unity_cooking/ROS2/install/panda_move/include/panda_move/panda_move/srv/detail/sync__type_support.cpp
[0.068s] -- Up-to-date: /home/jeni/Cook_subgoal_test/unity_cooking/ROS2/install/panda_move/include/panda_move/panda_move/srv/detail/plan__type_support.cpp
[0.068s] -- Up-to-date: /home/jeni/Cook_subgoal_test/unity_cooking/ROS2/install/panda_move/include/panda_move/panda_move/srv/detail/new_state__rosidl_typesupport_introspection_cpp.hpp
[0.068s] -- Up-to-date: /home/jeni/Cook_subgoal_test/unity_cooking/ROS2/install/panda_move/include/panda_move/panda_move/srv/detail/action_sequences__rosidl_typesupport_introspection_cpp.hpp
[0.068s] -- Up-to-date: /home/jeni/Cook_subgoal_test/unity_cooking/ROS2/install/panda_move/include/panda_move/panda_move/srv/detail/init__type_support.cpp
[0.068s] -- Up-to-date: /home/jeni/Cook_subgoal_test/unity_cooking/ROS2/install/panda_move/include/panda_move/panda_move/srv/detail/new_state__type_support.cpp
[0.068s] -- Up-to-date: /home/jeni/Cook_subgoal_test/unity_cooking/ROS2/install/panda_move/include/panda_move/panda_move/msg
[0.068s] -- Up-to-date: /home/jeni/Cook_subgoal_test/unity_cooking/ROS2/install/panda_move/include/panda_move/panda_move/msg/detail
[0.068s] -- Up-to-date: /home/jeni/Cook_subgoal_test/unity_cooking/ROS2/install/panda_move/include/panda_move/panda_move/msg/detail/predicate__type_support.cpp
[0.068s] -- Up-to-date: /home/jeni/Cook_subgoal_test/unity_cooking/ROS2/install/panda_move/include/panda_move/panda_move/msg/detail/execution_check__type_support.cpp
[0.068s] -- Up-to-date: /home/jeni/Cook_subgoal_test/unity_cooking/ROS2/install/panda_move/include/panda_move/panda_move/msg/detail/predicate__rosidl_typesupport_introspection_cpp.hpp
[0.068s] -- Up-to-date: /home/jeni/Cook_subgoal_test/unity_cooking/ROS2/install/panda_move/include/panda_move/panda_move/msg/detail/action__rosidl_typesupport_introspection_cpp.hpp
[0.068s] -- Up-to-date: /home/jeni/Cook_subgoal_test/unity_cooking/ROS2/install/panda_move/include/panda_move/panda_move/msg/detail/action__type_support.cpp
[0.068s] -- Up-to-date: /home/jeni/Cook_subgoal_test/unity_cooking/ROS2/install/panda_move/include/panda_move/panda_move/msg/detail/execution_check__rosidl_typesupport_introspection_cpp.hpp
[0.068s] -- Up-to-date: /home/jeni/Cook_subgoal_test/unity_cooking/ROS2/install/panda_move/lib/libpanda_move__rosidl_typesupport_introspection_cpp.so
[0.068s] -- Up-to-date: /home/jeni/Cook_subgoal_test/unity_cooking/ROS2/install/panda_move/lib/libpanda_move__rosidl_typesupport_cpp.so
[0.068s] -- Up-to-date: /home/jeni/Cook_subgoal_test/unity_cooking/ROS2/install/panda_move/share/panda_move/msg/Action.idl
[0.068s] -- Up-to-date: /home/jeni/Cook_subgoal_test/unity_cooking/ROS2/install/panda_move/share/panda_move/msg/Predicate.idl
[0.068s] -- Up-to-date: /home/jeni/Cook_subgoal_test/unity_cooking/ROS2/install/panda_move/share/panda_move/msg/ExecutionCheck.idl
[0.068s] -- Up-to-date: /home/jeni/Cook_subgoal_test/unity_cooking/ROS2/install/panda_move/share/panda_move/srv/Init.idl
[0.068s] -- Up-to-date: /home/jeni/Cook_subgoal_test/unity_cooking/ROS2/install/panda_move/share/panda_move/srv/Sync.idl
[0.068s] -- Up-to-date: /home/jeni/Cook_subgoal_test/unity_cooking/ROS2/install/panda_move/share/panda_move/srv/Plan.idl
[0.068s] -- Up-to-date: /home/jeni/Cook_subgoal_test/unity_cooking/ROS2/install/panda_move/share/panda_move/srv/Hand.idl
[0.068s] -- Up-to-date: /home/jeni/Cook_subgoal_test/unity_cooking/ROS2/install/panda_move/share/panda_move/srv/MotionCheck.idl
[0.068s] -- Up-to-date: /home/jeni/Cook_subgoal_test/unity_cooking/ROS2/install/panda_move/share/panda_move/srv/ActionSequences.idl
[0.068s] -- Up-to-date: /home/jeni/Cook_subgoal_test/unity_cooking/ROS2/install/panda_move/share/panda_move/srv/NewState.idl
[0.068s] -- Up-to-date: /home/jeni/Cook_subgoal_test/unity_cooking/ROS2/install/panda_move/share/panda_move/msg/Action.msg
[0.068s] -- Up-to-date: /home/jeni/Cook_subgoal_test/unity_cooking/ROS2/install/panda_move/share/panda_move/msg/Predicate.msg
[0.068s] -- Up-to-date: /home/jeni/Cook_subgoal_test/unity_cooking/ROS2/install/panda_move/share/panda_move/msg/ExecutionCheck.msg
[0.068s] -- Up-to-date: /home/jeni/Cook_subgoal_test/unity_cooking/ROS2/install/panda_move/share/panda_move/srv/Init.srv
[0.068s] -- Up-to-date: /home/jeni/Cook_subgoal_test/unity_cooking/ROS2/install/panda_move/share/panda_move/srv/Init_Request.msg
[0.068s] -- Up-to-date: /home/jeni/Cook_subgoal_test/unity_cooking/ROS2/install/panda_move/share/panda_move/srv/Init_Response.msg
[0.068s] -- Up-to-date: /home/jeni/Cook_subgoal_test/unity_cooking/ROS2/install/panda_move/share/panda_move/srv/Sync.srv
[0.068s] -- Up-to-date: /home/jeni/Cook_subgoal_test/unity_cooking/ROS2/install/panda_move/share/panda_move/srv/Sync_Request.msg
[0.068s] -- Up-to-date: /home/jeni/Cook_subgoal_test/unity_cooking/ROS2/install/panda_move/share/panda_move/srv/Sync_Response.msg
[0.068s] -- Up-to-date: /home/jeni/Cook_subgoal_test/unity_cooking/ROS2/install/panda_move/share/panda_move/srv/Plan.srv
[0.068s] -- Up-to-date: /home/jeni/Cook_subgoal_test/unity_cooking/ROS2/install/panda_move/share/panda_move/srv/Plan_Request.msg
[0.068s] -- Up-to-date: /home/jeni/Cook_subgoal_test/unity_cooking/ROS2/install/panda_move/share/panda_move/srv/Plan_Response.msg
[0.068s] -- Up-to-date: /home/jeni/Cook_subgoal_test/unity_cooking/ROS2/install/panda_move/share/panda_move/srv/Hand.srv
[0.068s] -- Up-to-date: /home/jeni/Cook_subgoal_test/unity_cooking/ROS2/install/panda_move/share/panda_move/srv/Hand_Request.msg
[0.068s] -- Up-to-date: /home/jeni/Cook_subgoal_test/unity_cooking/ROS2/install/panda_move/share/panda_move/srv/Hand_Response.msg
[0.068s] -- Up-to-date: /home/jeni/Cook_subgoal_test/unity_cooking/ROS2/install/panda_move/share/panda_move/srv/MotionCheck.srv
[0.068s] -- Up-to-date: /home/jeni/Cook_subgoal_test/unity_cooking/ROS2/install/panda_move/share/panda_move/srv/MotionCheck_Request.msg
[0.068s] -- Up-to-date: /home/jeni/Cook_subgoal_test/unity_cooking/ROS2/install/panda_move/share/panda_move/srv/MotionCheck_Response.msg
[0.068s] -- Up-to-date: /home/jeni/Cook_subgoal_test/unity_cooking/ROS2/install/panda_move/share/panda_move/srv/ActionSequences.srv
[0.068s] -- Up-to-date: /home/jeni/Cook_subgoal_test/unity_cooking/ROS2/install/panda_move/share/panda_move/srv/ActionSequences_Request.msg
[0.068s] -- Up-to-date: /home/jeni/Cook_subgoal_test/unity_cooking/ROS2/install/panda_move/share/panda_move/srv/ActionSequences_Response.msg
[0.068s] -- Up-to-date: /home/jeni/Cook_subgoal_test/unity_cooking/ROS2/install/panda_move/share/panda_move/srv/NewState.srv
[0.068s] -- Up-to-date: /home/jeni/Cook_subgoal_test/unity_cooking/ROS2/install/panda_move/share/panda_move/srv/NewState_Request.msg
[0.068s] -- Up-to-date: /home/jeni/Cook_subgoal_test/unity_cooking/ROS2/install/panda_move/share/panda_move/srv/NewState_Response.msg
[0.068s] -- Installing: /home/jeni/Cook_subgoal_test/unity_cooking/ROS2/install/panda_move/lib/panda_move/main_ros2.py
[0.068s] -- Up-to-date: /home/jeni/Cook_subgoal_test/unity_cooking/ROS2/install/panda_move/share/ament_index/resource_index/package_run_dependencies/panda_move
[0.068s] -- Up-to-date: /home/jeni/Cook_subgoal_test/unity_cooking/ROS2/install/panda_move/share/ament_index/resource_index/parent_prefix_path/panda_move
[0.068s] -- Up-to-date: /home/jeni/Cook_subgoal_test/unity_cooking/ROS2/install/panda_move/share/panda_move/environment/ament_prefix_path.sh
[0.068s] -- Up-to-date: /home/jeni/Cook_subgoal_test/unity_cooking/ROS2/install/panda_move/share/panda_move/environment/ament_prefix_path.dsv
[0.068s] -- Up-to-date: /home/jeni/Cook_subgoal_test/unity_cooking/ROS2/install/panda_move/share/panda_move/environment/path.sh
[0.068s] -- Up-to-date: /home/jeni/Cook_subgoal_test/unity_cooking/ROS2/install/panda_move/share/panda_move/environment/path.dsv
[0.068s] -- Up-to-date: /home/jeni/Cook_subgoal_test/unity_cooking/ROS2/install/panda_move/share/panda_move/local_setup.bash
[0.068s] -- Up-to-date: /home/jeni/Cook_subgoal_test/unity_cooking/ROS2/install/panda_move/share/panda_move/local_setup.sh
[0.068s] -- Up-to-date: /home/jeni/Cook_subgoal_test/unity_cooking/ROS2/install/panda_move/share/panda_move/local_setup.zsh
[0.068s] -- Up-to-date: /home/jeni/Cook_subgoal_test/unity_cooking/ROS2/install/panda_move/share/panda_move/local_setup.dsv
[0.068s] -- Installing: /home/jeni/Cook_subgoal_test/unity_cooking/ROS2/install/panda_move/share/panda_move/package.dsv
[0.069s] -- Up-to-date: /home/jeni/Cook_subgoal_test/unity_cooking/ROS2/install/panda_move/share/ament_index/resource_index/packages/panda_move
[0.069s] -- Up-to-date: /home/jeni/Cook_subgoal_test/unity_cooking/ROS2/install/panda_move/share/panda_move/cmake/export_panda_move__rosidl_generator_cExport.cmake
[0.069s] -- Up-to-date: /home/jeni/Cook_subgoal_test/unity_cooking/ROS2/install/panda_move/share/panda_move/cmake/export_panda_move__rosidl_generator_cExport-noconfig.cmake
[0.069s] -- Up-to-date: /home/jeni/Cook_subgoal_test/unity_cooking/ROS2/install/panda_move/share/panda_move/cmake/export_panda_move__rosidl_typesupport_fastrtps_cExport.cmake
[0.069s] -- Up-to-date: /home/jeni/Cook_subgoal_test/unity_cooking/ROS2/install/panda_move/share/panda_move/cmake/export_panda_move__rosidl_typesupport_fastrtps_cExport-noconfig.cmake
[0.069s] -- Up-to-date: /home/jeni/Cook_subgoal_test/unity_cooking/ROS2/install/panda_move/share/panda_move/cmake/export_panda_move__rosidl_generator_cppExport.cmake
[0.069s] -- Up-to-date: /home/jeni/Cook_subgoal_test/unity_cooking/ROS2/install/panda_move/share/panda_move/cmake/export_panda_move__rosidl_typesupport_fastrtps_cppExport.cmake
[0.069s] -- Up-to-date: /home/jeni/Cook_subgoal_test/unity_cooking/ROS2/install/panda_move/share/panda_move/cmake/export_panda_move__rosidl_typesupport_fastrtps_cppExport-noconfig.cmake
[0.069s] -- Up-to-date: /home/jeni/Cook_subgoal_test/unity_cooking/ROS2/install/panda_move/share/panda_move/cmake/panda_move__rosidl_typesupport_introspection_cExport.cmake
[0.069s] -- Up-to-date: /home/jeni/Cook_subgoal_test/unity_cooking/ROS2/install/panda_move/share/panda_move/cmake/panda_move__rosidl_typesupport_introspection_cExport-noconfig.cmake
[0.069s] -- Up-to-date: /home/jeni/Cook_subgoal_test/unity_cooking/ROS2/install/panda_move/share/panda_move/cmake/panda_move__rosidl_typesupport_cExport.cmake
[0.069s] -- Up-to-date: /home/jeni/Cook_subgoal_test/unity_cooking/ROS2/install/panda_move/share/panda_move/cmake/panda_move__rosidl_typesupport_cExport-noconfig.cmake
[0.069s] -- Up-to-date: /home/jeni/Cook_subgoal_test/unity_cooking/ROS2/install/panda_move/share/panda_move/cmake/panda_move__rosidl_typesupport_introspection_cppExport.cmake
[0.069s] -- Up-to-date: /home/jeni/Cook_subgoal_test/unity_cooking/ROS2/install/panda_move/share/panda_move/cmake/panda_move__rosidl_typesupport_introspection_cppExport-noconfig.cmake
[0.069s] -- Up-to-date: /home/jeni/Cook_subgoal_test/unity_cooking/ROS2/install/panda_move/share/panda_move/cmake/panda_move__rosidl_typesupport_cppExport.cmake
[0.069s] -- Up-to-date: /home/jeni/Cook_subgoal_test/unity_cooking/ROS2/install/panda_move/share/panda_move/cmake/panda_move__rosidl_typesupport_cppExport-noconfig.cmake
[0.069s] -- Up-to-date: /home/jeni/Cook_subgoal_test/unity_cooking/ROS2/install/panda_move/share/panda_move/cmake/rosidl_cmake-extras.cmake
[0.069s] -- Up-to-date: /home/jeni/Cook_subgoal_test/unity_cooking/ROS2/install/panda_move/share/panda_move/cmake/ament_cmake_export_dependencies-extras.cmake
[0.069s] -- Up-to-date: /home/jeni/Cook_subgoal_test/unity_cooking/ROS2/install/panda_move/share/panda_move/cmake/ament_cmake_export_include_directories-extras.cmake
[0.069s] -- Up-to-date: /home/jeni/Cook_subgoal_test/unity_cooking/ROS2/install/panda_move/share/panda_move/cmake/ament_cmake_export_libraries-extras.cmake
[0.069s] -- Up-to-date: /home/jeni/Cook_subgoal_test/unity_cooking/ROS2/install/panda_move/share/panda_move/cmake/ament_cmake_export_targets-extras.cmake
[0.069s] -- Up-to-date: /home/jeni/Cook_subgoal_test/unity_cooking/ROS2/install/panda_move/share/panda_move/cmake/rosidl_cmake_export_typesupport_targets-extras.cmake
[0.069s] -- Up-to-date: /home/jeni/Cook_subgoal_test/unity_cooking/ROS2/install/panda_move/share/panda_move/cmake/rosidl_cmake_export_typesupport_libraries-extras.cmake
[0.069s] -- Up-to-date: /home/jeni/Cook_subgoal_test/unity_cooking/ROS2/install/panda_move/share/panda_move/cmake/panda_moveConfig.cmake
[0.069s] -- Up-to-date: /home/jeni/Cook_subgoal_test/unity_cooking/ROS2/install/panda_move/share/panda_move/cmake/panda_moveConfig-version.cmake
[0.069s] -- Up-to-date: /home/jeni/Cook_subgoal_test/unity_cooking/ROS2/install/panda_move/share/panda_move/package.xml
[0.069s] Invoked command in '/home/jeni/Cook_subgoal_test/unity_cooking/ROS2/build/panda_move' returned '0': CMAKE_PREFIX_PATH=/home/jeni/Cook_subgoal_test/unity_cooking/ROS2/install/ros_tcp_endpoint:/home/jeni/Cook_subgoal_test/unity_cooking/ROS2/install/panda_move:/home/jeni/Cook_subgoal_test/unity_cooking/ROS2/install/panda_moveit_config:/home/jeni/Cook_subgoal_test/unity_cooking/ROS2/install/franka_description:/opt/ros/humble LD_LIBRARY_PATH=/home/jeni/Cook_subgoal_test/unity_cooking/ROS2/install/ros_tcp_endpoint/lib:/home/jeni/Cook_subgoal_test/unity_cooking/ROS2/install/panda_move/lib:/home/jeni/Cook_subgoal_test/unity_cooking/ROS2/src/install/my_ros_tcp_endpoint/lib:/usr/local/cuda-12.4/lib64:/opt/ros/humble/opt/rviz_ogre_vendor/lib:/opt/ros/humble/lib/x86_64-linux-gnu:/opt/ros/humble/lib:/usr/local/cuda-12.4/lib64 /usr/bin/cmake --install /home/jeni/Cook_subgoal_test/unity_cooking/ROS2/build/panda_move
