[0.004s] Invoking command in '/home/jeni/Cook_subgoal_test/unity_cooking/ROS2/build/panda_move': CMAKE_PREFIX_PATH=/home/jeni/Cook_subgoal_test/unity_cooking/ROS2/install/ros_tcp_endpoint:/home/jeni/Cook_subgoal_test/unity_cooking/ROS2/install/panda_move:/home/jeni/Cook_subgoal_test/unity_cooking/ROS2/install/panda_moveit_config:/home/jeni/Cook_subgoal_test/unity_cooking/ROS2/install/franka_description:/opt/ros/humble LD_LIBRARY_PATH=/home/jeni/Cook_subgoal_test/unity_cooking/ROS2/install/ros_tcp_endpoint/lib:/home/jeni/Cook_subgoal_test/unity_cooking/ROS2/install/panda_move/lib:/home/jeni/Cook_subgoal_test/unity_cooking/ROS2/src/install/my_ros_tcp_endpoint/lib:/usr/local/cuda-12.4/lib64:/opt/ros/humble/opt/rviz_ogre_vendor/lib:/opt/ros/humble/lib/x86_64-linux-gnu:/opt/ros/humble/lib:/usr/local/cuda-12.4/lib64 /usr/bin/cmake /home/jeni/Cook_subgoal_test/unity_cooking/ROS2/src/panda_move -DCMAKE_INSTALL_PREFIX=/home/jeni/Cook_subgoal_test/unity_cooking/ROS2/install/panda_move
[0.026s] -- The C compiler identification is GNU 11.4.0
[0.047s] -- The CXX compiler identification is GNU 11.4.0
[0.050s] -- Detecting C compiler ABI info
[0.077s] -- Detecting C compiler ABI info - done
[0.080s] -- Check for working C compiler: /usr/bin/cc - skipped
[0.080s] -- Detecting C compile features
[0.080s] -- Detecting C compile features - done
[0.081s] -- Detecting CXX compiler ABI info
[0.113s] -- Detecting CXX compiler ABI info - done
[0.116s] -- Check for working CXX compiler: /usr/bin/c++ - skipped
[0.116s] -- Detecting CXX compile features
[0.116s] -- Detecting CXX compile features - done
[0.117s] -- Found ament_cmake: 1.3.12 (/opt/ros/humble/share/ament_cmake/cmake)
[0.181s] -- Found Python3: /usr/bin/python3 (found version "3.10.12") found components: Interpreter 
[0.219s] -- Found rclpy: 3.3.17 (/opt/ros/humble/share/rclpy/cmake)
[0.219s] -- Found std_msgs: 4.9.0 (/opt/ros/humble/share/std_msgs/cmake)
[0.234s] -- Found rosidl_generator_c: 3.1.7 (/opt/ros/humble/share/rosidl_generator_c/cmake)
[0.236s] -- Found rosidl_adapter: 3.1.7 (/opt/ros/humble/share/rosidl_adapter/cmake)
[0.239s] -- Found rosidl_generator_cpp: 3.1.7 (/opt/ros/humble/share/rosidl_generator_cpp/cmake)
[0.244s] -- Using all available rosidl_typesupport_c: rosidl_typesupport_fastrtps_c;rosidl_typesupport_introspection_c
[0.251s] -- Using all available rosidl_typesupport_cpp: rosidl_typesupport_fastrtps_cpp;rosidl_typesupport_introspection_cpp
[0.260s] -- Found geometry_msgs: 4.9.0 (/opt/ros/humble/share/geometry_msgs/cmake)
[0.265s] -- Found ros_tcp_endpoint: 0.4.0 (/home/jeni/Cook_subgoal_test/unity_cooking/ROS2/install/ros_tcp_endpoint/share/ros_tcp_endpoint/cmake)
[0.270s] -- Found moveit_msgs: 2.2.1 (/opt/ros/humble/share/moveit_msgs/cmake)
[0.324s] -- Found controller_manager: 2.51.0 (/opt/ros/humble/share/controller_manager/cmake)
[0.369s] -- Found rmw_implementation_cmake: 6.1.2 (/opt/ros/humble/share/rmw_implementation_cmake/cmake)
[0.370s] -- Found rmw_cyclonedds_cpp: 1.3.4 (/opt/ros/humble/share/rmw_cyclonedds_cpp/cmake)
[0.379s] -- Using RMW implementation 'rmw_cyclonedds_cpp' as default
[0.382s] -- Looking for pthread.h
[0.415s] -- Looking for pthread.h - found
[0.415s] -- Performing Test CMAKE_HAVE_LIBC_PTHREAD
[0.443s] -- Performing Test CMAKE_HAVE_LIBC_PTHREAD - Success
[0.444s] -- Found Threads: TRUE  
[0.478s] -- Found moveit_core: 2.5.9 (/opt/ros/humble/share/moveit_core/cmake)
[0.493s] -- Found Boost: /usr/lib/x86_64-linux-gnu/cmake/Boost-1.74.0/BoostConfig.cmake (found version "1.74.0") found components: chrono date_time filesystem iostreams program_options regex serialization system thread 
[0.516s] -- Found parameter_traits: 0.5.0 (/opt/ros/humble/share/parameter_traits/cmake)
[0.524s] -- Found Boost: /usr/lib/x86_64-linux-gnu/cmake/Boost-1.74.0/BoostConfig.cmake (found version "1.74.0") found components: filesystem 
[0.556s] -- library: /usr/lib/x86_64-linux-gnu/libcurl.so
[0.570s] -- Found Eigen3: TRUE (found version "3.4.0") 
[0.570s] -- Ensuring Eigen3 include directory is part of orocos-kdl CMake target
[0.611s] -- Found moveit_ros_planning: 2.5.9 (/opt/ros/humble/share/moveit_ros_planning/cmake)
[0.613s] -- Found Boost: /usr/lib/x86_64-linux-gnu/cmake/Boost-1.74.0/BoostConfig.cmake (found version "1.74.0") found components: system filesystem date_time program_options thread chrono 
[0.623s] -- Found moveit_ros_planning_interface: 2.5.9 (/opt/ros/humble/share/moveit_ros_planning_interface/cmake)
[0.625s] -- Found Boost: /usr/lib/x86_64-linux-gnu/cmake/Boost-1.74.0/BoostConfig.cmake (found version "1.74.0") found components: date_time filesystem program_options system thread 
[0.631s] -- Found Boost: /usr/lib/x86_64-linux-gnu/cmake/Boost-1.74.0/BoostConfig.cmake (found version "1.74.0") found components: thread system filesystem regex date_time program_options 
[0.663s] -- Found Boost: /usr/lib/x86_64-linux-gnu/cmake/Boost-1.74.0/BoostConfig.cmake (found version "1.74.0") found components: system filesystem date_time program_options thread 
[0.675s] -- Found moveit_ros_perception: 2.5.9 (/opt/ros/humble/share/moveit_ros_perception/cmake)
[0.676s] -- Found Boost: /usr/lib/x86_64-linux-gnu/cmake/Boost-1.74.0/BoostConfig.cmake (found version "1.74.0") found components: thread 
[0.860s] -- Found ament_cmake_ros: 0.10.0 (/opt/ros/humble/share/ament_cmake_ros/cmake)
[1.137s] -- Using all available rosidl_typesupport_c: rosidl_typesupport_fastrtps_c;rosidl_typesupport_introspection_c
[1.243s] -- Using all available rosidl_typesupport_cpp: rosidl_typesupport_fastrtps_cpp;rosidl_typesupport_introspection_cpp
[1.246s] -- Configuring done
[1.263s] -- Generating done
[1.267s] -- Build files have been written to: /home/jeni/Cook_subgoal_test/unity_cooking/ROS2/build/panda_move
[1.275s] Invoked command in '/home/jeni/Cook_subgoal_test/unity_cooking/ROS2/build/panda_move' returned '0': CMAKE_PREFIX_PATH=/home/jeni/Cook_subgoal_test/unity_cooking/ROS2/install/ros_tcp_endpoint:/home/jeni/Cook_subgoal_test/unity_cooking/ROS2/install/panda_move:/home/jeni/Cook_subgoal_test/unity_cooking/ROS2/install/panda_moveit_config:/home/jeni/Cook_subgoal_test/unity_cooking/ROS2/install/franka_description:/opt/ros/humble LD_LIBRARY_PATH=/home/jeni/Cook_subgoal_test/unity_cooking/ROS2/install/ros_tcp_endpoint/lib:/home/jeni/Cook_subgoal_test/unity_cooking/ROS2/install/panda_move/lib:/home/jeni/Cook_subgoal_test/unity_cooking/ROS2/src/install/my_ros_tcp_endpoint/lib:/usr/local/cuda-12.4/lib64:/opt/ros/humble/opt/rviz_ogre_vendor/lib:/opt/ros/humble/lib/x86_64-linux-gnu:/opt/ros/humble/lib:/usr/local/cuda-12.4/lib64 /usr/bin/cmake /home/jeni/Cook_subgoal_test/unity_cooking/ROS2/src/panda_move -DCMAKE_INSTALL_PREFIX=/home/jeni/Cook_subgoal_test/unity_cooking/ROS2/install/panda_move
[1.276s] Invoking command in '/home/jeni/Cook_subgoal_test/unity_cooking/ROS2/build/panda_move': CMAKE_PREFIX_PATH=/home/jeni/Cook_subgoal_test/unity_cooking/ROS2/install/ros_tcp_endpoint:/home/jeni/Cook_subgoal_test/unity_cooking/ROS2/install/panda_move:/home/jeni/Cook_subgoal_test/unity_cooking/ROS2/install/panda_moveit_config:/home/jeni/Cook_subgoal_test/unity_cooking/ROS2/install/franka_description:/opt/ros/humble LD_LIBRARY_PATH=/home/jeni/Cook_subgoal_test/unity_cooking/ROS2/install/ros_tcp_endpoint/lib:/home/jeni/Cook_subgoal_test/unity_cooking/ROS2/install/panda_move/lib:/home/jeni/Cook_subgoal_test/unity_cooking/ROS2/src/install/my_ros_tcp_endpoint/lib:/usr/local/cuda-12.4/lib64:/opt/ros/humble/opt/rviz_ogre_vendor/lib:/opt/ros/humble/lib/x86_64-linux-gnu:/opt/ros/humble/lib:/usr/local/cuda-12.4/lib64 /usr/bin/cmake --build /home/jeni/Cook_subgoal_test/unity_cooking/ROS2/build/panda_move -- -j16 -l16
[1.297s] [  1%] [34m[1mGenerating C code for ROS interfaces[0m
[1.301s] [  2%] [34m[1mGenerating C++ code for ROS interfaces[0m
[1.629s] [  3%] [32mBuilding C object CMakeFiles/panda_move__rosidl_generator_c.dir/rosidl_generator_c/panda_move/msg/detail/action__functions.c.o[0m
[1.629s] [  5%] [32mBuilding C object CMakeFiles/panda_move__rosidl_generator_c.dir/rosidl_generator_c/panda_move/msg/detail/execution_check__functions.c.o[0m
[1.629s] [  5%] [32mBuilding C object CMakeFiles/panda_move__rosidl_generator_c.dir/rosidl_generator_c/panda_move/srv/detail/sync__functions.c.o[0m
[1.629s] [  7%] [32mBuilding C object CMakeFiles/panda_move__rosidl_generator_c.dir/rosidl_generator_c/panda_move/srv/detail/init__functions.c.o[0m
[1.629s] [  8%] [32mBuilding C object CMakeFiles/panda_move__rosidl_generator_c.dir/rosidl_generator_c/panda_move/msg/detail/predicate__functions.c.o[0m
[1.630s] [  9%] [32mBuilding C object CMakeFiles/panda_move__rosidl_generator_c.dir/rosidl_generator_c/panda_move/srv/detail/motion_check__functions.c.o[0m
[1.630s] [  9%] Built target panda_move__cpp
[1.630s] [ 10%] [32mBuilding C object CMakeFiles/panda_move__rosidl_generator_c.dir/rosidl_generator_c/panda_move/srv/detail/plan__functions.c.o[0m
[1.630s] [ 11%] [32mBuilding C object CMakeFiles/panda_move__rosidl_generator_c.dir/rosidl_generator_c/panda_move/srv/detail/action_sequences__functions.c.o[0m
[1.630s] [ 12%] [32mBuilding C object CMakeFiles/panda_move__rosidl_generator_c.dir/rosidl_generator_c/panda_move/srv/detail/hand__functions.c.o[0m
[1.631s] [ 14%] [32mBuilding C object CMakeFiles/panda_move__rosidl_generator_c.dir/rosidl_generator_c/panda_move/srv/detail/new_state__functions.c.o[0m
[1.637s] [ 17%] [34m[1mGenerating C++ type support dispatch for ROS interfaces[0m
[1.637s] [ 17%] [34m[1mGenerating C++ type support for eProsima Fast-RTPS[0m
[1.637s] [ 17%] [34m[1mGenerating C++ introspection for ROS interfaces[0m
[1.667s] [ 18%] [32m[1mLinking C shared library libpanda_move__rosidl_generator_c.so[0m
[1.687s] [ 18%] Built target panda_move__rosidl_generator_c
[1.692s] [ 22%] [34m[1mGenerating C type support for eProsima Fast-RTPS[0m
[1.692s] [ 22%] [34m[1mGenerating C type support dispatch for ROS interfaces[0m
[1.692s] [ 22%] [34m[1mGenerating C introspection for ROS interfaces[0m
[1.846s] [ 24%] [32mBuilding CXX object CMakeFiles/panda_move__rosidl_typesupport_cpp.dir/rosidl_typesupport_cpp/panda_move/srv/init__type_support.cpp.o[0m
[1.846s] [ 24%] [32mBuilding CXX object CMakeFiles/panda_move__rosidl_typesupport_cpp.dir/rosidl_typesupport_cpp/panda_move/msg/action__type_support.cpp.o[0m
[1.846s] [ 25%] [32mBuilding CXX object CMakeFiles/panda_move__rosidl_typesupport_cpp.dir/rosidl_typesupport_cpp/panda_move/msg/predicate__type_support.cpp.o[0m
[1.846s] [ 27%] [32mBuilding CXX object CMakeFiles/panda_move__rosidl_typesupport_cpp.dir/rosidl_typesupport_cpp/panda_move/srv/sync__type_support.cpp.o[0m
[1.846s] [ 28%] [32mBuilding CXX object CMakeFiles/panda_move__rosidl_typesupport_cpp.dir/rosidl_typesupport_cpp/panda_move/msg/execution_check__type_support.cpp.o[0m
[1.846s] [ 29%] [32mBuilding CXX object CMakeFiles/panda_move__rosidl_typesupport_cpp.dir/rosidl_typesupport_cpp/panda_move/srv/motion_check__type_support.cpp.o[0m
[1.846s] [ 30%] [32mBuilding CXX object CMakeFiles/panda_move__rosidl_typesupport_cpp.dir/rosidl_typesupport_cpp/panda_move/srv/plan__type_support.cpp.o[0m
[1.846s] [ 32%] [32mBuilding CXX object CMakeFiles/panda_move__rosidl_typesupport_cpp.dir/rosidl_typesupport_cpp/panda_move/srv/new_state__type_support.cpp.o[0m
[1.846s] [ 32%] [32mBuilding CXX object CMakeFiles/panda_move__rosidl_typesupport_cpp.dir/rosidl_typesupport_cpp/panda_move/srv/hand__type_support.cpp.o[0m
[1.846s] [ 34%] [32mBuilding CXX object CMakeFiles/panda_move__rosidl_typesupport_cpp.dir/rosidl_typesupport_cpp/panda_move/srv/action_sequences__type_support.cpp.o[0m
[1.960s] [ 35%] [32mBuilding CXX object CMakeFiles/panda_move__rosidl_typesupport_c.dir/rosidl_typesupport_c/panda_move/msg/action__type_support.cpp.o[0m
[1.960s] [ 36%] [32mBuilding CXX object CMakeFiles/panda_move__rosidl_typesupport_c.dir/rosidl_typesupport_c/panda_move/msg/predicate__type_support.cpp.o[0m
[1.989s] [ 37%] [32mBuilding CXX object CMakeFiles/panda_move__rosidl_typesupport_c.dir/rosidl_typesupport_c/panda_move/msg/execution_check__type_support.cpp.o[0m
[1.990s] [ 38%] [32mBuilding CXX object CMakeFiles/panda_move__rosidl_typesupport_c.dir/rosidl_typesupport_c/panda_move/srv/init__type_support.cpp.o[0m
[1.997s] [ 40%] [32mBuilding CXX object CMakeFiles/panda_move__rosidl_typesupport_introspection_cpp.dir/rosidl_typesupport_introspection_cpp/panda_move/msg/detail/action__type_support.cpp.o[0m
[2.010s] [ 43%] [32mBuilding CXX object CMakeFiles/panda_move__rosidl_typesupport_c.dir/rosidl_typesupport_c/panda_move/srv/sync__type_support.cpp.o[0m
[2.010s] [ 43%] [32mBuilding CXX object CMakeFiles/panda_move__rosidl_typesupport_introspection_cpp.dir/rosidl_typesupport_introspection_cpp/panda_move/msg/detail/predicate__type_support.cpp.o[0m
[2.010s] [ 43%] [32mBuilding CXX object CMakeFiles/panda_move__rosidl_typesupport_c.dir/rosidl_typesupport_c/panda_move/srv/plan__type_support.cpp.o[0m
[2.010s] [ 44%] [32mBuilding CXX object CMakeFiles/panda_move__rosidl_typesupport_introspection_cpp.dir/rosidl_typesupport_introspection_cpp/panda_move/msg/detail/execution_check__type_support.cpp.o[0m
[2.013s] [ 45%] [32mBuilding CXX object CMakeFiles/panda_move__rosidl_typesupport_introspection_cpp.dir/rosidl_typesupport_introspection_cpp/panda_move/srv/detail/init__type_support.cpp.o[0m
[2.013s] [ 47%] [32mBuilding CXX object CMakeFiles/panda_move__rosidl_typesupport_introspection_cpp.dir/rosidl_typesupport_introspection_cpp/panda_move/srv/detail/sync__type_support.cpp.o[0m
[2.013s] [ 48%] [32mBuilding CXX object CMakeFiles/panda_move__rosidl_typesupport_c.dir/rosidl_typesupport_c/panda_move/srv/hand__type_support.cpp.o[0m
[2.014s] [ 49%] [32mBuilding CXX object CMakeFiles/panda_move__rosidl_typesupport_c.dir/rosidl_typesupport_c/panda_move/srv/motion_check__type_support.cpp.o[0m
[2.017s] [ 50%] [32mBuilding CXX object CMakeFiles/panda_move__rosidl_typesupport_c.dir/rosidl_typesupport_c/panda_move/srv/action_sequences__type_support.cpp.o[0m
[2.017s] [ 51%] [32mBuilding CXX object CMakeFiles/panda_move__rosidl_typesupport_c.dir/rosidl_typesupport_c/panda_move/srv/new_state__type_support.cpp.o[0m
[2.021s] [ 52%] [32m[1mLinking CXX shared library libpanda_move__rosidl_typesupport_cpp.so[0m
[2.028s] [ 54%] [32mBuilding CXX object CMakeFiles/panda_move__rosidl_typesupport_introspection_cpp.dir/rosidl_typesupport_introspection_cpp/panda_move/srv/detail/plan__type_support.cpp.o[0m
[2.035s] [ 55%] [32mBuilding CXX object CMakeFiles/panda_move__rosidl_typesupport_introspection_cpp.dir/rosidl_typesupport_introspection_cpp/panda_move/srv/detail/hand__type_support.cpp.o[0m
[2.035s] [ 56%] [32mBuilding CXX object CMakeFiles/panda_move__rosidl_typesupport_introspection_cpp.dir/rosidl_typesupport_introspection_cpp/panda_move/srv/detail/motion_check__type_support.cpp.o[0m
[2.035s] [ 57%] [32mBuilding CXX object CMakeFiles/panda_move__rosidl_typesupport_introspection_cpp.dir/rosidl_typesupport_introspection_cpp/panda_move/srv/detail/action_sequences__type_support.cpp.o[0m
[2.035s] [ 58%] [32mBuilding CXX object CMakeFiles/panda_move__rosidl_typesupport_introspection_cpp.dir/rosidl_typesupport_introspection_cpp/panda_move/srv/detail/new_state__type_support.cpp.o[0m
[2.040s] [ 60%] [32m[1mLinking CXX shared library libpanda_move__rosidl_typesupport_c.so[0m
[2.055s] [ 60%] Built target panda_move__rosidl_typesupport_cpp
[2.069s] [ 61%] [32mBuilding CXX object CMakeFiles/panda_move__rosidl_typesupport_fastrtps_cpp.dir/rosidl_typesupport_fastrtps_cpp/panda_move/msg/detail/dds_fastrtps/action__type_support.cpp.o[0m
[2.070s] [ 61%] Built target panda_move__rosidl_typesupport_c
[2.074s] [ 62%] [32mBuilding CXX object CMakeFiles/panda_move__rosidl_typesupport_fastrtps_cpp.dir/rosidl_typesupport_fastrtps_cpp/panda_move/msg/detail/dds_fastrtps/predicate__type_support.cpp.o[0m
[2.075s] [ 63%] [32mBuilding CXX object CMakeFiles/panda_move__rosidl_typesupport_fastrtps_cpp.dir/rosidl_typesupport_fastrtps_cpp/panda_move/msg/detail/dds_fastrtps/execution_check__type_support.cpp.o[0m
[2.091s] [ 64%] [32mBuilding CXX object CMakeFiles/panda_move__rosidl_typesupport_fastrtps_cpp.dir/rosidl_typesupport_fastrtps_cpp/panda_move/srv/detail/dds_fastrtps/init__type_support.cpp.o[0m
[2.131s] [ 65%] [32mBuilding C object CMakeFiles/panda_move__rosidl_typesupport_introspection_c.dir/rosidl_typesupport_introspection_c/panda_move/msg/detail/action__type_support.c.o[0m
[2.157s] [ 67%] [32mBuilding C object CMakeFiles/panda_move__rosidl_typesupport_introspection_c.dir/rosidl_typesupport_introspection_c/panda_move/msg/detail/predicate__type_support.c.o[0m
[2.185s] [ 68%] [32mBuilding C object CMakeFiles/panda_move__rosidl_typesupport_introspection_c.dir/rosidl_typesupport_introspection_c/panda_move/msg/detail/execution_check__type_support.c.o[0m
[2.203s] [ 69%] [32mBuilding CXX object CMakeFiles/panda_move__rosidl_typesupport_fastrtps_c.dir/rosidl_typesupport_fastrtps_c/panda_move/msg/detail/action__type_support_c.cpp.o[0m
[2.210s] [ 70%] [32mBuilding C object CMakeFiles/panda_move__rosidl_typesupport_introspection_c.dir/rosidl_typesupport_introspection_c/panda_move/srv/detail/init__type_support.c.o[0m
[2.249s] [ 71%] [32mBuilding C object CMakeFiles/panda_move__rosidl_typesupport_introspection_c.dir/rosidl_typesupport_introspection_c/panda_move/srv/detail/sync__type_support.c.o[0m
[2.256s] [ 72%] [32mBuilding CXX object CMakeFiles/panda_move__rosidl_typesupport_fastrtps_cpp.dir/rosidl_typesupport_fastrtps_cpp/panda_move/srv/detail/dds_fastrtps/sync__type_support.cpp.o[0m
[2.285s] [ 75%] [32mBuilding CXX object CMakeFiles/panda_move__rosidl_typesupport_fastrtps_c.dir/rosidl_typesupport_fastrtps_c/panda_move/msg/detail/execution_check__type_support_c.cpp.o[0m
[2.285s] [ 75%] [32mBuilding CXX object CMakeFiles/panda_move__rosidl_typesupport_fastrtps_c.dir/rosidl_typesupport_fastrtps_c/panda_move/msg/detail/predicate__type_support_c.cpp.o[0m
[2.288s] [ 77%] [32mBuilding CXX object CMakeFiles/panda_move__rosidl_typesupport_fastrtps_cpp.dir/rosidl_typesupport_fastrtps_cpp/panda_move/srv/detail/dds_fastrtps/plan__type_support.cpp.o[0m
[2.289s] [ 77%] [32mBuilding C object CMakeFiles/panda_move__rosidl_typesupport_introspection_c.dir/rosidl_typesupport_introspection_c/panda_move/srv/detail/plan__type_support.c.o[0m
[2.318s] [ 78%] [32mBuilding CXX object CMakeFiles/panda_move__rosidl_typesupport_fastrtps_cpp.dir/rosidl_typesupport_fastrtps_cpp/panda_move/srv/detail/dds_fastrtps/hand__type_support.cpp.o[0m
[2.326s] [ 80%] [32mBuilding C object CMakeFiles/panda_move__rosidl_typesupport_introspection_c.dir/rosidl_typesupport_introspection_c/panda_move/srv/detail/hand__type_support.c.o[0m
[2.331s] [ 81%] [32mBuilding C object CMakeFiles/panda_move__rosidl_typesupport_introspection_c.dir/rosidl_typesupport_introspection_c/panda_move/srv/detail/motion_check__type_support.c.o[0m
[2.352s] [ 82%] [32mBuilding CXX object CMakeFiles/panda_move__rosidl_typesupport_fastrtps_c.dir/rosidl_typesupport_fastrtps_c/panda_move/srv/detail/init__type_support_c.cpp.o[0m
[2.353s] [ 83%] [32mBuilding CXX object CMakeFiles/panda_move__rosidl_typesupport_fastrtps_cpp.dir/rosidl_typesupport_fastrtps_cpp/panda_move/srv/detail/dds_fastrtps/motion_check__type_support.cpp.o[0m
[2.363s] [ 84%] [32mBuilding C object CMakeFiles/panda_move__rosidl_typesupport_introspection_c.dir/rosidl_typesupport_introspection_c/panda_move/srv/detail/action_sequences__type_support.c.o[0m
[2.369s] [ 88%] [32mBuilding C object CMakeFiles/panda_move__rosidl_typesupport_introspection_c.dir/rosidl_typesupport_introspection_c/panda_move/srv/detail/new_state__type_support.c.o[0m
[2.369s] [ 88%] [32mBuilding CXX object CMakeFiles/panda_move__rosidl_typesupport_fastrtps_c.dir/rosidl_typesupport_fastrtps_c/panda_move/srv/detail/plan__type_support_c.cpp.o[0m
[2.370s] [ 88%] [32mBuilding CXX object CMakeFiles/panda_move__rosidl_typesupport_fastrtps_c.dir/rosidl_typesupport_fastrtps_c/panda_move/srv/detail/sync__type_support_c.cpp.o[0m
[2.373s] [ 89%] [32mBuilding CXX object CMakeFiles/panda_move__rosidl_typesupport_fastrtps_cpp.dir/rosidl_typesupport_fastrtps_cpp/panda_move/srv/detail/dds_fastrtps/action_sequences__type_support.cpp.o[0m
[2.384s] [ 90%] [32mBuilding CXX object CMakeFiles/panda_move__rosidl_typesupport_fastrtps_c.dir/rosidl_typesupport_fastrtps_c/panda_move/srv/detail/hand__type_support_c.cpp.o[0m
[2.397s] [ 91%] [32mBuilding CXX object CMakeFiles/panda_move__rosidl_typesupport_fastrtps_c.dir/rosidl_typesupport_fastrtps_c/panda_move/srv/detail/motion_check__type_support_c.cpp.o[0m
[2.397s] [ 92%] [32m[1mLinking C shared library libpanda_move__rosidl_typesupport_introspection_c.so[0m
[2.433s] [ 92%] Built target panda_move__rosidl_typesupport_introspection_c
[2.435s] [ 94%] [32mBuilding CXX object CMakeFiles/panda_move__rosidl_typesupport_fastrtps_cpp.dir/rosidl_typesupport_fastrtps_cpp/panda_move/srv/detail/dds_fastrtps/new_state__type_support.cpp.o[0m
[2.436s] [ 95%] [32mBuilding CXX object CMakeFiles/panda_move__rosidl_typesupport_fastrtps_c.dir/rosidl_typesupport_fastrtps_c/panda_move/srv/detail/action_sequences__type_support_c.cpp.o[0m
[2.499s] [ 96%] [32mBuilding CXX object CMakeFiles/panda_move__rosidl_typesupport_fastrtps_c.dir/rosidl_typesupport_fastrtps_c/panda_move/srv/detail/new_state__type_support_c.cpp.o[0m
[2.541s] [ 97%] [32m[1mLinking CXX shared library libpanda_move__rosidl_typesupport_introspection_cpp.so[0m
[2.619s] [ 97%] Built target panda_move__rosidl_typesupport_introspection_cpp
[2.672s] [ 98%] [32m[1mLinking CXX shared library libpanda_move__rosidl_typesupport_fastrtps_c.so[0m
[2.675s] [100%] [32m[1mLinking CXX shared library libpanda_move__rosidl_typesupport_fastrtps_cpp.so[0m
[2.710s] [100%] Built target panda_move__rosidl_typesupport_fastrtps_c
[2.715s] [100%] Built target panda_move__rosidl_typesupport_fastrtps_cpp
[2.723s] [100%] Built target panda_move
[2.728s] Invoked command in '/home/jeni/Cook_subgoal_test/unity_cooking/ROS2/build/panda_move' returned '0': CMAKE_PREFIX_PATH=/home/jeni/Cook_subgoal_test/unity_cooking/ROS2/install/ros_tcp_endpoint:/home/jeni/Cook_subgoal_test/unity_cooking/ROS2/install/panda_move:/home/jeni/Cook_subgoal_test/unity_cooking/ROS2/install/panda_moveit_config:/home/jeni/Cook_subgoal_test/unity_cooking/ROS2/install/franka_description:/opt/ros/humble LD_LIBRARY_PATH=/home/jeni/Cook_subgoal_test/unity_cooking/ROS2/install/ros_tcp_endpoint/lib:/home/jeni/Cook_subgoal_test/unity_cooking/ROS2/install/panda_move/lib:/home/jeni/Cook_subgoal_test/unity_cooking/ROS2/src/install/my_ros_tcp_endpoint/lib:/usr/local/cuda-12.4/lib64:/opt/ros/humble/opt/rviz_ogre_vendor/lib:/opt/ros/humble/lib/x86_64-linux-gnu:/opt/ros/humble/lib:/usr/local/cuda-12.4/lib64 /usr/bin/cmake --build /home/jeni/Cook_subgoal_test/unity_cooking/ROS2/build/panda_move -- -j16 -l16
[2.729s] Invoking command in '/home/jeni/Cook_subgoal_test/unity_cooking/ROS2/build/panda_move': CMAKE_PREFIX_PATH=/home/jeni/Cook_subgoal_test/unity_cooking/ROS2/install/ros_tcp_endpoint:/home/jeni/Cook_subgoal_test/unity_cooking/ROS2/install/panda_move:/home/jeni/Cook_subgoal_test/unity_cooking/ROS2/install/panda_moveit_config:/home/jeni/Cook_subgoal_test/unity_cooking/ROS2/install/franka_description:/opt/ros/humble LD_LIBRARY_PATH=/home/jeni/Cook_subgoal_test/unity_cooking/ROS2/install/ros_tcp_endpoint/lib:/home/jeni/Cook_subgoal_test/unity_cooking/ROS2/install/panda_move/lib:/home/jeni/Cook_subgoal_test/unity_cooking/ROS2/src/install/my_ros_tcp_endpoint/lib:/usr/local/cuda-12.4/lib64:/opt/ros/humble/opt/rviz_ogre_vendor/lib:/opt/ros/humble/lib/x86_64-linux-gnu:/opt/ros/humble/lib:/usr/local/cuda-12.4/lib64 /usr/bin/cmake --install /home/jeni/Cook_subgoal_test/unity_cooking/ROS2/build/panda_move
[2.732s] -- Install configuration: ""
[2.732s] -- Installing: /home/jeni/Cook_subgoal_test/unity_cooking/ROS2/install/panda_move/share/ament_index/resource_index/rosidl_interfaces/panda_move
[2.732s] -- Installing: /home/jeni/Cook_subgoal_test/unity_cooking/ROS2/install/panda_move/include/panda_move/panda_move
[2.732s] -- Installing: /home/jeni/Cook_subgoal_test/unity_cooking/ROS2/install/panda_move/include/panda_move/panda_move/srv
[2.732s] -- Installing: /home/jeni/Cook_subgoal_test/unity_cooking/ROS2/install/panda_move/include/panda_move/panda_move/srv/hand.h
[2.732s] -- Installing: /home/jeni/Cook_subgoal_test/unity_cooking/ROS2/install/panda_move/include/panda_move/panda_move/srv/action_sequences.h
[2.732s] -- Installing: /home/jeni/Cook_subgoal_test/unity_cooking/ROS2/install/panda_move/include/panda_move/panda_move/srv/sync.h
[2.732s] -- Installing: /home/jeni/Cook_subgoal_test/unity_cooking/ROS2/install/panda_move/include/panda_move/panda_move/srv/new_state.h
[2.732s] -- Installing: /home/jeni/Cook_subgoal_test/unity_cooking/ROS2/install/panda_move/include/panda_move/panda_move/srv/detail
[2.732s] -- Installing: /home/jeni/Cook_subgoal_test/unity_cooking/ROS2/install/panda_move/include/panda_move/panda_move/srv/detail/sync__functions.h
[2.732s] -- Installing: /home/jeni/Cook_subgoal_test/unity_cooking/ROS2/install/panda_move/include/panda_move/panda_move/srv/detail/action_sequences__functions.h
[2.732s] -- Installing: /home/jeni/Cook_subgoal_test/unity_cooking/ROS2/install/panda_move/include/panda_move/panda_move/srv/detail/init__type_support.h
[2.732s] -- Installing: /home/jeni/Cook_subgoal_test/unity_cooking/ROS2/install/panda_move/include/panda_move/panda_move/srv/detail/motion_check__type_support.h
[2.732s] -- Installing: /home/jeni/Cook_subgoal_test/unity_cooking/ROS2/install/panda_move/include/panda_move/panda_move/srv/detail/init__functions.c
[2.732s] -- Installing: /home/jeni/Cook_subgoal_test/unity_cooking/ROS2/install/panda_move/include/panda_move/panda_move/srv/detail/sync__functions.c
[2.732s] -- Installing: /home/jeni/Cook_subgoal_test/unity_cooking/ROS2/install/panda_move/include/panda_move/panda_move/srv/detail/action_sequences__type_support.h
[2.733s] -- Installing: /home/jeni/Cook_subgoal_test/unity_cooking/ROS2/install/panda_move/include/panda_move/panda_move/srv/detail/init__struct.h
[2.733s] -- Installing: /home/jeni/Cook_subgoal_test/unity_cooking/ROS2/install/panda_move/include/panda_move/panda_move/srv/detail/plan__struct.h
[2.733s] -- Installing: /home/jeni/Cook_subgoal_test/unity_cooking/ROS2/install/panda_move/include/panda_move/panda_move/srv/detail/motion_check__struct.h
[2.733s] -- Installing: /home/jeni/Cook_subgoal_test/unity_cooking/ROS2/install/panda_move/include/panda_move/panda_move/srv/detail/hand__functions.c
[2.733s] -- Installing: /home/jeni/Cook_subgoal_test/unity_cooking/ROS2/install/panda_move/include/panda_move/panda_move/srv/detail/hand__functions.h
[2.733s] -- Installing: /home/jeni/Cook_subgoal_test/unity_cooking/ROS2/install/panda_move/include/panda_move/panda_move/srv/detail/motion_check__functions.h
[2.733s] -- Installing: /home/jeni/Cook_subgoal_test/unity_cooking/ROS2/install/panda_move/include/panda_move/panda_move/srv/detail/plan__functions.c
[2.733s] -- Installing: /home/jeni/Cook_subgoal_test/unity_cooking/ROS2/install/panda_move/include/panda_move/panda_move/srv/detail/sync__struct.h
[2.733s] -- Installing: /home/jeni/Cook_subgoal_test/unity_cooking/ROS2/install/panda_move/include/panda_move/panda_move/srv/detail/sync__type_support.h
[2.733s] -- Installing: /home/jeni/Cook_subgoal_test/unity_cooking/ROS2/install/panda_move/include/panda_move/panda_move/srv/detail/plan__type_support.h
[2.733s] -- Installing: /home/jeni/Cook_subgoal_test/unity_cooking/ROS2/install/panda_move/include/panda_move/panda_move/srv/detail/action_sequences__struct.h
[2.733s] -- Installing: /home/jeni/Cook_subgoal_test/unity_cooking/ROS2/install/panda_move/include/panda_move/panda_move/srv/detail/hand__struct.h
[2.733s] -- Installing: /home/jeni/Cook_subgoal_test/unity_cooking/ROS2/install/panda_move/include/panda_move/panda_move/srv/detail/new_state__struct.h
[2.733s] -- Installing: /home/jeni/Cook_subgoal_test/unity_cooking/ROS2/install/panda_move/include/panda_move/panda_move/srv/detail/new_state__functions.h
[2.733s] -- Installing: /home/jeni/Cook_subgoal_test/unity_cooking/ROS2/install/panda_move/include/panda_move/panda_move/srv/detail/new_state__type_support.h
[2.733s] -- Installing: /home/jeni/Cook_subgoal_test/unity_cooking/ROS2/install/panda_move/include/panda_move/panda_move/srv/detail/init__functions.h
[2.733s] -- Installing: /home/jeni/Cook_subgoal_test/unity_cooking/ROS2/install/panda_move/include/panda_move/panda_move/srv/detail/new_state__functions.c
[2.733s] -- Installing: /home/jeni/Cook_subgoal_test/unity_cooking/ROS2/install/panda_move/include/panda_move/panda_move/srv/detail/motion_check__functions.c
[2.733s] -- Installing: /home/jeni/Cook_subgoal_test/unity_cooking/ROS2/install/panda_move/include/panda_move/panda_move/srv/detail/action_sequences__functions.c
[2.733s] -- Installing: /home/jeni/Cook_subgoal_test/unity_cooking/ROS2/install/panda_move/include/panda_move/panda_move/srv/detail/plan__functions.h
[2.733s] -- Installing: /home/jeni/Cook_subgoal_test/unity_cooking/ROS2/install/panda_move/include/panda_move/panda_move/srv/detail/hand__type_support.h
[2.733s] -- Installing: /home/jeni/Cook_subgoal_test/unity_cooking/ROS2/install/panda_move/include/panda_move/panda_move/srv/motion_check.h
[2.733s] -- Installing: /home/jeni/Cook_subgoal_test/unity_cooking/ROS2/install/panda_move/include/panda_move/panda_move/srv/init.h
[2.733s] -- Installing: /home/jeni/Cook_subgoal_test/unity_cooking/ROS2/install/panda_move/include/panda_move/panda_move/srv/plan.h
[2.733s] -- Installing: /home/jeni/Cook_subgoal_test/unity_cooking/ROS2/install/panda_move/include/panda_move/panda_move/msg
[2.733s] -- Installing: /home/jeni/Cook_subgoal_test/unity_cooking/ROS2/install/panda_move/include/panda_move/panda_move/msg/execution_check.h
[2.733s] -- Installing: /home/jeni/Cook_subgoal_test/unity_cooking/ROS2/install/panda_move/include/panda_move/panda_move/msg/action.h
[2.733s] -- Installing: /home/jeni/Cook_subgoal_test/unity_cooking/ROS2/install/panda_move/include/panda_move/panda_move/msg/predicate.h
[2.733s] -- Installing: /home/jeni/Cook_subgoal_test/unity_cooking/ROS2/install/panda_move/include/panda_move/panda_move/msg/rosidl_generator_c__visibility_control.h
[2.734s] -- Installing: /home/jeni/Cook_subgoal_test/unity_cooking/ROS2/install/panda_move/include/panda_move/panda_move/msg/detail
[2.734s] -- Installing: /home/jeni/Cook_subgoal_test/unity_cooking/ROS2/install/panda_move/include/panda_move/panda_move/msg/detail/action__type_support.h
[2.734s] -- Installing: /home/jeni/Cook_subgoal_test/unity_cooking/ROS2/install/panda_move/include/panda_move/panda_move/msg/detail/predicate__functions.c
[2.734s] -- Installing: /home/jeni/Cook_subgoal_test/unity_cooking/ROS2/install/panda_move/include/panda_move/panda_move/msg/detail/execution_check__type_support.h
[2.734s] -- Installing: /home/jeni/Cook_subgoal_test/unity_cooking/ROS2/install/panda_move/include/panda_move/panda_move/msg/detail/execution_check__functions.h
[2.734s] -- Installing: /home/jeni/Cook_subgoal_test/unity_cooking/ROS2/install/panda_move/include/panda_move/panda_move/msg/detail/predicate__functions.h
[2.734s] -- Installing: /home/jeni/Cook_subgoal_test/unity_cooking/ROS2/install/panda_move/include/panda_move/panda_move/msg/detail/action__functions.h
[2.734s] -- Installing: /home/jeni/Cook_subgoal_test/unity_cooking/ROS2/install/panda_move/include/panda_move/panda_move/msg/detail/execution_check__struct.h
[2.734s] -- Installing: /home/jeni/Cook_subgoal_test/unity_cooking/ROS2/install/panda_move/include/panda_move/panda_move/msg/detail/execution_check__functions.c
[2.734s] -- Installing: /home/jeni/Cook_subgoal_test/unity_cooking/ROS2/install/panda_move/include/panda_move/panda_move/msg/detail/action__functions.c
[2.734s] -- Installing: /home/jeni/Cook_subgoal_test/unity_cooking/ROS2/install/panda_move/include/panda_move/panda_move/msg/detail/predicate__struct.h
[2.734s] -- Installing: /home/jeni/Cook_subgoal_test/unity_cooking/ROS2/install/panda_move/include/panda_move/panda_move/msg/detail/action__struct.h
[2.734s] -- Installing: /home/jeni/Cook_subgoal_test/unity_cooking/ROS2/install/panda_move/include/panda_move/panda_move/msg/detail/predicate__type_support.h
[2.734s] -- Installing: /home/jeni/Cook_subgoal_test/unity_cooking/ROS2/install/panda_move/share/panda_move/environment/library_path.sh
[2.734s] -- Installing: /home/jeni/Cook_subgoal_test/unity_cooking/ROS2/install/panda_move/share/panda_move/environment/library_path.dsv
[2.734s] -- Installing: /home/jeni/Cook_subgoal_test/unity_cooking/ROS2/install/panda_move/lib/libpanda_move__rosidl_generator_c.so
[2.734s] -- Set runtime path of "/home/jeni/Cook_subgoal_test/unity_cooking/ROS2/install/panda_move/lib/libpanda_move__rosidl_generator_c.so" to ""
[2.734s] -- Up-to-date: /home/jeni/Cook_subgoal_test/unity_cooking/ROS2/install/panda_move/include/panda_move/panda_move
[2.734s] -- Up-to-date: /home/jeni/Cook_subgoal_test/unity_cooking/ROS2/install/panda_move/include/panda_move/panda_move/srv
[2.734s] -- Up-to-date: /home/jeni/Cook_subgoal_test/unity_cooking/ROS2/install/panda_move/include/panda_move/panda_move/srv/detail
[2.734s] -- Installing: /home/jeni/Cook_subgoal_test/unity_cooking/ROS2/install/panda_move/include/panda_move/panda_move/srv/detail/sync__rosidl_typesupport_fastrtps_c.h
[2.734s] -- Installing: /home/jeni/Cook_subgoal_test/unity_cooking/ROS2/install/panda_move/include/panda_move/panda_move/srv/detail/plan__rosidl_typesupport_fastrtps_c.h
[2.734s] -- Installing: /home/jeni/Cook_subgoal_test/unity_cooking/ROS2/install/panda_move/include/panda_move/panda_move/srv/detail/hand__rosidl_typesupport_fastrtps_c.h
[2.734s] -- Installing: /home/jeni/Cook_subgoal_test/unity_cooking/ROS2/install/panda_move/include/panda_move/panda_move/srv/detail/init__rosidl_typesupport_fastrtps_c.h
[2.734s] -- Installing: /home/jeni/Cook_subgoal_test/unity_cooking/ROS2/install/panda_move/include/panda_move/panda_move/srv/detail/motion_check__rosidl_typesupport_fastrtps_c.h
[2.734s] -- Installing: /home/jeni/Cook_subgoal_test/unity_cooking/ROS2/install/panda_move/include/panda_move/panda_move/srv/detail/new_state__rosidl_typesupport_fastrtps_c.h
[2.735s] -- Installing: /home/jeni/Cook_subgoal_test/unity_cooking/ROS2/install/panda_move/include/panda_move/panda_move/srv/detail/action_sequences__rosidl_typesupport_fastrtps_c.h
[2.735s] -- Up-to-date: /home/jeni/Cook_subgoal_test/unity_cooking/ROS2/install/panda_move/include/panda_move/panda_move/msg
[2.735s] -- Installing: /home/jeni/Cook_subgoal_test/unity_cooking/ROS2/install/panda_move/include/panda_move/panda_move/msg/rosidl_typesupport_fastrtps_c__visibility_control.h
[2.735s] -- Up-to-date: /home/jeni/Cook_subgoal_test/unity_cooking/ROS2/install/panda_move/include/panda_move/panda_move/msg/detail
[2.735s] -- Installing: /home/jeni/Cook_subgoal_test/unity_cooking/ROS2/install/panda_move/include/panda_move/panda_move/msg/detail/predicate__rosidl_typesupport_fastrtps_c.h
[2.735s] -- Installing: /home/jeni/Cook_subgoal_test/unity_cooking/ROS2/install/panda_move/include/panda_move/panda_move/msg/detail/action__rosidl_typesupport_fastrtps_c.h
[2.735s] -- Installing: /home/jeni/Cook_subgoal_test/unity_cooking/ROS2/install/panda_move/include/panda_move/panda_move/msg/detail/execution_check__rosidl_typesupport_fastrtps_c.h
[2.735s] -- Installing: /home/jeni/Cook_subgoal_test/unity_cooking/ROS2/install/panda_move/lib/libpanda_move__rosidl_typesupport_fastrtps_c.so
[2.735s] -- Set runtime path of "/home/jeni/Cook_subgoal_test/unity_cooking/ROS2/install/panda_move/lib/libpanda_move__rosidl_typesupport_fastrtps_c.so" to ""
[2.735s] -- Up-to-date: /home/jeni/Cook_subgoal_test/unity_cooking/ROS2/install/panda_move/include/panda_move/panda_move
[2.735s] -- Up-to-date: /home/jeni/Cook_subgoal_test/unity_cooking/ROS2/install/panda_move/include/panda_move/panda_move/srv
[2.735s] -- Installing: /home/jeni/Cook_subgoal_test/unity_cooking/ROS2/install/panda_move/include/panda_move/panda_move/srv/hand.hpp
[2.735s] -- Installing: /home/jeni/Cook_subgoal_test/unity_cooking/ROS2/install/panda_move/include/panda_move/panda_move/srv/init.hpp
[2.735s] -- Installing: /home/jeni/Cook_subgoal_test/unity_cooking/ROS2/install/panda_move/include/panda_move/panda_move/srv/sync.hpp
[2.735s] -- Installing: /home/jeni/Cook_subgoal_test/unity_cooking/ROS2/install/panda_move/include/panda_move/panda_move/srv/motion_check.hpp
[2.735s] -- Installing: /home/jeni/Cook_subgoal_test/unity_cooking/ROS2/install/panda_move/include/panda_move/panda_move/srv/new_state.hpp
[2.735s] -- Installing: /home/jeni/Cook_subgoal_test/unity_cooking/ROS2/install/panda_move/include/panda_move/panda_move/srv/action_sequences.hpp
[2.735s] -- Installing: /home/jeni/Cook_subgoal_test/unity_cooking/ROS2/install/panda_move/include/panda_move/panda_move/srv/plan.hpp
[2.735s] -- Up-to-date: /home/jeni/Cook_subgoal_test/unity_cooking/ROS2/install/panda_move/include/panda_move/panda_move/srv/detail
[2.735s] -- Installing: /home/jeni/Cook_subgoal_test/unity_cooking/ROS2/install/panda_move/include/panda_move/panda_move/srv/detail/plan__traits.hpp
[2.735s] -- Installing: /home/jeni/Cook_subgoal_test/unity_cooking/ROS2/install/panda_move/include/panda_move/panda_move/srv/detail/action_sequences__struct.hpp
[2.735s] -- Installing: /home/jeni/Cook_subgoal_test/unity_cooking/ROS2/install/panda_move/include/panda_move/panda_move/srv/detail/init__traits.hpp
[2.735s] -- Installing: /home/jeni/Cook_subgoal_test/unity_cooking/ROS2/install/panda_move/include/panda_move/panda_move/srv/detail/hand__struct.hpp
[2.735s] -- Installing: /home/jeni/Cook_subgoal_test/unity_cooking/ROS2/install/panda_move/include/panda_move/panda_move/srv/detail/motion_check__builder.hpp
[2.735s] -- Installing: /home/jeni/Cook_subgoal_test/unity_cooking/ROS2/install/panda_move/include/panda_move/panda_move/srv/detail/sync__builder.hpp
[2.735s] -- Installing: /home/jeni/Cook_subgoal_test/unity_cooking/ROS2/install/panda_move/include/panda_move/panda_move/srv/detail/sync__type_support.hpp
[2.735s] -- Installing: /home/jeni/Cook_subgoal_test/unity_cooking/ROS2/install/panda_move/include/panda_move/panda_move/srv/detail/plan__struct.hpp
[2.735s] -- Installing: /home/jeni/Cook_subgoal_test/unity_cooking/ROS2/install/panda_move/include/panda_move/panda_move/srv/detail/motion_check__type_support.hpp
[2.735s] -- Installing: /home/jeni/Cook_subgoal_test/unity_cooking/ROS2/install/panda_move/include/panda_move/panda_move/srv/detail/hand__traits.hpp
[2.736s] -- Installing: /home/jeni/Cook_subgoal_test/unity_cooking/ROS2/install/panda_move/include/panda_move/panda_move/srv/detail/plan__builder.hpp
[2.736s] -- Installing: /home/jeni/Cook_subgoal_test/unity_cooking/ROS2/install/panda_move/include/panda_move/panda_move/srv/detail/motion_check__struct.hpp
[2.736s] -- Installing: /home/jeni/Cook_subgoal_test/unity_cooking/ROS2/install/panda_move/include/panda_move/panda_move/srv/detail/new_state__traits.hpp
[2.736s] -- Installing: /home/jeni/Cook_subgoal_test/unity_cooking/ROS2/install/panda_move/include/panda_move/panda_move/srv/detail/new_state__struct.hpp
[2.736s] -- Installing: /home/jeni/Cook_subgoal_test/unity_cooking/ROS2/install/panda_move/include/panda_move/panda_move/srv/detail/hand__type_support.hpp
[2.736s] -- Installing: /home/jeni/Cook_subgoal_test/unity_cooking/ROS2/install/panda_move/include/panda_move/panda_move/srv/detail/action_sequences__type_support.hpp
[2.736s] -- Installing: /home/jeni/Cook_subgoal_test/unity_cooking/ROS2/install/panda_move/include/panda_move/panda_move/srv/detail/init__struct.hpp
[2.736s] -- Installing: /home/jeni/Cook_subgoal_test/unity_cooking/ROS2/install/panda_move/include/panda_move/panda_move/srv/detail/motion_check__traits.hpp
[2.736s] -- Installing: /home/jeni/Cook_subgoal_test/unity_cooking/ROS2/install/panda_move/include/panda_move/panda_move/srv/detail/sync__traits.hpp
[2.736s] -- Installing: /home/jeni/Cook_subgoal_test/unity_cooking/ROS2/install/panda_move/include/panda_move/panda_move/srv/detail/action_sequences__builder.hpp
[2.736s] -- Installing: /home/jeni/Cook_subgoal_test/unity_cooking/ROS2/install/panda_move/include/panda_move/panda_move/srv/detail/action_sequences__traits.hpp
[2.736s] -- Installing: /home/jeni/Cook_subgoal_test/unity_cooking/ROS2/install/panda_move/include/panda_move/panda_move/srv/detail/new_state__builder.hpp
[2.736s] -- Installing: /home/jeni/Cook_subgoal_test/unity_cooking/ROS2/install/panda_move/include/panda_move/panda_move/srv/detail/plan__type_support.hpp
[2.736s] -- Installing: /home/jeni/Cook_subgoal_test/unity_cooking/ROS2/install/panda_move/include/panda_move/panda_move/srv/detail/init__type_support.hpp
[2.736s] -- Installing: /home/jeni/Cook_subgoal_test/unity_cooking/ROS2/install/panda_move/include/panda_move/panda_move/srv/detail/new_state__type_support.hpp
[2.736s] -- Installing: /home/jeni/Cook_subgoal_test/unity_cooking/ROS2/install/panda_move/include/panda_move/panda_move/srv/detail/hand__builder.hpp
[2.736s] -- Installing: /home/jeni/Cook_subgoal_test/unity_cooking/ROS2/install/panda_move/include/panda_move/panda_move/srv/detail/sync__struct.hpp
[2.736s] -- Installing: /home/jeni/Cook_subgoal_test/unity_cooking/ROS2/install/panda_move/include/panda_move/panda_move/srv/detail/init__builder.hpp
[2.736s] -- Up-to-date: /home/jeni/Cook_subgoal_test/unity_cooking/ROS2/install/panda_move/include/panda_move/panda_move/msg
[2.736s] -- Installing: /home/jeni/Cook_subgoal_test/unity_cooking/ROS2/install/panda_move/include/panda_move/panda_move/msg/action.hpp
[2.736s] -- Installing: /home/jeni/Cook_subgoal_test/unity_cooking/ROS2/install/panda_move/include/panda_move/panda_move/msg/execution_check.hpp
[2.736s] -- Installing: /home/jeni/Cook_subgoal_test/unity_cooking/ROS2/install/panda_move/include/panda_move/panda_move/msg/predicate.hpp
[2.736s] -- Installing: /home/jeni/Cook_subgoal_test/unity_cooking/ROS2/install/panda_move/include/panda_move/panda_move/msg/rosidl_generator_cpp__visibility_control.hpp
[2.736s] -- Up-to-date: /home/jeni/Cook_subgoal_test/unity_cooking/ROS2/install/panda_move/include/panda_move/panda_move/msg/detail
[2.736s] -- Installing: /home/jeni/Cook_subgoal_test/unity_cooking/ROS2/install/panda_move/include/panda_move/panda_move/msg/detail/execution_check__struct.hpp
[2.736s] -- Installing: /home/jeni/Cook_subgoal_test/unity_cooking/ROS2/install/panda_move/include/panda_move/panda_move/msg/detail/predicate__type_support.hpp
[2.736s] -- Installing: /home/jeni/Cook_subgoal_test/unity_cooking/ROS2/install/panda_move/include/panda_move/panda_move/msg/detail/action__builder.hpp
[2.736s] -- Installing: /home/jeni/Cook_subgoal_test/unity_cooking/ROS2/install/panda_move/include/panda_move/panda_move/msg/detail/action__struct.hpp
[2.736s] -- Installing: /home/jeni/Cook_subgoal_test/unity_cooking/ROS2/install/panda_move/include/panda_move/panda_move/msg/detail/execution_check__traits.hpp
[2.736s] -- Installing: /home/jeni/Cook_subgoal_test/unity_cooking/ROS2/install/panda_move/include/panda_move/panda_move/msg/detail/predicate__traits.hpp
[2.737s] -- Installing: /home/jeni/Cook_subgoal_test/unity_cooking/ROS2/install/panda_move/include/panda_move/panda_move/msg/detail/execution_check__builder.hpp
[2.737s] -- Installing: /home/jeni/Cook_subgoal_test/unity_cooking/ROS2/install/panda_move/include/panda_move/panda_move/msg/detail/predicate__builder.hpp
[2.737s] -- Installing: /home/jeni/Cook_subgoal_test/unity_cooking/ROS2/install/panda_move/include/panda_move/panda_move/msg/detail/action__type_support.hpp
[2.737s] -- Installing: /home/jeni/Cook_subgoal_test/unity_cooking/ROS2/install/panda_move/include/panda_move/panda_move/msg/detail/predicate__struct.hpp
[2.737s] -- Installing: /home/jeni/Cook_subgoal_test/unity_cooking/ROS2/install/panda_move/include/panda_move/panda_move/msg/detail/execution_check__type_support.hpp
[2.737s] -- Installing: /home/jeni/Cook_subgoal_test/unity_cooking/ROS2/install/panda_move/include/panda_move/panda_move/msg/detail/action__traits.hpp
[2.737s] -- Up-to-date: /home/jeni/Cook_subgoal_test/unity_cooking/ROS2/install/panda_move/include/panda_move/panda_move
[2.737s] -- Up-to-date: /home/jeni/Cook_subgoal_test/unity_cooking/ROS2/install/panda_move/include/panda_move/panda_move/srv
[2.737s] -- Up-to-date: /home/jeni/Cook_subgoal_test/unity_cooking/ROS2/install/panda_move/include/panda_move/panda_move/srv/detail
[2.737s] -- Installing: /home/jeni/Cook_subgoal_test/unity_cooking/ROS2/install/panda_move/include/panda_move/panda_move/srv/detail/sync__rosidl_typesupport_fastrtps_cpp.hpp
[2.737s] -- Installing: /home/jeni/Cook_subgoal_test/unity_cooking/ROS2/install/panda_move/include/panda_move/panda_move/srv/detail/motion_check__rosidl_typesupport_fastrtps_cpp.hpp
[2.737s] -- Installing: /home/jeni/Cook_subgoal_test/unity_cooking/ROS2/install/panda_move/include/panda_move/panda_move/srv/detail/init__rosidl_typesupport_fastrtps_cpp.hpp
[2.737s] -- Installing: /home/jeni/Cook_subgoal_test/unity_cooking/ROS2/install/panda_move/include/panda_move/panda_move/srv/detail/action_sequences__rosidl_typesupport_fastrtps_cpp.hpp
[2.737s] -- Installing: /home/jeni/Cook_subgoal_test/unity_cooking/ROS2/install/panda_move/include/panda_move/panda_move/srv/detail/hand__rosidl_typesupport_fastrtps_cpp.hpp
[2.737s] -- Installing: /home/jeni/Cook_subgoal_test/unity_cooking/ROS2/install/panda_move/include/panda_move/panda_move/srv/detail/dds_fastrtps
[2.737s] -- Installing: /home/jeni/Cook_subgoal_test/unity_cooking/ROS2/install/panda_move/include/panda_move/panda_move/srv/detail/new_state__rosidl_typesupport_fastrtps_cpp.hpp
[2.737s] -- Installing: /home/jeni/Cook_subgoal_test/unity_cooking/ROS2/install/panda_move/include/panda_move/panda_move/srv/detail/plan__rosidl_typesupport_fastrtps_cpp.hpp
[2.737s] -- Up-to-date: /home/jeni/Cook_subgoal_test/unity_cooking/ROS2/install/panda_move/include/panda_move/panda_move/msg
[2.737s] -- Installing: /home/jeni/Cook_subgoal_test/unity_cooking/ROS2/install/panda_move/include/panda_move/panda_move/msg/rosidl_typesupport_fastrtps_cpp__visibility_control.h
[2.737s] -- Up-to-date: /home/jeni/Cook_subgoal_test/unity_cooking/ROS2/install/panda_move/include/panda_move/panda_move/msg/detail
[2.737s] -- Installing: /home/jeni/Cook_subgoal_test/unity_cooking/ROS2/install/panda_move/include/panda_move/panda_move/msg/detail/action__rosidl_typesupport_fastrtps_cpp.hpp
[2.737s] -- Installing: /home/jeni/Cook_subgoal_test/unity_cooking/ROS2/install/panda_move/include/panda_move/panda_move/msg/detail/predicate__rosidl_typesupport_fastrtps_cpp.hpp
[2.737s] -- Installing: /home/jeni/Cook_subgoal_test/unity_cooking/ROS2/install/panda_move/include/panda_move/panda_move/msg/detail/execution_check__rosidl_typesupport_fastrtps_cpp.hpp
[2.737s] -- Installing: /home/jeni/Cook_subgoal_test/unity_cooking/ROS2/install/panda_move/include/panda_move/panda_move/msg/detail/dds_fastrtps
[2.737s] -- Installing: /home/jeni/Cook_subgoal_test/unity_cooking/ROS2/install/panda_move/lib/libpanda_move__rosidl_typesupport_fastrtps_cpp.so
[2.737s] -- Set runtime path of "/home/jeni/Cook_subgoal_test/unity_cooking/ROS2/install/panda_move/lib/libpanda_move__rosidl_typesupport_fastrtps_cpp.so" to ""
[2.738s] -- Up-to-date: /home/jeni/Cook_subgoal_test/unity_cooking/ROS2/install/panda_move/include/panda_move/panda_move
[2.738s] -- Up-to-date: /home/jeni/Cook_subgoal_test/unity_cooking/ROS2/install/panda_move/include/panda_move/panda_move/srv
[2.738s] -- Up-to-date: /home/jeni/Cook_subgoal_test/unity_cooking/ROS2/install/panda_move/include/panda_move/panda_move/srv/detail
[2.738s] -- Installing: /home/jeni/Cook_subgoal_test/unity_cooking/ROS2/install/panda_move/include/panda_move/panda_move/srv/detail/motion_check__rosidl_typesupport_introspection_c.h
[2.738s] -- Installing: /home/jeni/Cook_subgoal_test/unity_cooking/ROS2/install/panda_move/include/panda_move/panda_move/srv/detail/sync__type_support.c
[2.738s] -- Installing: /home/jeni/Cook_subgoal_test/unity_cooking/ROS2/install/panda_move/include/panda_move/panda_move/srv/detail/hand__rosidl_typesupport_introspection_c.h
[2.738s] -- Installing: /home/jeni/Cook_subgoal_test/unity_cooking/ROS2/install/panda_move/include/panda_move/panda_move/srv/detail/plan__rosidl_typesupport_introspection_c.h
[2.738s] -- Installing: /home/jeni/Cook_subgoal_test/unity_cooking/ROS2/install/panda_move/include/panda_move/panda_move/srv/detail/motion_check__type_support.c
[2.738s] -- Installing: /home/jeni/Cook_subgoal_test/unity_cooking/ROS2/install/panda_move/include/panda_move/panda_move/srv/detail/hand__type_support.c
[2.738s] -- Installing: /home/jeni/Cook_subgoal_test/unity_cooking/ROS2/install/panda_move/include/panda_move/panda_move/srv/detail/action_sequences__type_support.c
[2.738s] -- Installing: /home/jeni/Cook_subgoal_test/unity_cooking/ROS2/install/panda_move/include/panda_move/panda_move/srv/detail/new_state__rosidl_typesupport_introspection_c.h
[2.738s] -- Installing: /home/jeni/Cook_subgoal_test/unity_cooking/ROS2/install/panda_move/include/panda_move/panda_move/srv/detail/init__rosidl_typesupport_introspection_c.h
[2.738s] -- Installing: /home/jeni/Cook_subgoal_test/unity_cooking/ROS2/install/panda_move/include/panda_move/panda_move/srv/detail/new_state__type_support.c
[2.738s] -- Installing: /home/jeni/Cook_subgoal_test/unity_cooking/ROS2/install/panda_move/include/panda_move/panda_move/srv/detail/sync__rosidl_typesupport_introspection_c.h
[2.738s] -- Installing: /home/jeni/Cook_subgoal_test/unity_cooking/ROS2/install/panda_move/include/panda_move/panda_move/srv/detail/action_sequences__rosidl_typesupport_introspection_c.h
[2.738s] -- Installing: /home/jeni/Cook_subgoal_test/unity_cooking/ROS2/install/panda_move/include/panda_move/panda_move/srv/detail/init__type_support.c
[2.738s] -- Installing: /home/jeni/Cook_subgoal_test/unity_cooking/ROS2/install/panda_move/include/panda_move/panda_move/srv/detail/plan__type_support.c
[2.738s] -- Up-to-date: /home/jeni/Cook_subgoal_test/unity_cooking/ROS2/install/panda_move/include/panda_move/panda_move/msg
[2.738s] -- Installing: /home/jeni/Cook_subgoal_test/unity_cooking/ROS2/install/panda_move/include/panda_move/panda_move/msg/rosidl_typesupport_introspection_c__visibility_control.h
[2.738s] -- Up-to-date: /home/jeni/Cook_subgoal_test/unity_cooking/ROS2/install/panda_move/include/panda_move/panda_move/msg/detail
[2.738s] -- Installing: /home/jeni/Cook_subgoal_test/unity_cooking/ROS2/install/panda_move/include/panda_move/panda_move/msg/detail/execution_check__type_support.c
[2.738s] -- Installing: /home/jeni/Cook_subgoal_test/unity_cooking/ROS2/install/panda_move/include/panda_move/panda_move/msg/detail/predicate__rosidl_typesupport_introspection_c.h
[2.738s] -- Installing: /home/jeni/Cook_subgoal_test/unity_cooking/ROS2/install/panda_move/include/panda_move/panda_move/msg/detail/execution_check__rosidl_typesupport_introspection_c.h
[2.738s] -- Installing: /home/jeni/Cook_subgoal_test/unity_cooking/ROS2/install/panda_move/include/panda_move/panda_move/msg/detail/action__rosidl_typesupport_introspection_c.h
[2.738s] -- Installing: /home/jeni/Cook_subgoal_test/unity_cooking/ROS2/install/panda_move/include/panda_move/panda_move/msg/detail/predicate__type_support.c
[2.738s] -- Installing: /home/jeni/Cook_subgoal_test/unity_cooking/ROS2/install/panda_move/include/panda_move/panda_move/msg/detail/action__type_support.c
[2.738s] -- Installing: /home/jeni/Cook_subgoal_test/unity_cooking/ROS2/install/panda_move/lib/libpanda_move__rosidl_typesupport_introspection_c.so
[2.739s] -- Set runtime path of "/home/jeni/Cook_subgoal_test/unity_cooking/ROS2/install/panda_move/lib/libpanda_move__rosidl_typesupport_introspection_c.so" to ""
[2.739s] -- Installing: /home/jeni/Cook_subgoal_test/unity_cooking/ROS2/install/panda_move/lib/libpanda_move__rosidl_typesupport_c.so
[2.739s] -- Set runtime path of "/home/jeni/Cook_subgoal_test/unity_cooking/ROS2/install/panda_move/lib/libpanda_move__rosidl_typesupport_c.so" to ""
[2.739s] -- Up-to-date: /home/jeni/Cook_subgoal_test/unity_cooking/ROS2/install/panda_move/include/panda_move/panda_move
[2.739s] -- Up-to-date: /home/jeni/Cook_subgoal_test/unity_cooking/ROS2/install/panda_move/include/panda_move/panda_move/srv
[2.739s] -- Up-to-date: /home/jeni/Cook_subgoal_test/unity_cooking/ROS2/install/panda_move/include/panda_move/panda_move/srv/detail
[2.739s] -- Installing: /home/jeni/Cook_subgoal_test/unity_cooking/ROS2/install/panda_move/include/panda_move/panda_move/srv/detail/hand__type_support.cpp
[2.739s] -- Installing: /home/jeni/Cook_subgoal_test/unity_cooking/ROS2/install/panda_move/include/panda_move/panda_move/srv/detail/sync__rosidl_typesupport_introspection_cpp.hpp
[2.739s] -- Installing: /home/jeni/Cook_subgoal_test/unity_cooking/ROS2/install/panda_move/include/panda_move/panda_move/srv/detail/hand__rosidl_typesupport_introspection_cpp.hpp
[2.739s] -- Installing: /home/jeni/Cook_subgoal_test/unity_cooking/ROS2/install/panda_move/include/panda_move/panda_move/srv/detail/action_sequences__type_support.cpp
[2.739s] -- Installing: /home/jeni/Cook_subgoal_test/unity_cooking/ROS2/install/panda_move/include/panda_move/panda_move/srv/detail/motion_check__rosidl_typesupport_introspection_cpp.hpp
[2.739s] -- Installing: /home/jeni/Cook_subgoal_test/unity_cooking/ROS2/install/panda_move/include/panda_move/panda_move/srv/detail/init__rosidl_typesupport_introspection_cpp.hpp
[2.739s] -- Installing: /home/jeni/Cook_subgoal_test/unity_cooking/ROS2/install/panda_move/include/panda_move/panda_move/srv/detail/plan__rosidl_typesupport_introspection_cpp.hpp
[2.739s] -- Installing: /home/jeni/Cook_subgoal_test/unity_cooking/ROS2/install/panda_move/include/panda_move/panda_move/srv/detail/motion_check__type_support.cpp
[2.739s] -- Installing: /home/jeni/Cook_subgoal_test/unity_cooking/ROS2/install/panda_move/include/panda_move/panda_move/srv/detail/sync__type_support.cpp
[2.739s] -- Installing: /home/jeni/Cook_subgoal_test/unity_cooking/ROS2/install/panda_move/include/panda_move/panda_move/srv/detail/plan__type_support.cpp
[2.739s] -- Installing: /home/jeni/Cook_subgoal_test/unity_cooking/ROS2/install/panda_move/include/panda_move/panda_move/srv/detail/new_state__rosidl_typesupport_introspection_cpp.hpp
[2.739s] -- Installing: /home/jeni/Cook_subgoal_test/unity_cooking/ROS2/install/panda_move/include/panda_move/panda_move/srv/detail/action_sequences__rosidl_typesupport_introspection_cpp.hpp
[2.739s] -- Installing: /home/jeni/Cook_subgoal_test/unity_cooking/ROS2/install/panda_move/include/panda_move/panda_move/srv/detail/init__type_support.cpp
[2.739s] -- Installing: /home/jeni/Cook_subgoal_test/unity_cooking/ROS2/install/panda_move/include/panda_move/panda_move/srv/detail/new_state__type_support.cpp
[2.739s] -- Up-to-date: /home/jeni/Cook_subgoal_test/unity_cooking/ROS2/install/panda_move/include/panda_move/panda_move/msg
[2.739s] -- Up-to-date: /home/jeni/Cook_subgoal_test/unity_cooking/ROS2/install/panda_move/include/panda_move/panda_move/msg/detail
[2.739s] -- Installing: /home/jeni/Cook_subgoal_test/unity_cooking/ROS2/install/panda_move/include/panda_move/panda_move/msg/detail/predicate__type_support.cpp
[2.739s] -- Installing: /home/jeni/Cook_subgoal_test/unity_cooking/ROS2/install/panda_move/include/panda_move/panda_move/msg/detail/execution_check__type_support.cpp
[2.739s] -- Installing: /home/jeni/Cook_subgoal_test/unity_cooking/ROS2/install/panda_move/include/panda_move/panda_move/msg/detail/predicate__rosidl_typesupport_introspection_cpp.hpp
[2.739s] -- Installing: /home/jeni/Cook_subgoal_test/unity_cooking/ROS2/install/panda_move/include/panda_move/panda_move/msg/detail/action__rosidl_typesupport_introspection_cpp.hpp
[2.739s] -- Installing: /home/jeni/Cook_subgoal_test/unity_cooking/ROS2/install/panda_move/include/panda_move/panda_move/msg/detail/action__type_support.cpp
[2.739s] -- Installing: /home/jeni/Cook_subgoal_test/unity_cooking/ROS2/install/panda_move/include/panda_move/panda_move/msg/detail/execution_check__rosidl_typesupport_introspection_cpp.hpp
[2.740s] -- Installing: /home/jeni/Cook_subgoal_test/unity_cooking/ROS2/install/panda_move/lib/libpanda_move__rosidl_typesupport_introspection_cpp.so
[2.740s] -- Set runtime path of "/home/jeni/Cook_subgoal_test/unity_cooking/ROS2/install/panda_move/lib/libpanda_move__rosidl_typesupport_introspection_cpp.so" to ""
[2.740s] -- Installing: /home/jeni/Cook_subgoal_test/unity_cooking/ROS2/install/panda_move/lib/libpanda_move__rosidl_typesupport_cpp.so
[2.740s] -- Set runtime path of "/home/jeni/Cook_subgoal_test/unity_cooking/ROS2/install/panda_move/lib/libpanda_move__rosidl_typesupport_cpp.so" to ""
[2.740s] -- Installing: /home/jeni/Cook_subgoal_test/unity_cooking/ROS2/install/panda_move/share/panda_move/msg/Action.idl
[2.740s] -- Installing: /home/jeni/Cook_subgoal_test/unity_cooking/ROS2/install/panda_move/share/panda_move/msg/Predicate.idl
[2.740s] -- Installing: /home/jeni/Cook_subgoal_test/unity_cooking/ROS2/install/panda_move/share/panda_move/msg/ExecutionCheck.idl
[2.740s] -- Installing: /home/jeni/Cook_subgoal_test/unity_cooking/ROS2/install/panda_move/share/panda_move/srv/Init.idl
[2.740s] -- Installing: /home/jeni/Cook_subgoal_test/unity_cooking/ROS2/install/panda_move/share/panda_move/srv/Sync.idl
[2.740s] -- Installing: /home/jeni/Cook_subgoal_test/unity_cooking/ROS2/install/panda_move/share/panda_move/srv/Plan.idl
[2.740s] -- Installing: /home/jeni/Cook_subgoal_test/unity_cooking/ROS2/install/panda_move/share/panda_move/srv/Hand.idl
[2.740s] -- Installing: /home/jeni/Cook_subgoal_test/unity_cooking/ROS2/install/panda_move/share/panda_move/srv/MotionCheck.idl
[2.740s] -- Installing: /home/jeni/Cook_subgoal_test/unity_cooking/ROS2/install/panda_move/share/panda_move/srv/ActionSequences.idl
[2.740s] -- Installing: /home/jeni/Cook_subgoal_test/unity_cooking/ROS2/install/panda_move/share/panda_move/srv/NewState.idl
[2.740s] -- Installing: /home/jeni/Cook_subgoal_test/unity_cooking/ROS2/install/panda_move/share/panda_move/msg/Action.msg
[2.740s] -- Installing: /home/jeni/Cook_subgoal_test/unity_cooking/ROS2/install/panda_move/share/panda_move/msg/Predicate.msg
[2.740s] -- Installing: /home/jeni/Cook_subgoal_test/unity_cooking/ROS2/install/panda_move/share/panda_move/msg/ExecutionCheck.msg
[2.740s] -- Installing: /home/jeni/Cook_subgoal_test/unity_cooking/ROS2/install/panda_move/share/panda_move/srv/Init.srv
[2.740s] -- Installing: /home/jeni/Cook_subgoal_test/unity_cooking/ROS2/install/panda_move/share/panda_move/srv/Init_Request.msg
[2.741s] -- Installing: /home/jeni/Cook_subgoal_test/unity_cooking/ROS2/install/panda_move/share/panda_move/srv/Init_Response.msg
[2.741s] -- Installing: /home/jeni/Cook_subgoal_test/unity_cooking/ROS2/install/panda_move/share/panda_move/srv/Sync.srv
[2.741s] -- Installing: /home/jeni/Cook_subgoal_test/unity_cooking/ROS2/install/panda_move/share/panda_move/srv/Sync_Request.msg
[2.741s] -- Installing: /home/jeni/Cook_subgoal_test/unity_cooking/ROS2/install/panda_move/share/panda_move/srv/Sync_Response.msg
[2.741s] -- Installing: /home/jeni/Cook_subgoal_test/unity_cooking/ROS2/install/panda_move/share/panda_move/srv/Plan.srv
[2.741s] -- Installing: /home/jeni/Cook_subgoal_test/unity_cooking/ROS2/install/panda_move/share/panda_move/srv/Plan_Request.msg
[2.741s] -- Installing: /home/jeni/Cook_subgoal_test/unity_cooking/ROS2/install/panda_move/share/panda_move/srv/Plan_Response.msg
[2.741s] -- Installing: /home/jeni/Cook_subgoal_test/unity_cooking/ROS2/install/panda_move/share/panda_move/srv/Hand.srv
[2.741s] -- Installing: /home/jeni/Cook_subgoal_test/unity_cooking/ROS2/install/panda_move/share/panda_move/srv/Hand_Request.msg
[2.741s] -- Installing: /home/jeni/Cook_subgoal_test/unity_cooking/ROS2/install/panda_move/share/panda_move/srv/Hand_Response.msg
[2.741s] -- Installing: /home/jeni/Cook_subgoal_test/unity_cooking/ROS2/install/panda_move/share/panda_move/srv/MotionCheck.srv
[2.741s] -- Installing: /home/jeni/Cook_subgoal_test/unity_cooking/ROS2/install/panda_move/share/panda_move/srv/MotionCheck_Request.msg
[2.741s] -- Installing: /home/jeni/Cook_subgoal_test/unity_cooking/ROS2/install/panda_move/share/panda_move/srv/MotionCheck_Response.msg
[2.741s] -- Installing: /home/jeni/Cook_subgoal_test/unity_cooking/ROS2/install/panda_move/share/panda_move/srv/ActionSequences.srv
[2.741s] -- Installing: /home/jeni/Cook_subgoal_test/unity_cooking/ROS2/install/panda_move/share/panda_move/srv/ActionSequences_Request.msg
[2.741s] -- Installing: /home/jeni/Cook_subgoal_test/unity_cooking/ROS2/install/panda_move/share/panda_move/srv/ActionSequences_Response.msg
[2.741s] -- Installing: /home/jeni/Cook_subgoal_test/unity_cooking/ROS2/install/panda_move/share/panda_move/srv/NewState.srv
[2.741s] -- Installing: /home/jeni/Cook_subgoal_test/unity_cooking/ROS2/install/panda_move/share/panda_move/srv/NewState_Request.msg
[2.741s] -- Installing: /home/jeni/Cook_subgoal_test/unity_cooking/ROS2/install/panda_move/share/panda_move/srv/NewState_Response.msg
[2.741s] -- Installing: /home/jeni/Cook_subgoal_test/unity_cooking/ROS2/install/panda_move/lib/panda_move/main_ros2.py
[2.741s] -- Installing: /home/jeni/Cook_subgoal_test/unity_cooking/ROS2/install/panda_move/share/ament_index/resource_index/package_run_dependencies/panda_move
[2.742s] -- Installing: /home/jeni/Cook_subgoal_test/unity_cooking/ROS2/install/panda_move/share/ament_index/resource_index/parent_prefix_path/panda_move
[2.742s] -- Installing: /home/jeni/Cook_subgoal_test/unity_cooking/ROS2/install/panda_move/share/panda_move/environment/ament_prefix_path.sh
[2.742s] -- Installing: /home/jeni/Cook_subgoal_test/unity_cooking/ROS2/install/panda_move/share/panda_move/environment/ament_prefix_path.dsv
[2.742s] -- Installing: /home/jeni/Cook_subgoal_test/unity_cooking/ROS2/install/panda_move/share/panda_move/environment/path.sh
[2.742s] -- Installing: /home/jeni/Cook_subgoal_test/unity_cooking/ROS2/install/panda_move/share/panda_move/environment/path.dsv
[2.742s] -- Installing: /home/jeni/Cook_subgoal_test/unity_cooking/ROS2/install/panda_move/share/panda_move/local_setup.bash
[2.742s] -- Installing: /home/jeni/Cook_subgoal_test/unity_cooking/ROS2/install/panda_move/share/panda_move/local_setup.sh
[2.742s] -- Installing: /home/jeni/Cook_subgoal_test/unity_cooking/ROS2/install/panda_move/share/panda_move/local_setup.zsh
[2.742s] -- Installing: /home/jeni/Cook_subgoal_test/unity_cooking/ROS2/install/panda_move/share/panda_move/local_setup.dsv
[2.742s] -- Installing: /home/jeni/Cook_subgoal_test/unity_cooking/ROS2/install/panda_move/share/panda_move/package.dsv
[2.742s] -- Installing: /home/jeni/Cook_subgoal_test/unity_cooking/ROS2/install/panda_move/share/ament_index/resource_index/packages/panda_move
[2.742s] -- Installing: /home/jeni/Cook_subgoal_test/unity_cooking/ROS2/install/panda_move/share/panda_move/cmake/export_panda_move__rosidl_generator_cExport.cmake
[2.742s] -- Installing: /home/jeni/Cook_subgoal_test/unity_cooking/ROS2/install/panda_move/share/panda_move/cmake/export_panda_move__rosidl_generator_cExport-noconfig.cmake
[2.742s] -- Installing: /home/jeni/Cook_subgoal_test/unity_cooking/ROS2/install/panda_move/share/panda_move/cmake/export_panda_move__rosidl_typesupport_fastrtps_cExport.cmake
[2.742s] -- Installing: /home/jeni/Cook_subgoal_test/unity_cooking/ROS2/install/panda_move/share/panda_move/cmake/export_panda_move__rosidl_typesupport_fastrtps_cExport-noconfig.cmake
[2.742s] -- Installing: /home/jeni/Cook_subgoal_test/unity_cooking/ROS2/install/panda_move/share/panda_move/cmake/export_panda_move__rosidl_generator_cppExport.cmake
[2.742s] -- Installing: /home/jeni/Cook_subgoal_test/unity_cooking/ROS2/install/panda_move/share/panda_move/cmake/export_panda_move__rosidl_typesupport_fastrtps_cppExport.cmake
[2.742s] -- Installing: /home/jeni/Cook_subgoal_test/unity_cooking/ROS2/install/panda_move/share/panda_move/cmake/export_panda_move__rosidl_typesupport_fastrtps_cppExport-noconfig.cmake
[2.742s] -- Installing: /home/jeni/Cook_subgoal_test/unity_cooking/ROS2/install/panda_move/share/panda_move/cmake/panda_move__rosidl_typesupport_introspection_cExport.cmake
[2.742s] -- Installing: /home/jeni/Cook_subgoal_test/unity_cooking/ROS2/install/panda_move/share/panda_move/cmake/panda_move__rosidl_typesupport_introspection_cExport-noconfig.cmake
[2.742s] -- Installing: /home/jeni/Cook_subgoal_test/unity_cooking/ROS2/install/panda_move/share/panda_move/cmake/panda_move__rosidl_typesupport_cExport.cmake
[2.743s] -- Installing: /home/jeni/Cook_subgoal_test/unity_cooking/ROS2/install/panda_move/share/panda_move/cmake/panda_move__rosidl_typesupport_cExport-noconfig.cmake
[2.743s] -- Installing: /home/jeni/Cook_subgoal_test/unity_cooking/ROS2/install/panda_move/share/panda_move/cmake/panda_move__rosidl_typesupport_introspection_cppExport.cmake
[2.743s] -- Installing: /home/jeni/Cook_subgoal_test/unity_cooking/ROS2/install/panda_move/share/panda_move/cmake/panda_move__rosidl_typesupport_introspection_cppExport-noconfig.cmake
[2.743s] -- Installing: /home/jeni/Cook_subgoal_test/unity_cooking/ROS2/install/panda_move/share/panda_move/cmake/panda_move__rosidl_typesupport_cppExport.cmake
[2.743s] -- Installing: /home/jeni/Cook_subgoal_test/unity_cooking/ROS2/install/panda_move/share/panda_move/cmake/panda_move__rosidl_typesupport_cppExport-noconfig.cmake
[2.743s] -- Installing: /home/jeni/Cook_subgoal_test/unity_cooking/ROS2/install/panda_move/share/panda_move/cmake/rosidl_cmake-extras.cmake
[2.743s] -- Installing: /home/jeni/Cook_subgoal_test/unity_cooking/ROS2/install/panda_move/share/panda_move/cmake/ament_cmake_export_dependencies-extras.cmake
[2.743s] -- Installing: /home/jeni/Cook_subgoal_test/unity_cooking/ROS2/install/panda_move/share/panda_move/cmake/ament_cmake_export_include_directories-extras.cmake
[2.743s] -- Installing: /home/jeni/Cook_subgoal_test/unity_cooking/ROS2/install/panda_move/share/panda_move/cmake/ament_cmake_export_libraries-extras.cmake
[2.743s] -- Installing: /home/jeni/Cook_subgoal_test/unity_cooking/ROS2/install/panda_move/share/panda_move/cmake/ament_cmake_export_targets-extras.cmake
[2.743s] -- Installing: /home/jeni/Cook_subgoal_test/unity_cooking/ROS2/install/panda_move/share/panda_move/cmake/rosidl_cmake_export_typesupport_targets-extras.cmake
[2.743s] -- Installing: /home/jeni/Cook_subgoal_test/unity_cooking/ROS2/install/panda_move/share/panda_move/cmake/rosidl_cmake_export_typesupport_libraries-extras.cmake
[2.743s] -- Installing: /home/jeni/Cook_subgoal_test/unity_cooking/ROS2/install/panda_move/share/panda_move/cmake/panda_moveConfig.cmake
[2.743s] -- Installing: /home/jeni/Cook_subgoal_test/unity_cooking/ROS2/install/panda_move/share/panda_move/cmake/panda_moveConfig-version.cmake
[2.743s] -- Installing: /home/jeni/Cook_subgoal_test/unity_cooking/ROS2/install/panda_move/share/panda_move/package.xml
[2.744s] Invoked command in '/home/jeni/Cook_subgoal_test/unity_cooking/ROS2/build/panda_move' returned '0': CMAKE_PREFIX_PATH=/home/jeni/Cook_subgoal_test/unity_cooking/ROS2/install/ros_tcp_endpoint:/home/jeni/Cook_subgoal_test/unity_cooking/ROS2/install/panda_move:/home/jeni/Cook_subgoal_test/unity_cooking/ROS2/install/panda_moveit_config:/home/jeni/Cook_subgoal_test/unity_cooking/ROS2/install/franka_description:/opt/ros/humble LD_LIBRARY_PATH=/home/jeni/Cook_subgoal_test/unity_cooking/ROS2/install/ros_tcp_endpoint/lib:/home/jeni/Cook_subgoal_test/unity_cooking/ROS2/install/panda_move/lib:/home/jeni/Cook_subgoal_test/unity_cooking/ROS2/src/install/my_ros_tcp_endpoint/lib:/usr/local/cuda-12.4/lib64:/opt/ros/humble/opt/rviz_ogre_vendor/lib:/opt/ros/humble/lib/x86_64-linux-gnu:/opt/ros/humble/lib:/usr/local/cuda-12.4/lib64 /usr/bin/cmake --install /home/jeni/Cook_subgoal_test/unity_cooking/ROS2/build/panda_move
