[0.047s] DEBUG:colcon:Command line arguments: ['/usr/bin/colcon', 'build']
[0.047s] DEBUG:colcon:Parsed command line arguments: Namespace(log_base=None, log_level=None, verb_name='build', build_base='build', install_base='install', merge_install=False, symlink_install=False, test_result_base=None, continue_on_error=False, executor='parallel', parallel_workers=16, event_handlers=None, ignore_user_meta=False, metas=['./colcon.meta'], base_paths=['.'], packages_ignore=None, packages_ignore_regex=None, paths=None, packages_up_to=None, packages_up_to_regex=None, packages_above=None, packages_above_and_dependencies=None, packages_above_depth=None, packages_select_by_dep=None, packages_skip_by_dep=None, packages_skip_up_to=None, packages_select_build_failed=False, packages_skip_build_finished=False, packages_select_test_failures=False, packages_skip_test_passed=False, packages_select=None, packages_skip=None, packages_select_regex=None, packages_skip_regex=None, packages_start=None, packages_end=None, allow_overriding=[], cmake_args=None, cmake_target=None, cmake_target_skip_unavailable=False, cmake_clean_cache=False, cmake_clean_first=False, cmake_force_configure=False, ament_cmake_args=None, catkin_cmake_args=None, catkin_skip_building_tests=False, mixin_files=None, mixin=None, verb_parser=<colcon_mixin.mixin.mixin_argument.MixinArgumentDecorator object at 0x7eb651aa0940>, verb_extension=<colcon_core.verb.build.BuildVerb object at 0x7eb651a6bf40>, main=<bound method BuildVerb.main of <colcon_core.verb.build.BuildVerb object at 0x7eb651a6bf40>>, mixin_verb=('build',))
[0.113s] Level 1:colcon.colcon_core.package_discovery:discover_packages(colcon_meta) check parameters
[0.113s] Level 1:colcon.colcon_core.package_discovery:discover_packages(recursive) check parameters
[0.113s] Level 1:colcon.colcon_core.package_discovery:discover_packages(ignore) check parameters
[0.113s] Level 1:colcon.colcon_core.package_discovery:discover_packages(path) check parameters
[0.113s] Level 1:colcon.colcon_core.package_discovery:discover_packages(colcon_meta) discover
[0.113s] Level 1:colcon.colcon_core.package_discovery:discover_packages(recursive) discover
[0.113s] INFO:colcon.colcon_core.package_discovery:Crawling recursively for packages in '/home/jeni/Cook_subgoal_test/unity_cooking/ROS2'
[0.113s] Level 1:colcon.colcon_core.package_identification:_identify(.) by extensions ['ignore', 'ignore_ament_install']
[0.113s] Level 1:colcon.colcon_core.package_identification:_identify(.) by extension 'ignore'
[0.113s] Level 1:colcon.colcon_core.package_identification:_identify(.) by extension 'ignore_ament_install'
[0.113s] Level 1:colcon.colcon_core.package_identification:_identify(.) by extensions ['colcon_pkg']
[0.113s] Level 1:colcon.colcon_core.package_identification:_identify(.) by extension 'colcon_pkg'
[0.113s] Level 1:colcon.colcon_core.package_identification:_identify(.) by extensions ['colcon_meta']
[0.113s] Level 1:colcon.colcon_core.package_identification:_identify(.) by extension 'colcon_meta'
[0.113s] Level 1:colcon.colcon_core.package_identification:_identify(.) by extensions ['ros']
[0.113s] Level 1:colcon.colcon_core.package_identification:_identify(.) by extension 'ros'
[0.121s] Level 1:colcon.colcon_core.package_identification:_identify(.) by extensions ['cmake', 'python']
[0.121s] Level 1:colcon.colcon_core.package_identification:_identify(.) by extension 'cmake'
[0.121s] Level 1:colcon.colcon_core.package_identification:_identify(.) by extension 'python'
[0.121s] Level 1:colcon.colcon_core.package_identification:_identify(.) by extensions ['python_setup_py']
[0.121s] Level 1:colcon.colcon_core.package_identification:_identify(.) by extension 'python_setup_py'
[0.121s] Level 1:colcon.colcon_core.package_identification:_identify(build) by extensions ['ignore', 'ignore_ament_install']
[0.121s] Level 1:colcon.colcon_core.package_identification:_identify(build) by extension 'ignore'
[0.121s] Level 1:colcon.colcon_core.package_identification:_identify(build) ignored
[0.121s] Level 1:colcon.colcon_core.package_identification:_identify(install) by extensions ['ignore', 'ignore_ament_install']
[0.121s] Level 1:colcon.colcon_core.package_identification:_identify(install) by extension 'ignore'
[0.121s] Level 1:colcon.colcon_core.package_identification:_identify(install) ignored
[0.121s] Level 1:colcon.colcon_core.package_identification:_identify(log) by extensions ['ignore', 'ignore_ament_install']
[0.121s] Level 1:colcon.colcon_core.package_identification:_identify(log) by extension 'ignore'
[0.121s] Level 1:colcon.colcon_core.package_identification:_identify(log) ignored
[0.121s] Level 1:colcon.colcon_core.package_identification:_identify(src) by extensions ['ignore', 'ignore_ament_install']
[0.121s] Level 1:colcon.colcon_core.package_identification:_identify(src) by extension 'ignore'
[0.121s] Level 1:colcon.colcon_core.package_identification:_identify(src) by extension 'ignore_ament_install'
[0.121s] Level 1:colcon.colcon_core.package_identification:_identify(src) by extensions ['colcon_pkg']
[0.121s] Level 1:colcon.colcon_core.package_identification:_identify(src) by extension 'colcon_pkg'
[0.121s] Level 1:colcon.colcon_core.package_identification:_identify(src) by extensions ['colcon_meta']
[0.121s] Level 1:colcon.colcon_core.package_identification:_identify(src) by extension 'colcon_meta'
[0.121s] Level 1:colcon.colcon_core.package_identification:_identify(src) by extensions ['ros']
[0.121s] Level 1:colcon.colcon_core.package_identification:_identify(src) by extension 'ros'
[0.121s] Level 1:colcon.colcon_core.package_identification:_identify(src) by extensions ['cmake', 'python']
[0.121s] Level 1:colcon.colcon_core.package_identification:_identify(src) by extension 'cmake'
[0.121s] Level 1:colcon.colcon_core.package_identification:_identify(src) by extension 'python'
[0.121s] Level 1:colcon.colcon_core.package_identification:_identify(src) by extensions ['python_setup_py']
[0.121s] Level 1:colcon.colcon_core.package_identification:_identify(src) by extension 'python_setup_py'
[0.122s] Level 1:colcon.colcon_core.package_identification:_identify(src/franka_description) by extensions ['ignore', 'ignore_ament_install']
[0.122s] Level 1:colcon.colcon_core.package_identification:_identify(src/franka_description) by extension 'ignore'
[0.122s] Level 1:colcon.colcon_core.package_identification:_identify(src/franka_description) by extension 'ignore_ament_install'
[0.122s] Level 1:colcon.colcon_core.package_identification:_identify(src/franka_description) by extensions ['colcon_pkg']
[0.122s] Level 1:colcon.colcon_core.package_identification:_identify(src/franka_description) by extension 'colcon_pkg'
[0.122s] Level 1:colcon.colcon_core.package_identification:_identify(src/franka_description) by extensions ['colcon_meta']
[0.122s] Level 1:colcon.colcon_core.package_identification:_identify(src/franka_description) by extension 'colcon_meta'
[0.122s] Level 1:colcon.colcon_core.package_identification:_identify(src/franka_description) by extensions ['ros']
[0.122s] Level 1:colcon.colcon_core.package_identification:_identify(src/franka_description) by extension 'ros'
[0.123s] DEBUG:colcon.colcon_core.package_identification:Package 'src/franka_description' with type 'ros.ament_cmake' and name 'franka_description'
[0.123s] Level 1:colcon.colcon_core.package_identification:_identify(src/object_sample) by extensions ['ignore', 'ignore_ament_install']
[0.123s] Level 1:colcon.colcon_core.package_identification:_identify(src/object_sample) by extension 'ignore'
[0.123s] Level 1:colcon.colcon_core.package_identification:_identify(src/object_sample) by extension 'ignore_ament_install'
[0.123s] Level 1:colcon.colcon_core.package_identification:_identify(src/object_sample) by extensions ['colcon_pkg']
[0.123s] Level 1:colcon.colcon_core.package_identification:_identify(src/object_sample) by extension 'colcon_pkg'
[0.123s] Level 1:colcon.colcon_core.package_identification:_identify(src/object_sample) by extensions ['colcon_meta']
[0.123s] Level 1:colcon.colcon_core.package_identification:_identify(src/object_sample) by extension 'colcon_meta'
[0.123s] Level 1:colcon.colcon_core.package_identification:_identify(src/object_sample) by extensions ['ros']
[0.123s] Level 1:colcon.colcon_core.package_identification:_identify(src/object_sample) by extension 'ros'
[0.123s] Level 1:colcon.colcon_core.package_identification:_identify(src/object_sample) by extensions ['cmake', 'python']
[0.123s] Level 1:colcon.colcon_core.package_identification:_identify(src/object_sample) by extension 'cmake'
[0.123s] Level 1:colcon.colcon_core.package_identification:_identify(src/object_sample) by extension 'python'
[0.123s] Level 1:colcon.colcon_core.package_identification:_identify(src/object_sample) by extensions ['python_setup_py']
[0.123s] Level 1:colcon.colcon_core.package_identification:_identify(src/object_sample) by extension 'python_setup_py'
[0.123s] Level 1:colcon.colcon_core.package_identification:_identify(src/object_sample_backup) by extensions ['ignore', 'ignore_ament_install']
[0.123s] Level 1:colcon.colcon_core.package_identification:_identify(src/object_sample_backup) by extension 'ignore'
[0.123s] Level 1:colcon.colcon_core.package_identification:_identify(src/object_sample_backup) by extension 'ignore_ament_install'
[0.123s] Level 1:colcon.colcon_core.package_identification:_identify(src/object_sample_backup) by extensions ['colcon_pkg']
[0.123s] Level 1:colcon.colcon_core.package_identification:_identify(src/object_sample_backup) by extension 'colcon_pkg'
[0.123s] Level 1:colcon.colcon_core.package_identification:_identify(src/object_sample_backup) by extensions ['colcon_meta']
[0.123s] Level 1:colcon.colcon_core.package_identification:_identify(src/object_sample_backup) by extension 'colcon_meta'
[0.123s] Level 1:colcon.colcon_core.package_identification:_identify(src/object_sample_backup) by extensions ['ros']
[0.123s] Level 1:colcon.colcon_core.package_identification:_identify(src/object_sample_backup) by extension 'ros'
[0.123s] Level 1:colcon.colcon_core.package_identification:_identify(src/object_sample_backup) by extensions ['cmake', 'python']
[0.123s] Level 1:colcon.colcon_core.package_identification:_identify(src/object_sample_backup) by extension 'cmake'
[0.123s] Level 1:colcon.colcon_core.package_identification:_identify(src/object_sample_backup) by extension 'python'
[0.123s] Level 1:colcon.colcon_core.package_identification:_identify(src/object_sample_backup) by extensions ['python_setup_py']
[0.123s] Level 1:colcon.colcon_core.package_identification:_identify(src/object_sample_backup) by extension 'python_setup_py'
[0.123s] Level 1:colcon.colcon_core.package_identification:_identify(src/panda_move) by extensions ['ignore', 'ignore_ament_install']
[0.123s] Level 1:colcon.colcon_core.package_identification:_identify(src/panda_move) by extension 'ignore'
[0.123s] Level 1:colcon.colcon_core.package_identification:_identify(src/panda_move) by extension 'ignore_ament_install'
[0.123s] Level 1:colcon.colcon_core.package_identification:_identify(src/panda_move) by extensions ['colcon_pkg']
[0.123s] Level 1:colcon.colcon_core.package_identification:_identify(src/panda_move) by extension 'colcon_pkg'
[0.123s] Level 1:colcon.colcon_core.package_identification:_identify(src/panda_move) by extensions ['colcon_meta']
[0.123s] Level 1:colcon.colcon_core.package_identification:_identify(src/panda_move) by extension 'colcon_meta'
[0.123s] Level 1:colcon.colcon_core.package_identification:_identify(src/panda_move) by extensions ['ros']
[0.123s] Level 1:colcon.colcon_core.package_identification:_identify(src/panda_move) by extension 'ros'
[0.124s] DEBUG:colcon.colcon_core.package_identification:Package 'src/panda_move' with type 'ros.ament_cmake' and name 'panda_move'
[0.124s] Level 1:colcon.colcon_core.package_identification:_identify(src/panda_moveit_config) by extensions ['ignore', 'ignore_ament_install']
[0.124s] Level 1:colcon.colcon_core.package_identification:_identify(src/panda_moveit_config) by extension 'ignore'
[0.124s] Level 1:colcon.colcon_core.package_identification:_identify(src/panda_moveit_config) by extension 'ignore_ament_install'
[0.124s] Level 1:colcon.colcon_core.package_identification:_identify(src/panda_moveit_config) by extensions ['colcon_pkg']
[0.124s] Level 1:colcon.colcon_core.package_identification:_identify(src/panda_moveit_config) by extension 'colcon_pkg'
[0.124s] Level 1:colcon.colcon_core.package_identification:_identify(src/panda_moveit_config) by extensions ['colcon_meta']
[0.124s] Level 1:colcon.colcon_core.package_identification:_identify(src/panda_moveit_config) by extension 'colcon_meta'
[0.124s] Level 1:colcon.colcon_core.package_identification:_identify(src/panda_moveit_config) by extensions ['ros']
[0.124s] Level 1:colcon.colcon_core.package_identification:_identify(src/panda_moveit_config) by extension 'ros'
[0.124s] DEBUG:colcon.colcon_core.package_identification:Package 'src/panda_moveit_config' with type 'ros.ament_cmake' and name 'panda_moveit_config'
[0.124s] Level 1:colcon.colcon_core.package_identification:_identify(src/ros_tcp_endpoint) by extensions ['ignore', 'ignore_ament_install']
[0.124s] Level 1:colcon.colcon_core.package_identification:_identify(src/ros_tcp_endpoint) by extension 'ignore'
[0.124s] Level 1:colcon.colcon_core.package_identification:_identify(src/ros_tcp_endpoint) by extension 'ignore_ament_install'
[0.124s] Level 1:colcon.colcon_core.package_identification:_identify(src/ros_tcp_endpoint) by extensions ['colcon_pkg']
[0.124s] Level 1:colcon.colcon_core.package_identification:_identify(src/ros_tcp_endpoint) by extension 'colcon_pkg'
[0.124s] Level 1:colcon.colcon_core.package_identification:_identify(src/ros_tcp_endpoint) by extensions ['colcon_meta']
[0.124s] Level 1:colcon.colcon_core.package_identification:_identify(src/ros_tcp_endpoint) by extension 'colcon_meta'
[0.124s] Level 1:colcon.colcon_core.package_identification:_identify(src/ros_tcp_endpoint) by extensions ['ros']
[0.124s] Level 1:colcon.colcon_core.package_identification:_identify(src/ros_tcp_endpoint) by extension 'ros'
[0.124s] DEBUG:colcon.colcon_core.package_identification:Package 'src/ros_tcp_endpoint' with type 'ros.ament_cmake' and name 'ros_tcp_endpoint'
[0.124s] Level 1:colcon.colcon_core.package_discovery:discover_packages(recursive) using defaults
[0.124s] Level 1:colcon.colcon_core.package_discovery:discover_packages(ignore) discover
[0.124s] Level 1:colcon.colcon_core.package_discovery:discover_packages(ignore) using defaults
[0.125s] Level 1:colcon.colcon_core.package_discovery:discover_packages(path) discover
[0.125s] Level 1:colcon.colcon_core.package_discovery:discover_packages(path) using defaults
[0.133s] Level 1:colcon.colcon_core.package_discovery:discover_packages(prefix_path) check parameters
[0.133s] Level 1:colcon.colcon_core.package_discovery:discover_packages(prefix_path) discover
[0.134s] DEBUG:colcon.colcon_installed_package_information.package_discovery:Found 390 installed packages in /opt/ros/humble
[0.135s] Level 1:colcon.colcon_core.package_discovery:discover_packages(prefix_path) using defaults
[0.152s] Level 5:colcon.colcon_core.verb:set package 'franka_description' build argument 'cmake_args' from command line to 'None'
[0.152s] Level 5:colcon.colcon_core.verb:set package 'franka_description' build argument 'cmake_target' from command line to 'None'
[0.152s] Level 5:colcon.colcon_core.verb:set package 'franka_description' build argument 'cmake_target_skip_unavailable' from command line to 'False'
[0.152s] Level 5:colcon.colcon_core.verb:set package 'franka_description' build argument 'cmake_clean_cache' from command line to 'False'
[0.152s] Level 5:colcon.colcon_core.verb:set package 'franka_description' build argument 'cmake_clean_first' from command line to 'False'
[0.152s] Level 5:colcon.colcon_core.verb:set package 'franka_description' build argument 'cmake_force_configure' from command line to 'False'
[0.152s] Level 5:colcon.colcon_core.verb:set package 'franka_description' build argument 'ament_cmake_args' from command line to 'None'
[0.152s] Level 5:colcon.colcon_core.verb:set package 'franka_description' build argument 'catkin_cmake_args' from command line to 'None'
[0.152s] Level 5:colcon.colcon_core.verb:set package 'franka_description' build argument 'catkin_skip_building_tests' from command line to 'False'
[0.152s] DEBUG:colcon.colcon_core.verb:Building package 'franka_description' with the following arguments: {'ament_cmake_args': None, 'build_base': '/home/jeni/Cook_subgoal_test/unity_cooking/ROS2/build/franka_description', 'catkin_cmake_args': None, 'catkin_skip_building_tests': False, 'cmake_args': None, 'cmake_clean_cache': False, 'cmake_clean_first': False, 'cmake_force_configure': False, 'cmake_target': None, 'cmake_target_skip_unavailable': False, 'install_base': '/home/jeni/Cook_subgoal_test/unity_cooking/ROS2/install/franka_description', 'merge_install': False, 'path': '/home/jeni/Cook_subgoal_test/unity_cooking/ROS2/src/franka_description', 'symlink_install': False, 'test_result_base': None}
[0.152s] Level 5:colcon.colcon_core.verb:set package 'ros_tcp_endpoint' build argument 'cmake_args' from command line to 'None'
[0.152s] Level 5:colcon.colcon_core.verb:set package 'ros_tcp_endpoint' build argument 'cmake_target' from command line to 'None'
[0.152s] Level 5:colcon.colcon_core.verb:set package 'ros_tcp_endpoint' build argument 'cmake_target_skip_unavailable' from command line to 'False'
[0.152s] Level 5:colcon.colcon_core.verb:set package 'ros_tcp_endpoint' build argument 'cmake_clean_cache' from command line to 'False'
[0.152s] Level 5:colcon.colcon_core.verb:set package 'ros_tcp_endpoint' build argument 'cmake_clean_first' from command line to 'False'
[0.152s] Level 5:colcon.colcon_core.verb:set package 'ros_tcp_endpoint' build argument 'cmake_force_configure' from command line to 'False'
[0.152s] Level 5:colcon.colcon_core.verb:set package 'ros_tcp_endpoint' build argument 'ament_cmake_args' from command line to 'None'
[0.152s] Level 5:colcon.colcon_core.verb:set package 'ros_tcp_endpoint' build argument 'catkin_cmake_args' from command line to 'None'
[0.152s] Level 5:colcon.colcon_core.verb:set package 'ros_tcp_endpoint' build argument 'catkin_skip_building_tests' from command line to 'False'
[0.152s] DEBUG:colcon.colcon_core.verb:Building package 'ros_tcp_endpoint' with the following arguments: {'ament_cmake_args': None, 'build_base': '/home/jeni/Cook_subgoal_test/unity_cooking/ROS2/build/ros_tcp_endpoint', 'catkin_cmake_args': None, 'catkin_skip_building_tests': False, 'cmake_args': None, 'cmake_clean_cache': False, 'cmake_clean_first': False, 'cmake_force_configure': False, 'cmake_target': None, 'cmake_target_skip_unavailable': False, 'install_base': '/home/jeni/Cook_subgoal_test/unity_cooking/ROS2/install/ros_tcp_endpoint', 'merge_install': False, 'path': '/home/jeni/Cook_subgoal_test/unity_cooking/ROS2/src/ros_tcp_endpoint', 'symlink_install': False, 'test_result_base': None}
[0.152s] Level 5:colcon.colcon_core.verb:set package 'panda_move' build argument 'cmake_args' from command line to 'None'
[0.152s] Level 5:colcon.colcon_core.verb:set package 'panda_move' build argument 'cmake_target' from command line to 'None'
[0.152s] Level 5:colcon.colcon_core.verb:set package 'panda_move' build argument 'cmake_target_skip_unavailable' from command line to 'False'
[0.152s] Level 5:colcon.colcon_core.verb:set package 'panda_move' build argument 'cmake_clean_cache' from command line to 'False'
[0.152s] Level 5:colcon.colcon_core.verb:set package 'panda_move' build argument 'cmake_clean_first' from command line to 'False'
[0.152s] Level 5:colcon.colcon_core.verb:set package 'panda_move' build argument 'cmake_force_configure' from command line to 'False'
[0.152s] Level 5:colcon.colcon_core.verb:set package 'panda_move' build argument 'ament_cmake_args' from command line to 'None'
[0.152s] Level 5:colcon.colcon_core.verb:set package 'panda_move' build argument 'catkin_cmake_args' from command line to 'None'
[0.152s] Level 5:colcon.colcon_core.verb:set package 'panda_move' build argument 'catkin_skip_building_tests' from command line to 'False'
[0.152s] DEBUG:colcon.colcon_core.verb:Building package 'panda_move' with the following arguments: {'ament_cmake_args': None, 'build_base': '/home/jeni/Cook_subgoal_test/unity_cooking/ROS2/build/panda_move', 'catkin_cmake_args': None, 'catkin_skip_building_tests': False, 'cmake_args': None, 'cmake_clean_cache': False, 'cmake_clean_first': False, 'cmake_force_configure': False, 'cmake_target': None, 'cmake_target_skip_unavailable': False, 'install_base': '/home/jeni/Cook_subgoal_test/unity_cooking/ROS2/install/panda_move', 'merge_install': False, 'path': '/home/jeni/Cook_subgoal_test/unity_cooking/ROS2/src/panda_move', 'symlink_install': False, 'test_result_base': None}
[0.152s] Level 5:colcon.colcon_core.verb:set package 'panda_moveit_config' build argument 'cmake_args' from command line to 'None'
[0.152s] Level 5:colcon.colcon_core.verb:set package 'panda_moveit_config' build argument 'cmake_target' from command line to 'None'
[0.152s] Level 5:colcon.colcon_core.verb:set package 'panda_moveit_config' build argument 'cmake_target_skip_unavailable' from command line to 'False'
[0.152s] Level 5:colcon.colcon_core.verb:set package 'panda_moveit_config' build argument 'cmake_clean_cache' from command line to 'False'
[0.152s] Level 5:colcon.colcon_core.verb:set package 'panda_moveit_config' build argument 'cmake_clean_first' from command line to 'False'
[0.152s] Level 5:colcon.colcon_core.verb:set package 'panda_moveit_config' build argument 'cmake_force_configure' from command line to 'False'
[0.152s] Level 5:colcon.colcon_core.verb:set package 'panda_moveit_config' build argument 'ament_cmake_args' from command line to 'None'
[0.152s] Level 5:colcon.colcon_core.verb:set package 'panda_moveit_config' build argument 'catkin_cmake_args' from command line to 'None'
[0.152s] Level 5:colcon.colcon_core.verb:set package 'panda_moveit_config' build argument 'catkin_skip_building_tests' from command line to 'False'
[0.152s] DEBUG:colcon.colcon_core.verb:Building package 'panda_moveit_config' with the following arguments: {'ament_cmake_args': None, 'build_base': '/home/jeni/Cook_subgoal_test/unity_cooking/ROS2/build/panda_moveit_config', 'catkin_cmake_args': None, 'catkin_skip_building_tests': False, 'cmake_args': None, 'cmake_clean_cache': False, 'cmake_clean_first': False, 'cmake_force_configure': False, 'cmake_target': None, 'cmake_target_skip_unavailable': False, 'install_base': '/home/jeni/Cook_subgoal_test/unity_cooking/ROS2/install/panda_moveit_config', 'merge_install': False, 'path': '/home/jeni/Cook_subgoal_test/unity_cooking/ROS2/src/panda_moveit_config', 'symlink_install': False, 'test_result_base': None}
[0.152s] INFO:colcon.colcon_core.executor:Executing jobs using 'parallel' executor
[0.153s] DEBUG:colcon.colcon_parallel_executor.executor.parallel:run_until_complete
[0.153s] INFO:colcon.colcon_ros.task.ament_cmake.build:Building ROS package in '/home/jeni/Cook_subgoal_test/unity_cooking/ROS2/src/franka_description' with build type 'ament_cmake'
[0.153s] INFO:colcon.colcon_cmake.task.cmake.build:Building CMake package in '/home/jeni/Cook_subgoal_test/unity_cooking/ROS2/src/franka_description'
[0.154s] INFO:colcon.colcon_core.plugin_system:Skipping extension 'colcon_core.shell.bat': Not used on non-Windows systems
[0.154s] INFO:colcon.colcon_core.shell:Skip shell extension 'powershell' for command environment: Not usable outside of PowerShell
[0.154s] DEBUG:colcon.colcon_core.shell:Skip shell extension 'dsv' for command environment
[0.155s] INFO:colcon.colcon_ros.task.ament_cmake.build:Building ROS package in '/home/jeni/Cook_subgoal_test/unity_cooking/ROS2/src/ros_tcp_endpoint' with build type 'ament_cmake'
[0.155s] INFO:colcon.colcon_cmake.task.cmake.build:Building CMake package in '/home/jeni/Cook_subgoal_test/unity_cooking/ROS2/src/ros_tcp_endpoint'
[0.156s] INFO:colcon.colcon_core.shell:Skip shell extension 'powershell' for command environment: Not usable outside of PowerShell
[0.156s] DEBUG:colcon.colcon_core.shell:Skip shell extension 'dsv' for command environment
[0.159s] DEBUG:colcon.colcon_core.event_handler.log_command:Invoking command in '/home/jeni/Cook_subgoal_test/unity_cooking/ROS2/build/franka_description': CMAKE_PREFIX_PATH=/opt/ros/humble /usr/bin/cmake --build /home/jeni/Cook_subgoal_test/unity_cooking/ROS2/build/franka_description -- -j16 -l16
[0.160s] DEBUG:colcon.colcon_core.event_handler.log_command:Invoking command in '/home/jeni/Cook_subgoal_test/unity_cooking/ROS2/build/ros_tcp_endpoint': CMAKE_PREFIX_PATH=/opt/ros/humble /usr/bin/cmake --build /home/jeni/Cook_subgoal_test/unity_cooking/ROS2/build/ros_tcp_endpoint -- -j16 -l16
[0.174s] DEBUG:colcon.colcon_core.event_handler.log_command:Invoked command in '/home/jeni/Cook_subgoal_test/unity_cooking/ROS2/build/franka_description' returned '0': CMAKE_PREFIX_PATH=/opt/ros/humble /usr/bin/cmake --build /home/jeni/Cook_subgoal_test/unity_cooking/ROS2/build/franka_description -- -j16 -l16
[0.178s] DEBUG:colcon.colcon_core.event_handler.log_command:Invoking command in '/home/jeni/Cook_subgoal_test/unity_cooking/ROS2/build/franka_description': CMAKE_PREFIX_PATH=/opt/ros/humble /usr/bin/cmake --install /home/jeni/Cook_subgoal_test/unity_cooking/ROS2/build/franka_description
[0.181s] Level 1:colcon.colcon_core.environment:create_environment_scripts_only(franka_description)
[0.182s] DEBUG:colcon.colcon_core.event_handler.log_command:Invoked command in '/home/jeni/Cook_subgoal_test/unity_cooking/ROS2/build/franka_description' returned '0': CMAKE_PREFIX_PATH=/opt/ros/humble /usr/bin/cmake --install /home/jeni/Cook_subgoal_test/unity_cooking/ROS2/build/franka_description
[0.183s] Level 1:colcon.colcon_core.environment:checking '/home/jeni/Cook_subgoal_test/unity_cooking/ROS2/install/franka_description' for CMake module files
[0.184s] Level 1:colcon.colcon_core.environment:checking '/home/jeni/Cook_subgoal_test/unity_cooking/ROS2/install/franka_description' for CMake config files
[0.184s] Level 1:colcon.colcon_core.shell:create_environment_hook('franka_description', 'cmake_prefix_path')
[0.184s] INFO:colcon.colcon_core.shell:Creating environment hook '/home/jeni/Cook_subgoal_test/unity_cooking/ROS2/install/franka_description/share/franka_description/hook/cmake_prefix_path.ps1'
[0.185s] INFO:colcon.colcon_core.shell:Creating environment descriptor '/home/jeni/Cook_subgoal_test/unity_cooking/ROS2/install/franka_description/share/franka_description/hook/cmake_prefix_path.dsv'
[0.185s] INFO:colcon.colcon_core.shell:Creating environment hook '/home/jeni/Cook_subgoal_test/unity_cooking/ROS2/install/franka_description/share/franka_description/hook/cmake_prefix_path.sh'
[0.186s] Level 1:colcon.colcon_core.environment:checking '/home/jeni/Cook_subgoal_test/unity_cooking/ROS2/install/franka_description/bin'
[0.186s] Level 1:colcon.colcon_core.environment:checking '/home/jeni/Cook_subgoal_test/unity_cooking/ROS2/install/franka_description/lib/pkgconfig/franka_description.pc'
[0.186s] Level 1:colcon.colcon_core.environment:checking '/home/jeni/Cook_subgoal_test/unity_cooking/ROS2/install/franka_description/lib/python3.10/site-packages'
[0.186s] Level 1:colcon.colcon_core.environment:checking '/home/jeni/Cook_subgoal_test/unity_cooking/ROS2/install/franka_description/bin'
[0.186s] INFO:colcon.colcon_core.shell:Creating package script '/home/jeni/Cook_subgoal_test/unity_cooking/ROS2/install/franka_description/share/franka_description/package.ps1'
[0.186s] INFO:colcon.colcon_core.shell:Creating package descriptor '/home/jeni/Cook_subgoal_test/unity_cooking/ROS2/install/franka_description/share/franka_description/package.dsv'
[0.187s] INFO:colcon.colcon_core.shell:Creating package script '/home/jeni/Cook_subgoal_test/unity_cooking/ROS2/install/franka_description/share/franka_description/package.sh'
[0.187s] INFO:colcon.colcon_core.shell:Creating package script '/home/jeni/Cook_subgoal_test/unity_cooking/ROS2/install/franka_description/share/franka_description/package.bash'
[0.187s] INFO:colcon.colcon_core.shell:Creating package script '/home/jeni/Cook_subgoal_test/unity_cooking/ROS2/install/franka_description/share/franka_description/package.zsh'
[0.188s] Level 1:colcon.colcon_core.environment:create_file_with_runtime_dependencies(/home/jeni/Cook_subgoal_test/unity_cooking/ROS2/install/franka_description/share/colcon-core/packages/franka_description)
[0.188s] Level 1:colcon.colcon_core.environment:create_environment_scripts_only(franka_description)
[0.188s] Level 1:colcon.colcon_core.environment:checking '/home/jeni/Cook_subgoal_test/unity_cooking/ROS2/install/franka_description' for CMake module files
[0.188s] Level 1:colcon.colcon_core.environment:checking '/home/jeni/Cook_subgoal_test/unity_cooking/ROS2/install/franka_description' for CMake config files
[0.188s] Level 1:colcon.colcon_core.shell:create_environment_hook('franka_description', 'cmake_prefix_path')
[0.188s] INFO:colcon.colcon_core.shell:Creating environment hook '/home/jeni/Cook_subgoal_test/unity_cooking/ROS2/install/franka_description/share/franka_description/hook/cmake_prefix_path.ps1'
[0.189s] INFO:colcon.colcon_core.shell:Creating environment descriptor '/home/jeni/Cook_subgoal_test/unity_cooking/ROS2/install/franka_description/share/franka_description/hook/cmake_prefix_path.dsv'
[0.189s] INFO:colcon.colcon_core.shell:Creating environment hook '/home/jeni/Cook_subgoal_test/unity_cooking/ROS2/install/franka_description/share/franka_description/hook/cmake_prefix_path.sh'
[0.189s] Level 1:colcon.colcon_core.environment:checking '/home/jeni/Cook_subgoal_test/unity_cooking/ROS2/install/franka_description/bin'
[0.189s] Level 1:colcon.colcon_core.environment:checking '/home/jeni/Cook_subgoal_test/unity_cooking/ROS2/install/franka_description/lib/pkgconfig/franka_description.pc'
[0.189s] Level 1:colcon.colcon_core.environment:checking '/home/jeni/Cook_subgoal_test/unity_cooking/ROS2/install/franka_description/lib/python3.10/site-packages'
[0.189s] Level 1:colcon.colcon_core.environment:checking '/home/jeni/Cook_subgoal_test/unity_cooking/ROS2/install/franka_description/bin'
[0.189s] INFO:colcon.colcon_core.shell:Creating package script '/home/jeni/Cook_subgoal_test/unity_cooking/ROS2/install/franka_description/share/franka_description/package.ps1'
[0.190s] INFO:colcon.colcon_core.shell:Creating package descriptor '/home/jeni/Cook_subgoal_test/unity_cooking/ROS2/install/franka_description/share/franka_description/package.dsv'
[0.190s] INFO:colcon.colcon_core.shell:Creating package script '/home/jeni/Cook_subgoal_test/unity_cooking/ROS2/install/franka_description/share/franka_description/package.sh'
[0.190s] INFO:colcon.colcon_core.shell:Creating package script '/home/jeni/Cook_subgoal_test/unity_cooking/ROS2/install/franka_description/share/franka_description/package.bash'
[0.190s] INFO:colcon.colcon_core.shell:Creating package script '/home/jeni/Cook_subgoal_test/unity_cooking/ROS2/install/franka_description/share/franka_description/package.zsh'
[0.191s] Level 1:colcon.colcon_core.environment:create_file_with_runtime_dependencies(/home/jeni/Cook_subgoal_test/unity_cooking/ROS2/install/franka_description/share/colcon-core/packages/franka_description)
[0.191s] INFO:colcon.colcon_ros.task.ament_cmake.build:Building ROS package in '/home/jeni/Cook_subgoal_test/unity_cooking/ROS2/src/panda_moveit_config' with build type 'ament_cmake'
[0.191s] INFO:colcon.colcon_cmake.task.cmake.build:Building CMake package in '/home/jeni/Cook_subgoal_test/unity_cooking/ROS2/src/panda_moveit_config'
[0.191s] INFO:colcon.colcon_core.shell:Skip shell extension 'powershell' for command environment: Not usable outside of PowerShell
[0.191s] DEBUG:colcon.colcon_core.shell:Skip shell extension 'dsv' for command environment
[0.194s] DEBUG:colcon.colcon_core.event_handler.log_command:Invoking command in '/home/jeni/Cook_subgoal_test/unity_cooking/ROS2/build/panda_moveit_config': AMENT_PREFIX_PATH=/home/jeni/Cook_subgoal_test/unity_cooking/ROS2/install/franka_description:${AMENT_PREFIX_PATH} CMAKE_PREFIX_PATH=/home/jeni/Cook_subgoal_test/unity_cooking/ROS2/install/franka_description:/opt/ros/humble /usr/bin/cmake --build /home/jeni/Cook_subgoal_test/unity_cooking/ROS2/build/panda_moveit_config -- -j16 -l16
[0.209s] DEBUG:colcon.colcon_core.event_handler.log_command:Invoked command in '/home/jeni/Cook_subgoal_test/unity_cooking/ROS2/build/panda_moveit_config' returned '0': AMENT_PREFIX_PATH=/home/jeni/Cook_subgoal_test/unity_cooking/ROS2/install/franka_description:${AMENT_PREFIX_PATH} CMAKE_PREFIX_PATH=/home/jeni/Cook_subgoal_test/unity_cooking/ROS2/install/franka_description:/opt/ros/humble /usr/bin/cmake --build /home/jeni/Cook_subgoal_test/unity_cooking/ROS2/build/panda_moveit_config -- -j16 -l16
[0.210s] DEBUG:colcon.colcon_core.event_handler.log_command:Invoking command in '/home/jeni/Cook_subgoal_test/unity_cooking/ROS2/build/panda_moveit_config': AMENT_PREFIX_PATH=/home/jeni/Cook_subgoal_test/unity_cooking/ROS2/install/franka_description:${AMENT_PREFIX_PATH} CMAKE_PREFIX_PATH=/home/jeni/Cook_subgoal_test/unity_cooking/ROS2/install/franka_description:/opt/ros/humble /usr/bin/cmake --install /home/jeni/Cook_subgoal_test/unity_cooking/ROS2/build/panda_moveit_config
[0.214s] Level 1:colcon.colcon_core.environment:create_environment_scripts_only(panda_moveit_config)
[0.214s] Level 1:colcon.colcon_core.environment:checking '/home/jeni/Cook_subgoal_test/unity_cooking/ROS2/install/panda_moveit_config' for CMake module files
[0.214s] DEBUG:colcon.colcon_core.event_handler.log_command:Invoked command in '/home/jeni/Cook_subgoal_test/unity_cooking/ROS2/build/panda_moveit_config' returned '0': AMENT_PREFIX_PATH=/home/jeni/Cook_subgoal_test/unity_cooking/ROS2/install/franka_description:${AMENT_PREFIX_PATH} CMAKE_PREFIX_PATH=/home/jeni/Cook_subgoal_test/unity_cooking/ROS2/install/franka_description:/opt/ros/humble /usr/bin/cmake --install /home/jeni/Cook_subgoal_test/unity_cooking/ROS2/build/panda_moveit_config
[0.214s] Level 1:colcon.colcon_core.environment:checking '/home/jeni/Cook_subgoal_test/unity_cooking/ROS2/install/panda_moveit_config' for CMake config files
[0.214s] Level 1:colcon.colcon_core.shell:create_environment_hook('panda_moveit_config', 'cmake_prefix_path')
[0.214s] INFO:colcon.colcon_core.shell:Creating environment hook '/home/jeni/Cook_subgoal_test/unity_cooking/ROS2/install/panda_moveit_config/share/panda_moveit_config/hook/cmake_prefix_path.ps1'
[0.215s] INFO:colcon.colcon_core.shell:Creating environment descriptor '/home/jeni/Cook_subgoal_test/unity_cooking/ROS2/install/panda_moveit_config/share/panda_moveit_config/hook/cmake_prefix_path.dsv'
[0.215s] INFO:colcon.colcon_core.shell:Creating environment hook '/home/jeni/Cook_subgoal_test/unity_cooking/ROS2/install/panda_moveit_config/share/panda_moveit_config/hook/cmake_prefix_path.sh'
[0.215s] Level 1:colcon.colcon_core.environment:checking '/home/jeni/Cook_subgoal_test/unity_cooking/ROS2/install/panda_moveit_config/bin'
[0.215s] Level 1:colcon.colcon_core.environment:checking '/home/jeni/Cook_subgoal_test/unity_cooking/ROS2/install/panda_moveit_config/lib/pkgconfig/panda_moveit_config.pc'
[0.215s] Level 1:colcon.colcon_core.environment:checking '/home/jeni/Cook_subgoal_test/unity_cooking/ROS2/install/panda_moveit_config/lib/python3.10/site-packages'
[0.215s] Level 1:colcon.colcon_core.environment:checking '/home/jeni/Cook_subgoal_test/unity_cooking/ROS2/install/panda_moveit_config/bin'
[0.215s] INFO:colcon.colcon_core.shell:Creating package script '/home/jeni/Cook_subgoal_test/unity_cooking/ROS2/install/panda_moveit_config/share/panda_moveit_config/package.ps1'
[0.216s] INFO:colcon.colcon_core.shell:Creating package descriptor '/home/jeni/Cook_subgoal_test/unity_cooking/ROS2/install/panda_moveit_config/share/panda_moveit_config/package.dsv'
[0.216s] INFO:colcon.colcon_core.shell:Creating package script '/home/jeni/Cook_subgoal_test/unity_cooking/ROS2/install/panda_moveit_config/share/panda_moveit_config/package.sh'
[0.216s] INFO:colcon.colcon_core.shell:Creating package script '/home/jeni/Cook_subgoal_test/unity_cooking/ROS2/install/panda_moveit_config/share/panda_moveit_config/package.bash'
[0.216s] INFO:colcon.colcon_core.shell:Creating package script '/home/jeni/Cook_subgoal_test/unity_cooking/ROS2/install/panda_moveit_config/share/panda_moveit_config/package.zsh'
[0.216s] Level 1:colcon.colcon_core.environment:create_file_with_runtime_dependencies(/home/jeni/Cook_subgoal_test/unity_cooking/ROS2/install/panda_moveit_config/share/colcon-core/packages/panda_moveit_config)
[0.217s] Level 1:colcon.colcon_core.environment:create_environment_scripts_only(panda_moveit_config)
[0.217s] Level 1:colcon.colcon_core.environment:checking '/home/jeni/Cook_subgoal_test/unity_cooking/ROS2/install/panda_moveit_config' for CMake module files
[0.217s] Level 1:colcon.colcon_core.environment:checking '/home/jeni/Cook_subgoal_test/unity_cooking/ROS2/install/panda_moveit_config' for CMake config files
[0.217s] Level 1:colcon.colcon_core.shell:create_environment_hook('panda_moveit_config', 'cmake_prefix_path')
[0.217s] INFO:colcon.colcon_core.shell:Creating environment hook '/home/jeni/Cook_subgoal_test/unity_cooking/ROS2/install/panda_moveit_config/share/panda_moveit_config/hook/cmake_prefix_path.ps1'
[0.217s] INFO:colcon.colcon_core.shell:Creating environment descriptor '/home/jeni/Cook_subgoal_test/unity_cooking/ROS2/install/panda_moveit_config/share/panda_moveit_config/hook/cmake_prefix_path.dsv'
[0.217s] INFO:colcon.colcon_core.shell:Creating environment hook '/home/jeni/Cook_subgoal_test/unity_cooking/ROS2/install/panda_moveit_config/share/panda_moveit_config/hook/cmake_prefix_path.sh'
[0.218s] Level 1:colcon.colcon_core.environment:checking '/home/jeni/Cook_subgoal_test/unity_cooking/ROS2/install/panda_moveit_config/bin'
[0.218s] Level 1:colcon.colcon_core.environment:checking '/home/jeni/Cook_subgoal_test/unity_cooking/ROS2/install/panda_moveit_config/lib/pkgconfig/panda_moveit_config.pc'
[0.218s] Level 1:colcon.colcon_core.environment:checking '/home/jeni/Cook_subgoal_test/unity_cooking/ROS2/install/panda_moveit_config/lib/python3.10/site-packages'
[0.218s] Level 1:colcon.colcon_core.environment:checking '/home/jeni/Cook_subgoal_test/unity_cooking/ROS2/install/panda_moveit_config/bin'
[0.218s] INFO:colcon.colcon_core.shell:Creating package script '/home/jeni/Cook_subgoal_test/unity_cooking/ROS2/install/panda_moveit_config/share/panda_moveit_config/package.ps1'
[0.218s] INFO:colcon.colcon_core.shell:Creating package descriptor '/home/jeni/Cook_subgoal_test/unity_cooking/ROS2/install/panda_moveit_config/share/panda_moveit_config/package.dsv'
[0.218s] INFO:colcon.colcon_core.shell:Creating package script '/home/jeni/Cook_subgoal_test/unity_cooking/ROS2/install/panda_moveit_config/share/panda_moveit_config/package.sh'
[0.218s] INFO:colcon.colcon_core.shell:Creating package script '/home/jeni/Cook_subgoal_test/unity_cooking/ROS2/install/panda_moveit_config/share/panda_moveit_config/package.bash'
[0.219s] INFO:colcon.colcon_core.shell:Creating package script '/home/jeni/Cook_subgoal_test/unity_cooking/ROS2/install/panda_moveit_config/share/panda_moveit_config/package.zsh'
[0.219s] Level 1:colcon.colcon_core.environment:create_file_with_runtime_dependencies(/home/jeni/Cook_subgoal_test/unity_cooking/ROS2/install/panda_moveit_config/share/colcon-core/packages/panda_moveit_config)
[0.306s] DEBUG:colcon.colcon_core.event_handler.log_command:Invoked command in '/home/jeni/Cook_subgoal_test/unity_cooking/ROS2/build/ros_tcp_endpoint' returned '0': CMAKE_PREFIX_PATH=/opt/ros/humble /usr/bin/cmake --build /home/jeni/Cook_subgoal_test/unity_cooking/ROS2/build/ros_tcp_endpoint -- -j16 -l16
[0.306s] DEBUG:colcon.colcon_core.event_handler.log_command:Invoking command in '/home/jeni/Cook_subgoal_test/unity_cooking/ROS2/build/ros_tcp_endpoint': CMAKE_PREFIX_PATH=/opt/ros/humble /usr/bin/cmake --install /home/jeni/Cook_subgoal_test/unity_cooking/ROS2/build/ros_tcp_endpoint
[0.329s] Level 1:colcon.colcon_core.environment:create_environment_scripts_only(ros_tcp_endpoint)
[0.330s] Level 1:colcon.colcon_core.environment:checking '/home/jeni/Cook_subgoal_test/unity_cooking/ROS2/install/ros_tcp_endpoint' for CMake module files
[0.330s] DEBUG:colcon.colcon_core.event_handler.log_command:Invoked command in '/home/jeni/Cook_subgoal_test/unity_cooking/ROS2/build/ros_tcp_endpoint' returned '0': CMAKE_PREFIX_PATH=/opt/ros/humble /usr/bin/cmake --install /home/jeni/Cook_subgoal_test/unity_cooking/ROS2/build/ros_tcp_endpoint
[0.330s] Level 1:colcon.colcon_core.environment:checking '/home/jeni/Cook_subgoal_test/unity_cooking/ROS2/install/ros_tcp_endpoint' for CMake config files
[0.330s] Level 1:colcon.colcon_core.shell:create_environment_hook('ros_tcp_endpoint', 'cmake_prefix_path')
[0.330s] INFO:colcon.colcon_core.shell:Creating environment hook '/home/jeni/Cook_subgoal_test/unity_cooking/ROS2/install/ros_tcp_endpoint/share/ros_tcp_endpoint/hook/cmake_prefix_path.ps1'
[0.331s] INFO:colcon.colcon_core.shell:Creating environment descriptor '/home/jeni/Cook_subgoal_test/unity_cooking/ROS2/install/ros_tcp_endpoint/share/ros_tcp_endpoint/hook/cmake_prefix_path.dsv'
[0.331s] INFO:colcon.colcon_core.shell:Creating environment hook '/home/jeni/Cook_subgoal_test/unity_cooking/ROS2/install/ros_tcp_endpoint/share/ros_tcp_endpoint/hook/cmake_prefix_path.sh'
[0.331s] Level 1:colcon.colcon_core.environment:checking '/home/jeni/Cook_subgoal_test/unity_cooking/ROS2/install/ros_tcp_endpoint/lib'
[0.331s] Level 1:colcon.colcon_core.shell:create_environment_hook('ros_tcp_endpoint', 'ld_library_path_lib')
[0.331s] INFO:colcon.colcon_core.shell:Creating environment hook '/home/jeni/Cook_subgoal_test/unity_cooking/ROS2/install/ros_tcp_endpoint/share/ros_tcp_endpoint/hook/ld_library_path_lib.ps1'
[0.331s] INFO:colcon.colcon_core.shell:Creating environment descriptor '/home/jeni/Cook_subgoal_test/unity_cooking/ROS2/install/ros_tcp_endpoint/share/ros_tcp_endpoint/hook/ld_library_path_lib.dsv'
[0.331s] INFO:colcon.colcon_core.shell:Creating environment hook '/home/jeni/Cook_subgoal_test/unity_cooking/ROS2/install/ros_tcp_endpoint/share/ros_tcp_endpoint/hook/ld_library_path_lib.sh'
[0.332s] Level 1:colcon.colcon_core.environment:checking '/home/jeni/Cook_subgoal_test/unity_cooking/ROS2/install/ros_tcp_endpoint/bin'
[0.332s] Level 1:colcon.colcon_core.environment:checking '/home/jeni/Cook_subgoal_test/unity_cooking/ROS2/install/ros_tcp_endpoint/lib/pkgconfig/ros_tcp_endpoint.pc'
[0.332s] Level 1:colcon.colcon_core.environment:checking '/home/jeni/Cook_subgoal_test/unity_cooking/ROS2/install/ros_tcp_endpoint/lib/python3.10/site-packages'
[0.332s] Level 1:colcon.colcon_core.environment:checking '/home/jeni/Cook_subgoal_test/unity_cooking/ROS2/install/ros_tcp_endpoint/bin'
[0.332s] INFO:colcon.colcon_core.shell:Creating package script '/home/jeni/Cook_subgoal_test/unity_cooking/ROS2/install/ros_tcp_endpoint/share/ros_tcp_endpoint/package.ps1'
[0.332s] INFO:colcon.colcon_core.shell:Creating package descriptor '/home/jeni/Cook_subgoal_test/unity_cooking/ROS2/install/ros_tcp_endpoint/share/ros_tcp_endpoint/package.dsv'
[0.332s] INFO:colcon.colcon_core.shell:Creating package script '/home/jeni/Cook_subgoal_test/unity_cooking/ROS2/install/ros_tcp_endpoint/share/ros_tcp_endpoint/package.sh'
[0.332s] INFO:colcon.colcon_core.shell:Creating package script '/home/jeni/Cook_subgoal_test/unity_cooking/ROS2/install/ros_tcp_endpoint/share/ros_tcp_endpoint/package.bash'
[0.332s] INFO:colcon.colcon_core.shell:Creating package script '/home/jeni/Cook_subgoal_test/unity_cooking/ROS2/install/ros_tcp_endpoint/share/ros_tcp_endpoint/package.zsh'
[0.333s] Level 1:colcon.colcon_core.environment:create_file_with_runtime_dependencies(/home/jeni/Cook_subgoal_test/unity_cooking/ROS2/install/ros_tcp_endpoint/share/colcon-core/packages/ros_tcp_endpoint)
[0.333s] Level 1:colcon.colcon_core.environment:create_environment_scripts_only(ros_tcp_endpoint)
[0.333s] Level 1:colcon.colcon_core.environment:checking '/home/jeni/Cook_subgoal_test/unity_cooking/ROS2/install/ros_tcp_endpoint' for CMake module files
[0.333s] Level 1:colcon.colcon_core.environment:checking '/home/jeni/Cook_subgoal_test/unity_cooking/ROS2/install/ros_tcp_endpoint' for CMake config files
[0.333s] Level 1:colcon.colcon_core.shell:create_environment_hook('ros_tcp_endpoint', 'cmake_prefix_path')
[0.333s] INFO:colcon.colcon_core.shell:Creating environment hook '/home/jeni/Cook_subgoal_test/unity_cooking/ROS2/install/ros_tcp_endpoint/share/ros_tcp_endpoint/hook/cmake_prefix_path.ps1'
[0.333s] INFO:colcon.colcon_core.shell:Creating environment descriptor '/home/jeni/Cook_subgoal_test/unity_cooking/ROS2/install/ros_tcp_endpoint/share/ros_tcp_endpoint/hook/cmake_prefix_path.dsv'
[0.334s] INFO:colcon.colcon_core.shell:Creating environment hook '/home/jeni/Cook_subgoal_test/unity_cooking/ROS2/install/ros_tcp_endpoint/share/ros_tcp_endpoint/hook/cmake_prefix_path.sh'
[0.334s] Level 1:colcon.colcon_core.environment:checking '/home/jeni/Cook_subgoal_test/unity_cooking/ROS2/install/ros_tcp_endpoint/lib'
[0.334s] Level 1:colcon.colcon_core.shell:create_environment_hook('ros_tcp_endpoint', 'ld_library_path_lib')
[0.334s] INFO:colcon.colcon_core.shell:Creating environment hook '/home/jeni/Cook_subgoal_test/unity_cooking/ROS2/install/ros_tcp_endpoint/share/ros_tcp_endpoint/hook/ld_library_path_lib.ps1'
[0.334s] INFO:colcon.colcon_core.shell:Creating environment descriptor '/home/jeni/Cook_subgoal_test/unity_cooking/ROS2/install/ros_tcp_endpoint/share/ros_tcp_endpoint/hook/ld_library_path_lib.dsv'
[0.334s] INFO:colcon.colcon_core.shell:Creating environment hook '/home/jeni/Cook_subgoal_test/unity_cooking/ROS2/install/ros_tcp_endpoint/share/ros_tcp_endpoint/hook/ld_library_path_lib.sh'
[0.334s] Level 1:colcon.colcon_core.environment:checking '/home/jeni/Cook_subgoal_test/unity_cooking/ROS2/install/ros_tcp_endpoint/bin'
[0.334s] Level 1:colcon.colcon_core.environment:checking '/home/jeni/Cook_subgoal_test/unity_cooking/ROS2/install/ros_tcp_endpoint/lib/pkgconfig/ros_tcp_endpoint.pc'
[0.334s] Level 1:colcon.colcon_core.environment:checking '/home/jeni/Cook_subgoal_test/unity_cooking/ROS2/install/ros_tcp_endpoint/lib/python3.10/site-packages'
[0.334s] Level 1:colcon.colcon_core.environment:checking '/home/jeni/Cook_subgoal_test/unity_cooking/ROS2/install/ros_tcp_endpoint/bin'
[0.335s] INFO:colcon.colcon_core.shell:Creating package script '/home/jeni/Cook_subgoal_test/unity_cooking/ROS2/install/ros_tcp_endpoint/share/ros_tcp_endpoint/package.ps1'
[0.335s] INFO:colcon.colcon_core.shell:Creating package descriptor '/home/jeni/Cook_subgoal_test/unity_cooking/ROS2/install/ros_tcp_endpoint/share/ros_tcp_endpoint/package.dsv'
[0.335s] INFO:colcon.colcon_core.shell:Creating package script '/home/jeni/Cook_subgoal_test/unity_cooking/ROS2/install/ros_tcp_endpoint/share/ros_tcp_endpoint/package.sh'
[0.335s] INFO:colcon.colcon_core.shell:Creating package script '/home/jeni/Cook_subgoal_test/unity_cooking/ROS2/install/ros_tcp_endpoint/share/ros_tcp_endpoint/package.bash'
[0.335s] INFO:colcon.colcon_core.shell:Creating package script '/home/jeni/Cook_subgoal_test/unity_cooking/ROS2/install/ros_tcp_endpoint/share/ros_tcp_endpoint/package.zsh'
[0.335s] Level 1:colcon.colcon_core.environment:create_file_with_runtime_dependencies(/home/jeni/Cook_subgoal_test/unity_cooking/ROS2/install/ros_tcp_endpoint/share/colcon-core/packages/ros_tcp_endpoint)
[0.335s] INFO:colcon.colcon_ros.task.ament_cmake.build:Building ROS package in '/home/jeni/Cook_subgoal_test/unity_cooking/ROS2/src/panda_move' with build type 'ament_cmake'
[0.336s] INFO:colcon.colcon_cmake.task.cmake.build:Building CMake package in '/home/jeni/Cook_subgoal_test/unity_cooking/ROS2/src/panda_move'
[0.336s] INFO:colcon.colcon_core.shell:Skip shell extension 'powershell' for command environment: Not usable outside of PowerShell
[0.336s] DEBUG:colcon.colcon_core.shell:Skip shell extension 'dsv' for command environment
[0.340s] DEBUG:colcon.colcon_core.event_handler.log_command:Invoking command in '/home/jeni/Cook_subgoal_test/unity_cooking/ROS2/build/panda_move': AMENT_PREFIX_PATH=/home/jeni/Cook_subgoal_test/unity_cooking/ROS2/install/ros_tcp_endpoint:${AMENT_PREFIX_PATH} CMAKE_PREFIX_PATH=/home/jeni/Cook_subgoal_test/unity_cooking/ROS2/install/ros_tcp_endpoint:/opt/ros/humble LD_LIBRARY_PATH=/home/jeni/Cook_subgoal_test/unity_cooking/ROS2/install/ros_tcp_endpoint/lib:/usr/local/cuda-12.4/lib64:/opt/ros/humble/opt/rviz_ogre_vendor/lib:/opt/ros/humble/lib/x86_64-linux-gnu:/opt/ros/humble/lib:/usr/local/cuda-12.4/lib64 PYTHONPATH=/home/jeni/Cook_subgoal_test/unity_cooking/ROS2/install/ros_tcp_endpoint/local/lib/python3.10/dist-packages:${PYTHONPATH} /usr/bin/cmake --build /home/jeni/Cook_subgoal_test/unity_cooking/ROS2/build/panda_move -- -j16 -l16
[0.392s] DEBUG:colcon.colcon_core.event_handler.log_command:Invoked command in '/home/jeni/Cook_subgoal_test/unity_cooking/ROS2/build/panda_move' returned '0': AMENT_PREFIX_PATH=/home/jeni/Cook_subgoal_test/unity_cooking/ROS2/install/ros_tcp_endpoint:${AMENT_PREFIX_PATH} CMAKE_PREFIX_PATH=/home/jeni/Cook_subgoal_test/unity_cooking/ROS2/install/ros_tcp_endpoint:/opt/ros/humble LD_LIBRARY_PATH=/home/jeni/Cook_subgoal_test/unity_cooking/ROS2/install/ros_tcp_endpoint/lib:/usr/local/cuda-12.4/lib64:/opt/ros/humble/opt/rviz_ogre_vendor/lib:/opt/ros/humble/lib/x86_64-linux-gnu:/opt/ros/humble/lib:/usr/local/cuda-12.4/lib64 PYTHONPATH=/home/jeni/Cook_subgoal_test/unity_cooking/ROS2/install/ros_tcp_endpoint/local/lib/python3.10/dist-packages:${PYTHONPATH} /usr/bin/cmake --build /home/jeni/Cook_subgoal_test/unity_cooking/ROS2/build/panda_move -- -j16 -l16
[0.392s] DEBUG:colcon.colcon_core.event_handler.log_command:Invoking command in '/home/jeni/Cook_subgoal_test/unity_cooking/ROS2/build/panda_move': AMENT_PREFIX_PATH=/home/jeni/Cook_subgoal_test/unity_cooking/ROS2/install/ros_tcp_endpoint:${AMENT_PREFIX_PATH} CMAKE_PREFIX_PATH=/home/jeni/Cook_subgoal_test/unity_cooking/ROS2/install/ros_tcp_endpoint:/opt/ros/humble LD_LIBRARY_PATH=/home/jeni/Cook_subgoal_test/unity_cooking/ROS2/install/ros_tcp_endpoint/lib:/usr/local/cuda-12.4/lib64:/opt/ros/humble/opt/rviz_ogre_vendor/lib:/opt/ros/humble/lib/x86_64-linux-gnu:/opt/ros/humble/lib:/usr/local/cuda-12.4/lib64 PYTHONPATH=/home/jeni/Cook_subgoal_test/unity_cooking/ROS2/install/ros_tcp_endpoint/local/lib/python3.10/dist-packages:${PYTHONPATH} /usr/bin/cmake --install /home/jeni/Cook_subgoal_test/unity_cooking/ROS2/build/panda_move
[0.400s] Level 1:colcon.colcon_core.environment:create_environment_scripts_only(panda_move)
[0.401s] Level 1:colcon.colcon_core.environment:checking '/home/jeni/Cook_subgoal_test/unity_cooking/ROS2/install/panda_move' for CMake module files
[0.401s] DEBUG:colcon.colcon_core.event_handler.log_command:Invoked command in '/home/jeni/Cook_subgoal_test/unity_cooking/ROS2/build/panda_move' returned '0': AMENT_PREFIX_PATH=/home/jeni/Cook_subgoal_test/unity_cooking/ROS2/install/ros_tcp_endpoint:${AMENT_PREFIX_PATH} CMAKE_PREFIX_PATH=/home/jeni/Cook_subgoal_test/unity_cooking/ROS2/install/ros_tcp_endpoint:/opt/ros/humble LD_LIBRARY_PATH=/home/jeni/Cook_subgoal_test/unity_cooking/ROS2/install/ros_tcp_endpoint/lib:/usr/local/cuda-12.4/lib64:/opt/ros/humble/opt/rviz_ogre_vendor/lib:/opt/ros/humble/lib/x86_64-linux-gnu:/opt/ros/humble/lib:/usr/local/cuda-12.4/lib64 PYTHONPATH=/home/jeni/Cook_subgoal_test/unity_cooking/ROS2/install/ros_tcp_endpoint/local/lib/python3.10/dist-packages:${PYTHONPATH} /usr/bin/cmake --install /home/jeni/Cook_subgoal_test/unity_cooking/ROS2/build/panda_move
[0.401s] Level 1:colcon.colcon_core.environment:checking '/home/jeni/Cook_subgoal_test/unity_cooking/ROS2/install/panda_move' for CMake config files
[0.401s] Level 1:colcon.colcon_core.shell:create_environment_hook('panda_move', 'cmake_prefix_path')
[0.401s] INFO:colcon.colcon_core.shell:Creating environment hook '/home/jeni/Cook_subgoal_test/unity_cooking/ROS2/install/panda_move/share/panda_move/hook/cmake_prefix_path.ps1'
[0.401s] INFO:colcon.colcon_core.shell:Creating environment descriptor '/home/jeni/Cook_subgoal_test/unity_cooking/ROS2/install/panda_move/share/panda_move/hook/cmake_prefix_path.dsv'
[0.402s] INFO:colcon.colcon_core.shell:Creating environment hook '/home/jeni/Cook_subgoal_test/unity_cooking/ROS2/install/panda_move/share/panda_move/hook/cmake_prefix_path.sh'
[0.402s] Level 1:colcon.colcon_core.environment:checking '/home/jeni/Cook_subgoal_test/unity_cooking/ROS2/install/panda_move/lib'
[0.402s] Level 1:colcon.colcon_core.shell:create_environment_hook('panda_move', 'ld_library_path_lib')
[0.402s] INFO:colcon.colcon_core.shell:Creating environment hook '/home/jeni/Cook_subgoal_test/unity_cooking/ROS2/install/panda_move/share/panda_move/hook/ld_library_path_lib.ps1'
[0.402s] INFO:colcon.colcon_core.shell:Creating environment descriptor '/home/jeni/Cook_subgoal_test/unity_cooking/ROS2/install/panda_move/share/panda_move/hook/ld_library_path_lib.dsv'
[0.402s] INFO:colcon.colcon_core.shell:Creating environment hook '/home/jeni/Cook_subgoal_test/unity_cooking/ROS2/install/panda_move/share/panda_move/hook/ld_library_path_lib.sh'
[0.402s] Level 1:colcon.colcon_core.environment:checking '/home/jeni/Cook_subgoal_test/unity_cooking/ROS2/install/panda_move/bin'
[0.402s] Level 1:colcon.colcon_core.environment:checking '/home/jeni/Cook_subgoal_test/unity_cooking/ROS2/install/panda_move/lib/pkgconfig/panda_move.pc'
[0.402s] Level 1:colcon.colcon_core.environment:checking '/home/jeni/Cook_subgoal_test/unity_cooking/ROS2/install/panda_move/lib/python3.10/site-packages'
[0.403s] Level 1:colcon.colcon_core.environment:checking '/home/jeni/Cook_subgoal_test/unity_cooking/ROS2/install/panda_move/bin'
[0.403s] INFO:colcon.colcon_core.shell:Creating package script '/home/jeni/Cook_subgoal_test/unity_cooking/ROS2/install/panda_move/share/panda_move/package.ps1'
[0.403s] INFO:colcon.colcon_core.shell:Creating package descriptor '/home/jeni/Cook_subgoal_test/unity_cooking/ROS2/install/panda_move/share/panda_move/package.dsv'
[0.403s] INFO:colcon.colcon_core.shell:Creating package script '/home/jeni/Cook_subgoal_test/unity_cooking/ROS2/install/panda_move/share/panda_move/package.sh'
[0.403s] INFO:colcon.colcon_core.shell:Creating package script '/home/jeni/Cook_subgoal_test/unity_cooking/ROS2/install/panda_move/share/panda_move/package.bash'
[0.403s] INFO:colcon.colcon_core.shell:Creating package script '/home/jeni/Cook_subgoal_test/unity_cooking/ROS2/install/panda_move/share/panda_move/package.zsh'
[0.403s] Level 1:colcon.colcon_core.environment:create_file_with_runtime_dependencies(/home/jeni/Cook_subgoal_test/unity_cooking/ROS2/install/panda_move/share/colcon-core/packages/panda_move)
[0.404s] Level 1:colcon.colcon_core.environment:create_environment_scripts_only(panda_move)
[0.404s] Level 1:colcon.colcon_core.environment:checking '/home/jeni/Cook_subgoal_test/unity_cooking/ROS2/install/panda_move' for CMake module files
[0.404s] Level 1:colcon.colcon_core.environment:checking '/home/jeni/Cook_subgoal_test/unity_cooking/ROS2/install/panda_move' for CMake config files
[0.404s] Level 1:colcon.colcon_core.shell:create_environment_hook('panda_move', 'cmake_prefix_path')
[0.404s] INFO:colcon.colcon_core.shell:Creating environment hook '/home/jeni/Cook_subgoal_test/unity_cooking/ROS2/install/panda_move/share/panda_move/hook/cmake_prefix_path.ps1'
[0.404s] INFO:colcon.colcon_core.shell:Creating environment descriptor '/home/jeni/Cook_subgoal_test/unity_cooking/ROS2/install/panda_move/share/panda_move/hook/cmake_prefix_path.dsv'
[0.404s] INFO:colcon.colcon_core.shell:Creating environment hook '/home/jeni/Cook_subgoal_test/unity_cooking/ROS2/install/panda_move/share/panda_move/hook/cmake_prefix_path.sh'
[0.404s] Level 1:colcon.colcon_core.environment:checking '/home/jeni/Cook_subgoal_test/unity_cooking/ROS2/install/panda_move/lib'
[0.404s] Level 1:colcon.colcon_core.shell:create_environment_hook('panda_move', 'ld_library_path_lib')
[0.405s] INFO:colcon.colcon_core.shell:Creating environment hook '/home/jeni/Cook_subgoal_test/unity_cooking/ROS2/install/panda_move/share/panda_move/hook/ld_library_path_lib.ps1'
[0.405s] INFO:colcon.colcon_core.shell:Creating environment descriptor '/home/jeni/Cook_subgoal_test/unity_cooking/ROS2/install/panda_move/share/panda_move/hook/ld_library_path_lib.dsv'
[0.405s] INFO:colcon.colcon_core.shell:Creating environment hook '/home/jeni/Cook_subgoal_test/unity_cooking/ROS2/install/panda_move/share/panda_move/hook/ld_library_path_lib.sh'
[0.405s] Level 1:colcon.colcon_core.environment:checking '/home/jeni/Cook_subgoal_test/unity_cooking/ROS2/install/panda_move/bin'
[0.405s] Level 1:colcon.colcon_core.environment:checking '/home/jeni/Cook_subgoal_test/unity_cooking/ROS2/install/panda_move/lib/pkgconfig/panda_move.pc'
[0.405s] Level 1:colcon.colcon_core.environment:checking '/home/jeni/Cook_subgoal_test/unity_cooking/ROS2/install/panda_move/lib/python3.10/site-packages'
[0.405s] Level 1:colcon.colcon_core.environment:checking '/home/jeni/Cook_subgoal_test/unity_cooking/ROS2/install/panda_move/bin'
[0.405s] INFO:colcon.colcon_core.shell:Creating package script '/home/jeni/Cook_subgoal_test/unity_cooking/ROS2/install/panda_move/share/panda_move/package.ps1'
[0.405s] INFO:colcon.colcon_core.shell:Creating package descriptor '/home/jeni/Cook_subgoal_test/unity_cooking/ROS2/install/panda_move/share/panda_move/package.dsv'
[0.406s] INFO:colcon.colcon_core.shell:Creating package script '/home/jeni/Cook_subgoal_test/unity_cooking/ROS2/install/panda_move/share/panda_move/package.sh'
[0.406s] INFO:colcon.colcon_core.shell:Creating package script '/home/jeni/Cook_subgoal_test/unity_cooking/ROS2/install/panda_move/share/panda_move/package.bash'
[0.406s] INFO:colcon.colcon_core.shell:Creating package script '/home/jeni/Cook_subgoal_test/unity_cooking/ROS2/install/panda_move/share/panda_move/package.zsh'
[0.406s] Level 1:colcon.colcon_core.environment:create_file_with_runtime_dependencies(/home/jeni/Cook_subgoal_test/unity_cooking/ROS2/install/panda_move/share/colcon-core/packages/panda_move)
[0.406s] DEBUG:colcon.colcon_parallel_executor.executor.parallel:closing loop
[0.406s] DEBUG:colcon.colcon_parallel_executor.executor.parallel:loop closed
[0.406s] DEBUG:colcon.colcon_parallel_executor.executor.parallel:run_until_complete finished with '0'
[0.406s] DEBUG:colcon.colcon_core.event_reactor:joining thread
[0.408s] INFO:colcon.colcon_core.plugin_system:Skipping extension 'colcon_notification.desktop_notification.terminal_notifier': Not used on non-Darwin systems
[0.408s] INFO:colcon.colcon_core.plugin_system:Skipping extension 'colcon_notification.desktop_notification.win32': Not used on non-Windows systems
[0.408s] INFO:colcon.colcon_notification.desktop_notification:Sending desktop notification using 'notify2'
[0.414s] DEBUG:colcon.colcon_core.event_reactor:joined thread
[0.414s] INFO:colcon.colcon_core.shell:Creating prefix script '/home/jeni/Cook_subgoal_test/unity_cooking/ROS2/install/local_setup.ps1'
[0.414s] INFO:colcon.colcon_core.shell:Creating prefix util module '/home/jeni/Cook_subgoal_test/unity_cooking/ROS2/install/_local_setup_util_ps1.py'
[0.415s] INFO:colcon.colcon_core.shell:Creating prefix chain script '/home/jeni/Cook_subgoal_test/unity_cooking/ROS2/install/setup.ps1'
[0.416s] INFO:colcon.colcon_core.shell:Creating prefix script '/home/jeni/Cook_subgoal_test/unity_cooking/ROS2/install/local_setup.sh'
[0.416s] INFO:colcon.colcon_core.shell:Creating prefix util module '/home/jeni/Cook_subgoal_test/unity_cooking/ROS2/install/_local_setup_util_sh.py'
[0.416s] INFO:colcon.colcon_core.shell:Creating prefix chain script '/home/jeni/Cook_subgoal_test/unity_cooking/ROS2/install/setup.sh'
[0.416s] INFO:colcon.colcon_core.shell:Creating prefix script '/home/jeni/Cook_subgoal_test/unity_cooking/ROS2/install/local_setup.bash'
[0.417s] INFO:colcon.colcon_core.shell:Creating prefix chain script '/home/jeni/Cook_subgoal_test/unity_cooking/ROS2/install/setup.bash'
[0.417s] INFO:colcon.colcon_core.shell:Creating prefix script '/home/jeni/Cook_subgoal_test/unity_cooking/ROS2/install/local_setup.zsh'
[0.418s] INFO:colcon.colcon_core.shell:Creating prefix chain script '/home/jeni/Cook_subgoal_test/unity_cooking/ROS2/install/setup.zsh'
