[0.004s] Invoking command in '/home/jeni/Cook_subgoal_test/unity_cooking/ROS2/build/panda_move': CMAKE_PREFIX_PATH=/home/jeni/Cook_subgoal_test/unity_cooking/ROS2/install/ros_tcp_endpoint:/home/jeni/Cook_subgoal_test/unity_cooking/ROS2/install/panda_move:/home/jeni/Cook_subgoal_test/unity_cooking/ROS2/install/panda_moveit_config:/home/jeni/Cook_subgoal_test/unity_cooking/ROS2/install/franka_description:/opt/ros/humble LD_LIBRARY_PATH=/home/jeni/Cook_subgoal_test/unity_cooking/ROS2/install/ros_tcp_endpoint/lib:/home/jeni/Cook_subgoal_test/unity_cooking/ROS2/install/panda_move/lib:/usr/local/cuda-12.4/lib64:/opt/ros/humble/opt/rviz_ogre_vendor/lib:/opt/ros/humble/lib/x86_64-linux-gnu:/opt/ros/humble/lib:/usr/local/cuda-12.4/lib64 /usr/bin/cmake /home/jeni/Cook_subgoal_test/unity_cooking/ROS2/src/panda_move -DAMENT_CMAKE_SYMLINK_INSTALL=1 -DCMAKE_INSTALL_PREFIX=/home/jeni/Cook_subgoal_test/unity_cooking/ROS2/install/panda_move
[0.028s] -- The C compiler identification is GNU 11.4.0
[0.050s] -- The CXX compiler identification is GNU 11.4.0
[0.053s] -- Detecting C compiler ABI info
[0.079s] -- Detecting C compiler ABI info - done
[0.082s] -- Check for working C compiler: /usr/bin/cc - skipped
[0.082s] -- Detecting C compile features
[0.082s] -- Detecting C compile features - done
[0.084s] -- Detecting CXX compiler ABI info
[0.115s] -- Detecting CXX compiler ABI info - done
[0.118s] -- Check for working CXX compiler: /usr/bin/c++ - skipped
[0.119s] -- Detecting CXX compile features
[0.119s] -- Detecting CXX compile features - done
[0.120s] -- Found ament_cmake: 1.3.12 (/opt/ros/humble/share/ament_cmake/cmake)
[0.187s] -- Found Python3: /usr/bin/python3 (found version "3.10.12") found components: Interpreter 
[0.216s] -- Override CMake install command with custom implementation using symlinks instead of copying resources
[0.228s] -- Found rclpy: 3.3.17 (/opt/ros/humble/share/rclpy/cmake)
[0.229s] -- Found std_msgs: 4.9.0 (/opt/ros/humble/share/std_msgs/cmake)
[0.243s] -- Found rosidl_generator_c: 3.1.7 (/opt/ros/humble/share/rosidl_generator_c/cmake)
[0.246s] -- Found rosidl_adapter: 3.1.7 (/opt/ros/humble/share/rosidl_adapter/cmake)
[0.249s] -- Found rosidl_generator_cpp: 3.1.7 (/opt/ros/humble/share/rosidl_generator_cpp/cmake)
[0.254s] -- Using all available rosidl_typesupport_c: rosidl_typesupport_fastrtps_c;rosidl_typesupport_introspection_c
[0.261s] -- Using all available rosidl_typesupport_cpp: rosidl_typesupport_fastrtps_cpp;rosidl_typesupport_introspection_cpp
[0.273s] -- Found geometry_msgs: 4.9.0 (/opt/ros/humble/share/geometry_msgs/cmake)
[0.278s] -- Found ros_tcp_endpoint: 0.4.0 (/home/jeni/Cook_subgoal_test/unity_cooking/ROS2/install/ros_tcp_endpoint/share/ros_tcp_endpoint/cmake)
[0.284s] -- Found moveit_msgs: 2.2.1 (/opt/ros/humble/share/moveit_msgs/cmake)
[0.341s] -- Found controller_manager: 2.51.0 (/opt/ros/humble/share/controller_manager/cmake)
[0.389s] -- Found rmw_implementation_cmake: 6.1.2 (/opt/ros/humble/share/rmw_implementation_cmake/cmake)
[0.391s] -- Found rmw_cyclonedds_cpp: 1.3.4 (/opt/ros/humble/share/rmw_cyclonedds_cpp/cmake)
[0.400s] -- Using RMW implementation 'rmw_cyclonedds_cpp' as default
[0.403s] -- Looking for pthread.h
[0.434s] -- Looking for pthread.h - found
[0.434s] -- Performing Test CMAKE_HAVE_LIBC_PTHREAD
[0.461s] -- Performing Test CMAKE_HAVE_LIBC_PTHREAD - Success
[0.462s] -- Found Threads: TRUE  
[0.496s] -- Found moveit_core: 2.5.9 (/opt/ros/humble/share/moveit_core/cmake)
[0.510s] -- Found Boost: /usr/lib/x86_64-linux-gnu/cmake/Boost-1.74.0/BoostConfig.cmake (found version "1.74.0") found components: chrono date_time filesystem iostreams program_options regex serialization system thread 
[0.531s] -- Found parameter_traits: 0.5.0 (/opt/ros/humble/share/parameter_traits/cmake)
[0.539s] -- Found Boost: /usr/lib/x86_64-linux-gnu/cmake/Boost-1.74.0/BoostConfig.cmake (found version "1.74.0") found components: filesystem 
[0.570s] -- library: /usr/lib/x86_64-linux-gnu/libcurl.so
[0.584s] -- Found Eigen3: TRUE (found version "3.4.0") 
[0.584s] -- Ensuring Eigen3 include directory is part of orocos-kdl CMake target
[0.629s] -- Found moveit_ros_planning: 2.5.9 (/opt/ros/humble/share/moveit_ros_planning/cmake)
[0.631s] -- Found Boost: /usr/lib/x86_64-linux-gnu/cmake/Boost-1.74.0/BoostConfig.cmake (found version "1.74.0") found components: system filesystem date_time program_options thread chrono 
[0.641s] -- Found moveit_ros_planning_interface: 2.5.9 (/opt/ros/humble/share/moveit_ros_planning_interface/cmake)
[0.643s] -- Found Boost: /usr/lib/x86_64-linux-gnu/cmake/Boost-1.74.0/BoostConfig.cmake (found version "1.74.0") found components: date_time filesystem program_options system thread 
[0.649s] -- Found Boost: /usr/lib/x86_64-linux-gnu/cmake/Boost-1.74.0/BoostConfig.cmake (found version "1.74.0") found components: thread system filesystem regex date_time program_options 
[0.683s] -- Found Boost: /usr/lib/x86_64-linux-gnu/cmake/Boost-1.74.0/BoostConfig.cmake (found version "1.74.0") found components: system filesystem date_time program_options thread 
[0.695s] -- Found moveit_ros_perception: 2.5.9 (/opt/ros/humble/share/moveit_ros_perception/cmake)
[0.697s] -- Found Boost: /usr/lib/x86_64-linux-gnu/cmake/Boost-1.74.0/BoostConfig.cmake (found version "1.74.0") found components: thread 
[0.890s] -- Found ament_cmake_ros: 0.10.0 (/opt/ros/humble/share/ament_cmake_ros/cmake)
[1.165s] -- Using all available rosidl_typesupport_c: rosidl_typesupport_fastrtps_c;rosidl_typesupport_introspection_c
[1.272s] -- Using all available rosidl_typesupport_cpp: rosidl_typesupport_fastrtps_cpp;rosidl_typesupport_introspection_cpp
[1.277s] -- Configuring done
[1.295s] -- Generating done
[1.300s] -- Build files have been written to: /home/jeni/Cook_subgoal_test/unity_cooking/ROS2/build/panda_move
[1.310s] Invoked command in '/home/jeni/Cook_subgoal_test/unity_cooking/ROS2/build/panda_move' returned '0': CMAKE_PREFIX_PATH=/home/jeni/Cook_subgoal_test/unity_cooking/ROS2/install/ros_tcp_endpoint:/home/jeni/Cook_subgoal_test/unity_cooking/ROS2/install/panda_move:/home/jeni/Cook_subgoal_test/unity_cooking/ROS2/install/panda_moveit_config:/home/jeni/Cook_subgoal_test/unity_cooking/ROS2/install/franka_description:/opt/ros/humble LD_LIBRARY_PATH=/home/jeni/Cook_subgoal_test/unity_cooking/ROS2/install/ros_tcp_endpoint/lib:/home/jeni/Cook_subgoal_test/unity_cooking/ROS2/install/panda_move/lib:/usr/local/cuda-12.4/lib64:/opt/ros/humble/opt/rviz_ogre_vendor/lib:/opt/ros/humble/lib/x86_64-linux-gnu:/opt/ros/humble/lib:/usr/local/cuda-12.4/lib64 /usr/bin/cmake /home/jeni/Cook_subgoal_test/unity_cooking/ROS2/src/panda_move -DAMENT_CMAKE_SYMLINK_INSTALL=1 -DCMAKE_INSTALL_PREFIX=/home/jeni/Cook_subgoal_test/unity_cooking/ROS2/install/panda_move
[1.311s] Invoking command in '/home/jeni/Cook_subgoal_test/unity_cooking/ROS2/build/panda_move': CMAKE_PREFIX_PATH=/home/jeni/Cook_subgoal_test/unity_cooking/ROS2/install/ros_tcp_endpoint:/home/jeni/Cook_subgoal_test/unity_cooking/ROS2/install/panda_move:/home/jeni/Cook_subgoal_test/unity_cooking/ROS2/install/panda_moveit_config:/home/jeni/Cook_subgoal_test/unity_cooking/ROS2/install/franka_description:/opt/ros/humble LD_LIBRARY_PATH=/home/jeni/Cook_subgoal_test/unity_cooking/ROS2/install/ros_tcp_endpoint/lib:/home/jeni/Cook_subgoal_test/unity_cooking/ROS2/install/panda_move/lib:/usr/local/cuda-12.4/lib64:/opt/ros/humble/opt/rviz_ogre_vendor/lib:/opt/ros/humble/lib/x86_64-linux-gnu:/opt/ros/humble/lib:/usr/local/cuda-12.4/lib64 /usr/bin/cmake --build /home/jeni/Cook_subgoal_test/unity_cooking/ROS2/build/panda_move -- -j16 -l16
[1.331s] [  1%] [34m[1mGenerating C code for ROS interfaces[0m
[1.336s] [  2%] [34m[1mGenerating C++ code for ROS interfaces[0m
[1.663s] [  2%] Built target panda_move__cpp
[1.667s] [  3%] [34m[1mGenerating C++ type support dispatch for ROS interfaces[0m
[1.667s] [  4%] [34m[1mGenerating C++ type support for eProsima Fast-RTPS[0m
[1.667s] [  5%] [34m[1mGenerating C++ introspection for ROS interfaces[0m
[1.670s] [  7%] [32mBuilding C object CMakeFiles/panda_move__rosidl_generator_c.dir/rosidl_generator_c/panda_move/srv/detail/init__functions.c.o[0m
[1.671s] [ 10%] [32mBuilding C object CMakeFiles/panda_move__rosidl_generator_c.dir/rosidl_generator_c/panda_move/msg/detail/action__functions.c.o[0m
[1.671s] [ 10%] [32mBuilding C object CMakeFiles/panda_move__rosidl_generator_c.dir/rosidl_generator_c/panda_move/srv/detail/motion_check__functions.c.o[0m
[1.671s] [ 10%] [32mBuilding C object CMakeFiles/panda_move__rosidl_generator_c.dir/rosidl_generator_c/panda_move/msg/detail/predicate__functions.c.o[0m
[1.671s] [ 11%] [32mBuilding C object CMakeFiles/panda_move__rosidl_generator_c.dir/rosidl_generator_c/panda_move/msg/detail/execution_check__functions.c.o[0m
[1.671s] [ 12%] [32mBuilding C object CMakeFiles/panda_move__rosidl_generator_c.dir/rosidl_generator_c/panda_move/srv/detail/plan__functions.c.o[0m
[1.671s] [ 14%] [32mBuilding C object CMakeFiles/panda_move__rosidl_generator_c.dir/rosidl_generator_c/panda_move/srv/detail/sync__functions.c.o[0m
[1.671s] [ 15%] [32mBuilding C object CMakeFiles/panda_move__rosidl_generator_c.dir/rosidl_generator_c/panda_move/srv/detail/hand__functions.c.o[0m
[1.672s] [ 16%] [32mBuilding C object CMakeFiles/panda_move__rosidl_generator_c.dir/rosidl_generator_c/panda_move/srv/detail/action_sequences__functions.c.o[0m
[1.672s] [ 17%] [32mBuilding C object CMakeFiles/panda_move__rosidl_generator_c.dir/rosidl_generator_c/panda_move/srv/detail/new_state__functions.c.o[0m
[1.709s] [ 18%] [32m[1mLinking C shared library libpanda_move__rosidl_generator_c.so[0m
[1.728s] [ 18%] Built target panda_move__rosidl_generator_c
[1.733s] [ 22%] [34m[1mGenerating C type support dispatch for ROS interfaces[0m
[1.733s] [ 22%] [34m[1mGenerating C type support for eProsima Fast-RTPS[0m
[1.733s] [ 22%] [34m[1mGenerating C introspection for ROS interfaces[0m
[1.875s] [ 23%] [32mBuilding CXX object CMakeFiles/panda_move__rosidl_typesupport_cpp.dir/rosidl_typesupport_cpp/panda_move/srv/plan__type_support.cpp.o[0m
[1.875s] [ 24%] [32mBuilding CXX object CMakeFiles/panda_move__rosidl_typesupport_cpp.dir/rosidl_typesupport_cpp/panda_move/msg/action__type_support.cpp.o[0m
[1.875s] [ 25%] [32mBuilding CXX object CMakeFiles/panda_move__rosidl_typesupport_cpp.dir/rosidl_typesupport_cpp/panda_move/msg/execution_check__type_support.cpp.o[0m
[1.875s] [ 27%] [32mBuilding CXX object CMakeFiles/panda_move__rosidl_typesupport_cpp.dir/rosidl_typesupport_cpp/panda_move/msg/predicate__type_support.cpp.o[0m
[1.875s] [ 28%] [32mBuilding CXX object CMakeFiles/panda_move__rosidl_typesupport_cpp.dir/rosidl_typesupport_cpp/panda_move/srv/sync__type_support.cpp.o[0m
[1.875s] [ 29%] [32mBuilding CXX object CMakeFiles/panda_move__rosidl_typesupport_cpp.dir/rosidl_typesupport_cpp/panda_move/srv/init__type_support.cpp.o[0m
[1.875s] [ 30%] [32mBuilding CXX object CMakeFiles/panda_move__rosidl_typesupport_cpp.dir/rosidl_typesupport_cpp/panda_move/srv/action_sequences__type_support.cpp.o[0m
[1.875s] [ 31%] [32mBuilding CXX object CMakeFiles/panda_move__rosidl_typesupport_cpp.dir/rosidl_typesupport_cpp/panda_move/srv/motion_check__type_support.cpp.o[0m
[1.875s] [ 32%] [32mBuilding CXX object CMakeFiles/panda_move__rosidl_typesupport_cpp.dir/rosidl_typesupport_cpp/panda_move/srv/hand__type_support.cpp.o[0m
[1.875s] [ 34%] [32mBuilding CXX object CMakeFiles/panda_move__rosidl_typesupport_cpp.dir/rosidl_typesupport_cpp/panda_move/srv/new_state__type_support.cpp.o[0m
[2.010s] [ 35%] [32mBuilding CXX object CMakeFiles/panda_move__rosidl_typesupport_c.dir/rosidl_typesupport_c/panda_move/msg/action__type_support.cpp.o[0m
[2.014s] [ 36%] [32mBuilding CXX object CMakeFiles/panda_move__rosidl_typesupport_c.dir/rosidl_typesupport_c/panda_move/msg/predicate__type_support.cpp.o[0m
[2.037s] [ 37%] [32mBuilding CXX object CMakeFiles/panda_move__rosidl_typesupport_c.dir/rosidl_typesupport_c/panda_move/msg/execution_check__type_support.cpp.o[0m
[2.037s] [ 38%] [32mBuilding CXX object CMakeFiles/panda_move__rosidl_typesupport_c.dir/rosidl_typesupport_c/panda_move/srv/init__type_support.cpp.o[0m
[2.037s] [ 40%] [32mBuilding CXX object CMakeFiles/panda_move__rosidl_typesupport_c.dir/rosidl_typesupport_c/panda_move/srv/sync__type_support.cpp.o[0m
[2.037s] [ 41%] [32mBuilding CXX object CMakeFiles/panda_move__rosidl_typesupport_c.dir/rosidl_typesupport_c/panda_move/srv/plan__type_support.cpp.o[0m
[2.041s] [ 42%] [32mBuilding CXX object CMakeFiles/panda_move__rosidl_typesupport_c.dir/rosidl_typesupport_c/panda_move/srv/hand__type_support.cpp.o[0m
[2.041s] [ 43%] [32mBuilding CXX object CMakeFiles/panda_move__rosidl_typesupport_c.dir/rosidl_typesupport_c/panda_move/srv/motion_check__type_support.cpp.o[0m
[2.044s] [ 44%] [32mBuilding CXX object CMakeFiles/panda_move__rosidl_typesupport_c.dir/rosidl_typesupport_c/panda_move/srv/action_sequences__type_support.cpp.o[0m
[2.044s] [ 45%] [32mBuilding CXX object CMakeFiles/panda_move__rosidl_typesupport_introspection_cpp.dir/rosidl_typesupport_introspection_cpp/panda_move/msg/detail/action__type_support.cpp.o[0m
[2.045s] [ 47%] [32mBuilding CXX object CMakeFiles/panda_move__rosidl_typesupport_c.dir/rosidl_typesupport_c/panda_move/srv/new_state__type_support.cpp.o[0m
[2.047s] [ 48%] [32mBuilding CXX object CMakeFiles/panda_move__rosidl_typesupport_introspection_cpp.dir/rosidl_typesupport_introspection_cpp/panda_move/msg/detail/predicate__type_support.cpp.o[0m
[2.047s] [ 49%] [32mBuilding CXX object CMakeFiles/panda_move__rosidl_typesupport_introspection_cpp.dir/rosidl_typesupport_introspection_cpp/panda_move/msg/detail/execution_check__type_support.cpp.o[0m
[2.048s] [ 50%] [32m[1mLinking CXX shared library libpanda_move__rosidl_typesupport_cpp.so[0m
[2.051s] [ 51%] [32mBuilding CXX object CMakeFiles/panda_move__rosidl_typesupport_introspection_cpp.dir/rosidl_typesupport_introspection_cpp/panda_move/srv/detail/init__type_support.cpp.o[0m
[2.056s] [ 52%] [32mBuilding CXX object CMakeFiles/panda_move__rosidl_typesupport_introspection_cpp.dir/rosidl_typesupport_introspection_cpp/panda_move/srv/detail/sync__type_support.cpp.o[0m
[2.058s] [ 55%] [32mBuilding CXX object CMakeFiles/panda_move__rosidl_typesupport_introspection_cpp.dir/rosidl_typesupport_introspection_cpp/panda_move/srv/detail/plan__type_support.cpp.o[0m
[2.058s] [ 55%] [32mBuilding CXX object CMakeFiles/panda_move__rosidl_typesupport_introspection_cpp.dir/rosidl_typesupport_introspection_cpp/panda_move/srv/detail/hand__type_support.cpp.o[0m
[2.058s] [ 56%] [32mBuilding CXX object CMakeFiles/panda_move__rosidl_typesupport_introspection_cpp.dir/rosidl_typesupport_introspection_cpp/panda_move/srv/detail/motion_check__type_support.cpp.o[0m
[2.060s] [ 57%] [32mBuilding CXX object CMakeFiles/panda_move__rosidl_typesupport_introspection_cpp.dir/rosidl_typesupport_introspection_cpp/panda_move/srv/detail/action_sequences__type_support.cpp.o[0m
[2.061s] [ 58%] [32mBuilding CXX object CMakeFiles/panda_move__rosidl_typesupport_introspection_cpp.dir/rosidl_typesupport_introspection_cpp/panda_move/srv/detail/new_state__type_support.cpp.o[0m
[2.061s] [ 60%] [32mBuilding CXX object CMakeFiles/panda_move__rosidl_typesupport_fastrtps_cpp.dir/rosidl_typesupport_fastrtps_cpp/panda_move/msg/detail/dds_fastrtps/action__type_support.cpp.o[0m
[2.065s] [ 61%] [32mBuilding CXX object CMakeFiles/panda_move__rosidl_typesupport_fastrtps_cpp.dir/rosidl_typesupport_fastrtps_cpp/panda_move/msg/detail/dds_fastrtps/predicate__type_support.cpp.o[0m
[2.065s] [ 62%] [32m[1mLinking CXX shared library libpanda_move__rosidl_typesupport_c.so[0m
[2.083s] [ 62%] Built target panda_move__rosidl_typesupport_cpp
[2.089s] [ 63%] [32mBuilding CXX object CMakeFiles/panda_move__rosidl_typesupport_fastrtps_cpp.dir/rosidl_typesupport_fastrtps_cpp/panda_move/msg/detail/dds_fastrtps/execution_check__type_support.cpp.o[0m
[2.102s] [ 63%] Built target panda_move__rosidl_typesupport_c
[2.107s] [ 64%] [32mBuilding CXX object CMakeFiles/panda_move__rosidl_typesupport_fastrtps_cpp.dir/rosidl_typesupport_fastrtps_cpp/panda_move/srv/detail/dds_fastrtps/init__type_support.cpp.o[0m
[2.221s] [ 65%] [32mBuilding C object CMakeFiles/panda_move__rosidl_typesupport_introspection_c.dir/rosidl_typesupport_introspection_c/panda_move/msg/detail/action__type_support.c.o[0m
[2.245s] [ 67%] [32mBuilding CXX object CMakeFiles/panda_move__rosidl_typesupport_fastrtps_c.dir/rosidl_typesupport_fastrtps_c/panda_move/msg/detail/action__type_support_c.cpp.o[0m
[2.254s] [ 68%] [32mBuilding C object CMakeFiles/panda_move__rosidl_typesupport_introspection_c.dir/rosidl_typesupport_introspection_c/panda_move/msg/detail/predicate__type_support.c.o[0m
[2.282s] [ 69%] [32mBuilding C object CMakeFiles/panda_move__rosidl_typesupport_introspection_c.dir/rosidl_typesupport_introspection_c/panda_move/msg/detail/execution_check__type_support.c.o[0m
[2.289s] [ 70%] [32mBuilding CXX object CMakeFiles/panda_move__rosidl_typesupport_fastrtps_cpp.dir/rosidl_typesupport_fastrtps_cpp/panda_move/srv/detail/dds_fastrtps/sync__type_support.cpp.o[0m
[2.303s] [ 71%] [32mBuilding CXX object CMakeFiles/panda_move__rosidl_typesupport_fastrtps_cpp.dir/rosidl_typesupport_fastrtps_cpp/panda_move/srv/detail/dds_fastrtps/plan__type_support.cpp.o[0m
[2.310s] [ 72%] [32mBuilding C object CMakeFiles/panda_move__rosidl_typesupport_introspection_c.dir/rosidl_typesupport_introspection_c/panda_move/srv/detail/init__type_support.c.o[0m
[2.319s] [ 75%] [32mBuilding CXX object CMakeFiles/panda_move__rosidl_typesupport_fastrtps_c.dir/rosidl_typesupport_fastrtps_c/panda_move/msg/detail/predicate__type_support_c.cpp.o[0m
[2.319s] [ 75%] [32mBuilding C object CMakeFiles/panda_move__rosidl_typesupport_introspection_c.dir/rosidl_typesupport_introspection_c/panda_move/srv/detail/sync__type_support.c.o[0m
[2.340s] [ 76%] [32mBuilding CXX object CMakeFiles/panda_move__rosidl_typesupport_fastrtps_cpp.dir/rosidl_typesupport_fastrtps_cpp/panda_move/srv/detail/dds_fastrtps/hand__type_support.cpp.o[0m
[2.346s] [ 78%] [32mBuilding CXX object CMakeFiles/panda_move__rosidl_typesupport_fastrtps_c.dir/rosidl_typesupport_fastrtps_c/panda_move/msg/detail/execution_check__type_support_c.cpp.o[0m
[2.347s] [ 78%] [32mBuilding C object CMakeFiles/panda_move__rosidl_typesupport_introspection_c.dir/rosidl_typesupport_introspection_c/panda_move/srv/detail/plan__type_support.c.o[0m
[2.358s] [ 81%] [32mBuilding CXX object CMakeFiles/panda_move__rosidl_typesupport_fastrtps_cpp.dir/rosidl_typesupport_fastrtps_cpp/panda_move/srv/detail/dds_fastrtps/motion_check__type_support.cpp.o[0m
[2.358s] [ 81%] [32mBuilding C object CMakeFiles/panda_move__rosidl_typesupport_introspection_c.dir/rosidl_typesupport_introspection_c/panda_move/srv/detail/hand__type_support.c.o[0m
[2.361s] [ 82%] [32mBuilding C object CMakeFiles/panda_move__rosidl_typesupport_introspection_c.dir/rosidl_typesupport_introspection_c/panda_move/srv/detail/motion_check__type_support.c.o[0m
[2.363s] [ 83%] [32mBuilding C object CMakeFiles/panda_move__rosidl_typesupport_introspection_c.dir/rosidl_typesupport_introspection_c/panda_move/srv/detail/action_sequences__type_support.c.o[0m
[2.368s] [ 84%] [32mBuilding C object CMakeFiles/panda_move__rosidl_typesupport_introspection_c.dir/rosidl_typesupport_introspection_c/panda_move/srv/detail/new_state__type_support.c.o[0m
[2.380s] [ 85%] [32mBuilding CXX object CMakeFiles/panda_move__rosidl_typesupport_fastrtps_c.dir/rosidl_typesupport_fastrtps_c/panda_move/srv/detail/init__type_support_c.cpp.o[0m
[2.383s] [ 87%] [32mBuilding CXX object CMakeFiles/panda_move__rosidl_typesupport_fastrtps_c.dir/rosidl_typesupport_fastrtps_c/panda_move/srv/detail/sync__type_support_c.cpp.o[0m
[2.392s] [ 89%] [32mBuilding CXX object CMakeFiles/panda_move__rosidl_typesupport_fastrtps_c.dir/rosidl_typesupport_fastrtps_c/panda_move/srv/detail/plan__type_support_c.cpp.o[0m
[2.394s] [ 89%] [32mBuilding CXX object CMakeFiles/panda_move__rosidl_typesupport_fastrtps_cpp.dir/rosidl_typesupport_fastrtps_cpp/panda_move/srv/detail/dds_fastrtps/action_sequences__type_support.cpp.o[0m
[2.400s] [ 90%] [32m[1mLinking C shared library libpanda_move__rosidl_typesupport_introspection_c.so[0m
[2.412s] [ 91%] [32mBuilding CXX object CMakeFiles/panda_move__rosidl_typesupport_fastrtps_cpp.dir/rosidl_typesupport_fastrtps_cpp/panda_move/srv/detail/dds_fastrtps/new_state__type_support.cpp.o[0m
[2.418s] [ 92%] [32mBuilding CXX object CMakeFiles/panda_move__rosidl_typesupport_fastrtps_c.dir/rosidl_typesupport_fastrtps_c/panda_move/srv/detail/hand__type_support_c.cpp.o[0m
[2.432s] [ 92%] Built target panda_move__rosidl_typesupport_introspection_c
[2.441s] [ 94%] [32mBuilding CXX object CMakeFiles/panda_move__rosidl_typesupport_fastrtps_c.dir/rosidl_typesupport_fastrtps_c/panda_move/srv/detail/motion_check__type_support_c.cpp.o[0m
[2.469s] [ 95%] [32mBuilding CXX object CMakeFiles/panda_move__rosidl_typesupport_fastrtps_c.dir/rosidl_typesupport_fastrtps_c/panda_move/srv/detail/action_sequences__type_support_c.cpp.o[0m
[2.526s] [ 96%] [32mBuilding CXX object CMakeFiles/panda_move__rosidl_typesupport_fastrtps_c.dir/rosidl_typesupport_fastrtps_c/panda_move/srv/detail/new_state__type_support_c.cpp.o[0m
[2.600s] [ 97%] [32m[1mLinking CXX shared library libpanda_move__rosidl_typesupport_introspection_cpp.so[0m
[2.658s] [ 97%] Built target panda_move__rosidl_typesupport_introspection_cpp
[2.672s] [ 98%] [32m[1mLinking CXX shared library libpanda_move__rosidl_typesupport_fastrtps_cpp.so[0m
[2.698s] [100%] [32m[1mLinking CXX shared library libpanda_move__rosidl_typesupport_fastrtps_c.so[0m
[2.712s] [100%] Built target panda_move__rosidl_typesupport_fastrtps_cpp
[2.734s] [100%] Built target panda_move__rosidl_typesupport_fastrtps_c
[2.742s] [100%] Built target panda_move
[2.747s] Invoked command in '/home/jeni/Cook_subgoal_test/unity_cooking/ROS2/build/panda_move' returned '0': CMAKE_PREFIX_PATH=/home/jeni/Cook_subgoal_test/unity_cooking/ROS2/install/ros_tcp_endpoint:/home/jeni/Cook_subgoal_test/unity_cooking/ROS2/install/panda_move:/home/jeni/Cook_subgoal_test/unity_cooking/ROS2/install/panda_moveit_config:/home/jeni/Cook_subgoal_test/unity_cooking/ROS2/install/franka_description:/opt/ros/humble LD_LIBRARY_PATH=/home/jeni/Cook_subgoal_test/unity_cooking/ROS2/install/ros_tcp_endpoint/lib:/home/jeni/Cook_subgoal_test/unity_cooking/ROS2/install/panda_move/lib:/usr/local/cuda-12.4/lib64:/opt/ros/humble/opt/rviz_ogre_vendor/lib:/opt/ros/humble/lib/x86_64-linux-gnu:/opt/ros/humble/lib:/usr/local/cuda-12.4/lib64 /usr/bin/cmake --build /home/jeni/Cook_subgoal_test/unity_cooking/ROS2/build/panda_move -- -j16 -l16
[2.748s] Invoking command in '/home/jeni/Cook_subgoal_test/unity_cooking/ROS2/build/panda_move': CMAKE_PREFIX_PATH=/home/jeni/Cook_subgoal_test/unity_cooking/ROS2/install/ros_tcp_endpoint:/home/jeni/Cook_subgoal_test/unity_cooking/ROS2/install/panda_move:/home/jeni/Cook_subgoal_test/unity_cooking/ROS2/install/panda_moveit_config:/home/jeni/Cook_subgoal_test/unity_cooking/ROS2/install/franka_description:/opt/ros/humble LD_LIBRARY_PATH=/home/jeni/Cook_subgoal_test/unity_cooking/ROS2/install/ros_tcp_endpoint/lib:/home/jeni/Cook_subgoal_test/unity_cooking/ROS2/install/panda_move/lib:/usr/local/cuda-12.4/lib64:/opt/ros/humble/opt/rviz_ogre_vendor/lib:/opt/ros/humble/lib/x86_64-linux-gnu:/opt/ros/humble/lib:/usr/local/cuda-12.4/lib64 /usr/bin/cmake --install /home/jeni/Cook_subgoal_test/unity_cooking/ROS2/build/panda_move
[2.750s] -- Install configuration: ""
[2.751s] -- Execute custom install script
[2.751s] -- Symlinking: /home/jeni/Cook_subgoal_test/unity_cooking/ROS2/install/panda_move/share/ament_index/resource_index/rosidl_interfaces/panda_move
[2.754s] -- Symlinking: /home/jeni/Cook_subgoal_test/unity_cooking/ROS2/install/panda_move/include/panda_move/panda_move/msg/action.h
[2.757s] -- Symlinking: /home/jeni/Cook_subgoal_test/unity_cooking/ROS2/install/panda_move/include/panda_move/panda_move/msg/detail/action__functions.h
[2.759s] -- Symlinking: /home/jeni/Cook_subgoal_test/unity_cooking/ROS2/install/panda_move/include/panda_move/panda_move/msg/detail/action__struct.h
[2.762s] -- Symlinking: /home/jeni/Cook_subgoal_test/unity_cooking/ROS2/install/panda_move/include/panda_move/panda_move/msg/detail/action__type_support.h
[2.765s] -- Symlinking: /home/jeni/Cook_subgoal_test/unity_cooking/ROS2/install/panda_move/include/panda_move/panda_move/msg/detail/execution_check__functions.h
[2.767s] -- Symlinking: /home/jeni/Cook_subgoal_test/unity_cooking/ROS2/install/panda_move/include/panda_move/panda_move/msg/detail/execution_check__struct.h
[2.770s] -- Symlinking: /home/jeni/Cook_subgoal_test/unity_cooking/ROS2/install/panda_move/include/panda_move/panda_move/msg/detail/execution_check__type_support.h
[2.773s] -- Symlinking: /home/jeni/Cook_subgoal_test/unity_cooking/ROS2/install/panda_move/include/panda_move/panda_move/msg/detail/predicate__functions.h
[2.775s] -- Symlinking: /home/jeni/Cook_subgoal_test/unity_cooking/ROS2/install/panda_move/include/panda_move/panda_move/msg/detail/predicate__struct.h
[2.778s] -- Symlinking: /home/jeni/Cook_subgoal_test/unity_cooking/ROS2/install/panda_move/include/panda_move/panda_move/msg/detail/predicate__type_support.h
[2.780s] -- Symlinking: /home/jeni/Cook_subgoal_test/unity_cooking/ROS2/install/panda_move/include/panda_move/panda_move/msg/execution_check.h
[2.783s] -- Symlinking: /home/jeni/Cook_subgoal_test/unity_cooking/ROS2/install/panda_move/include/panda_move/panda_move/msg/predicate.h
[2.786s] -- Symlinking: /home/jeni/Cook_subgoal_test/unity_cooking/ROS2/install/panda_move/include/panda_move/panda_move/msg/rosidl_generator_c__visibility_control.h
[2.788s] -- Symlinking: /home/jeni/Cook_subgoal_test/unity_cooking/ROS2/install/panda_move/include/panda_move/panda_move/srv/action_sequences.h
[2.791s] -- Symlinking: /home/jeni/Cook_subgoal_test/unity_cooking/ROS2/install/panda_move/include/panda_move/panda_move/srv/detail/action_sequences__functions.h
[2.794s] -- Symlinking: /home/jeni/Cook_subgoal_test/unity_cooking/ROS2/install/panda_move/include/panda_move/panda_move/srv/detail/action_sequences__struct.h
[2.796s] -- Symlinking: /home/jeni/Cook_subgoal_test/unity_cooking/ROS2/install/panda_move/include/panda_move/panda_move/srv/detail/action_sequences__type_support.h
[2.799s] -- Symlinking: /home/jeni/Cook_subgoal_test/unity_cooking/ROS2/install/panda_move/include/panda_move/panda_move/srv/detail/hand__functions.h
[2.802s] -- Symlinking: /home/jeni/Cook_subgoal_test/unity_cooking/ROS2/install/panda_move/include/panda_move/panda_move/srv/detail/hand__struct.h
[2.804s] -- Symlinking: /home/jeni/Cook_subgoal_test/unity_cooking/ROS2/install/panda_move/include/panda_move/panda_move/srv/detail/hand__type_support.h
[2.807s] -- Symlinking: /home/jeni/Cook_subgoal_test/unity_cooking/ROS2/install/panda_move/include/panda_move/panda_move/srv/detail/init__functions.h
[2.809s] -- Symlinking: /home/jeni/Cook_subgoal_test/unity_cooking/ROS2/install/panda_move/include/panda_move/panda_move/srv/detail/init__struct.h
[2.812s] -- Symlinking: /home/jeni/Cook_subgoal_test/unity_cooking/ROS2/install/panda_move/include/panda_move/panda_move/srv/detail/init__type_support.h
[2.814s] -- Symlinking: /home/jeni/Cook_subgoal_test/unity_cooking/ROS2/install/panda_move/include/panda_move/panda_move/srv/detail/motion_check__functions.h
[2.817s] -- Symlinking: /home/jeni/Cook_subgoal_test/unity_cooking/ROS2/install/panda_move/include/panda_move/panda_move/srv/detail/motion_check__struct.h
[2.820s] -- Symlinking: /home/jeni/Cook_subgoal_test/unity_cooking/ROS2/install/panda_move/include/panda_move/panda_move/srv/detail/motion_check__type_support.h
[2.822s] -- Symlinking: /home/jeni/Cook_subgoal_test/unity_cooking/ROS2/install/panda_move/include/panda_move/panda_move/srv/detail/new_state__functions.h
[2.825s] -- Symlinking: /home/jeni/Cook_subgoal_test/unity_cooking/ROS2/install/panda_move/include/panda_move/panda_move/srv/detail/new_state__struct.h
[2.828s] -- Symlinking: /home/jeni/Cook_subgoal_test/unity_cooking/ROS2/install/panda_move/include/panda_move/panda_move/srv/detail/new_state__type_support.h
[2.830s] -- Symlinking: /home/jeni/Cook_subgoal_test/unity_cooking/ROS2/install/panda_move/include/panda_move/panda_move/srv/detail/plan__functions.h
[2.833s] -- Symlinking: /home/jeni/Cook_subgoal_test/unity_cooking/ROS2/install/panda_move/include/panda_move/panda_move/srv/detail/plan__struct.h
[2.835s] -- Symlinking: /home/jeni/Cook_subgoal_test/unity_cooking/ROS2/install/panda_move/include/panda_move/panda_move/srv/detail/plan__type_support.h
[2.838s] -- Symlinking: /home/jeni/Cook_subgoal_test/unity_cooking/ROS2/install/panda_move/include/panda_move/panda_move/srv/detail/sync__functions.h
[2.840s] -- Symlinking: /home/jeni/Cook_subgoal_test/unity_cooking/ROS2/install/panda_move/include/panda_move/panda_move/srv/detail/sync__struct.h
[2.843s] -- Symlinking: /home/jeni/Cook_subgoal_test/unity_cooking/ROS2/install/panda_move/include/panda_move/panda_move/srv/detail/sync__type_support.h
[2.845s] -- Symlinking: /home/jeni/Cook_subgoal_test/unity_cooking/ROS2/install/panda_move/include/panda_move/panda_move/srv/hand.h
[2.848s] -- Symlinking: /home/jeni/Cook_subgoal_test/unity_cooking/ROS2/install/panda_move/include/panda_move/panda_move/srv/init.h
[2.851s] -- Symlinking: /home/jeni/Cook_subgoal_test/unity_cooking/ROS2/install/panda_move/include/panda_move/panda_move/srv/motion_check.h
[2.853s] -- Symlinking: /home/jeni/Cook_subgoal_test/unity_cooking/ROS2/install/panda_move/include/panda_move/panda_move/srv/new_state.h
[2.856s] -- Symlinking: /home/jeni/Cook_subgoal_test/unity_cooking/ROS2/install/panda_move/include/panda_move/panda_move/srv/plan.h
[2.859s] -- Symlinking: /home/jeni/Cook_subgoal_test/unity_cooking/ROS2/install/panda_move/include/panda_move/panda_move/srv/sync.h
[2.862s] -- Symlinking: /home/jeni/Cook_subgoal_test/unity_cooking/ROS2/install/panda_move/share/panda_move/environment/library_path.sh
[2.864s] -- Symlinking: /home/jeni/Cook_subgoal_test/unity_cooking/ROS2/install/panda_move/share/panda_move/environment/library_path.dsv
[2.867s] -- Symlinking: /home/jeni/Cook_subgoal_test/unity_cooking/ROS2/install/panda_move/include/panda_move/panda_move/msg/detail/action__rosidl_typesupport_fastrtps_c.h
[2.870s] -- Symlinking: /home/jeni/Cook_subgoal_test/unity_cooking/ROS2/install/panda_move/include/panda_move/panda_move/msg/detail/execution_check__rosidl_typesupport_fastrtps_c.h
[2.872s] -- Symlinking: /home/jeni/Cook_subgoal_test/unity_cooking/ROS2/install/panda_move/include/panda_move/panda_move/msg/detail/predicate__rosidl_typesupport_fastrtps_c.h
[2.875s] -- Symlinking: /home/jeni/Cook_subgoal_test/unity_cooking/ROS2/install/panda_move/include/panda_move/panda_move/msg/rosidl_typesupport_fastrtps_c__visibility_control.h
[2.877s] -- Symlinking: /home/jeni/Cook_subgoal_test/unity_cooking/ROS2/install/panda_move/include/panda_move/panda_move/srv/detail/action_sequences__rosidl_typesupport_fastrtps_c.h
[2.880s] -- Symlinking: /home/jeni/Cook_subgoal_test/unity_cooking/ROS2/install/panda_move/include/panda_move/panda_move/srv/detail/hand__rosidl_typesupport_fastrtps_c.h
[2.883s] -- Symlinking: /home/jeni/Cook_subgoal_test/unity_cooking/ROS2/install/panda_move/include/panda_move/panda_move/srv/detail/init__rosidl_typesupport_fastrtps_c.h
[2.886s] -- Symlinking: /home/jeni/Cook_subgoal_test/unity_cooking/ROS2/install/panda_move/include/panda_move/panda_move/srv/detail/motion_check__rosidl_typesupport_fastrtps_c.h
[2.888s] -- Symlinking: /home/jeni/Cook_subgoal_test/unity_cooking/ROS2/install/panda_move/include/panda_move/panda_move/srv/detail/new_state__rosidl_typesupport_fastrtps_c.h
[2.891s] -- Symlinking: /home/jeni/Cook_subgoal_test/unity_cooking/ROS2/install/panda_move/include/panda_move/panda_move/srv/detail/plan__rosidl_typesupport_fastrtps_c.h
[2.894s] -- Symlinking: /home/jeni/Cook_subgoal_test/unity_cooking/ROS2/install/panda_move/include/panda_move/panda_move/srv/detail/sync__rosidl_typesupport_fastrtps_c.h
[2.896s] -- Symlinking: /home/jeni/Cook_subgoal_test/unity_cooking/ROS2/install/panda_move/include/panda_move/panda_move/msg/action.hpp
[2.899s] -- Symlinking: /home/jeni/Cook_subgoal_test/unity_cooking/ROS2/install/panda_move/include/panda_move/panda_move/msg/detail/action__builder.hpp
[2.902s] -- Symlinking: /home/jeni/Cook_subgoal_test/unity_cooking/ROS2/install/panda_move/include/panda_move/panda_move/msg/detail/action__struct.hpp
[2.904s] -- Symlinking: /home/jeni/Cook_subgoal_test/unity_cooking/ROS2/install/panda_move/include/panda_move/panda_move/msg/detail/action__traits.hpp
[2.907s] -- Symlinking: /home/jeni/Cook_subgoal_test/unity_cooking/ROS2/install/panda_move/include/panda_move/panda_move/msg/detail/action__type_support.hpp
[2.909s] -- Symlinking: /home/jeni/Cook_subgoal_test/unity_cooking/ROS2/install/panda_move/include/panda_move/panda_move/msg/detail/execution_check__builder.hpp
[2.912s] -- Symlinking: /home/jeni/Cook_subgoal_test/unity_cooking/ROS2/install/panda_move/include/panda_move/panda_move/msg/detail/execution_check__struct.hpp
[2.915s] -- Symlinking: /home/jeni/Cook_subgoal_test/unity_cooking/ROS2/install/panda_move/include/panda_move/panda_move/msg/detail/execution_check__traits.hpp
[2.917s] -- Symlinking: /home/jeni/Cook_subgoal_test/unity_cooking/ROS2/install/panda_move/include/panda_move/panda_move/msg/detail/execution_check__type_support.hpp
[2.920s] -- Symlinking: /home/jeni/Cook_subgoal_test/unity_cooking/ROS2/install/panda_move/include/panda_move/panda_move/msg/detail/predicate__builder.hpp
[2.922s] -- Symlinking: /home/jeni/Cook_subgoal_test/unity_cooking/ROS2/install/panda_move/include/panda_move/panda_move/msg/detail/predicate__struct.hpp
[2.925s] -- Symlinking: /home/jeni/Cook_subgoal_test/unity_cooking/ROS2/install/panda_move/include/panda_move/panda_move/msg/detail/predicate__traits.hpp
[2.927s] -- Symlinking: /home/jeni/Cook_subgoal_test/unity_cooking/ROS2/install/panda_move/include/panda_move/panda_move/msg/detail/predicate__type_support.hpp
[2.930s] -- Symlinking: /home/jeni/Cook_subgoal_test/unity_cooking/ROS2/install/panda_move/include/panda_move/panda_move/msg/execution_check.hpp
[2.933s] -- Symlinking: /home/jeni/Cook_subgoal_test/unity_cooking/ROS2/install/panda_move/include/panda_move/panda_move/msg/predicate.hpp
[2.936s] -- Symlinking: /home/jeni/Cook_subgoal_test/unity_cooking/ROS2/install/panda_move/include/panda_move/panda_move/msg/rosidl_generator_cpp__visibility_control.hpp
[2.938s] -- Symlinking: /home/jeni/Cook_subgoal_test/unity_cooking/ROS2/install/panda_move/include/panda_move/panda_move/srv/action_sequences.hpp
[2.941s] -- Symlinking: /home/jeni/Cook_subgoal_test/unity_cooking/ROS2/install/panda_move/include/panda_move/panda_move/srv/detail/action_sequences__builder.hpp
[2.944s] -- Symlinking: /home/jeni/Cook_subgoal_test/unity_cooking/ROS2/install/panda_move/include/panda_move/panda_move/srv/detail/action_sequences__struct.hpp
[2.946s] -- Symlinking: /home/jeni/Cook_subgoal_test/unity_cooking/ROS2/install/panda_move/include/panda_move/panda_move/srv/detail/action_sequences__traits.hpp
[2.949s] -- Symlinking: /home/jeni/Cook_subgoal_test/unity_cooking/ROS2/install/panda_move/include/panda_move/panda_move/srv/detail/action_sequences__type_support.hpp
[2.951s] -- Symlinking: /home/jeni/Cook_subgoal_test/unity_cooking/ROS2/install/panda_move/include/panda_move/panda_move/srv/detail/hand__builder.hpp
[2.954s] -- Symlinking: /home/jeni/Cook_subgoal_test/unity_cooking/ROS2/install/panda_move/include/panda_move/panda_move/srv/detail/hand__struct.hpp
[2.957s] -- Symlinking: /home/jeni/Cook_subgoal_test/unity_cooking/ROS2/install/panda_move/include/panda_move/panda_move/srv/detail/hand__traits.hpp
[2.959s] -- Symlinking: /home/jeni/Cook_subgoal_test/unity_cooking/ROS2/install/panda_move/include/panda_move/panda_move/srv/detail/hand__type_support.hpp
[2.962s] -- Symlinking: /home/jeni/Cook_subgoal_test/unity_cooking/ROS2/install/panda_move/include/panda_move/panda_move/srv/detail/init__builder.hpp
[2.964s] -- Symlinking: /home/jeni/Cook_subgoal_test/unity_cooking/ROS2/install/panda_move/include/panda_move/panda_move/srv/detail/init__struct.hpp
[2.967s] -- Symlinking: /home/jeni/Cook_subgoal_test/unity_cooking/ROS2/install/panda_move/include/panda_move/panda_move/srv/detail/init__traits.hpp
[2.969s] -- Symlinking: /home/jeni/Cook_subgoal_test/unity_cooking/ROS2/install/panda_move/include/panda_move/panda_move/srv/detail/init__type_support.hpp
[2.972s] -- Symlinking: /home/jeni/Cook_subgoal_test/unity_cooking/ROS2/install/panda_move/include/panda_move/panda_move/srv/detail/motion_check__builder.hpp
[2.974s] -- Symlinking: /home/jeni/Cook_subgoal_test/unity_cooking/ROS2/install/panda_move/include/panda_move/panda_move/srv/detail/motion_check__struct.hpp
[2.977s] -- Symlinking: /home/jeni/Cook_subgoal_test/unity_cooking/ROS2/install/panda_move/include/panda_move/panda_move/srv/detail/motion_check__traits.hpp
[2.980s] -- Symlinking: /home/jeni/Cook_subgoal_test/unity_cooking/ROS2/install/panda_move/include/panda_move/panda_move/srv/detail/motion_check__type_support.hpp
[2.982s] -- Symlinking: /home/jeni/Cook_subgoal_test/unity_cooking/ROS2/install/panda_move/include/panda_move/panda_move/srv/detail/new_state__builder.hpp
[2.985s] -- Symlinking: /home/jeni/Cook_subgoal_test/unity_cooking/ROS2/install/panda_move/include/panda_move/panda_move/srv/detail/new_state__struct.hpp
[2.987s] -- Symlinking: /home/jeni/Cook_subgoal_test/unity_cooking/ROS2/install/panda_move/include/panda_move/panda_move/srv/detail/new_state__traits.hpp
[2.990s] -- Symlinking: /home/jeni/Cook_subgoal_test/unity_cooking/ROS2/install/panda_move/include/panda_move/panda_move/srv/detail/new_state__type_support.hpp
[2.993s] -- Symlinking: /home/jeni/Cook_subgoal_test/unity_cooking/ROS2/install/panda_move/include/panda_move/panda_move/srv/detail/plan__builder.hpp
[2.995s] -- Symlinking: /home/jeni/Cook_subgoal_test/unity_cooking/ROS2/install/panda_move/include/panda_move/panda_move/srv/detail/plan__struct.hpp
[2.998s] -- Symlinking: /home/jeni/Cook_subgoal_test/unity_cooking/ROS2/install/panda_move/include/panda_move/panda_move/srv/detail/plan__traits.hpp
[3.001s] -- Symlinking: /home/jeni/Cook_subgoal_test/unity_cooking/ROS2/install/panda_move/include/panda_move/panda_move/srv/detail/plan__type_support.hpp
[3.004s] -- Symlinking: /home/jeni/Cook_subgoal_test/unity_cooking/ROS2/install/panda_move/include/panda_move/panda_move/srv/detail/sync__builder.hpp
[3.006s] -- Symlinking: /home/jeni/Cook_subgoal_test/unity_cooking/ROS2/install/panda_move/include/panda_move/panda_move/srv/detail/sync__struct.hpp
[3.009s] -- Symlinking: /home/jeni/Cook_subgoal_test/unity_cooking/ROS2/install/panda_move/include/panda_move/panda_move/srv/detail/sync__traits.hpp
[3.011s] -- Symlinking: /home/jeni/Cook_subgoal_test/unity_cooking/ROS2/install/panda_move/include/panda_move/panda_move/srv/detail/sync__type_support.hpp
[3.014s] -- Symlinking: /home/jeni/Cook_subgoal_test/unity_cooking/ROS2/install/panda_move/include/panda_move/panda_move/srv/hand.hpp
[3.017s] -- Symlinking: /home/jeni/Cook_subgoal_test/unity_cooking/ROS2/install/panda_move/include/panda_move/panda_move/srv/init.hpp
[3.019s] -- Symlinking: /home/jeni/Cook_subgoal_test/unity_cooking/ROS2/install/panda_move/include/panda_move/panda_move/srv/motion_check.hpp
[3.022s] -- Symlinking: /home/jeni/Cook_subgoal_test/unity_cooking/ROS2/install/panda_move/include/panda_move/panda_move/srv/new_state.hpp
[3.025s] -- Symlinking: /home/jeni/Cook_subgoal_test/unity_cooking/ROS2/install/panda_move/include/panda_move/panda_move/srv/plan.hpp
[3.027s] -- Symlinking: /home/jeni/Cook_subgoal_test/unity_cooking/ROS2/install/panda_move/include/panda_move/panda_move/srv/sync.hpp
[3.030s] -- Symlinking: /home/jeni/Cook_subgoal_test/unity_cooking/ROS2/install/panda_move/include/panda_move/panda_move/msg/detail/action__rosidl_typesupport_fastrtps_cpp.hpp
[3.033s] -- Symlinking: /home/jeni/Cook_subgoal_test/unity_cooking/ROS2/install/panda_move/include/panda_move/panda_move/msg/detail/execution_check__rosidl_typesupport_fastrtps_cpp.hpp
[3.036s] -- Symlinking: /home/jeni/Cook_subgoal_test/unity_cooking/ROS2/install/panda_move/include/panda_move/panda_move/msg/detail/predicate__rosidl_typesupport_fastrtps_cpp.hpp
[3.038s] -- Symlinking: /home/jeni/Cook_subgoal_test/unity_cooking/ROS2/install/panda_move/include/panda_move/panda_move/msg/rosidl_typesupport_fastrtps_cpp__visibility_control.h
[3.041s] -- Symlinking: /home/jeni/Cook_subgoal_test/unity_cooking/ROS2/install/panda_move/include/panda_move/panda_move/srv/detail/action_sequences__rosidl_typesupport_fastrtps_cpp.hpp
[3.043s] -- Symlinking: /home/jeni/Cook_subgoal_test/unity_cooking/ROS2/install/panda_move/include/panda_move/panda_move/srv/detail/hand__rosidl_typesupport_fastrtps_cpp.hpp
[3.046s] -- Symlinking: /home/jeni/Cook_subgoal_test/unity_cooking/ROS2/install/panda_move/include/panda_move/panda_move/srv/detail/init__rosidl_typesupport_fastrtps_cpp.hpp
[3.048s] -- Symlinking: /home/jeni/Cook_subgoal_test/unity_cooking/ROS2/install/panda_move/include/panda_move/panda_move/srv/detail/motion_check__rosidl_typesupport_fastrtps_cpp.hpp
[3.051s] -- Symlinking: /home/jeni/Cook_subgoal_test/unity_cooking/ROS2/install/panda_move/include/panda_move/panda_move/srv/detail/new_state__rosidl_typesupport_fastrtps_cpp.hpp
[3.054s] -- Symlinking: /home/jeni/Cook_subgoal_test/unity_cooking/ROS2/install/panda_move/include/panda_move/panda_move/srv/detail/plan__rosidl_typesupport_fastrtps_cpp.hpp
[3.057s] -- Symlinking: /home/jeni/Cook_subgoal_test/unity_cooking/ROS2/install/panda_move/include/panda_move/panda_move/srv/detail/sync__rosidl_typesupport_fastrtps_cpp.hpp
[3.060s] -- Symlinking: /home/jeni/Cook_subgoal_test/unity_cooking/ROS2/install/panda_move/include/panda_move/panda_move/msg/detail/action__rosidl_typesupport_introspection_c.h
[3.062s] -- Symlinking: /home/jeni/Cook_subgoal_test/unity_cooking/ROS2/install/panda_move/include/panda_move/panda_move/msg/detail/execution_check__rosidl_typesupport_introspection_c.h
[3.065s] -- Symlinking: /home/jeni/Cook_subgoal_test/unity_cooking/ROS2/install/panda_move/include/panda_move/panda_move/msg/detail/predicate__rosidl_typesupport_introspection_c.h
[3.067s] -- Symlinking: /home/jeni/Cook_subgoal_test/unity_cooking/ROS2/install/panda_move/include/panda_move/panda_move/msg/rosidl_typesupport_introspection_c__visibility_control.h
[3.070s] -- Symlinking: /home/jeni/Cook_subgoal_test/unity_cooking/ROS2/install/panda_move/include/panda_move/panda_move/srv/detail/action_sequences__rosidl_typesupport_introspection_c.h
[3.073s] -- Symlinking: /home/jeni/Cook_subgoal_test/unity_cooking/ROS2/install/panda_move/include/panda_move/panda_move/srv/detail/hand__rosidl_typesupport_introspection_c.h
[3.075s] -- Symlinking: /home/jeni/Cook_subgoal_test/unity_cooking/ROS2/install/panda_move/include/panda_move/panda_move/srv/detail/init__rosidl_typesupport_introspection_c.h
[3.078s] -- Symlinking: /home/jeni/Cook_subgoal_test/unity_cooking/ROS2/install/panda_move/include/panda_move/panda_move/srv/detail/motion_check__rosidl_typesupport_introspection_c.h
[3.080s] -- Symlinking: /home/jeni/Cook_subgoal_test/unity_cooking/ROS2/install/panda_move/include/panda_move/panda_move/srv/detail/new_state__rosidl_typesupport_introspection_c.h
[3.083s] -- Symlinking: /home/jeni/Cook_subgoal_test/unity_cooking/ROS2/install/panda_move/include/panda_move/panda_move/srv/detail/plan__rosidl_typesupport_introspection_c.h
[3.086s] -- Symlinking: /home/jeni/Cook_subgoal_test/unity_cooking/ROS2/install/panda_move/include/panda_move/panda_move/srv/detail/sync__rosidl_typesupport_introspection_c.h
[3.089s] -- Symlinking: /home/jeni/Cook_subgoal_test/unity_cooking/ROS2/install/panda_move/include/panda_move/panda_move/msg/detail/action__rosidl_typesupport_introspection_cpp.hpp
[3.091s] -- Symlinking: /home/jeni/Cook_subgoal_test/unity_cooking/ROS2/install/panda_move/include/panda_move/panda_move/msg/detail/execution_check__rosidl_typesupport_introspection_cpp.hpp
[3.094s] -- Symlinking: /home/jeni/Cook_subgoal_test/unity_cooking/ROS2/install/panda_move/include/panda_move/panda_move/msg/detail/predicate__rosidl_typesupport_introspection_cpp.hpp
[3.096s] -- Symlinking: /home/jeni/Cook_subgoal_test/unity_cooking/ROS2/install/panda_move/include/panda_move/panda_move/srv/detail/action_sequences__rosidl_typesupport_introspection_cpp.hpp
[3.099s] -- Symlinking: /home/jeni/Cook_subgoal_test/unity_cooking/ROS2/install/panda_move/include/panda_move/panda_move/srv/detail/hand__rosidl_typesupport_introspection_cpp.hpp
[3.102s] -- Symlinking: /home/jeni/Cook_subgoal_test/unity_cooking/ROS2/install/panda_move/include/panda_move/panda_move/srv/detail/init__rosidl_typesupport_introspection_cpp.hpp
[3.104s] -- Symlinking: /home/jeni/Cook_subgoal_test/unity_cooking/ROS2/install/panda_move/include/panda_move/panda_move/srv/detail/motion_check__rosidl_typesupport_introspection_cpp.hpp
[3.107s] -- Symlinking: /home/jeni/Cook_subgoal_test/unity_cooking/ROS2/install/panda_move/include/panda_move/panda_move/srv/detail/new_state__rosidl_typesupport_introspection_cpp.hpp
[3.110s] -- Symlinking: /home/jeni/Cook_subgoal_test/unity_cooking/ROS2/install/panda_move/include/panda_move/panda_move/srv/detail/plan__rosidl_typesupport_introspection_cpp.hpp
[3.112s] -- Symlinking: /home/jeni/Cook_subgoal_test/unity_cooking/ROS2/install/panda_move/include/panda_move/panda_move/srv/detail/sync__rosidl_typesupport_introspection_cpp.hpp
[3.115s] -- Symlinking: /home/jeni/Cook_subgoal_test/unity_cooking/ROS2/install/panda_move/share/panda_move/msg/Action.idl
[3.118s] -- Symlinking: /home/jeni/Cook_subgoal_test/unity_cooking/ROS2/install/panda_move/share/panda_move/msg/Predicate.idl
[3.121s] -- Symlinking: /home/jeni/Cook_subgoal_test/unity_cooking/ROS2/install/panda_move/share/panda_move/msg/ExecutionCheck.idl
[3.123s] -- Symlinking: /home/jeni/Cook_subgoal_test/unity_cooking/ROS2/install/panda_move/share/panda_move/srv/Init.idl
[3.126s] -- Symlinking: /home/jeni/Cook_subgoal_test/unity_cooking/ROS2/install/panda_move/share/panda_move/srv/Sync.idl
[3.128s] -- Symlinking: /home/jeni/Cook_subgoal_test/unity_cooking/ROS2/install/panda_move/share/panda_move/srv/Plan.idl
[3.131s] -- Symlinking: /home/jeni/Cook_subgoal_test/unity_cooking/ROS2/install/panda_move/share/panda_move/srv/Hand.idl
[3.134s] -- Symlinking: /home/jeni/Cook_subgoal_test/unity_cooking/ROS2/install/panda_move/share/panda_move/srv/MotionCheck.idl
[3.136s] -- Symlinking: /home/jeni/Cook_subgoal_test/unity_cooking/ROS2/install/panda_move/share/panda_move/srv/ActionSequences.idl
[3.139s] -- Symlinking: /home/jeni/Cook_subgoal_test/unity_cooking/ROS2/install/panda_move/share/panda_move/srv/NewState.idl
[3.142s] -- Symlinking: /home/jeni/Cook_subgoal_test/unity_cooking/ROS2/install/panda_move/share/panda_move/msg/Action.msg
[3.144s] -- Symlinking: /home/jeni/Cook_subgoal_test/unity_cooking/ROS2/install/panda_move/share/panda_move/msg/Predicate.msg
[3.147s] -- Symlinking: /home/jeni/Cook_subgoal_test/unity_cooking/ROS2/install/panda_move/share/panda_move/msg/ExecutionCheck.msg
[3.149s] -- Symlinking: /home/jeni/Cook_subgoal_test/unity_cooking/ROS2/install/panda_move/share/panda_move/srv/Init.srv
[3.152s] -- Symlinking: /home/jeni/Cook_subgoal_test/unity_cooking/ROS2/install/panda_move/share/panda_move/srv/Init_Request.msg
[3.155s] -- Symlinking: /home/jeni/Cook_subgoal_test/unity_cooking/ROS2/install/panda_move/share/panda_move/srv/Init_Response.msg
[3.157s] -- Symlinking: /home/jeni/Cook_subgoal_test/unity_cooking/ROS2/install/panda_move/share/panda_move/srv/Sync.srv
[3.160s] -- Symlinking: /home/jeni/Cook_subgoal_test/unity_cooking/ROS2/install/panda_move/share/panda_move/srv/Sync_Request.msg
[3.163s] -- Symlinking: /home/jeni/Cook_subgoal_test/unity_cooking/ROS2/install/panda_move/share/panda_move/srv/Sync_Response.msg
[3.166s] -- Symlinking: /home/jeni/Cook_subgoal_test/unity_cooking/ROS2/install/panda_move/share/panda_move/srv/Plan.srv
[3.168s] -- Symlinking: /home/jeni/Cook_subgoal_test/unity_cooking/ROS2/install/panda_move/share/panda_move/srv/Plan_Request.msg
[3.172s] -- Symlinking: /home/jeni/Cook_subgoal_test/unity_cooking/ROS2/install/panda_move/share/panda_move/srv/Plan_Response.msg
[3.175s] -- Symlinking: /home/jeni/Cook_subgoal_test/unity_cooking/ROS2/install/panda_move/share/panda_move/srv/Hand.srv
[3.178s] -- Symlinking: /home/jeni/Cook_subgoal_test/unity_cooking/ROS2/install/panda_move/share/panda_move/srv/Hand_Request.msg
[3.180s] -- Symlinking: /home/jeni/Cook_subgoal_test/unity_cooking/ROS2/install/panda_move/share/panda_move/srv/Hand_Response.msg
[3.183s] -- Symlinking: /home/jeni/Cook_subgoal_test/unity_cooking/ROS2/install/panda_move/share/panda_move/srv/MotionCheck.srv
[3.186s] -- Symlinking: /home/jeni/Cook_subgoal_test/unity_cooking/ROS2/install/panda_move/share/panda_move/srv/MotionCheck_Request.msg
[3.188s] -- Symlinking: /home/jeni/Cook_subgoal_test/unity_cooking/ROS2/install/panda_move/share/panda_move/srv/MotionCheck_Response.msg
[3.191s] -- Symlinking: /home/jeni/Cook_subgoal_test/unity_cooking/ROS2/install/panda_move/share/panda_move/srv/ActionSequences.srv
[3.194s] -- Symlinking: /home/jeni/Cook_subgoal_test/unity_cooking/ROS2/install/panda_move/share/panda_move/srv/ActionSequences_Request.msg
[3.196s] -- Symlinking: /home/jeni/Cook_subgoal_test/unity_cooking/ROS2/install/panda_move/share/panda_move/srv/ActionSequences_Response.msg
[3.199s] -- Symlinking: /home/jeni/Cook_subgoal_test/unity_cooking/ROS2/install/panda_move/share/panda_move/srv/NewState.srv
[3.202s] -- Symlinking: /home/jeni/Cook_subgoal_test/unity_cooking/ROS2/install/panda_move/share/panda_move/srv/NewState_Request.msg
[3.204s] -- Symlinking: /home/jeni/Cook_subgoal_test/unity_cooking/ROS2/install/panda_move/share/panda_move/srv/NewState_Response.msg
[3.207s] -- Symlinking: /home/jeni/Cook_subgoal_test/unity_cooking/ROS2/install/panda_move/lib/panda_move/main_ros2.py
[3.210s] -- Symlinking: /home/jeni/Cook_subgoal_test/unity_cooking/ROS2/install/panda_move/share/ament_index/resource_index/package_run_dependencies/panda_move
[3.212s] -- Symlinking: /home/jeni/Cook_subgoal_test/unity_cooking/ROS2/install/panda_move/share/ament_index/resource_index/parent_prefix_path/panda_move
[3.215s] -- Symlinking: /home/jeni/Cook_subgoal_test/unity_cooking/ROS2/install/panda_move/share/panda_move/environment/ament_prefix_path.sh
[3.218s] -- Symlinking: /home/jeni/Cook_subgoal_test/unity_cooking/ROS2/install/panda_move/share/panda_move/environment/ament_prefix_path.dsv
[3.221s] -- Symlinking: /home/jeni/Cook_subgoal_test/unity_cooking/ROS2/install/panda_move/share/panda_move/environment/path.sh
[3.223s] -- Symlinking: /home/jeni/Cook_subgoal_test/unity_cooking/ROS2/install/panda_move/share/panda_move/environment/path.dsv
[3.226s] -- Symlinking: /home/jeni/Cook_subgoal_test/unity_cooking/ROS2/install/panda_move/share/panda_move/local_setup.bash
[3.228s] -- Symlinking: /home/jeni/Cook_subgoal_test/unity_cooking/ROS2/install/panda_move/share/panda_move/local_setup.sh
[3.231s] -- Symlinking: /home/jeni/Cook_subgoal_test/unity_cooking/ROS2/install/panda_move/share/panda_move/local_setup.zsh
[3.234s] -- Symlinking: /home/jeni/Cook_subgoal_test/unity_cooking/ROS2/install/panda_move/share/panda_move/local_setup.dsv
[3.237s] -- Symlinking: /home/jeni/Cook_subgoal_test/unity_cooking/ROS2/install/panda_move/share/panda_move/package.dsv
[3.239s] -- Symlinking: /home/jeni/Cook_subgoal_test/unity_cooking/ROS2/install/panda_move/share/ament_index/resource_index/packages/panda_move
[3.242s] -- Symlinking: /home/jeni/Cook_subgoal_test/unity_cooking/ROS2/install/panda_move/share/panda_move/cmake/rosidl_cmake-extras.cmake
[3.245s] -- Symlinking: /home/jeni/Cook_subgoal_test/unity_cooking/ROS2/install/panda_move/share/panda_move/cmake/ament_cmake_export_dependencies-extras.cmake
[3.247s] -- Symlinking: /home/jeni/Cook_subgoal_test/unity_cooking/ROS2/install/panda_move/share/panda_move/cmake/ament_cmake_export_include_directories-extras.cmake
[3.250s] -- Symlinking: /home/jeni/Cook_subgoal_test/unity_cooking/ROS2/install/panda_move/share/panda_move/cmake/ament_cmake_export_libraries-extras.cmake
[3.254s] -- Symlinking: /home/jeni/Cook_subgoal_test/unity_cooking/ROS2/install/panda_move/share/panda_move/cmake/ament_cmake_export_targets-extras.cmake
[3.256s] -- Symlinking: /home/jeni/Cook_subgoal_test/unity_cooking/ROS2/install/panda_move/share/panda_move/cmake/rosidl_cmake_export_typesupport_targets-extras.cmake
[3.259s] -- Symlinking: /home/jeni/Cook_subgoal_test/unity_cooking/ROS2/install/panda_move/share/panda_move/cmake/rosidl_cmake_export_typesupport_libraries-extras.cmake
[3.262s] -- Symlinking: /home/jeni/Cook_subgoal_test/unity_cooking/ROS2/install/panda_move/share/panda_move/cmake/panda_moveConfig.cmake
[3.266s] -- Symlinking: /home/jeni/Cook_subgoal_test/unity_cooking/ROS2/install/panda_move/share/panda_move/cmake/panda_moveConfig-version.cmake
[3.269s] -- Symlinking: /home/jeni/Cook_subgoal_test/unity_cooking/ROS2/install/panda_move/share/panda_move/package.xml
[3.271s] -- Installing: /home/jeni/Cook_subgoal_test/unity_cooking/ROS2/install/panda_move/lib/libpanda_move__rosidl_generator_c.so
[3.272s] -- Set runtime path of "/home/jeni/Cook_subgoal_test/unity_cooking/ROS2/install/panda_move/lib/libpanda_move__rosidl_generator_c.so" to ""
[3.272s] -- Installing: /home/jeni/Cook_subgoal_test/unity_cooking/ROS2/install/panda_move/lib/libpanda_move__rosidl_typesupport_fastrtps_c.so
[3.272s] -- Set runtime path of "/home/jeni/Cook_subgoal_test/unity_cooking/ROS2/install/panda_move/lib/libpanda_move__rosidl_typesupport_fastrtps_c.so" to ""
[3.272s] -- Installing: /home/jeni/Cook_subgoal_test/unity_cooking/ROS2/install/panda_move/lib/libpanda_move__rosidl_typesupport_fastrtps_cpp.so
[3.272s] -- Set runtime path of "/home/jeni/Cook_subgoal_test/unity_cooking/ROS2/install/panda_move/lib/libpanda_move__rosidl_typesupport_fastrtps_cpp.so" to ""
[3.272s] -- Installing: /home/jeni/Cook_subgoal_test/unity_cooking/ROS2/install/panda_move/lib/libpanda_move__rosidl_typesupport_introspection_c.so
[3.272s] -- Set runtime path of "/home/jeni/Cook_subgoal_test/unity_cooking/ROS2/install/panda_move/lib/libpanda_move__rosidl_typesupport_introspection_c.so" to ""
[3.272s] -- Installing: /home/jeni/Cook_subgoal_test/unity_cooking/ROS2/install/panda_move/lib/libpanda_move__rosidl_typesupport_c.so
[3.272s] -- Set runtime path of "/home/jeni/Cook_subgoal_test/unity_cooking/ROS2/install/panda_move/lib/libpanda_move__rosidl_typesupport_c.so" to ""
[3.272s] -- Installing: /home/jeni/Cook_subgoal_test/unity_cooking/ROS2/install/panda_move/lib/libpanda_move__rosidl_typesupport_introspection_cpp.so
[3.272s] -- Set runtime path of "/home/jeni/Cook_subgoal_test/unity_cooking/ROS2/install/panda_move/lib/libpanda_move__rosidl_typesupport_introspection_cpp.so" to ""
[3.273s] -- Installing: /home/jeni/Cook_subgoal_test/unity_cooking/ROS2/install/panda_move/lib/libpanda_move__rosidl_typesupport_cpp.so
[3.273s] -- Set runtime path of "/home/jeni/Cook_subgoal_test/unity_cooking/ROS2/install/panda_move/lib/libpanda_move__rosidl_typesupport_cpp.so" to ""
[3.273s] -- Installing: /home/jeni/Cook_subgoal_test/unity_cooking/ROS2/install/panda_move/share/panda_move/cmake/export_panda_move__rosidl_generator_cExport.cmake
[3.273s] -- Installing: /home/jeni/Cook_subgoal_test/unity_cooking/ROS2/install/panda_move/share/panda_move/cmake/export_panda_move__rosidl_generator_cExport-noconfig.cmake
[3.273s] -- Installing: /home/jeni/Cook_subgoal_test/unity_cooking/ROS2/install/panda_move/share/panda_move/cmake/export_panda_move__rosidl_typesupport_fastrtps_cExport.cmake
[3.273s] -- Installing: /home/jeni/Cook_subgoal_test/unity_cooking/ROS2/install/panda_move/share/panda_move/cmake/export_panda_move__rosidl_typesupport_fastrtps_cExport-noconfig.cmake
[3.273s] -- Installing: /home/jeni/Cook_subgoal_test/unity_cooking/ROS2/install/panda_move/share/panda_move/cmake/export_panda_move__rosidl_generator_cppExport.cmake
[3.273s] -- Installing: /home/jeni/Cook_subgoal_test/unity_cooking/ROS2/install/panda_move/share/panda_move/cmake/export_panda_move__rosidl_typesupport_fastrtps_cppExport.cmake
[3.273s] -- Installing: /home/jeni/Cook_subgoal_test/unity_cooking/ROS2/install/panda_move/share/panda_move/cmake/export_panda_move__rosidl_typesupport_fastrtps_cppExport-noconfig.cmake
[3.273s] -- Installing: /home/jeni/Cook_subgoal_test/unity_cooking/ROS2/install/panda_move/share/panda_move/cmake/panda_move__rosidl_typesupport_introspection_cExport.cmake
[3.273s] -- Installing: /home/jeni/Cook_subgoal_test/unity_cooking/ROS2/install/panda_move/share/panda_move/cmake/panda_move__rosidl_typesupport_introspection_cExport-noconfig.cmake
[3.273s] -- Installing: /home/jeni/Cook_subgoal_test/unity_cooking/ROS2/install/panda_move/share/panda_move/cmake/panda_move__rosidl_typesupport_cExport.cmake
[3.273s] -- Installing: /home/jeni/Cook_subgoal_test/unity_cooking/ROS2/install/panda_move/share/panda_move/cmake/panda_move__rosidl_typesupport_cExport-noconfig.cmake
[3.273s] -- Installing: /home/jeni/Cook_subgoal_test/unity_cooking/ROS2/install/panda_move/share/panda_move/cmake/panda_move__rosidl_typesupport_introspection_cppExport.cmake
[3.273s] -- Installing: /home/jeni/Cook_subgoal_test/unity_cooking/ROS2/install/panda_move/share/panda_move/cmake/panda_move__rosidl_typesupport_introspection_cppExport-noconfig.cmake
[3.273s] -- Installing: /home/jeni/Cook_subgoal_test/unity_cooking/ROS2/install/panda_move/share/panda_move/cmake/panda_move__rosidl_typesupport_cppExport.cmake
[3.273s] -- Installing: /home/jeni/Cook_subgoal_test/unity_cooking/ROS2/install/panda_move/share/panda_move/cmake/panda_move__rosidl_typesupport_cppExport-noconfig.cmake
[3.274s] Invoked command in '/home/jeni/Cook_subgoal_test/unity_cooking/ROS2/build/panda_move' returned '0': CMAKE_PREFIX_PATH=/home/jeni/Cook_subgoal_test/unity_cooking/ROS2/install/ros_tcp_endpoint:/home/jeni/Cook_subgoal_test/unity_cooking/ROS2/install/panda_move:/home/jeni/Cook_subgoal_test/unity_cooking/ROS2/install/panda_moveit_config:/home/jeni/Cook_subgoal_test/unity_cooking/ROS2/install/franka_description:/opt/ros/humble LD_LIBRARY_PATH=/home/jeni/Cook_subgoal_test/unity_cooking/ROS2/install/ros_tcp_endpoint/lib:/home/jeni/Cook_subgoal_test/unity_cooking/ROS2/install/panda_move/lib:/usr/local/cuda-12.4/lib64:/opt/ros/humble/opt/rviz_ogre_vendor/lib:/opt/ros/humble/lib/x86_64-linux-gnu:/opt/ros/humble/lib:/usr/local/cuda-12.4/lib64 /usr/bin/cmake --install /home/jeni/Cook_subgoal_test/unity_cooking/ROS2/build/panda_move
